<?xml version="1.0" encoding="UTF-8" ?>
<testsuite errors="0" failures="0" hostname="iMac-de-Amine.local" name="org.apache.ivy.ant.IvyDependencyUpdateCheckerTest" skipped="0" tests="14" time="1.002" timestamp="2016-05-07T21:41:38">
  <properties>
    <property name="file.encoding.pkg" value="sun.io" />
    <property name="ivy.report.dir" value="/Users/aminechagou/Documents/workspace/GoBot/ivy/build/doc/reports/ivy" />
    <property name="ivy.retrieve.pattern.ivy.instance" value="/Users/aminechagou/Documents/workspace/GoBot/ivy/lib/[artifact]-[revision](-[classifier]).[ext]" />
    <property name="java.vendor.url.ivy.instance" value="http://java.oracle.com/" />
    <property name="ivy.local.default.ivy.pattern.ivy.instance" value="[organisation]/[module]/[revision]/[type]s/[artifact].[ext]" />
    <property name="bundle.version" value="${target.ivy.bundle.version}.${target.ivy.bundle.version.qualifier}20160507234118" />
    <property name="ivy.project.dir.ivy.instance" value="/Users/aminechagou/Documents/workspace/GoBot/ivy" />
    <property name="ivy.resolve.default.type.filter" value="*" />
    <property name="java.home" value="/Library/Java/JavaVirtualMachines/jdk1.8.0_91.jdk/Contents/Home/jre" />
    <property name="ivy.configurations.ivy.instance" value="*" />
    <property name="bin.includes" value="META-INF/,." />
    <property name="ivy.basedir.ivy.instance" value="/Users/aminechagou/Documents/workspace/GoBot/ivy" />
    <property name="ivy.dep.file.ivy.instance" value="ivy.xml" />
    <property name="java.endorsed.dirs" value="/Library/Java/JavaVirtualMachines/jdk1.8.0_91.jdk/Contents/Home/jre/lib/endorsed" />
    <property name="java.class.path.ivy.instance" value="/Users/aminechagou/.p2/pool/plugins/org.apache.ant_1.9.6.v201510161327/lib/ant-antlr.jar:/Users/aminechagou/.p2/pool/plugins/org.apache.ant_1.9.6.v201510161327/lib/ant-apache-bcel.jar:/Users/aminechagou/.p2/pool/plugins/org.apache.ant_1.9.6.v201510161327/lib/ant-apache-bsf.jar:/Users/aminechagou/.p2/pool/plugins/org.apache.ant_1.9.6.v201510161327/lib/ant-apache-log4j.jar:/Users/aminechagou/.p2/pool/plugins/org.apache.ant_1.9.6.v201510161327/lib/ant-apache-oro.jar:/Users/aminechagou/.p2/pool/plugins/org.apache.ant_1.9.6.v201510161327/lib/ant-apache-regexp.jar:/Users/aminechagou/.p2/pool/plugins/org.apache.ant_1.9.6.v201510161327/lib/ant-apache-resolver.jar:/Users/aminechagou/.p2/pool/plugins/org.apache.ant_1.9.6.v201510161327/lib/ant-apache-xalan2.jar:/Users/aminechagou/.p2/pool/plugins/org.apache.ant_1.9.6.v201510161327/lib/ant-commons-logging.jar:/Users/aminechagou/.p2/pool/plugins/org.apache.ant_1.9.6.v201510161327/lib/ant-commons-net.jar:/Users/aminechagou/.p2/pool/plugins/org.apache.ant_1.9.6.v201510161327/lib/ant-jai.jar:/Users/aminechagou/.p2/pool/plugins/org.apache.ant_1.9.6.v201510161327/lib/ant-javamail.jar:/Users/aminechagou/.p2/pool/plugins/org.apache.ant_1.9.6.v201510161327/lib/ant-jdepend.jar:/Users/aminechagou/.p2/pool/plugins/org.apache.ant_1.9.6.v201510161327/lib/ant-jmf.jar:/Users/aminechagou/.p2/pool/plugins/org.apache.ant_1.9.6.v201510161327/lib/ant-jsch.jar:/Users/aminechagou/.p2/pool/plugins/org.apache.ant_1.9.6.v201510161327/lib/ant-junit.jar:/Users/aminechagou/.p2/pool/plugins/org.apache.ant_1.9.6.v201510161327/lib/ant-junit4.jar:/Users/aminechagou/.p2/pool/plugins/org.apache.ant_1.9.6.v201510161327/lib/ant-launcher.jar:/Users/aminechagou/.p2/pool/plugins/org.apache.ant_1.9.6.v201510161327/lib/ant-netrexx.jar:/Users/aminechagou/.p2/pool/plugins/org.apache.ant_1.9.6.v201510161327/lib/ant-swing.jar:/Users/aminechagou/.p2/pool/plugins/org.apache.ant_1.9.6.v201510161327/lib/ant-testutil.jar:/Users/aminechagou/.p2/pool/plugins/org.apache.ant_1.9.6.v201510161327/lib/ant.jar:/Users/aminechagou/eclipse/java-mars/Eclipse.app/Contents/Eclipse/configuration/org.eclipse.osgi/61/0/.cp/lib/antdebug.jar:/Users/aminechagou/eclipse/java-mars/Eclipse.app/Contents/Eclipse/configuration/org.eclipse.osgi/61/0/.cp/lib/remote.jar:/Users/aminechagou/eclipse/java-mars/Eclipse.app/Contents/Eclipse/configuration/org.eclipse.osgi/62/0/.cp/lib/remoteAnt.jar:/Library/Java/JavaVirtualMachines/jdk1.8.0_91.jdk/Contents/Home/lib/tools.jar:/Users/aminechagou/.p2/pool/plugins/org.eclipse.swt.cocoa.macosx.x86_64_3.104.2.v20160212-1350.jar" />
    <property name="env.LOGNAME" value="aminechagou" />
    <property name="ivy.home" value="/Users/aminechagou/.ivy2" />
    <property name="src.dir" value="/Users/aminechagou/Documents/workspace/GoBot/ivy/src/java" />
    <property name="checkstyle.report.dir" value="/Users/aminechagou/Documents/workspace/GoBot/ivy/build/doc/reports/checkstyle" />
    <property name="ftp.nonProxyHosts.ivy.instance" value="local|*.local|169.254/16|*.169.254/16" />
    <property name="test.xml.dir" value="/Users/aminechagou/Documents/workspace/GoBot/ivy/build/test-report" />
    <property name="java.vm.specification.vendor.ivy.instance" value="Oracle Corporation" />
    <property name="sun.os.patch.level" value="unknown" />
    <property name="ivy.dep.file" value="ivy.xml" />
    <property name="java.vendor.url" value="http://java.oracle.com/" />
    <property name="ivy.local.default.artifact.pattern.ivy.instance" value="[organisation]/[module]/[revision]/[type]s/[artifact].[ext]" />
    <property name="ivy.lib.dir.ivy.instance" value="/Users/aminechagou/Documents/workspace/GoBot/ivy/lib" />
    <property name="java.version" value="1.8.0_91" />
    <property name="user.region" value="TR" />
    <property name="ivy.conf.dir.ivy.instance" value="file:/Users/aminechagou/Documents/workspace/GoBot/ivy/build/classes/core/org/apache/ivy/core/settings" />
    <property name="sun.boot.library.path.ivy.instance" value="/Library/Java/JavaVirtualMachines/jdk1.8.0_91.jdk/Contents/Home/jre/lib" />
    <property name="ivy.report.output.pattern.ivy.instance" value="[organisation]-[module]-[conf].[ext]" />
    <property name="ivy.module" value="ivy" />
    <property name="ivy.publish.src.artifacts.pattern.ivy.instance" value="/Users/aminechagou/Documents/workspace/GoBot/ivy/distrib/[type]s/[artifact]-[revision](-[classifier]).[ext]" />
    <property name="java.vendor.url.bug" value="http://bugreport.sun.com/bugreport/" />
    <property name="version.prefix" value="${target.ivy.version}-local-" />
    <property name="sun.management.compiler.ivy.instance" value="HotSpot 64-Bit Tiered Compilers" />
    <property name="ant.project.invoked-targets" value="coverage-report" />
    <property name="example.dir" value="/Users/aminechagou/Documents/workspace/GoBot/ivy/src/example" />
    <property name="ivy.local.default.artifact.pattern" value="[organisation]/[module]/[revision]/[type]s/[artifact].[ext]" />
    <property name="os.name.ivy.instance" value="Mac OS X" />
    <property name="ivy.default.ivy.user.dir.ivy.instance" value="/Users/aminechagou/.ivy2" />
    <property name="ivy.default.always.check.exact.revision" value="false" />
    <property name="ivy.default.settings.dir.ivy.instance" value="file:/Users/aminechagou/Documents/workspace/GoBot/ivy/build/classes/core/org/apache/ivy/core/settings" />
    <property name="user.name" value="aminechagou" />
    <property name="sun.io.unicode.encoding" value="UnicodeBig" />
    <property name="ivy.shared.default.root.ivy.instance" value="/Users/aminechagou/.ivy2/shared" />
    <property name="sun.jnu.encoding" value="UTF-8" />
    <property name="java.runtime.name" value="Java(TM) SE Runtime Environment" />
    <property name="ant.home.ivy.instance" value="/Users/aminechagou/.p2/pool/plugins/org.apache.ant_1.9.6.v201510161327" />
    <property name="file.encoding.ivy.instance" value="UTF-8" />
    <property name="emma.coverage.out.file" value="/Users/aminechagou/Documents/workspace/GoBot/ivy/build/coverage/coverage.emma" />
    <property name="ivy.cache.ttl.default.ivy.instance" value="10s" />
    <property name="java.specification.vendor.ivy.instance" value="Oracle Corporation" />
    <property name="java.vendor.ivy.instance" value="Oracle Corporation" />
    <property name="coverage.classes.dir" value="/Users/aminechagou/Documents/workspace/GoBot/ivy/build/coverage/classes" />
    <property name="env.JAVA_STARTED_ON_FIRST_THREAD_5887" value="1" />
    <property name="lib.dir" value="/Users/aminechagou/Documents/workspace/GoBot/ivy/lib" />
    <property name="sun.cpu.isalist.ivy.instance" value="" />
    <property name="java.specification.name" value="Java Platform API Specification" />
    <property name="bootstrap.classes.build.dir" value="/Users/aminechagou/Documents/workspace/GoBot/ivy/build/classes/bootstrap" />
    <property name="ftp.nonProxyHosts" value="local|*.local|169.254/16|*.169.254/16" />
    <property name="user.timezone" value="" />
    <property name="java.endorsed.dirs.ivy.instance" value="/Library/Java/JavaVirtualMachines/jdk1.8.0_91.jdk/Contents/Home/jre/lib/endorsed" />
    <property name="path.separator" value=":" />
    <property name="ant.classes.build.dir" value="/Users/aminechagou/Documents/workspace/GoBot/ivy/build/classes/ant" />
    <property name="java.class.version.ivy.instance" value="52.0" />
    <property name="ivy.default.conf.dir" value="file:/Users/aminechagou/Documents/workspace/GoBot/ivy/build/classes/core/org/apache/ivy/core/settings" />
    <property name="file.encoding" value="UTF-8" />
    <property name="java.runtime.name.ivy.instance" value="Java(TM) SE Runtime Environment" />
    <property name="ivy.resolve.default.type.filter.ivy.instance" value="*" />
    <property name="ant.project.default-target" value="coverage-report" />
    <property name="ivy.targets.copied" value="false" />
    <property name="ivy.parents.count" value="0" />
    <property name="env.HOME" value="/Users/aminechagou" />
    <property name="sun.java.command" value="org.apache.tools.ant.taskdefs.optional.junit.JUnitTestRunner org.apache.ivy.ant.IvyDependencyUpdateCheckerTest skipNonTests=false filtertrace=true haltOnError=false haltOnFailure=false formatter=org.apache.tools.ant.taskdefs.optional.junit.SummaryJUnitResultFormatter showoutput=false outputtoformatters=true logfailedtests=true threadid=0 logtestlistenerevents=false formatter=org.apache.tools.ant.taskdefs.optional.junit.XMLJUnitResultFormatter,/Users/aminechagou/Documents/workspace/GoBot/ivy/build/test-report/TEST-org.apache.ivy.ant.IvyDependencyUpdateCheckerTest.xml crashfile=/Users/aminechagou/Documents/workspace/GoBot/ivy/junitvmwatcher8149045436836871163.properties propsfile=/Users/aminechagou/Documents/workspace/GoBot/ivy/junit3227743320811078400.properties" />
    <property name="socksNonProxyHosts" value="local|*.local|169.254/16|*.169.254/16" />
    <property name="ivy.shared.default.artifact.pattern" value="[organisation]/[module]/[revision]/[type]s/[artifact].[ext]" />
    <property name="ant.file" value="/Users/aminechagou/Documents/workspace/GoBot/ivy/build.xml" />
    <property name="ivy.distrib.dir.ivy.instance" value="/Users/aminechagou/Documents/workspace/GoBot/ivy/distrib" />
    <property name="ivy.checksums.ivy.instance" value="sha1,md5" />
    <property name="sun.arch.data.model.ivy.instance" value="64" />
    <property name="ivy.build.artifacts.dir.ivy.instance" value="/Users/aminechagou/Documents/workspace/GoBot/ivy/build/artifacts" />
    <property name="core.classes.build.dir" value="/Users/aminechagou/Documents/workspace/GoBot/ivy/build/classes/core" />
    <property name="source.." value="src/java/" />
    <property name="ivy.settings.file" value="ivysettings.xml" />
    <property name="java.io.tmpdir" value="/var/folders/fj/qq0462l92650s4nnvt7tmdbm0000gn/T/" />
    <property name="ivy.buildlist.ivyfilepath.ivy.instance" value="ivy.xml" />
    <property name="TODAY" value="May 7 2016" />
    <property name="ivy.cache.ttl.default" value="10s" />
    <property name="user.language" value="tr" />
    <property name="user.dir.ivy.instance" value="/Users/aminechagou/Documents/workspace/GoBot/ivy" />
    <property name="doc.build.dir" value="/Users/aminechagou/Documents/workspace/GoBot/ivy/build/doc" />
    <property name="ivy.home.ivy.instance" value="/Users/aminechagou/.ivy2" />
    <property name="line.separator" value="&#xa;" />
    <property name="java.specification.version.ivy.instance" value="1.8" />
    <property name="emma.enabled" value="true" />
    <property name="classes.build.dir" value="/Users/aminechagou/Documents/workspace/GoBot/ivy/build/classes" />
    <property name="ivy.build.artifacts.dir" value="/Users/aminechagou/Documents/workspace/GoBot/ivy/build/artifacts" />
    <property name="ivy.settings.dir.url" value="file:/Users/aminechagou/Documents/workspace/GoBot/ivy/build/classes/core/org/apache/ivy/core/settings" />
    <property name="test.report.dir" value="/Users/aminechagou/Documents/workspace/GoBot/ivy/build/doc/reports/test" />
    <property name="sun.io.unicode.encoding.ivy.instance" value="UnicodeBig" />
    <property name="ivy.status" value="integration" />
    <property name="java.vm.info" value="mixed mode" />
    <property name="ivy.lib.dir" value="/Users/aminechagou/Documents/workspace/GoBot/ivy/lib" />
    <property name="java.vm.specification.name" value="Java Virtual Machine Specification" />
    <property name="ivy.default.conf.dir.ivy.instance" value="file:/Users/aminechagou/Documents/workspace/GoBot/ivy/build/classes/core/org/apache/ivy/core/settings" />
    <property name="env.__CF_USER_TEXT_ENCODING" value="0x1F5:0x0:0x1" />
    <property name="java.vm.version.ivy.instance" value="25.91-b14" />
    <property name="all.classes.build.dir" value="/Users/aminechagou/Documents/workspace/GoBot/ivy/build/classes/all" />
    <property name="ivy.install.version" value="1.4.1" />
    <property name="test.class.pattern" value="*Test" />
    <property name="artifacts.build.dir" value="/Users/aminechagou/Documents/workspace/GoBot/ivy/build/artifact" />
    <property name="http.nonProxyHosts" value="local|*.local|169.254/16|*.169.254/16" />
    <property name="user.name.ivy.instance" value="aminechagou" />
    <property name="final.name" value="ivy.jar" />
    <property name="ivy.cache.dir" value="/Users/aminechagou/.ivy2/cache" />
    <property name="java.awt.printerjob" value="sun.lwawt.macosx.CPrinterJob" />
    <property name="rat.report.dir" value="/Users/aminechagou/Documents/workspace/GoBot/ivy/build/doc/reports/rat" />
    <property name="java.io.tmpdir.ivy.instance" value="/var/folders/fj/qq0462l92650s4nnvt7tmdbm0000gn/T/" />
    <property name="ant.version" value="Apache Ant(TM) version 1.9.6 compiled on June 29 2015" />
    <property name="output.." value="bin/" />
    <property name="java.home.ivy.instance" value="/Library/Java/JavaVirtualMachines/jdk1.8.0_91.jdk/Contents/Home/jre" />
    <property name="java.vm.vendor.ivy.instance" value="Oracle Corporation" />
    <property name="env.XPC_FLAGS" value="0x0" />
    <property name="ant.file.type.ivy" value="file" />
    <property name="test.build.dir" value="/Users/aminechagou/Documents/workspace/GoBot/ivy/build/test" />
    <property name="gopherProxySet" value="false" />
    <property name="ivy.default.settings.dir" value="file:/Users/aminechagou/Documents/workspace/GoBot/ivy/build/classes/core/org/apache/ivy/core/settings" />
    <property name="ivy.configurations" value="*" />
    <property name="ivy.settings.url" value="file:/Users/aminechagou/Documents/workspace/GoBot/ivy/build/classes/core/org/apache/ivy/core/settings/ivysettings.xml" />
    <property name="os.name" value="Mac OS X" />
    <property name="java.specification.vendor" value="Oracle Corporation" />
    <property name="sun.jnu.encoding.ivy.instance" value="UTF-8" />
    <property name="ivy.deliver.ivy.pattern.ivy.instance" value="/Users/aminechagou/Documents/workspace/GoBot/ivy/distrib/[type]s/[artifact]-[revision](-[classifier]).[ext]" />
    <property name="ivy.checksums" value="sha1,md5" />
    <property name="java.vm.name" value="Java HotSpot(TM) 64-Bit Server VM" />
    <property name="http.nonProxyHosts.ivy.instance" value="local|*.local|169.254/16|*.169.254/16" />
    <property name="ivy.log.modules.in.use" value="false" />
    <property name="java.runtime.version.ivy.instance" value="1.8.0_91-b14" />
    <property name="ivy.report.output.pattern" value="[organisation]-[module]-[conf].[ext]" />
    <property name="ivy.version" value="non official version" />
    <property name="java.library.path" value="/Users/aminechagou/Library/Java/Extensions:/Library/Java/Extensions:/Network/Library/Java/Extensions:/System/Library/Java/Extensions:/usr/lib/java:." />
    <property name="ivy.conf.url" value="file:/Users/aminechagou/Documents/workspace/GoBot/ivy/build/classes/core/org/apache/ivy/core/settings/ivysettings.xml" />
    <property name="java.vm.name.ivy.instance" value="Java HotSpot(TM) 64-Bit Server VM" />
    <property name="env.PATH" value="/usr/bin:/bin:/usr/sbin:/sbin" />
    <property name="line.separator.ivy.instance" value="&#xa;" />
    <property name="ivy.minimum.javaversion" value="1.5" />
    <property name="os.version.ivy.instance" value="10.10.5" />
    <property name="sun.cpu.endian.ivy.instance" value="little" />
    <property name="ant.java.version" value="1.8" />
    <property name="java.class.version" value="52.0" />
    <property name="basedir" value="/Users/aminechagou/Documents/workspace/GoBot/ivy" />
    <property name="java.vm.specification.name.ivy.instance" value="Java Virtual Machine Specification" />
    <property name="ivy.settings.url.ivy.instance" value="file:/Users/aminechagou/Documents/workspace/GoBot/ivy/build/classes/core/org/apache/ivy/core/settings/ivysettings.xml" />
    <property name="sun.boot.class.path.ivy.instance" value="/Library/Java/JavaVirtualMachines/jdk1.8.0_91.jdk/Contents/Home/jre/lib/resources.jar:/Library/Java/JavaVirtualMachines/jdk1.8.0_91.jdk/Contents/Home/jre/lib/rt.jar:/Library/Java/JavaVirtualMachines/jdk1.8.0_91.jdk/Contents/Home/jre/lib/sunrsasign.jar:/Library/Java/JavaVirtualMachines/jdk1.8.0_91.jdk/Contents/Home/jre/lib/jsse.jar:/Library/Java/JavaVirtualMachines/jdk1.8.0_91.jdk/Contents/Home/jre/lib/jce.jar:/Library/Java/JavaVirtualMachines/jdk1.8.0_91.jdk/Contents/Home/jre/lib/charsets.jar:/Library/Java/JavaVirtualMachines/jdk1.8.0_91.jdk/Contents/Home/jre/lib/jfr.jar:/Library/Java/JavaVirtualMachines/jdk1.8.0_91.jdk/Contents/Home/jre/classes" />
    <property name="path.separator.ivy.instance" value=":" />
    <property name="ant.home" value="/Users/aminechagou/.p2/pool/plugins/org.apache.ant_1.9.6.v201510161327" />
    <property name="test.failed" value="true" />
    <property name="ivy.resolved.configurations" value="default, test" />
    <property name="ivy.deliver.ivy.pattern" value="/Users/aminechagou/Documents/workspace/GoBot/ivy/distrib/[type]s/[artifact]-[revision](-[classifier]).[ext]" />
    <property name="build.dir" value="/Users/aminechagou/Documents/workspace/GoBot/ivy/build" />
    <property name="sun.boot.library.path" value="/Library/Java/JavaVirtualMachines/jdk1.8.0_91.jdk/Contents/Home/jre/lib" />
    <property name="distrib.dir" value="/Users/aminechagou/Documents/workspace/GoBot/ivy/build/distrib" />
    <property name="ivy.default.always.check.exact.revision.ivy.instance" value="false" />
    <property name="java.library.path.ivy.instance" value="/Users/aminechagou/Library/Java/Extensions:/Library/Java/Extensions:/Network/Library/Java/Extensions:/System/Library/Java/Extensions:/usr/lib/java:.:/Users/aminechagou/eclipse/java-mars/Eclipse.app/Contents/Eclipse/configuration/org.eclipse.osgi/387/0/.cp" />
    <property name="awt.toolkit.ivy.instance" value="sun.lwawt.macosx.LWCToolkit" />
    <property name="sun.management.compiler" value="HotSpot 64-Bit Tiered Compilers" />
    <property name="ivy.basedir" value="/Users/aminechagou/Documents/workspace/GoBot/ivy" />
    <property name="java.awt.graphicsenv" value="sun.awt.CGraphicsEnvironment" />
    <property name="java.ext.dirs.ivy.instance" value="/Users/aminechagou/Library/Java/Extensions:/Library/Java/JavaVirtualMachines/jdk1.8.0_91.jdk/Contents/Home/jre/lib/ext:/Library/Java/Extensions:/Network/Library/Java/Extensions:/System/Library/Java/Extensions:/usr/lib/java" />
    <property name="checkstyle.src.dir" value="/Users/aminechagou/Documents/workspace/GoBot/ivy/src/etc/checkstyle" />
    <property name="pubdate" value="20160507234118" />
    <property name="ivy.log.modules.in.use.ivy.instance" value="false" />
    <property name="env.USER" value="aminechagou" />
    <property name="ivy.settings.dir.url.ivy.instance" value="file:/Users/aminechagou/Documents/workspace/GoBot/ivy/build/classes/core/org/apache/ivy/core/settings" />
    <property name="sun.os.patch.level.ivy.instance" value="unknown" />
    <property name="file.encoding.pkg.ivy.instance" value="sun.io" />
    <property name="emma.coverage.out.merge" value="true" />
    <property name="ivy.shared.default.ivy.pattern" value="[organisation]/[module]/[revision]/[type]s/[artifact].[ext]" />
    <property name="ivy.resolver.default.check.modified" value="false" />
    <property name="ivy.settings.file.ivy.instance" value="ivysettings.xml" />
    <property name="ivy.nb.targets.copied" value="0" />
    <property name="ant.project.name" value="ivy" />
    <property name="java.vm.specification.version" value="1.8" />
    <property name="ivy.cache.dir.ivy.instance" value="/Users/aminechagou/.ivy2/cache" />
    <property name="socksNonProxyHosts.ivy.instance" value="local|*.local|169.254/16|*.169.254/16" />
    <property name="ivy.status.ivy.instance" value="integration" />
    <property name="awt.toolkit" value="sun.lwawt.macosx.LWCToolkit" />
    <property name="sun.cpu.isalist" value="" />
    <property name="file.separator.ivy.instance" value="/" />
    <property name="java.ext.dirs" value="/Users/aminechagou/Library/Java/Extensions:/Library/Java/JavaVirtualMachines/jdk1.8.0_91.jdk/Contents/Home/jre/lib/ext:/Library/Java/Extensions:/Network/Library/Java/Extensions:/System/Library/Java/Extensions:/usr/lib/java" />
    <property name="ivy.local.default.root.ivy.instance" value="/Users/aminechagou/.ivy2/local" />
    <property name="ivy.deps.changed" value="false" />
    <property name="os.version" value="10.10.5" />
    <property name="optional.classes.build.dir" value="/Users/aminechagou/Documents/workspace/GoBot/ivy/build/classes/optional" />
    <property name="user.home" value="/Users/aminechagou" />
    <property name="sun.java.launcher.ivy.instance" value="SUN_STANDARD" />
    <property name="java.vm.vendor" value="Oracle Corporation" />
    <property name="env.JAVA_STARTED_ON_FIRST_THREAD_9409" value="1" />
    <property name="ivy.local.default.root" value="/Users/aminechagou/.ivy2/local" />
    <property name="env.XPC_SERVICE_NAME" value="org.eclipse.platform.ide.72452" />
    <property name="ivy.organisation" value="org.apache.ivy" />
    <property name="user.dir" value="/Users/aminechagou/Documents/workspace/GoBot/ivy" />
    <property name="ant.library.dir.ivy.instance" value="/Users/aminechagou/.p2/pool/plugins/org.apache.ant_1.9.6.v201510161327/lib" />
    <property name="ant.file.ivy" value="/Users/aminechagou/Documents/workspace/GoBot/ivy/build.xml" />
    <property name="ivy.local.default.ivy.pattern" value="[organisation]/[module]/[revision]/[type]s/[artifact].[ext]" />
    <property name="ivy.shared.default.ivy.pattern.ivy.instance" value="[organisation]/[module]/[revision]/[type]s/[artifact].[ext]" />
    <property name="java.vm.info.ivy.instance" value="mixed mode" />
    <property name="ivy.publish.src.artifacts.pattern" value="/Users/aminechagou/Documents/workspace/GoBot/ivy/distrib/[type]s/[artifact]-[revision](-[classifier]).[ext]" />
    <property name="test.dir" value="/Users/aminechagou/Documents/workspace/GoBot/ivy/test/java" />
    <property name="sun.java.command.ivy.instance" value="org.eclipse.ant.internal.launching.remote.InternalAntRunner -Dorg.eclipse.ant.core.ANT_PROCESS_ID=1462657275897 -Declipse.connect.port=53740 -Dant.home=/Users/aminechagou/.p2/pool/plugins/org.apache.ant_1.9.6.v201510161327 -logger org.eclipse.ant.internal.launching.remote.logger.RemoteAntBuildLogger -inputhandler org.eclipse.ant.internal.ui.antsupport.inputhandler.ProxyInputHandler -buildfile /Users/aminechagou/Documents/workspace/GoBot/ivy/build.xml" />
    <property name="ivy.distrib.dir" value="/Users/aminechagou/Documents/workspace/GoBot/ivy/distrib" />
    <property name="sun.cpu.endian" value="little" />
    <property name="ivy.revision" value="2.4.0" />
    <property name="env.TMPDIR" value="/var/folders/fj/qq0462l92650s4nnvt7tmdbm0000gn/T/" />
    <property name="user.timezone.ivy.instance" value="Europe/Paris" />
    <property name="java.vm.version" value="25.91-b14" />
    <property name="java.class.path" value="/Users/aminechagou/Documents/workspace/GoBot/ivy/build/coverage/classes:/Users/aminechagou/.ivy2/cache/emma/emma/jars/emma-2.0.5312.jar:/Users/aminechagou/Documents/workspace/GoBot/ivy/lib/ant-contrib.jar:/Users/aminechagou/Documents/workspace/GoBot/ivy/lib/ant-testutil.jar:/Users/aminechagou/Documents/workspace/GoBot/ivy/lib/bcpg-jdk14.jar:/Users/aminechagou/Documents/workspace/GoBot/ivy/lib/bcprov-jdk14.jar:/Users/aminechagou/Documents/workspace/GoBot/ivy/lib/commons-codec.jar:/Users/aminechagou/Documents/workspace/GoBot/ivy/lib/commons-httpclient.jar:/Users/aminechagou/Documents/workspace/GoBot/ivy/lib/commons-lang.jar:/Users/aminechagou/Documents/workspace/GoBot/ivy/lib/commons-logging.jar:/Users/aminechagou/Documents/workspace/GoBot/ivy/lib/commons-vfs.jar:/Users/aminechagou/Documents/workspace/GoBot/ivy/lib/jna.jar:/Users/aminechagou/Documents/workspace/GoBot/ivy/lib/jsch.agentproxy.connector-factory.jar:/Users/aminechagou/Documents/workspace/GoBot/ivy/lib/jsch.agentproxy.core.jar:/Users/aminechagou/Documents/workspace/GoBot/ivy/lib/jsch.agentproxy.jsch.jar:/Users/aminechagou/Documents/workspace/GoBot/ivy/lib/jsch.agentproxy.pageant.jar:/Users/aminechagou/Documents/workspace/GoBot/ivy/lib/jsch.agentproxy.sshagent.jar:/Users/aminechagou/Documents/workspace/GoBot/ivy/lib/jsch.agentproxy.usocket-jna.jar:/Users/aminechagou/Documents/workspace/GoBot/ivy/lib/jsch.agentproxy.usocket-nc.jar:/Users/aminechagou/Documents/workspace/GoBot/ivy/lib/jsch.jar:/Users/aminechagou/Documents/workspace/GoBot/ivy/lib/junit.jar:/Users/aminechagou/Documents/workspace/GoBot/ivy/lib/oro.jar:/Users/aminechagou/Documents/workspace/GoBot/ivy/lib/platform.jar:/Users/aminechagou/Documents/workspace/GoBot/ivy/lib/xercesImpl.jar:/Users/aminechagou/Documents/workspace/GoBot/ivy/lib/xmlParserAPIs.jar:/Users/aminechagou/Documents/workspace/GoBot/ivy/build/classes/core:/Users/aminechagou/Documents/workspace/GoBot/ivy/build/classes/ant:/Users/aminechagou/Documents/workspace/GoBot/ivy/build/classes/optional:/Users/aminechagou/Documents/workspace/GoBot/ivy/build/test:/Users/aminechagou/.p2/pool/plugins/org.apache.ant_1.9.6.v201510161327/lib/ant-launcher.jar:/Users/aminechagou/.p2/pool/plugins/org.apache.ant_1.9.6.v201510161327/lib/ant.jar:/Users/aminechagou/.p2/pool/plugins/org.apache.ant_1.9.6.v201510161327/lib/ant-junit.jar:/Users/aminechagou/.p2/pool/plugins/org.apache.ant_1.9.6.v201510161327/lib/ant-junit4.jar" />
    <property name="ivy.default.ivy.user.dir" value="/Users/aminechagou/.ivy2" />
    <property name="user.home.ivy.instance" value="/Users/aminechagou" />
    <property name="DSTAMP" value="20160507" />
    <property name="basedir.ivy.instance" value="/Users/aminechagou/Documents/workspace/GoBot/ivy" />
    <property name="ant.library.dir" value="/Users/aminechagou/.p2/pool/plugins/org.apache.ant_1.9.6.v201510161327/lib" />
    <property name="os.arch" value="x86_64" />
    <property name="env.Apple_PubSub_Socket_Render" value="/private/tmp/com.apple.launchd.Dl8aLJvsaE/Render" />
    <property name="java.awt.graphicsenv.ivy.instance" value="sun.awt.CGraphicsEnvironment" />
    <property name="coverage.report.dir" value="/Users/aminechagou/Documents/workspace/GoBot/ivy/build/doc/reports/coverage" />
    <property name="java.vendor.url.bug.ivy.instance" value="http://bugreport.sun.com/bugreport/" />
    <property name="java.vm.specification.version.ivy.instance" value="1.8" />
    <property name="sun.java.launcher" value="SUN_STANDARD" />
    <property name="env.JAVA_MAIN_CLASS_9409" value="org.eclipse.ant.internal.launching.remote.InternalAntRunner" />
    <property name="java.awt.printerjob.ivy.instance" value="sun.lwawt.macosx.CPrinterJob" />
    <property name="env.APP_ICON_5887" value="../Resources/Eclipse.icns" />
    <property name="ivy.settings.dir.ivy.instance" value="file:/Users/aminechagou/Documents/workspace/GoBot/ivy/build/classes/core/org/apache/ivy/core/settings" />
    <property name="ivy.resolver.default.check.modified.ivy.instance" value="false" />
    <property name="ant.core.lib" value="/Users/aminechagou/.p2/pool/plugins/org.apache.ant_1.9.6.v201510161327/lib/ant.jar" />
    <property name="java.vm.specification.vendor" value="Oracle Corporation" />
    <property name="ivy.settings.dir" value="file:/Users/aminechagou/Documents/workspace/GoBot/ivy/build/classes/core/org/apache/ivy/core/settings" />
    <property name="gopherProxySet.ivy.instance" value="false" />
    <property name="TSTAMP" value="2341" />
    <property name="file.separator" value="/" />
    <property name="build.version" value="${target.ivy.version}-local-20160507234118" />
    <property name="user.language.ivy.instance" value="fr" />
    <property name="ivy.shared.default.artifact.pattern.ivy.instance" value="[organisation]/[module]/[revision]/[type]s/[artifact].[ext]" />
    <property name="user.country.ivy.instance" value="FR" />
    <property name="ivy.conf.url.ivy.instance" value="file:/Users/aminechagou/Documents/workspace/GoBot/ivy/build/classes/core/org/apache/ivy/core/settings/ivysettings.xml" />
    <property name="reports.dir" value="/Users/aminechagou/Documents/workspace/GoBot/ivy/build/doc/reports" />
    <property name="java.runtime.version" value="1.8.0_91-b14" />
    <property name="java.specification.name.ivy.instance" value="Java Platform API Specification" />
    <property name="sun.boot.class.path" value="/Library/Java/JavaVirtualMachines/jdk1.8.0_91.jdk/Contents/Home/jre/lib/resources.jar:/Library/Java/JavaVirtualMachines/jdk1.8.0_91.jdk/Contents/Home/jre/lib/rt.jar:/Library/Java/JavaVirtualMachines/jdk1.8.0_91.jdk/Contents/Home/jre/lib/sunrsasign.jar:/Library/Java/JavaVirtualMachines/jdk1.8.0_91.jdk/Contents/Home/jre/lib/jsse.jar:/Library/Java/JavaVirtualMachines/jdk1.8.0_91.jdk/Contents/Home/jre/lib/jce.jar:/Library/Java/JavaVirtualMachines/jdk1.8.0_91.jdk/Contents/Home/jre/lib/charsets.jar:/Library/Java/JavaVirtualMachines/jdk1.8.0_91.jdk/Contents/Home/jre/lib/jfr.jar:/Library/Java/JavaVirtualMachines/jdk1.8.0_91.jdk/Contents/Home/jre/classes" />
    <property name="coverage.dir" value="/Users/aminechagou/Documents/workspace/GoBot/ivy/build/coverage" />
    <property name="env.SSH_AUTH_SOCK" value="/private/tmp/com.apple.launchd.Xa4Og3iZf6/Listeners" />
    <property name="ivy.conf.dir" value="file:/Users/aminechagou/Documents/workspace/GoBot/ivy/build/classes/core/org/apache/ivy/core/settings" />
    <property name="ivy.retrieve.pattern" value="/Users/aminechagou/Documents/workspace/GoBot/ivy/lib/[artifact]-[revision](-[classifier]).[ext]" />
    <property name="user.country" value="FR" />
    <property name="env.ANT_HOME" value="/Users/aminechagou/.p2/pool/plugins/org.apache.ant_1.9.6.v201510161327" />
    <property name="ivy.shared.default.root" value="/Users/aminechagou/.ivy2/shared" />
    <property name="env.SHELL" value="/bin/bash" />
    <property name="doc.src.dir" value="/Users/aminechagou/Documents/workspace/GoBot/ivy/doc" />
    <property name="java.version.ivy.instance" value="1.8.0_91" />
    <property name="ivy.resolved.file" value="/Users/aminechagou/Documents/workspace/GoBot/ivy/ivy.xml" />
    <property name="javadoc.build.dir" value="/Users/aminechagou/Documents/workspace/GoBot/ivy/build/doc/reports/api" />
    <property name="debug.mode" value="on" />
    <property name="os.arch.ivy.instance" value="x86_64" />
    <property name="java.vendor" value="Oracle Corporation" />
    <property name="ivy.project.dir" value="/Users/aminechagou/Documents/workspace/GoBot/ivy" />
    <property name="java.specification.version" value="1.8" />
    <property name="sun.arch.data.model" value="64" />
    <property name="ivy.buildlist.ivyfilepath" value="ivy.xml" />
  </properties>
  <testcase classname="org.apache.ivy.ant.IvyDependencyUpdateCheckerTest" name="testFailure" time="0.391" />
  <testcase classname="org.apache.ivy.ant.IvyDependencyUpdateCheckerTest" name="testSimple" time="0.11" />
  <testcase classname="org.apache.ivy.ant.IvyDependencyUpdateCheckerTest" name="testFailureOnBadStatusInDependencyIvyFile" time="0.03" />
  <testcase classname="org.apache.ivy.ant.IvyDependencyUpdateCheckerTest" name="testResolveWithAbsoluteFile" time="0.031" />
  <testcase classname="org.apache.ivy.ant.IvyDependencyUpdateCheckerTest" name="testResolveWithRelativeFile" time="0.028" />
  <testcase classname="org.apache.ivy.ant.IvyDependencyUpdateCheckerTest" name="testSimpleExtends" time="0.099" />
  <testcase classname="org.apache.ivy.ant.IvyDependencyUpdateCheckerTest" name="testResolveWithoutIvyFile" time="0.032" />
  <testcase classname="org.apache.ivy.ant.IvyDependencyUpdateCheckerTest" name="testInlineForNonExistingModule" time="0.012" />
  <testcase classname="org.apache.ivy.ant.IvyDependencyUpdateCheckerTest" name="testFailureWithMissingConfigurations" time="0.009" />
  <testcase classname="org.apache.ivy.ant.IvyDependencyUpdateCheckerTest" name="testFailureOnBadDependencyIvyFile" time="0.035" />
  <testcase classname="org.apache.ivy.ant.IvyDependencyUpdateCheckerTest" name="testExcludedConf" time="0.029" />
  <testcase classname="org.apache.ivy.ant.IvyDependencyUpdateCheckerTest" name="testHaltOnFailure" time="0.015" />
  <testcase classname="org.apache.ivy.ant.IvyDependencyUpdateCheckerTest" name="testSimpleAndShowTransitiveDependencies" time="0.049" />
  <testcase classname="org.apache.ivy.ant.IvyDependencyUpdateCheckerTest" name="testInline" time="0.018" />
  <system-out><![CDATA[EMMA: collecting runtime coverage data ...
     [null] :: Apache Ivy non official version -  :: http://ant.apache.org/ivy/ ::
     [null] :: loading settings :: file = /Users/aminechagou/Documents/workspace/GoBot/ivy/test/repositories/ivysettings.xml
     [null] :: resolving dependencies :: apache#resolve-simple;1.0
     [null] 	confs: [default]
     [null] :: resolution report :: resolve 44ms :: artifacts dl 0ms
	---------------------------------------------------------------------
	|                  |            modules            ||   artifacts   |
	|       conf       | number| search|dwnlded|evicted|| number|dwnlded|
	---------------------------------------------------------------------
	|      default     |   1   |   0   |   0   |   0   ||   0   |   0   |
	---------------------------------------------------------------------
     [null] 
     [null] :: problems summary ::
     [null] :::: WARNINGS
     [null] 		module not found: unknwon#unknown;1.0
     [null] 	==== 1: tried
     [null] 	  /Users/aminechagou/Documents/workspace/GoBot/ivy/test/repositories/1/unknwon/unknown/ivys/ivy-1.0.xml
     [null] 	  -- artifact unknwon#unknown;1.0!unknown.jar:
     [null] 	  /Users/aminechagou/Documents/workspace/GoBot/ivy/test/repositories/1/unknwon/unknown/jars/unknown-1.0.jar
     [null] 	==== 2-ivy: tried
     [null] 	  /Users/aminechagou/Documents/workspace/GoBot/ivy/test/repositories/2/unknown/ivy-1.0.xml
     [null] 	==== 2-artifact: tried
     [null] 	  -- artifact unknwon#unknown;1.0!unknown.jar:
     [null] 	  /Users/aminechagou/Documents/workspace/GoBot/ivy/test/repositories/2/unknown/unknown-1.0.jar
     [null] 	  /Users/aminechagou/Documents/workspace/GoBot/ivy/test/repositories/2/unknown/unknown.jar
     [null] 	==== m2: tried
     [null] 	  file:/Users/aminechagou/Documents/workspace/GoBot/ivy/test/repositories/m2/unknwon/unknown/1.0/unknown-1.0.pom
     [null] 	  -- artifact unknwon#unknown;1.0!unknown.jar:
     [null] 	  file:/Users/aminechagou/Documents/workspace/GoBot/ivy/test/repositories/m2/unknwon/unknown/1.0/unknown-1.0.jar
     [null] 		::::::::::::::::::::::::::::::::::::::::::::::
     [null] 		::          UNRESOLVED DEPENDENCIES         ::
     [null] 		::::::::::::::::::::::::::::::::::::::::::::::
     [null] 		:: unknwon#unknown;1.0: not found
     [null] 		::::::::::::::::::::::::::::::::::::::::::::::
     [null] 
     [null] :: USE VERBOSE OR DEBUG MESSAGE LEVEL FOR MORE DETAILS
     [null] :: loading settings :: file = /Users/aminechagou/Documents/workspace/GoBot/ivy/test/repositories/ivysettings.xml
     [null] :: resolving dependencies :: apache#resolve-simple;1.0
     [null] 	confs: [default]
     [null] 	found org1#mod1.1;1.0 in 1
     [null] 	found org1#mod1.2;2.0 in 1
     [null] downloading /Users/aminechagou/Documents/workspace/GoBot/ivy/test/repositories/1/org1/mod1.1/jars/mod1.1-1.0.jar ...
     [null] .. (0kB)
     [null] 	[SUCCESSFUL ] org1#mod1.1;1.0!mod1.1.jar (1ms)
     [null] downloading /Users/aminechagou/Documents/workspace/GoBot/ivy/test/repositories/1/org1/mod1.2/jars/mod1.2-2.0.jar ...
     [null] . (0kB)
     [null] 	[SUCCESSFUL ] org1#mod1.2;2.0!mod1.2.jar (1ms)
     [null] :: resolution report :: resolve 39ms :: artifacts dl 4ms
	---------------------------------------------------------------------
	|                  |            modules            ||   artifacts   |
	|       conf       | number| search|dwnlded|evicted|| number|dwnlded|
	---------------------------------------------------------------------
	|      default     |   2   |   2   |   1   |   0   ||   2   |   2   |
	---------------------------------------------------------------------
     [null] :: resolving dependencies :: apache#resolve-simple;1.0
     [null] 	confs: [default]
     [null] 	found org1#mod1.1;2.0 in 1
     [null] 	[2.0] org1#mod1.1;latest.integration
     [null] 	found org1#mod1.2;2.1 in 1
     [null] :: resolution report :: resolve 27ms :: artifacts dl 0ms
	---------------------------------------------------------------------
	|                  |            modules            ||   artifacts   |
	|       conf       | number| search|dwnlded|evicted|| number|dwnlded|
	---------------------------------------------------------------------
	|      default     |   2   |   2   |   1   |   0   ||   0   |   0   |
	---------------------------------------------------------------------
     [null] Dependencies updates available :
     [null] 	org1#mod1.1	1.0 -> 2.0
     [null] :: loading settings :: file = /Users/aminechagou/Documents/workspace/GoBot/ivy/test/repositories/ivysettings.xml
     [null] :: resolving dependencies :: apache#resolve-failure3;1.0
     [null] 	confs: [default]
     [null] :: resolution report :: resolve 12ms :: artifacts dl 0ms
	---------------------------------------------------------------------
	|                  |            modules            ||   artifacts   |
	|       conf       | number| search|dwnlded|evicted|| number|dwnlded|
	---------------------------------------------------------------------
	|      default     |   1   |   0   |   0   |   0   ||   0   |   0   |
	---------------------------------------------------------------------
     [null] 
     [null] :: problems summary ::
     [null] :::: WARNINGS
     [null] 		::::::::::::::::::::::::::::::::::::::::::::::
     [null] 		::          UNRESOLVED DEPENDENCIES         ::
     [null] 		::::::::::::::::::::::::::::::::::::::::::::::
     [null] 		:: orgfailure#modfailure;1.1: java.text.ParseException: inconsistent module descriptor file found in '/Users/aminechagou/Documents/workspace/GoBot/ivy/test/repositories/1/orgfailure/modfailure/ivys/ivy-1.1.xml': bad status: 'badstatus'; 
     [null] 		::::::::::::::::::::::::::::::::::::::::::::::
     [null] :::: ERRORS
     [null] 		1: bad status found in /Users/aminechagou/Documents/workspace/GoBot/ivy/test/repositories/1/orgfailure/modfailure/ivys/ivy-1.1.xml: 'badstatus'
     [null] 
     [null] :: USE VERBOSE OR DEBUG MESSAGE LEVEL FOR MORE DETAILS
     [null] :: loading settings :: file = /Users/aminechagou/Documents/workspace/GoBot/ivy/test/repositories/ivysettings.xml
     [null] :: resolving dependencies :: apache#resolve-simple;1.0
     [null] 	confs: [default]
     [null] 	found org1#mod1.2;2.0 in 1
     [null] downloading /Users/aminechagou/Documents/workspace/GoBot/ivy/test/repositories/1/org1/mod1.2/jars/mod1.2-2.0.jar ...
     [null] . (0kB)
     [null] 	[SUCCESSFUL ] org1#mod1.2;2.0!mod1.2.jar (1ms)
     [null] :: resolution report :: resolve 5ms :: artifacts dl 2ms
	---------------------------------------------------------------------
	|                  |            modules            ||   artifacts   |
	|       conf       | number| search|dwnlded|evicted|| number|dwnlded|
	---------------------------------------------------------------------
	|      default     |   1   |   1   |   0   |   0   ||   1   |   1   |
	---------------------------------------------------------------------
     [null] :: resolving dependencies :: apache#resolve-simple;1.0
     [null] 	confs: [default]
     [null] 	found org1#mod1.2;2.2 in 1
     [null] 	[2.2] org1#mod1.2;latest.integration
     [null] :: resolution report :: resolve 7ms :: artifacts dl 0ms
	---------------------------------------------------------------------
	|                  |            modules            ||   artifacts   |
	|       conf       | number| search|dwnlded|evicted|| number|dwnlded|
	---------------------------------------------------------------------
	|      default     |   1   |   1   |   0   |   0   ||   0   |   0   |
	---------------------------------------------------------------------
     [null] Dependencies updates available :
     [null] 	org1#mod1.2	2.0 -> 2.2
     [null] :: loading settings :: file = /Users/aminechagou/Documents/workspace/GoBot/ivy/test/repositories/ivysettings.xml
     [null] :: resolving dependencies :: apache#resolve-simple;1.0
     [null] 	confs: [default]
     [null] 	found org1#mod1.2;2.0 in 1
     [null] downloading /Users/aminechagou/Documents/workspace/GoBot/ivy/test/repositories/1/org1/mod1.2/jars/mod1.2-2.0.jar ...
     [null] . (0kB)
     [null] 	[SUCCESSFUL ] org1#mod1.2;2.0!mod1.2.jar (1ms)
     [null] :: resolution report :: resolve 5ms :: artifacts dl 2ms
	---------------------------------------------------------------------
	|                  |            modules            ||   artifacts   |
	|       conf       | number| search|dwnlded|evicted|| number|dwnlded|
	---------------------------------------------------------------------
	|      default     |   1   |   1   |   0   |   0   ||   1   |   1   |
	---------------------------------------------------------------------
     [null] :: resolving dependencies :: apache#resolve-simple;1.0
     [null] 	confs: [default]
     [null] 	found org1#mod1.2;2.2 in 1
     [null] 	[2.2] org1#mod1.2;latest.integration
     [null] :: resolution report :: resolve 7ms :: artifacts dl 0ms
	---------------------------------------------------------------------
	|                  |            modules            ||   artifacts   |
	|       conf       | number| search|dwnlded|evicted|| number|dwnlded|
	---------------------------------------------------------------------
	|      default     |   1   |   1   |   0   |   0   ||   0   |   0   |
	---------------------------------------------------------------------
     [null] Dependencies updates available :
     [null] 	org1#mod1.2	2.0 -> 2.2
     [null] :: loading settings :: file = /Users/aminechagou/Documents/workspace/GoBot/ivy/test/repositories/ivysettings.xml
     [null] :: resolving dependencies :: apache#resolve-extends;1.0
     [null] 	confs: [default, compile, extra]
     [null] 	found org1#mod1.1;2.0 in 1
     [null] 	found org1#mod1.2;2.0 in 1
     [null] 	found org2#mod2.1;0.3 in 1
     [null] 	found org1#mod1.2;2.1 in 1
     [null] downloading /Users/aminechagou/Documents/workspace/GoBot/ivy/test/repositories/1/org1/mod1.1/jars/mod1.1-2.0.jar ...
     [null] .. (0kB)
     [null] 	[SUCCESSFUL ] org1#mod1.1;2.0!mod1.1.jar (1ms)
     [null] downloading /Users/aminechagou/Documents/workspace/GoBot/ivy/test/repositories/1/org2/mod2.1/jars/art21B-0.3.jar ...
     [null] .. (0kB)
     [null] 	[SUCCESSFUL ] org2#mod2.1;0.3!art21B.jar (1ms)
     [null] downloading /Users/aminechagou/Documents/workspace/GoBot/ivy/test/repositories/1/org2/mod2.1/jars/art21A-0.3.jar ...
     [null] .. (0kB)
     [null] 	[SUCCESSFUL ] org2#mod2.1;0.3!art21A.jar (1ms)
     [null] downloading /Users/aminechagou/Documents/workspace/GoBot/ivy/test/repositories/1/org1/mod1.2/jars/mod1.2-2.1.jar ...
     [null] .. (0kB)
     [null] 	[SUCCESSFUL ] org1#mod1.2;2.1!mod1.2.jar (1ms)
     [null] :: resolution report :: resolve 41ms :: artifacts dl 6ms
     [null] 	:: evicted modules:
     [null] 	org1#mod1.1;1.1 by [org1#mod1.1;2.0] in [default, compile]
     [null] 	org1#mod1.2;2.0 by [org1#mod1.2;2.1] in [default]
     [null] 	org1#mod1.1;1.0 by [org1#mod1.1;2.0] in [default]
	---------------------------------------------------------------------
	|                  |            modules            ||   artifacts   |
	|       conf       | number| search|dwnlded|evicted|| number|dwnlded|
	---------------------------------------------------------------------
	|      default     |   6   |   4   |   2   |   3   ||   4   |   4   |
	|      compile     |   2   |   1   |   1   |   1   ||   1   |   1   |
	|       extra      |   0   |   0   |   0   |   0   ||   0   |   0   |
	---------------------------------------------------------------------
     [null] :: resolving dependencies :: apache#resolve-extends;1.0
     [null] 	confs: [default, compile, extra]
     [null] 	found org1#mod1.1;2.0 in 1
     [null] 	[2.0] org1#mod1.1;latest.integration
     [null] 	found org1#mod1.2;2.2 in 1
     [null] 	[2.2] org1#mod1.2;latest.integration
     [null] 	found org2#mod2.1;0.7 in 1
     [null] 	[0.7] org2#mod2.1;latest.integration
     [null] :: resolution report :: resolve 25ms :: artifacts dl 0ms
	---------------------------------------------------------------------
	|                  |            modules            ||   artifacts   |
	|       conf       | number| search|dwnlded|evicted|| number|dwnlded|
	---------------------------------------------------------------------
	|      default     |   3   |   3   |   1   |   0   ||   0   |   0   |
	|      compile     |   1   |   1   |   0   |   0   ||   0   |   0   |
	|       extra      |   0   |   0   |   0   |   0   ||   0   |   0   |
	---------------------------------------------------------------------
     [null] 
     [null] :: problems summary ::
     [null] :::: WARNINGS
     [null] 		::::::::::::::::::::::::::::::::::::::::::::::
     [null] 		::          UNRESOLVED DEPENDENCIES         ::
     [null] 		::::::::::::::::::::::::::::::::::::::::::::::
     [null] 		:: org2#mod2.1;0.7: configuration not found in org2#mod2.1;0.7: 'default'. It was required from apache#resolve-extends;1.0 default
     [null] 		::::::::::::::::::::::::::::::::::::::::::::::
     [null] 
     [null] :: USE VERBOSE OR DEBUG MESSAGE LEVEL FOR MORE DETAILS
     [null] Dependencies updates available :
     [null] 	org1#mod1.1	1.1 -> 2.0
     [null] 	org1#mod1.1	1.0 -> 2.0
     [null] 	org1#mod1.2	2.0 -> 2.2
     [null] 	org1#mod1.2	2.1 -> 2.2
     [null] 	org2#mod2.1	0.3 -> 0.7
     [null] :: loading settings :: file = /Users/aminechagou/Documents/workspace/GoBot/ivy/test/repositories/ivysettings.xml
     [null] :: resolving dependencies :: apache#resolve-simple;1.0
     [null] 	confs: [default]
     [null] 	found org1#mod1.2;2.0 in 1
     [null] downloading /Users/aminechagou/Documents/workspace/GoBot/ivy/test/repositories/1/org1/mod1.2/jars/mod1.2-2.0.jar ...
     [null] . (0kB)
     [null] 	[SUCCESSFUL ] org1#mod1.2;2.0!mod1.2.jar (0ms)
     [null] :: resolution report :: resolve 12ms :: artifacts dl 2ms
	---------------------------------------------------------------------
	|                  |            modules            ||   artifacts   |
	|       conf       | number| search|dwnlded|evicted|| number|dwnlded|
	---------------------------------------------------------------------
	|      default     |   1   |   1   |   0   |   0   ||   1   |   1   |
	---------------------------------------------------------------------
     [null] :: resolving dependencies :: apache#resolve-simple;1.0
     [null] 	confs: [default]
     [null] 	found org1#mod1.2;2.2 in 1
     [null] 	[2.2] org1#mod1.2;latest.integration
     [null] :: resolution report :: resolve 6ms :: artifacts dl 0ms
	---------------------------------------------------------------------
	|                  |            modules            ||   artifacts   |
	|       conf       | number| search|dwnlded|evicted|| number|dwnlded|
	---------------------------------------------------------------------
	|      default     |   1   |   1   |   0   |   0   ||   0   |   0   |
	---------------------------------------------------------------------
     [null] Dependencies updates available :
     [null] 	org1#mod1.2	2.0 -> 2.2
     [null] :: loading settings :: file = /Users/aminechagou/Documents/workspace/GoBot/ivy/test/repositories/ivysettings.xml
     [null] 
     [null] :: problems summary ::
     [null] :::: WARNINGS
     [null] 		module not found: org1XXYZ#mod1.2;2.0
     [null] 	==== 1: tried
     [null] 	  /Users/aminechagou/Documents/workspace/GoBot/ivy/test/repositories/1/org1XXYZ/mod1.2/ivys/ivy-2.0.xml
     [null] 	  -- artifact org1XXYZ#mod1.2;2.0!mod1.2.jar:
     [null] 	  /Users/aminechagou/Documents/workspace/GoBot/ivy/test/repositories/1/org1XXYZ/mod1.2/jars/mod1.2-2.0.jar
     [null] 	==== 2-ivy: tried
     [null] 	  /Users/aminechagou/Documents/workspace/GoBot/ivy/test/repositories/2/mod1.2/ivy-2.0.xml
     [null] 	==== 2-artifact: tried
     [null] 	  -- artifact org1XXYZ#mod1.2;2.0!mod1.2.jar:
     [null] 	  /Users/aminechagou/Documents/workspace/GoBot/ivy/test/repositories/2/mod1.2/mod1.2-2.0.jar
     [null] 	  /Users/aminechagou/Documents/workspace/GoBot/ivy/test/repositories/2/mod1.2/mod1.2.jar
     [null] 	==== m2: tried
     [null] 	  file:/Users/aminechagou/Documents/workspace/GoBot/ivy/test/repositories/m2/org1XXYZ/mod1.2/2.0/mod1.2-2.0.pom
     [null] 	  -- artifact org1XXYZ#mod1.2;2.0!mod1.2.jar:
     [null] 	  file:/Users/aminechagou/Documents/workspace/GoBot/ivy/test/repositories/m2/org1XXYZ/mod1.2/2.0/mod1.2-2.0.jar
     [null] 		::::::::::::::::::::::::::::::::::::::::::::::
     [null] 		::          UNRESOLVED DEPENDENCIES         ::
     [null] 		::::::::::::::::::::::::::::::::::::::::::::::
     [null] 		:: org1XXYZ#mod1.2;2.0: not found
     [null] 		::::::::::::::::::::::::::::::::::::::::::::::
     [null] 
     [null] :: USE VERBOSE OR DEBUG MESSAGE LEVEL FOR MORE DETAILS
     [null] :: loading settings :: file = /Users/aminechagou/Documents/workspace/GoBot/ivy/test/repositories/ivysettings.xml
     [null] :: resolving dependencies :: apache#resolve-simple;1.0
     [null] 	confs: [default, unknown]
     [null] 
     [null] :: problems summary ::
     [null] :::: ERRORS
     [null] 	requested configuration not found in apache#resolve-simple;1.0: [ 'unknown' ]
     [null] 
     [null] :: USE VERBOSE OR DEBUG MESSAGE LEVEL FOR MORE DETAILS
     [null] :: loading settings :: file = /Users/aminechagou/Documents/workspace/GoBot/ivy/test/repositories/ivysettings.xml
     [null] :: resolving dependencies :: apache#resolve-failure2;1.0
     [null] 	confs: [default]
     [null] :: resolution report :: resolve 25ms :: artifacts dl 0ms
	---------------------------------------------------------------------
	|                  |            modules            ||   artifacts   |
	|       conf       | number| search|dwnlded|evicted|| number|dwnlded|
	---------------------------------------------------------------------
	|      default     |   1   |   0   |   0   |   0   ||   0   |   0   |
	---------------------------------------------------------------------
     [null] 
     [null] :: problems summary ::
     [null] :::: WARNINGS
     [null] 		::::::::::::::::::::::::::::::::::::::::::::::
     [null] 		::          UNRESOLVED DEPENDENCIES         ::
     [null] 		::::::::::::::::::::::::::::::::::::::::::::::
     [null] 		:: orgfailure#modfailure;1.0: java.text.ParseException: [xml parsing: ivy-1.0.xml.original:25:11: cvc-complex-type.2.4.a: Invalid content was found starting with element 'badtag'. One of '{"":configurations, "":publications, "":dependencies, "":conflicts}' is expected. in file:/Users/aminechagou/Documents/workspace/GoBot/ivy/build/cache/orgfailure/modfailure/ivy-1.0.xml.original
     [null] , unknown tag badtag in file:/Users/aminechagou/Documents/workspace/GoBot/ivy/build/cache/orgfailure/modfailure/ivy-1.0.xml.original
     [null] ]
     [null] 		::::::::::::::::::::::::::::::::::::::::::::::
     [null] 
     [null] :: USE VERBOSE OR DEBUG MESSAGE LEVEL FOR MORE DETAILS
     [null] :: loading settings :: file = /Users/aminechagou/Documents/workspace/GoBot/ivy/test/repositories/ivysettings.xml
     [null] :: resolving dependencies :: apache#resolve-simple;1.0
     [null] 	confs: [compile]
     [null] 	found org1#mod1.1;2.0 in 1
     [null] downloading /Users/aminechagou/Documents/workspace/GoBot/ivy/test/repositories/1/org1/mod1.1/jars/mod1.1-2.0.jar ...
     [null] .. (0kB)
     [null] 	[SUCCESSFUL ] org1#mod1.1;2.0!mod1.1.jar (1ms)
     [null] :: resolution report :: resolve 10ms :: artifacts dl 2ms
	---------------------------------------------------------------------
	|                  |            modules            ||   artifacts   |
	|       conf       | number| search|dwnlded|evicted|| number|dwnlded|
	---------------------------------------------------------------------
	|      compile     |   1   |   1   |   1   |   0   ||   1   |   1   |
	---------------------------------------------------------------------
     [null] :: resolving dependencies :: apache#resolve-simple;1.0
     [null] 	confs: [compile]
     [null] 	found org1#mod1.1;2.0 in 1
     [null] 	[2.0] org1#mod1.1;latest.integration
     [null] :: resolution report :: resolve 6ms :: artifacts dl 0ms
	---------------------------------------------------------------------
	|                  |            modules            ||   artifacts   |
	|       conf       | number| search|dwnlded|evicted|| number|dwnlded|
	---------------------------------------------------------------------
	|      compile     |   1   |   1   |   0   |   0   ||   0   |   0   |
	---------------------------------------------------------------------
     [null] Dependencies updates available :
     [null] 	All dependencies are up to date
     [null] :: loading settings :: file = /Users/aminechagou/Documents/workspace/GoBot/ivy/test/repositories/ivysettings.xml
     [null] :: resolving dependencies :: apache#resolve-simple;1.0
     [null] 	confs: [default]
     [null] :: resolution report :: resolve 3ms :: artifacts dl 0ms
	---------------------------------------------------------------------
	|                  |            modules            ||   artifacts   |
	|       conf       | number| search|dwnlded|evicted|| number|dwnlded|
	---------------------------------------------------------------------
	|      default     |   1   |   0   |   0   |   0   ||   0   |   0   |
	---------------------------------------------------------------------
     [null] 
     [null] :: problems summary ::
     [null] :::: WARNINGS
     [null] 		module not found: unknwon#unknown;1.0
     [null] 	==== 1: tried
     [null] 	  /Users/aminechagou/Documents/workspace/GoBot/ivy/test/repositories/1/unknwon/unknown/ivys/ivy-1.0.xml
     [null] 	  -- artifact unknwon#unknown;1.0!unknown.jar:
     [null] 	  /Users/aminechagou/Documents/workspace/GoBot/ivy/test/repositories/1/unknwon/unknown/jars/unknown-1.0.jar
     [null] 	==== 2-ivy: tried
     [null] 	  /Users/aminechagou/Documents/workspace/GoBot/ivy/test/repositories/2/unknown/ivy-1.0.xml
     [null] 	==== 2-artifact: tried
     [null] 	  -- artifact unknwon#unknown;1.0!unknown.jar:
     [null] 	  /Users/aminechagou/Documents/workspace/GoBot/ivy/test/repositories/2/unknown/unknown-1.0.jar
     [null] 	  /Users/aminechagou/Documents/workspace/GoBot/ivy/test/repositories/2/unknown/unknown.jar
     [null] 	==== m2: tried
     [null] 	  file:/Users/aminechagou/Documents/workspace/GoBot/ivy/test/repositories/m2/unknwon/unknown/1.0/unknown-1.0.pom
     [null] 	  -- artifact unknwon#unknown;1.0!unknown.jar:
     [null] 	  file:/Users/aminechagou/Documents/workspace/GoBot/ivy/test/repositories/m2/unknwon/unknown/1.0/unknown-1.0.jar
     [null] 		::::::::::::::::::::::::::::::::::::::::::::::
     [null] 		::          UNRESOLVED DEPENDENCIES         ::
     [null] 		::::::::::::::::::::::::::::::::::::::::::::::
     [null] 		:: unknwon#unknown;1.0: not found
     [null] 		::::::::::::::::::::::::::::::::::::::::::::::
     [null] 
     [null] :: USE VERBOSE OR DEBUG MESSAGE LEVEL FOR MORE DETAILS
     [null] :: resolving dependencies :: apache#resolve-simple;1.0
     [null] 	confs: [default]
     [null] :: resolution report :: resolve 2ms :: artifacts dl 0ms
	---------------------------------------------------------------------
	|                  |            modules            ||   artifacts   |
	|       conf       | number| search|dwnlded|evicted|| number|dwnlded|
	---------------------------------------------------------------------
	|      default     |   1   |   0   |   0   |   0   ||   0   |   0   |
	---------------------------------------------------------------------
     [null] 
     [null] :: problems summary ::
     [null] :::: WARNINGS
     [null] 		module not found: unknwon#unknown;latest.integration
     [null] 	==== 1: tried
     [null] 	  /Users/aminechagou/Documents/workspace/GoBot/ivy/test/repositories/1/unknwon/unknown/ivys/ivy-[revision].xml
     [null] 	  -- artifact unknwon#unknown;latest.integration!unknown.jar:
     [null] 	  /Users/aminechagou/Documents/workspace/GoBot/ivy/test/repositories/1/unknwon/unknown/jars/unknown-[revision].jar
     [null] 	==== 2-ivy: tried
     [null] 	  /Users/aminechagou/Documents/workspace/GoBot/ivy/test/repositories/2/unknown/ivy-[revision].xml
     [null] 	==== 2-artifact: tried
     [null] 	  -- artifact unknwon#unknown;latest.integration!unknown.jar:
     [null] 	  /Users/aminechagou/Documents/workspace/GoBot/ivy/test/repositories/2/unknown/unknown-[revision].jar
     [null] 	  /Users/aminechagou/Documents/workspace/GoBot/ivy/test/repositories/2/unknown/unknown.jar
     [null] 	==== m2: tried
     [null] 	  file:/Users/aminechagou/Documents/workspace/GoBot/ivy/test/repositories/m2/unknwon/unknown/[revision]/unknown-[revision].pom
     [null] 	  -- artifact unknwon#unknown;latest.integration!unknown.jar:
     [null] 	  file:/Users/aminechagou/Documents/workspace/GoBot/ivy/test/repositories/m2/unknwon/unknown/[revision]/unknown-[revision].jar
     [null] 		::::::::::::::::::::::::::::::::::::::::::::::
     [null] 		::          UNRESOLVED DEPENDENCIES         ::
     [null] 		::::::::::::::::::::::::::::::::::::::::::::::
     [null] 		:: unknwon#unknown;latest.integration: not found
     [null] 		::::::::::::::::::::::::::::::::::::::::::::::
     [null] 
     [null] :: USE VERBOSE OR DEBUG MESSAGE LEVEL FOR MORE DETAILS
     [null] Dependencies updates available :
     [null] 	unknwon#unknown	1.0 -> latest.integration
     [null] :: loading settings :: file = /Users/aminechagou/Documents/workspace/GoBot/ivy/test/repositories/ivysettings.xml
     [null] :: resolving dependencies :: apache#resolve-simple;1.0
     [null] 	confs: [default]
     [null] 	found org1#mod1.1;1.0 in 1
     [null] 	found org1#mod1.2;2.0 in 1
     [null] downloading /Users/aminechagou/Documents/workspace/GoBot/ivy/test/repositories/1/org1/mod1.1/jars/mod1.1-1.0.jar ...
     [null] .. (0kB)
     [null] 	[SUCCESSFUL ] org1#mod1.1;1.0!mod1.1.jar (1ms)
     [null] downloading /Users/aminechagou/Documents/workspace/GoBot/ivy/test/repositories/1/org1/mod1.2/jars/mod1.2-2.0.jar ...
     [null] . (0kB)
     [null] 	[SUCCESSFUL ] org1#mod1.2;2.0!mod1.2.jar (0ms)
     [null] :: resolution report :: resolve 12ms :: artifacts dl 3ms
	---------------------------------------------------------------------
	|                  |            modules            ||   artifacts   |
	|       conf       | number| search|dwnlded|evicted|| number|dwnlded|
	---------------------------------------------------------------------
	|      default     |   2   |   2   |   1   |   0   ||   2   |   2   |
	---------------------------------------------------------------------
     [null] :: resolving dependencies :: apache#resolve-simple;1.0
     [null] 	confs: [default]
     [null] 	found org1#mod1.1;2.0 in 1
     [null] 	[2.0] org1#mod1.1;latest.integration
     [null] 	found org1#mod1.2;2.1 in 1
     [null] :: resolution report :: resolve 15ms :: artifacts dl 0ms
	---------------------------------------------------------------------
	|                  |            modules            ||   artifacts   |
	|       conf       | number| search|dwnlded|evicted|| number|dwnlded|
	---------------------------------------------------------------------
	|      default     |   2   |   2   |   1   |   0   ||   0   |   0   |
	---------------------------------------------------------------------
     [null] Dependencies updates available :
     [null] 	org1#mod1.1	1.0 -> 2.0
     [null] 	org1#mod1.2 (transitive)	2.0 -> 2.1
     [null] :: loading settings :: file = /Users/aminechagou/Documents/workspace/GoBot/ivy/test/repositories/ivysettings.xml
     [null] :: resolving dependencies :: org1#mod1.2-caller;working
     [null] 	confs: [default]
     [null] 	found org1#mod1.2;2.0 in 1
     [null] downloading /Users/aminechagou/Documents/workspace/GoBot/ivy/test/repositories/1/org1/mod1.2/jars/mod1.2-2.0.jar ...
     [null] . (0kB)
     [null] 	[SUCCESSFUL ] org1#mod1.2;2.0!mod1.2.jar (1ms)
     [null] :: resolution report :: resolve 2ms :: artifacts dl 1ms
	---------------------------------------------------------------------
	|                  |            modules            ||   artifacts   |
	|       conf       | number| search|dwnlded|evicted|| number|dwnlded|
	---------------------------------------------------------------------
	|      default     |   1   |   0   |   0   |   0   ||   1   |   1   |
	---------------------------------------------------------------------
     [null] :: resolving dependencies :: org1#mod1.2-caller;working
     [null] 	confs: [default]
     [null] 	found org1#mod1.2;2.2 in 1
     [null] 	[2.2] org1#mod1.2;latest.integration
     [null] :: resolution report :: resolve 5ms :: artifacts dl 0ms
	---------------------------------------------------------------------
	|                  |            modules            ||   artifacts   |
	|       conf       | number| search|dwnlded|evicted|| number|dwnlded|
	---------------------------------------------------------------------
	|      default     |   1   |   1   |   0   |   0   ||   0   |   0   |
	---------------------------------------------------------------------
     [null] Dependencies updates available :
     [null] 	org1#mod1.2	2.0 -> 2.2
]]></system-out>
  <system-err><![CDATA[]]></system-err>
</testsuite>
