<?xml version="1.0" encoding="UTF-8" ?>
<testsuite errors="0" failures="0" hostname="iMac-de-Amine.local" name="org.apache.ivy.plugins.conflict.LatestCompatibleConflictManagerTest" skipped="0" tests="12" time="1.871" timestamp="2016-05-07T21:25:09">
  <properties>
    <property name="file.encoding.pkg" value="sun.io" />
    <property name="ivy.report.dir" value="/Users/aminechagou/Documents/workspace/GoBot/ivy/build/doc/reports/ivy" />
    <property name="ivy.retrieve.pattern.ivy.instance" value="/Users/aminechagou/Documents/workspace/GoBot/ivy/lib/[artifact]-[revision](-[classifier]).[ext]" />
    <property name="java.vendor.url.ivy.instance" value="http://java.oracle.com/" />
    <property name="ivy.local.default.ivy.pattern.ivy.instance" value="[organisation]/[module]/[revision]/[type]s/[artifact].[ext]" />
    <property name="bundle.version" value="${target.ivy.bundle.version}.${target.ivy.bundle.version.qualifier}20160507232253" />
    <property name="ivy.project.dir.ivy.instance" value="/Users/aminechagou/Documents/workspace/GoBot/ivy" />
    <property name="ivy.resolve.default.type.filter" value="*" />
    <property name="java.home" value="/Library/Java/JavaVirtualMachines/jdk1.8.0_91.jdk/Contents/Home/jre" />
    <property name="ivy.configurations.ivy.instance" value="*" />
    <property name="bin.includes" value="META-INF/,." />
    <property name="ivy.basedir.ivy.instance" value="/Users/aminechagou/Documents/workspace/GoBot/ivy" />
    <property name="ivy.dep.file.ivy.instance" value="ivy.xml" />
    <property name="java.endorsed.dirs" value="/Library/Java/JavaVirtualMachines/jdk1.8.0_91.jdk/Contents/Home/jre/lib/endorsed" />
    <property name="java.class.path.ivy.instance" value="/Users/aminechagou/.p2/pool/plugins/org.apache.ant_1.9.6.v201510161327/lib/ant-antlr.jar:/Users/aminechagou/.p2/pool/plugins/org.apache.ant_1.9.6.v201510161327/lib/ant-apache-bcel.jar:/Users/aminechagou/.p2/pool/plugins/org.apache.ant_1.9.6.v201510161327/lib/ant-apache-bsf.jar:/Users/aminechagou/.p2/pool/plugins/org.apache.ant_1.9.6.v201510161327/lib/ant-apache-log4j.jar:/Users/aminechagou/.p2/pool/plugins/org.apache.ant_1.9.6.v201510161327/lib/ant-apache-oro.jar:/Users/aminechagou/.p2/pool/plugins/org.apache.ant_1.9.6.v201510161327/lib/ant-apache-regexp.jar:/Users/aminechagou/.p2/pool/plugins/org.apache.ant_1.9.6.v201510161327/lib/ant-apache-resolver.jar:/Users/aminechagou/.p2/pool/plugins/org.apache.ant_1.9.6.v201510161327/lib/ant-apache-xalan2.jar:/Users/aminechagou/.p2/pool/plugins/org.apache.ant_1.9.6.v201510161327/lib/ant-commons-logging.jar:/Users/aminechagou/.p2/pool/plugins/org.apache.ant_1.9.6.v201510161327/lib/ant-commons-net.jar:/Users/aminechagou/.p2/pool/plugins/org.apache.ant_1.9.6.v201510161327/lib/ant-jai.jar:/Users/aminechagou/.p2/pool/plugins/org.apache.ant_1.9.6.v201510161327/lib/ant-javamail.jar:/Users/aminechagou/.p2/pool/plugins/org.apache.ant_1.9.6.v201510161327/lib/ant-jdepend.jar:/Users/aminechagou/.p2/pool/plugins/org.apache.ant_1.9.6.v201510161327/lib/ant-jmf.jar:/Users/aminechagou/.p2/pool/plugins/org.apache.ant_1.9.6.v201510161327/lib/ant-jsch.jar:/Users/aminechagou/.p2/pool/plugins/org.apache.ant_1.9.6.v201510161327/lib/ant-junit.jar:/Users/aminechagou/.p2/pool/plugins/org.apache.ant_1.9.6.v201510161327/lib/ant-junit4.jar:/Users/aminechagou/.p2/pool/plugins/org.apache.ant_1.9.6.v201510161327/lib/ant-launcher.jar:/Users/aminechagou/.p2/pool/plugins/org.apache.ant_1.9.6.v201510161327/lib/ant-netrexx.jar:/Users/aminechagou/.p2/pool/plugins/org.apache.ant_1.9.6.v201510161327/lib/ant-swing.jar:/Users/aminechagou/.p2/pool/plugins/org.apache.ant_1.9.6.v201510161327/lib/ant-testutil.jar:/Users/aminechagou/.p2/pool/plugins/org.apache.ant_1.9.6.v201510161327/lib/ant.jar:/Users/aminechagou/eclipse/java-mars/Eclipse.app/Contents/Eclipse/configuration/org.eclipse.osgi/61/0/.cp/lib/antdebug.jar:/Users/aminechagou/eclipse/java-mars/Eclipse.app/Contents/Eclipse/configuration/org.eclipse.osgi/61/0/.cp/lib/remote.jar:/Users/aminechagou/eclipse/java-mars/Eclipse.app/Contents/Eclipse/configuration/org.eclipse.osgi/62/0/.cp/lib/remoteAnt.jar:/Library/Java/JavaVirtualMachines/jdk1.8.0_91.jdk/Contents/Home/lib/tools.jar:/Users/aminechagou/.p2/pool/plugins/org.eclipse.swt.cocoa.macosx.x86_64_3.104.2.v20160212-1350.jar" />
    <property name="env.LOGNAME" value="aminechagou" />
    <property name="ivy.home" value="/Users/aminechagou/.ivy2" />
    <property name="src.dir" value="/Users/aminechagou/Documents/workspace/GoBot/ivy/src/java" />
    <property name="checkstyle.report.dir" value="/Users/aminechagou/Documents/workspace/GoBot/ivy/build/doc/reports/checkstyle" />
    <property name="ftp.nonProxyHosts.ivy.instance" value="local|*.local|169.254/16|*.169.254/16" />
    <property name="test.xml.dir" value="/Users/aminechagou/Documents/workspace/GoBot/ivy/build/test-report" />
    <property name="java.vm.specification.vendor.ivy.instance" value="Oracle Corporation" />
    <property name="sun.os.patch.level" value="unknown" />
    <property name="ivy.dep.file" value="ivy.xml" />
    <property name="java.vendor.url" value="http://java.oracle.com/" />
    <property name="ivy.local.default.artifact.pattern.ivy.instance" value="[organisation]/[module]/[revision]/[type]s/[artifact].[ext]" />
    <property name="ivy.lib.dir.ivy.instance" value="/Users/aminechagou/Documents/workspace/GoBot/ivy/lib" />
    <property name="java.version" value="1.8.0_91" />
    <property name="user.region" value="TR" />
    <property name="ivy.conf.dir.ivy.instance" value="file:/Users/aminechagou/Documents/workspace/GoBot/ivy/build/classes/core/org/apache/ivy/core/settings" />
    <property name="sun.boot.library.path.ivy.instance" value="/Library/Java/JavaVirtualMachines/jdk1.8.0_91.jdk/Contents/Home/jre/lib" />
    <property name="ivy.report.output.pattern.ivy.instance" value="[organisation]-[module]-[conf].[ext]" />
    <property name="ivy.module" value="ivy" />
    <property name="ivy.publish.src.artifacts.pattern.ivy.instance" value="/Users/aminechagou/Documents/workspace/GoBot/ivy/distrib/[type]s/[artifact]-[revision](-[classifier]).[ext]" />
    <property name="java.vendor.url.bug" value="http://bugreport.sun.com/bugreport/" />
    <property name="version.prefix" value="${target.ivy.version}-local-" />
    <property name="sun.management.compiler.ivy.instance" value="HotSpot 64-Bit Tiered Compilers" />
    <property name="ant.project.invoked-targets" value="coverage-report" />
    <property name="example.dir" value="/Users/aminechagou/Documents/workspace/GoBot/ivy/src/example" />
    <property name="ivy.local.default.artifact.pattern" value="[organisation]/[module]/[revision]/[type]s/[artifact].[ext]" />
    <property name="os.name.ivy.instance" value="Mac OS X" />
    <property name="ivy.default.ivy.user.dir.ivy.instance" value="/Users/aminechagou/.ivy2" />
    <property name="ivy.default.always.check.exact.revision" value="false" />
    <property name="ivy.default.settings.dir.ivy.instance" value="file:/Users/aminechagou/Documents/workspace/GoBot/ivy/build/classes/core/org/apache/ivy/core/settings" />
    <property name="user.name" value="aminechagou" />
    <property name="sun.io.unicode.encoding" value="UnicodeBig" />
    <property name="ivy.shared.default.root.ivy.instance" value="/Users/aminechagou/.ivy2/shared" />
    <property name="sun.jnu.encoding" value="UTF-8" />
    <property name="java.runtime.name" value="Java(TM) SE Runtime Environment" />
    <property name="ant.home.ivy.instance" value="/Users/aminechagou/.p2/pool/plugins/org.apache.ant_1.9.6.v201510161327" />
    <property name="file.encoding.ivy.instance" value="UTF-8" />
    <property name="emma.coverage.out.file" value="/Users/aminechagou/Documents/workspace/GoBot/ivy/build/coverage/coverage.emma" />
    <property name="ivy.cache.ttl.default.ivy.instance" value="10s" />
    <property name="java.specification.vendor.ivy.instance" value="Oracle Corporation" />
    <property name="java.vendor.ivy.instance" value="Oracle Corporation" />
    <property name="coverage.classes.dir" value="/Users/aminechagou/Documents/workspace/GoBot/ivy/build/coverage/classes" />
    <property name="env.JAVA_STARTED_ON_FIRST_THREAD_5887" value="1" />
    <property name="lib.dir" value="/Users/aminechagou/Documents/workspace/GoBot/ivy/lib" />
    <property name="sun.cpu.isalist.ivy.instance" value="" />
    <property name="java.specification.name" value="Java Platform API Specification" />
    <property name="bootstrap.classes.build.dir" value="/Users/aminechagou/Documents/workspace/GoBot/ivy/build/classes/bootstrap" />
    <property name="ftp.nonProxyHosts" value="local|*.local|169.254/16|*.169.254/16" />
    <property name="user.timezone" value="" />
    <property name="java.endorsed.dirs.ivy.instance" value="/Library/Java/JavaVirtualMachines/jdk1.8.0_91.jdk/Contents/Home/jre/lib/endorsed" />
    <property name="path.separator" value=":" />
    <property name="ant.classes.build.dir" value="/Users/aminechagou/Documents/workspace/GoBot/ivy/build/classes/ant" />
    <property name="java.class.version.ivy.instance" value="52.0" />
    <property name="ivy.default.conf.dir" value="file:/Users/aminechagou/Documents/workspace/GoBot/ivy/build/classes/core/org/apache/ivy/core/settings" />
    <property name="file.encoding" value="UTF-8" />
    <property name="java.runtime.name.ivy.instance" value="Java(TM) SE Runtime Environment" />
    <property name="ivy.resolve.default.type.filter.ivy.instance" value="*" />
    <property name="ant.project.default-target" value="coverage-report" />
    <property name="ivy.targets.copied" value="true" />
    <property name="ivy.parents.count" value="0" />
    <property name="env.HOME" value="/Users/aminechagou" />
    <property name="sun.java.command" value="org.apache.tools.ant.taskdefs.optional.junit.JUnitTestRunner org.apache.ivy.plugins.conflict.LatestCompatibleConflictManagerTest skipNonTests=false filtertrace=true haltOnError=false haltOnFailure=false formatter=org.apache.tools.ant.taskdefs.optional.junit.SummaryJUnitResultFormatter showoutput=false outputtoformatters=true logfailedtests=true threadid=0 logtestlistenerevents=false formatter=org.apache.tools.ant.taskdefs.optional.junit.XMLJUnitResultFormatter,/Users/aminechagou/Documents/workspace/GoBot/ivy/build/test-report/TEST-org.apache.ivy.plugins.conflict.LatestCompatibleConflictManagerTest.xml crashfile=/Users/aminechagou/Documents/workspace/GoBot/ivy/junitvmwatcher3126623561631745673.properties propsfile=/Users/aminechagou/Documents/workspace/GoBot/ivy/junit7208456039262154015.properties" />
    <property name="socksNonProxyHosts" value="local|*.local|169.254/16|*.169.254/16" />
    <property name="ivy.shared.default.artifact.pattern" value="[organisation]/[module]/[revision]/[type]s/[artifact].[ext]" />
    <property name="ant.file" value="/Users/aminechagou/Documents/workspace/GoBot/ivy/build.xml" />
    <property name="ivy.distrib.dir.ivy.instance" value="/Users/aminechagou/Documents/workspace/GoBot/ivy/distrib" />
    <property name="ivy.checksums.ivy.instance" value="sha1,md5" />
    <property name="sun.arch.data.model.ivy.instance" value="64" />
    <property name="ivy.build.artifacts.dir.ivy.instance" value="/Users/aminechagou/Documents/workspace/GoBot/ivy/build/artifacts" />
    <property name="core.classes.build.dir" value="/Users/aminechagou/Documents/workspace/GoBot/ivy/build/classes/core" />
    <property name="source.." value="src/java/" />
    <property name="ivy.settings.file" value="ivysettings.xml" />
    <property name="java.io.tmpdir" value="/var/folders/fj/qq0462l92650s4nnvt7tmdbm0000gn/T/" />
    <property name="ivy.buildlist.ivyfilepath.ivy.instance" value="ivy.xml" />
    <property name="TODAY" value="May 7 2016" />
    <property name="ivy.cache.ttl.default" value="10s" />
    <property name="user.language" value="tr" />
    <property name="user.dir.ivy.instance" value="/Users/aminechagou/Documents/workspace/GoBot/ivy" />
    <property name="doc.build.dir" value="/Users/aminechagou/Documents/workspace/GoBot/ivy/build/doc" />
    <property name="ivy.home.ivy.instance" value="/Users/aminechagou/.ivy2" />
    <property name="line.separator" value="&#xa;" />
    <property name="java.specification.version.ivy.instance" value="1.8" />
    <property name="emma.enabled" value="true" />
    <property name="classes.build.dir" value="/Users/aminechagou/Documents/workspace/GoBot/ivy/build/classes" />
    <property name="ivy.build.artifacts.dir" value="/Users/aminechagou/Documents/workspace/GoBot/ivy/build/artifacts" />
    <property name="ivy.settings.dir.url" value="file:/Users/aminechagou/Documents/workspace/GoBot/ivy/build/classes/core/org/apache/ivy/core/settings" />
    <property name="test.report.dir" value="/Users/aminechagou/Documents/workspace/GoBot/ivy/build/doc/reports/test" />
    <property name="sun.io.unicode.encoding.ivy.instance" value="UnicodeBig" />
    <property name="ivy.status" value="integration" />
    <property name="java.vm.info" value="mixed mode" />
    <property name="ivy.lib.dir" value="/Users/aminechagou/Documents/workspace/GoBot/ivy/lib" />
    <property name="java.vm.specification.name" value="Java Virtual Machine Specification" />
    <property name="ivy.default.conf.dir.ivy.instance" value="file:/Users/aminechagou/Documents/workspace/GoBot/ivy/build/classes/core/org/apache/ivy/core/settings" />
    <property name="env.__CF_USER_TEXT_ENCODING" value="0x1F5:0x0:0x1" />
    <property name="java.vm.version.ivy.instance" value="25.91-b14" />
    <property name="all.classes.build.dir" value="/Users/aminechagou/Documents/workspace/GoBot/ivy/build/classes/all" />
    <property name="ivy.install.version" value="1.4.1" />
    <property name="test.class.pattern" value="*Test" />
    <property name="artifacts.build.dir" value="/Users/aminechagou/Documents/workspace/GoBot/ivy/build/artifact" />
    <property name="http.nonProxyHosts" value="local|*.local|169.254/16|*.169.254/16" />
    <property name="user.name.ivy.instance" value="aminechagou" />
    <property name="final.name" value="ivy.jar" />
    <property name="ivy.cache.dir" value="/Users/aminechagou/.ivy2/cache" />
    <property name="java.awt.printerjob" value="sun.lwawt.macosx.CPrinterJob" />
    <property name="rat.report.dir" value="/Users/aminechagou/Documents/workspace/GoBot/ivy/build/doc/reports/rat" />
    <property name="java.io.tmpdir.ivy.instance" value="/var/folders/fj/qq0462l92650s4nnvt7tmdbm0000gn/T/" />
    <property name="ant.version" value="Apache Ant(TM) version 1.9.6 compiled on June 29 2015" />
    <property name="output.." value="bin/" />
    <property name="java.home.ivy.instance" value="/Library/Java/JavaVirtualMachines/jdk1.8.0_91.jdk/Contents/Home/jre" />
    <property name="java.vm.vendor.ivy.instance" value="Oracle Corporation" />
    <property name="env.XPC_FLAGS" value="0x0" />
    <property name="ant.file.type.ivy" value="file" />
    <property name="test.build.dir" value="/Users/aminechagou/Documents/workspace/GoBot/ivy/build/test" />
    <property name="gopherProxySet" value="false" />
    <property name="ivy.default.settings.dir" value="file:/Users/aminechagou/Documents/workspace/GoBot/ivy/build/classes/core/org/apache/ivy/core/settings" />
    <property name="ivy.configurations" value="*" />
    <property name="ivy.settings.url" value="file:/Users/aminechagou/Documents/workspace/GoBot/ivy/build/classes/core/org/apache/ivy/core/settings/ivysettings.xml" />
    <property name="os.name" value="Mac OS X" />
    <property name="java.specification.vendor" value="Oracle Corporation" />
    <property name="sun.jnu.encoding.ivy.instance" value="UTF-8" />
    <property name="ivy.deliver.ivy.pattern.ivy.instance" value="/Users/aminechagou/Documents/workspace/GoBot/ivy/distrib/[type]s/[artifact]-[revision](-[classifier]).[ext]" />
    <property name="ivy.checksums" value="sha1,md5" />
    <property name="java.vm.name" value="Java HotSpot(TM) 64-Bit Server VM" />
    <property name="http.nonProxyHosts.ivy.instance" value="local|*.local|169.254/16|*.169.254/16" />
    <property name="ivy.log.modules.in.use" value="false" />
    <property name="java.runtime.version.ivy.instance" value="1.8.0_91-b14" />
    <property name="ivy.report.output.pattern" value="[organisation]-[module]-[conf].[ext]" />
    <property name="ivy.version" value="non official version" />
    <property name="java.library.path" value="/Users/aminechagou/Library/Java/Extensions:/Library/Java/Extensions:/Network/Library/Java/Extensions:/System/Library/Java/Extensions:/usr/lib/java:." />
    <property name="ivy.conf.url" value="file:/Users/aminechagou/Documents/workspace/GoBot/ivy/build/classes/core/org/apache/ivy/core/settings/ivysettings.xml" />
    <property name="java.vm.name.ivy.instance" value="Java HotSpot(TM) 64-Bit Server VM" />
    <property name="env.PATH" value="/usr/bin:/bin:/usr/sbin:/sbin" />
    <property name="line.separator.ivy.instance" value="&#xa;" />
    <property name="ivy.minimum.javaversion" value="1.5" />
    <property name="os.version.ivy.instance" value="10.10.5" />
    <property name="sun.cpu.endian.ivy.instance" value="little" />
    <property name="ant.java.version" value="1.8" />
    <property name="java.class.version" value="52.0" />
    <property name="basedir" value="/Users/aminechagou/Documents/workspace/GoBot/ivy" />
    <property name="java.vm.specification.name.ivy.instance" value="Java Virtual Machine Specification" />
    <property name="ivy.settings.url.ivy.instance" value="file:/Users/aminechagou/Documents/workspace/GoBot/ivy/build/classes/core/org/apache/ivy/core/settings/ivysettings.xml" />
    <property name="sun.boot.class.path.ivy.instance" value="/Library/Java/JavaVirtualMachines/jdk1.8.0_91.jdk/Contents/Home/jre/lib/resources.jar:/Library/Java/JavaVirtualMachines/jdk1.8.0_91.jdk/Contents/Home/jre/lib/rt.jar:/Library/Java/JavaVirtualMachines/jdk1.8.0_91.jdk/Contents/Home/jre/lib/sunrsasign.jar:/Library/Java/JavaVirtualMachines/jdk1.8.0_91.jdk/Contents/Home/jre/lib/jsse.jar:/Library/Java/JavaVirtualMachines/jdk1.8.0_91.jdk/Contents/Home/jre/lib/jce.jar:/Library/Java/JavaVirtualMachines/jdk1.8.0_91.jdk/Contents/Home/jre/lib/charsets.jar:/Library/Java/JavaVirtualMachines/jdk1.8.0_91.jdk/Contents/Home/jre/lib/jfr.jar:/Library/Java/JavaVirtualMachines/jdk1.8.0_91.jdk/Contents/Home/jre/classes" />
    <property name="path.separator.ivy.instance" value=":" />
    <property name="ant.home" value="/Users/aminechagou/.p2/pool/plugins/org.apache.ant_1.9.6.v201510161327" />
    <property name="test.failed" value="true" />
    <property name="ivy.resolved.configurations" value="default, test" />
    <property name="ivy.deliver.ivy.pattern" value="/Users/aminechagou/Documents/workspace/GoBot/ivy/distrib/[type]s/[artifact]-[revision](-[classifier]).[ext]" />
    <property name="build.dir" value="/Users/aminechagou/Documents/workspace/GoBot/ivy/build" />
    <property name="sun.boot.library.path" value="/Library/Java/JavaVirtualMachines/jdk1.8.0_91.jdk/Contents/Home/jre/lib" />
    <property name="distrib.dir" value="/Users/aminechagou/Documents/workspace/GoBot/ivy/build/distrib" />
    <property name="ivy.default.always.check.exact.revision.ivy.instance" value="false" />
    <property name="java.library.path.ivy.instance" value="/Users/aminechagou/Library/Java/Extensions:/Library/Java/Extensions:/Network/Library/Java/Extensions:/System/Library/Java/Extensions:/usr/lib/java:.:/Users/aminechagou/eclipse/java-mars/Eclipse.app/Contents/Eclipse/configuration/org.eclipse.osgi/387/0/.cp" />
    <property name="awt.toolkit.ivy.instance" value="sun.lwawt.macosx.LWCToolkit" />
    <property name="sun.management.compiler" value="HotSpot 64-Bit Tiered Compilers" />
    <property name="ivy.basedir" value="/Users/aminechagou/Documents/workspace/GoBot/ivy" />
    <property name="java.awt.graphicsenv" value="sun.awt.CGraphicsEnvironment" />
    <property name="java.ext.dirs.ivy.instance" value="/Users/aminechagou/Library/Java/Extensions:/Library/Java/JavaVirtualMachines/jdk1.8.0_91.jdk/Contents/Home/jre/lib/ext:/Library/Java/Extensions:/Network/Library/Java/Extensions:/System/Library/Java/Extensions:/usr/lib/java" />
    <property name="checkstyle.src.dir" value="/Users/aminechagou/Documents/workspace/GoBot/ivy/src/etc/checkstyle" />
    <property name="pubdate" value="20160507232253" />
    <property name="ivy.log.modules.in.use.ivy.instance" value="false" />
    <property name="env.USER" value="aminechagou" />
    <property name="ivy.settings.dir.url.ivy.instance" value="file:/Users/aminechagou/Documents/workspace/GoBot/ivy/build/classes/core/org/apache/ivy/core/settings" />
    <property name="sun.os.patch.level.ivy.instance" value="unknown" />
    <property name="file.encoding.pkg.ivy.instance" value="sun.io" />
    <property name="emma.coverage.out.merge" value="true" />
    <property name="ivy.shared.default.ivy.pattern" value="[organisation]/[module]/[revision]/[type]s/[artifact].[ext]" />
    <property name="ivy.resolver.default.check.modified" value="false" />
    <property name="ivy.settings.file.ivy.instance" value="ivysettings.xml" />
    <property name="ivy.nb.targets.copied" value="27" />
    <property name="ant.project.name" value="ivy" />
    <property name="java.vm.specification.version" value="1.8" />
    <property name="ivy.cache.dir.ivy.instance" value="/Users/aminechagou/.ivy2/cache" />
    <property name="socksNonProxyHosts.ivy.instance" value="local|*.local|169.254/16|*.169.254/16" />
    <property name="ivy.status.ivy.instance" value="integration" />
    <property name="awt.toolkit" value="sun.lwawt.macosx.LWCToolkit" />
    <property name="sun.cpu.isalist" value="" />
    <property name="file.separator.ivy.instance" value="/" />
    <property name="java.ext.dirs" value="/Users/aminechagou/Library/Java/Extensions:/Library/Java/JavaVirtualMachines/jdk1.8.0_91.jdk/Contents/Home/jre/lib/ext:/Library/Java/Extensions:/Network/Library/Java/Extensions:/System/Library/Java/Extensions:/usr/lib/java" />
    <property name="ivy.local.default.root.ivy.instance" value="/Users/aminechagou/.ivy2/local" />
    <property name="ivy.deps.changed" value="true" />
    <property name="os.version" value="10.10.5" />
    <property name="optional.classes.build.dir" value="/Users/aminechagou/Documents/workspace/GoBot/ivy/build/classes/optional" />
    <property name="user.home" value="/Users/aminechagou" />
    <property name="sun.java.launcher.ivy.instance" value="SUN_STANDARD" />
    <property name="java.vm.vendor" value="Oracle Corporation" />
    <property name="ivy.local.default.root" value="/Users/aminechagou/.ivy2/local" />
    <property name="env.XPC_SERVICE_NAME" value="org.eclipse.platform.ide.72452" />
    <property name="ivy.organisation" value="org.apache.ivy" />
    <property name="user.dir" value="/Users/aminechagou/Documents/workspace/GoBot/ivy" />
    <property name="ant.library.dir.ivy.instance" value="/Users/aminechagou/.p2/pool/plugins/org.apache.ant_1.9.6.v201510161327/lib" />
    <property name="ant.file.ivy" value="/Users/aminechagou/Documents/workspace/GoBot/ivy/build.xml" />
    <property name="env.JAVA_STARTED_ON_FIRST_THREAD_9206" value="1" />
    <property name="ivy.local.default.ivy.pattern" value="[organisation]/[module]/[revision]/[type]s/[artifact].[ext]" />
    <property name="ivy.shared.default.ivy.pattern.ivy.instance" value="[organisation]/[module]/[revision]/[type]s/[artifact].[ext]" />
    <property name="java.vm.info.ivy.instance" value="mixed mode" />
    <property name="ivy.publish.src.artifacts.pattern" value="/Users/aminechagou/Documents/workspace/GoBot/ivy/distrib/[type]s/[artifact]-[revision](-[classifier]).[ext]" />
    <property name="test.dir" value="/Users/aminechagou/Documents/workspace/GoBot/ivy/test/java" />
    <property name="sun.java.command.ivy.instance" value="org.eclipse.ant.internal.launching.remote.InternalAntRunner -Dorg.eclipse.ant.core.ANT_PROCESS_ID=1462656141272 -Declipse.connect.port=53396 -Dant.home=/Users/aminechagou/.p2/pool/plugins/org.apache.ant_1.9.6.v201510161327 -logger org.eclipse.ant.internal.launching.remote.logger.RemoteAntBuildLogger -inputhandler org.eclipse.ant.internal.ui.antsupport.inputhandler.ProxyInputHandler -buildfile /Users/aminechagou/Documents/workspace/GoBot/ivy/build.xml" />
    <property name="ivy.distrib.dir" value="/Users/aminechagou/Documents/workspace/GoBot/ivy/distrib" />
    <property name="sun.cpu.endian" value="little" />
    <property name="ivy.revision" value="2.4.0" />
    <property name="env.TMPDIR" value="/var/folders/fj/qq0462l92650s4nnvt7tmdbm0000gn/T/" />
    <property name="user.timezone.ivy.instance" value="Europe/Paris" />
    <property name="java.vm.version" value="25.91-b14" />
    <property name="java.class.path" value="/Users/aminechagou/Documents/workspace/GoBot/ivy/build/coverage/classes:/Users/aminechagou/.ivy2/cache/emma/emma/jars/emma-2.0.5312.jar:/Users/aminechagou/Documents/workspace/GoBot/ivy/lib/ant-contrib.jar:/Users/aminechagou/Documents/workspace/GoBot/ivy/lib/ant-testutil.jar:/Users/aminechagou/Documents/workspace/GoBot/ivy/lib/bcpg-jdk14.jar:/Users/aminechagou/Documents/workspace/GoBot/ivy/lib/bcprov-jdk14.jar:/Users/aminechagou/Documents/workspace/GoBot/ivy/lib/commons-codec.jar:/Users/aminechagou/Documents/workspace/GoBot/ivy/lib/commons-httpclient.jar:/Users/aminechagou/Documents/workspace/GoBot/ivy/lib/commons-lang.jar:/Users/aminechagou/Documents/workspace/GoBot/ivy/lib/commons-logging.jar:/Users/aminechagou/Documents/workspace/GoBot/ivy/lib/commons-vfs.jar:/Users/aminechagou/Documents/workspace/GoBot/ivy/lib/jna.jar:/Users/aminechagou/Documents/workspace/GoBot/ivy/lib/jsch.agentproxy.connector-factory.jar:/Users/aminechagou/Documents/workspace/GoBot/ivy/lib/jsch.agentproxy.core.jar:/Users/aminechagou/Documents/workspace/GoBot/ivy/lib/jsch.agentproxy.jsch.jar:/Users/aminechagou/Documents/workspace/GoBot/ivy/lib/jsch.agentproxy.pageant.jar:/Users/aminechagou/Documents/workspace/GoBot/ivy/lib/jsch.agentproxy.sshagent.jar:/Users/aminechagou/Documents/workspace/GoBot/ivy/lib/jsch.agentproxy.usocket-jna.jar:/Users/aminechagou/Documents/workspace/GoBot/ivy/lib/jsch.agentproxy.usocket-nc.jar:/Users/aminechagou/Documents/workspace/GoBot/ivy/lib/jsch.jar:/Users/aminechagou/Documents/workspace/GoBot/ivy/lib/junit.jar:/Users/aminechagou/Documents/workspace/GoBot/ivy/lib/mod1.2-2.0.jar:/Users/aminechagou/Documents/workspace/GoBot/ivy/lib/oro.jar:/Users/aminechagou/Documents/workspace/GoBot/ivy/lib/platform.jar:/Users/aminechagou/Documents/workspace/GoBot/ivy/lib/xercesImpl.jar:/Users/aminechagou/Documents/workspace/GoBot/ivy/lib/xmlParserAPIs.jar:/Users/aminechagou/Documents/workspace/GoBot/ivy/build/classes/core:/Users/aminechagou/Documents/workspace/GoBot/ivy/build/classes/ant:/Users/aminechagou/Documents/workspace/GoBot/ivy/build/classes/optional:/Users/aminechagou/Documents/workspace/GoBot/ivy/build/test:/Users/aminechagou/.p2/pool/plugins/org.apache.ant_1.9.6.v201510161327/lib/ant-launcher.jar:/Users/aminechagou/.p2/pool/plugins/org.apache.ant_1.9.6.v201510161327/lib/ant.jar:/Users/aminechagou/.p2/pool/plugins/org.apache.ant_1.9.6.v201510161327/lib/ant-junit.jar:/Users/aminechagou/.p2/pool/plugins/org.apache.ant_1.9.6.v201510161327/lib/ant-junit4.jar" />
    <property name="ivy.default.ivy.user.dir" value="/Users/aminechagou/.ivy2" />
    <property name="user.home.ivy.instance" value="/Users/aminechagou" />
    <property name="DSTAMP" value="20160507" />
    <property name="basedir.ivy.instance" value="/Users/aminechagou/Documents/workspace/GoBot/ivy" />
    <property name="ant.library.dir" value="/Users/aminechagou/.p2/pool/plugins/org.apache.ant_1.9.6.v201510161327/lib" />
    <property name="os.arch" value="x86_64" />
    <property name="env.Apple_PubSub_Socket_Render" value="/private/tmp/com.apple.launchd.Dl8aLJvsaE/Render" />
    <property name="java.awt.graphicsenv.ivy.instance" value="sun.awt.CGraphicsEnvironment" />
    <property name="coverage.report.dir" value="/Users/aminechagou/Documents/workspace/GoBot/ivy/build/doc/reports/coverage" />
    <property name="java.vendor.url.bug.ivy.instance" value="http://bugreport.sun.com/bugreport/" />
    <property name="java.vm.specification.version.ivy.instance" value="1.8" />
    <property name="sun.java.launcher" value="SUN_STANDARD" />
    <property name="java.awt.printerjob.ivy.instance" value="sun.lwawt.macosx.CPrinterJob" />
    <property name="env.APP_ICON_5887" value="../Resources/Eclipse.icns" />
    <property name="ivy.settings.dir.ivy.instance" value="file:/Users/aminechagou/Documents/workspace/GoBot/ivy/build/classes/core/org/apache/ivy/core/settings" />
    <property name="ivy.resolver.default.check.modified.ivy.instance" value="false" />
    <property name="ant.core.lib" value="/Users/aminechagou/.p2/pool/plugins/org.apache.ant_1.9.6.v201510161327/lib/ant.jar" />
    <property name="ivy.settings.dir" value="file:/Users/aminechagou/Documents/workspace/GoBot/ivy/build/classes/core/org/apache/ivy/core/settings" />
    <property name="java.vm.specification.vendor" value="Oracle Corporation" />
    <property name="gopherProxySet.ivy.instance" value="false" />
    <property name="TSTAMP" value="2322" />
    <property name="file.separator" value="/" />
    <property name="build.version" value="${target.ivy.version}-local-20160507232253" />
    <property name="user.language.ivy.instance" value="fr" />
    <property name="ivy.shared.default.artifact.pattern.ivy.instance" value="[organisation]/[module]/[revision]/[type]s/[artifact].[ext]" />
    <property name="user.country.ivy.instance" value="FR" />
    <property name="ivy.conf.url.ivy.instance" value="file:/Users/aminechagou/Documents/workspace/GoBot/ivy/build/classes/core/org/apache/ivy/core/settings/ivysettings.xml" />
    <property name="env.JAVA_MAIN_CLASS_9206" value="org.eclipse.ant.internal.launching.remote.InternalAntRunner" />
    <property name="reports.dir" value="/Users/aminechagou/Documents/workspace/GoBot/ivy/build/doc/reports" />
    <property name="java.runtime.version" value="1.8.0_91-b14" />
    <property name="java.specification.name.ivy.instance" value="Java Platform API Specification" />
    <property name="sun.boot.class.path" value="/Library/Java/JavaVirtualMachines/jdk1.8.0_91.jdk/Contents/Home/jre/lib/resources.jar:/Library/Java/JavaVirtualMachines/jdk1.8.0_91.jdk/Contents/Home/jre/lib/rt.jar:/Library/Java/JavaVirtualMachines/jdk1.8.0_91.jdk/Contents/Home/jre/lib/sunrsasign.jar:/Library/Java/JavaVirtualMachines/jdk1.8.0_91.jdk/Contents/Home/jre/lib/jsse.jar:/Library/Java/JavaVirtualMachines/jdk1.8.0_91.jdk/Contents/Home/jre/lib/jce.jar:/Library/Java/JavaVirtualMachines/jdk1.8.0_91.jdk/Contents/Home/jre/lib/charsets.jar:/Library/Java/JavaVirtualMachines/jdk1.8.0_91.jdk/Contents/Home/jre/lib/jfr.jar:/Library/Java/JavaVirtualMachines/jdk1.8.0_91.jdk/Contents/Home/jre/classes" />
    <property name="coverage.dir" value="/Users/aminechagou/Documents/workspace/GoBot/ivy/build/coverage" />
    <property name="env.SSH_AUTH_SOCK" value="/private/tmp/com.apple.launchd.Xa4Og3iZf6/Listeners" />
    <property name="ivy.conf.dir" value="file:/Users/aminechagou/Documents/workspace/GoBot/ivy/build/classes/core/org/apache/ivy/core/settings" />
    <property name="ivy.retrieve.pattern" value="/Users/aminechagou/Documents/workspace/GoBot/ivy/lib/[artifact]-[revision](-[classifier]).[ext]" />
    <property name="user.country" value="FR" />
    <property name="env.ANT_HOME" value="/Users/aminechagou/.p2/pool/plugins/org.apache.ant_1.9.6.v201510161327" />
    <property name="ivy.shared.default.root" value="/Users/aminechagou/.ivy2/shared" />
    <property name="env.SHELL" value="/bin/bash" />
    <property name="doc.src.dir" value="/Users/aminechagou/Documents/workspace/GoBot/ivy/doc" />
    <property name="java.version.ivy.instance" value="1.8.0_91" />
    <property name="ivy.resolved.file" value="/Users/aminechagou/Documents/workspace/GoBot/ivy/ivy.xml" />
    <property name="javadoc.build.dir" value="/Users/aminechagou/Documents/workspace/GoBot/ivy/build/doc/reports/api" />
    <property name="debug.mode" value="on" />
    <property name="os.arch.ivy.instance" value="x86_64" />
    <property name="java.vendor" value="Oracle Corporation" />
    <property name="ivy.project.dir" value="/Users/aminechagou/Documents/workspace/GoBot/ivy" />
    <property name="java.specification.version" value="1.8" />
    <property name="sun.arch.data.model" value="64" />
    <property name="ivy.buildlist.ivyfilepath" value="ivy.xml" />
  </properties>
  <testcase classname="org.apache.ivy.plugins.conflict.LatestCompatibleConflictManagerTest" name="testInitFromSettings" time="0.164" />
  <testcase classname="org.apache.ivy.plugins.conflict.LatestCompatibleConflictManagerTest" name="testCompatibilityResolve1" time="0.538" />
  <testcase classname="org.apache.ivy.plugins.conflict.LatestCompatibleConflictManagerTest" name="testCompatibilityResolve2" time="0.171" />
  <testcase classname="org.apache.ivy.plugins.conflict.LatestCompatibleConflictManagerTest" name="testCompatibilityResolve3" time="0.265" />
  <testcase classname="org.apache.ivy.plugins.conflict.LatestCompatibleConflictManagerTest" name="testCompatibilityResolve4" time="0.132" />
  <testcase classname="org.apache.ivy.plugins.conflict.LatestCompatibleConflictManagerTest" name="testCompatibilityResolve5" time="0.103" />
  <testcase classname="org.apache.ivy.plugins.conflict.LatestCompatibleConflictManagerTest" name="testCompatibilityResolve6" time="0.061" />
  <testcase classname="org.apache.ivy.plugins.conflict.LatestCompatibleConflictManagerTest" name="testCompatibilityResolveCircularDependency1" time="0.074" />
  <testcase classname="org.apache.ivy.plugins.conflict.LatestCompatibleConflictManagerTest" name="testCompatibilityResolveCircularDependency2" time="0.057" />
  <testcase classname="org.apache.ivy.plugins.conflict.LatestCompatibleConflictManagerTest" name="testCompatibilityResolveCircularDependency3" time="0.066" />
  <testcase classname="org.apache.ivy.plugins.conflict.LatestCompatibleConflictManagerTest" name="testConflict" time="0.081" />
  <testcase classname="org.apache.ivy.plugins.conflict.LatestCompatibleConflictManagerTest" name="testDynamicRootConflict" time="0.05" />
  <system-out><![CDATA[EMMA: collecting runtime coverage data ...
:: loading settings :: url = file:/Users/aminechagou/Documents/workspace/GoBot/ivy/build/test/org/apache/ivy/plugins/conflict/ivysettings-latest-compatible.xml
DEPRECATED: 'defaultCache' is deprecated, use 'caches[@defaultCacheDir]' instead (file:/Users/aminechagou/Documents/workspace/GoBot/ivy/build/test/org/apache/ivy/plugins/conflict/ivysettings-latest-compatible.xml)
:: loading settings :: url = file:/Users/aminechagou/Documents/workspace/GoBot/ivy/build/classes/core/org/apache/ivy/core/settings/ivysettings.xml
	published ivy to /Users/aminechagou/Documents/workspace/GoBot/ivy/build/test/test-repo/A/1.part/ivy.xml
	published A to /Users/aminechagou/Documents/workspace/GoBot/ivy/build/test/test-repo/A/1.part/A.jar
	publish commited: moved /Users/aminechagou/Documents/workspace/GoBot/ivy/build/test/test-repo/A/1.part 
		to /Users/aminechagou/Documents/workspace/GoBot/ivy/build/test/test-repo/A/1
	published ivy to /Users/aminechagou/Documents/workspace/GoBot/ivy/build/test/test-repo/B/1.4.part/ivy.xml
	published B to /Users/aminechagou/Documents/workspace/GoBot/ivy/build/test/test-repo/B/1.4.part/B.jar
	publish commited: moved /Users/aminechagou/Documents/workspace/GoBot/ivy/build/test/test-repo/B/1.4.part 
		to /Users/aminechagou/Documents/workspace/GoBot/ivy/build/test/test-repo/B/1.4
	published ivy to /Users/aminechagou/Documents/workspace/GoBot/ivy/build/test/test-repo/C/2.5.part/ivy.xml
	published C to /Users/aminechagou/Documents/workspace/GoBot/ivy/build/test/test-repo/C/2.5.part/C.jar
	publish commited: moved /Users/aminechagou/Documents/workspace/GoBot/ivy/build/test/test-repo/C/2.5.part 
		to /Users/aminechagou/Documents/workspace/GoBot/ivy/build/test/test-repo/C/2.5
	published ivy to /Users/aminechagou/Documents/workspace/GoBot/ivy/build/test/test-repo/D/1.5.part/ivy.xml
	published D to /Users/aminechagou/Documents/workspace/GoBot/ivy/build/test/test-repo/D/1.5.part/D.jar
	publish commited: moved /Users/aminechagou/Documents/workspace/GoBot/ivy/build/test/test-repo/D/1.5.part 
		to /Users/aminechagou/Documents/workspace/GoBot/ivy/build/test/test-repo/D/1.5
	published ivy to /Users/aminechagou/Documents/workspace/GoBot/ivy/build/test/test-repo/D/1.6.part/ivy.xml
	published D to /Users/aminechagou/Documents/workspace/GoBot/ivy/build/test/test-repo/D/1.6.part/D.jar
	publish commited: moved /Users/aminechagou/Documents/workspace/GoBot/ivy/build/test/test-repo/D/1.6.part 
		to /Users/aminechagou/Documents/workspace/GoBot/ivy/build/test/test-repo/D/1.6
:: resolving dependencies :: #A;1
	confs: [default]
	found #B;1.4 in test
	found #D;1.5 in test
	found #C;2.5 in test
	[2.5] #C;[2.0,2.5]
downloading /Users/aminechagou/Documents/workspace/GoBot/ivy/build/test/test-repo/B/1.4/B.jar ...
	[SUCCESSFUL ] #B;1.4!B.jar (3ms)
downloading /Users/aminechagou/Documents/workspace/GoBot/ivy/build/test/test-repo/C/2.5/C.jar ...
	[SUCCESSFUL ] #C;2.5!C.jar (2ms)
downloading /Users/aminechagou/Documents/workspace/GoBot/ivy/build/test/test-repo/D/1.5/D.jar ...
	[SUCCESSFUL ] #D;1.5!D.jar (1ms)
:: resolution report :: resolve 189ms :: artifacts dl 8ms
	:: evicted modules:
	#D;[1.0,1.6] by [#D;1.5] in [default]
	---------------------------------------------------------------------
	|                  |            modules            ||   artifacts   |
	|       conf       | number| search|dwnlded|evicted|| number|dwnlded|
	---------------------------------------------------------------------
	|      default     |   4   |   3   |   3   |   1   ||   3   |   3   |
	---------------------------------------------------------------------
	published ivy to /Users/aminechagou/Documents/workspace/GoBot/ivy/build/test/test-repo/A/2.part/ivy.xml
	published A to /Users/aminechagou/Documents/workspace/GoBot/ivy/build/test/test-repo/A/2.part/A.jar
	publish commited: moved /Users/aminechagou/Documents/workspace/GoBot/ivy/build/test/test-repo/A/2.part 
		to /Users/aminechagou/Documents/workspace/GoBot/ivy/build/test/test-repo/A/2
	published ivy to /Users/aminechagou/Documents/workspace/GoBot/ivy/build/test/test-repo/B/1.4.part/ivy.xml
	published B to /Users/aminechagou/Documents/workspace/GoBot/ivy/build/test/test-repo/B/1.4.part/B.jar
	publish commited: moved /Users/aminechagou/Documents/workspace/GoBot/ivy/build/test/test-repo/B/1.4.part 
		to /Users/aminechagou/Documents/workspace/GoBot/ivy/build/test/test-repo/B/1.4
	published ivy to /Users/aminechagou/Documents/workspace/GoBot/ivy/build/test/test-repo/B/1.5.part/ivy.xml
	published B to /Users/aminechagou/Documents/workspace/GoBot/ivy/build/test/test-repo/B/1.5.part/B.jar
	publish commited: moved /Users/aminechagou/Documents/workspace/GoBot/ivy/build/test/test-repo/B/1.5.part 
		to /Users/aminechagou/Documents/workspace/GoBot/ivy/build/test/test-repo/B/1.5
	published ivy to /Users/aminechagou/Documents/workspace/GoBot/ivy/build/test/test-repo/C/2.5.part/ivy.xml
	published C to /Users/aminechagou/Documents/workspace/GoBot/ivy/build/test/test-repo/C/2.5.part/C.jar
	publish commited: moved /Users/aminechagou/Documents/workspace/GoBot/ivy/build/test/test-repo/C/2.5.part 
		to /Users/aminechagou/Documents/workspace/GoBot/ivy/build/test/test-repo/C/2.5
	published ivy to /Users/aminechagou/Documents/workspace/GoBot/ivy/build/test/test-repo/D/1.5.part/ivy.xml
	published D to /Users/aminechagou/Documents/workspace/GoBot/ivy/build/test/test-repo/D/1.5.part/D.jar
	publish commited: moved /Users/aminechagou/Documents/workspace/GoBot/ivy/build/test/test-repo/D/1.5.part 
		to /Users/aminechagou/Documents/workspace/GoBot/ivy/build/test/test-repo/D/1.5
	published ivy to /Users/aminechagou/Documents/workspace/GoBot/ivy/build/test/test-repo/D/1.6.part/ivy.xml
	published D to /Users/aminechagou/Documents/workspace/GoBot/ivy/build/test/test-repo/D/1.6.part/D.jar
	publish commited: moved /Users/aminechagou/Documents/workspace/GoBot/ivy/build/test/test-repo/D/1.6.part 
		to /Users/aminechagou/Documents/workspace/GoBot/ivy/build/test/test-repo/D/1.6
	published ivy to /Users/aminechagou/Documents/workspace/GoBot/ivy/build/test/test-repo/D/2.0.part/ivy.xml
	published D to /Users/aminechagou/Documents/workspace/GoBot/ivy/build/test/test-repo/D/2.0.part/D.jar
	publish commited: moved /Users/aminechagou/Documents/workspace/GoBot/ivy/build/test/test-repo/D/2.0.part 
		to /Users/aminechagou/Documents/workspace/GoBot/ivy/build/test/test-repo/D/2.0
:: resolving dependencies :: #A;2
	confs: [default]
	found #B;1.5 in test
	[1.5] #B;[1.0,1.5]
	found #D;2.0 in test
	found #C;2.5 in test
	[2.5] #C;[2.0,2.5]
BLACKLISTING [#B;1.5 blacklisted to evict #D;2.0 in favor of #D;[1.0,1.6] in #A;2 for default]
	found #B;1.4 in test
	[1.4] #B;[1.0,1.5]
	found #D;1.5 in test
downloading /Users/aminechagou/Documents/workspace/GoBot/ivy/build/test/test-repo/C/2.5/C.jar ...
	[SUCCESSFUL ] #C;2.5!C.jar (1ms)
downloading /Users/aminechagou/Documents/workspace/GoBot/ivy/build/test/test-repo/B/1.4/B.jar ...
	[SUCCESSFUL ] #B;1.4!B.jar (1ms)
downloading /Users/aminechagou/Documents/workspace/GoBot/ivy/build/test/test-repo/D/1.5/D.jar ...
	[SUCCESSFUL ] #D;1.5!D.jar (2ms)
:: resolution report :: resolve 118ms :: artifacts dl 6ms
	:: evicted modules:
	#D;2.0 by [#D;[1.0,1.6] with blacklisting of #B;1.5] in [default]
	#D;[1.0,1.6] by [#D;1.5] in [default]
	---------------------------------------------------------------------
	|                  |            modules            ||   artifacts   |
	|       conf       | number| search|dwnlded|evicted|| number|dwnlded|
	---------------------------------------------------------------------
	|      default     |   5   |   4   |   4   |   2   ||   3   |   3   |
	---------------------------------------------------------------------
	published ivy to /Users/aminechagou/Documents/workspace/GoBot/ivy/build/test/test-repo/A/3.part/ivy.xml
	published A to /Users/aminechagou/Documents/workspace/GoBot/ivy/build/test/test-repo/A/3.part/A.jar
	publish commited: moved /Users/aminechagou/Documents/workspace/GoBot/ivy/build/test/test-repo/A/3.part 
		to /Users/aminechagou/Documents/workspace/GoBot/ivy/build/test/test-repo/A/3
	published ivy to /Users/aminechagou/Documents/workspace/GoBot/ivy/build/test/test-repo/B/2.3.part/ivy.xml
	published B to /Users/aminechagou/Documents/workspace/GoBot/ivy/build/test/test-repo/B/2.3.part/B.jar
	publish commited: moved /Users/aminechagou/Documents/workspace/GoBot/ivy/build/test/test-repo/B/2.3.part 
		to /Users/aminechagou/Documents/workspace/GoBot/ivy/build/test/test-repo/B/2.3
	published ivy to /Users/aminechagou/Documents/workspace/GoBot/ivy/build/test/test-repo/B/2.4.part/ivy.xml
	published B to /Users/aminechagou/Documents/workspace/GoBot/ivy/build/test/test-repo/B/2.4.part/B.jar
	publish commited: moved /Users/aminechagou/Documents/workspace/GoBot/ivy/build/test/test-repo/B/2.4.part 
		to /Users/aminechagou/Documents/workspace/GoBot/ivy/build/test/test-repo/B/2.4
	published ivy to /Users/aminechagou/Documents/workspace/GoBot/ivy/build/test/test-repo/B/2.5.part/ivy.xml
	published B to /Users/aminechagou/Documents/workspace/GoBot/ivy/build/test/test-repo/B/2.5.part/B.jar
	publish commited: moved /Users/aminechagou/Documents/workspace/GoBot/ivy/build/test/test-repo/B/2.5.part 
		to /Users/aminechagou/Documents/workspace/GoBot/ivy/build/test/test-repo/B/2.5
	published ivy to /Users/aminechagou/Documents/workspace/GoBot/ivy/build/test/test-repo/C/3.4.part/ivy.xml
	published C to /Users/aminechagou/Documents/workspace/GoBot/ivy/build/test/test-repo/C/3.4.part/C.jar
	publish commited: moved /Users/aminechagou/Documents/workspace/GoBot/ivy/build/test/test-repo/C/3.4.part 
		to /Users/aminechagou/Documents/workspace/GoBot/ivy/build/test/test-repo/C/3.4
	published ivy to /Users/aminechagou/Documents/workspace/GoBot/ivy/build/test/test-repo/C/3.5.part/ivy.xml
	published C to /Users/aminechagou/Documents/workspace/GoBot/ivy/build/test/test-repo/C/3.5.part/C.jar
	publish commited: moved /Users/aminechagou/Documents/workspace/GoBot/ivy/build/test/test-repo/C/3.5.part 
		to /Users/aminechagou/Documents/workspace/GoBot/ivy/build/test/test-repo/C/3.5
	published ivy to /Users/aminechagou/Documents/workspace/GoBot/ivy/build/test/test-repo/D/1.5.part/ivy.xml
	published D to /Users/aminechagou/Documents/workspace/GoBot/ivy/build/test/test-repo/D/1.5.part/D.jar
	publish commited: moved /Users/aminechagou/Documents/workspace/GoBot/ivy/build/test/test-repo/D/1.5.part 
		to /Users/aminechagou/Documents/workspace/GoBot/ivy/build/test/test-repo/D/1.5
	published ivy to /Users/aminechagou/Documents/workspace/GoBot/ivy/build/test/test-repo/D/1.6.part/ivy.xml
	published D to /Users/aminechagou/Documents/workspace/GoBot/ivy/build/test/test-repo/D/1.6.part/D.jar
	publish commited: moved /Users/aminechagou/Documents/workspace/GoBot/ivy/build/test/test-repo/D/1.6.part 
		to /Users/aminechagou/Documents/workspace/GoBot/ivy/build/test/test-repo/D/1.6
	published ivy to /Users/aminechagou/Documents/workspace/GoBot/ivy/build/test/test-repo/D/2.0.part/ivy.xml
	published D to /Users/aminechagou/Documents/workspace/GoBot/ivy/build/test/test-repo/D/2.0.part/D.jar
	publish commited: moved /Users/aminechagou/Documents/workspace/GoBot/ivy/build/test/test-repo/D/2.0.part 
		to /Users/aminechagou/Documents/workspace/GoBot/ivy/build/test/test-repo/D/2.0
	published ivy to /Users/aminechagou/Documents/workspace/GoBot/ivy/build/test/test-repo/E/1.0.part/ivy.xml
	published E to /Users/aminechagou/Documents/workspace/GoBot/ivy/build/test/test-repo/E/1.0.part/E.jar
	publish commited: moved /Users/aminechagou/Documents/workspace/GoBot/ivy/build/test/test-repo/E/1.0.part 
		to /Users/aminechagou/Documents/workspace/GoBot/ivy/build/test/test-repo/E/1.0
	published ivy to /Users/aminechagou/Documents/workspace/GoBot/ivy/build/test/test-repo/E/1.9.part/ivy.xml
	published E to /Users/aminechagou/Documents/workspace/GoBot/ivy/build/test/test-repo/E/1.9.part/E.jar
	publish commited: moved /Users/aminechagou/Documents/workspace/GoBot/ivy/build/test/test-repo/E/1.9.part 
		to /Users/aminechagou/Documents/workspace/GoBot/ivy/build/test/test-repo/E/1.9
	published ivy to /Users/aminechagou/Documents/workspace/GoBot/ivy/build/test/test-repo/E/2.0.part/ivy.xml
	published E to /Users/aminechagou/Documents/workspace/GoBot/ivy/build/test/test-repo/E/2.0.part/E.jar
	publish commited: moved /Users/aminechagou/Documents/workspace/GoBot/ivy/build/test/test-repo/E/2.0.part 
		to /Users/aminechagou/Documents/workspace/GoBot/ivy/build/test/test-repo/E/2.0
:: resolving dependencies :: #A;3
	confs: [default]
	found #B;2.5 in test
	[2.5] #B;[2.0,2.5]
	found #D;2.0 in test
	found #C;3.5 in test
	[3.5] #C;[3.0,3.5]
BLACKLISTING [#B;2.5 blacklisted to evict #D;2.0 in favor of #D;[1.0,1.6] in #A;3 for default]
	found #B;2.4 in test
	[2.4] #B;[2.0,2.5]
	found #D;1.5 in test
	found #E;2.0 in test
BLACKLISTING [#B;2.4 blacklisted to evict #E;2.0 in favor of #E;1.9 in #A;3 for default]
	found #B;2.3 in test
	[2.3] #B;[2.0,2.5]
BLACKLISTING [#C;3.5 blacklisted to evict #E;1.9 in favor of #E;1.0 in #A;3 for default]
	found #E;1.0 in test
	found #C;3.4 in test
	[3.4] #C;[3.0,3.5]
downloading /Users/aminechagou/Documents/workspace/GoBot/ivy/build/test/test-repo/D/1.5/D.jar ...
	[SUCCESSFUL ] #D;1.5!D.jar (2ms)
downloading /Users/aminechagou/Documents/workspace/GoBot/ivy/build/test/test-repo/B/2.3/B.jar ...
	[SUCCESSFUL ] #B;2.3!B.jar (3ms)
downloading /Users/aminechagou/Documents/workspace/GoBot/ivy/build/test/test-repo/E/1.0/E.jar ...
	[SUCCESSFUL ] #E;1.0!E.jar (2ms)
downloading /Users/aminechagou/Documents/workspace/GoBot/ivy/build/test/test-repo/C/3.4/C.jar ...
	[SUCCESSFUL ] #C;3.4!C.jar (1ms)
:: resolution report :: resolve 139ms :: artifacts dl 11ms
	:: evicted modules:
	#D;2.0 by [#D;[1.0,1.6] with blacklisting of #B;2.5] in [default]
	#E;2.0 by [#E;1.9 with blacklisting of #B;2.4] in [default]
	#D;[1.0,1.6] by [#D;1.5] in [default]
	#E;1.9 by [#E;1.0 with blacklisting of #C;3.5] in [default]
	---------------------------------------------------------------------
	|                  |            modules            ||   artifacts   |
	|       conf       | number| search|dwnlded|evicted|| number|dwnlded|
	---------------------------------------------------------------------
	|      default     |   8   |   6   |   6   |   4   ||   4   |   4   |
	---------------------------------------------------------------------
	published ivy to /Users/aminechagou/Documents/workspace/GoBot/ivy/build/test/test-repo/A/4.part/ivy.xml
	published A to /Users/aminechagou/Documents/workspace/GoBot/ivy/build/test/test-repo/A/4.part/A.jar
	publish commited: moved /Users/aminechagou/Documents/workspace/GoBot/ivy/build/test/test-repo/A/4.part 
		to /Users/aminechagou/Documents/workspace/GoBot/ivy/build/test/test-repo/A/4
	published ivy to /Users/aminechagou/Documents/workspace/GoBot/ivy/build/test/test-repo/B/1.4.part/ivy.xml
	published B to /Users/aminechagou/Documents/workspace/GoBot/ivy/build/test/test-repo/B/1.4.part/B.jar
	publish commited: moved /Users/aminechagou/Documents/workspace/GoBot/ivy/build/test/test-repo/B/1.4.part 
		to /Users/aminechagou/Documents/workspace/GoBot/ivy/build/test/test-repo/B/1.4
	published ivy to /Users/aminechagou/Documents/workspace/GoBot/ivy/build/test/test-repo/B/1.5.part/ivy.xml
	published B to /Users/aminechagou/Documents/workspace/GoBot/ivy/build/test/test-repo/B/1.5.part/B.jar
	publish commited: moved /Users/aminechagou/Documents/workspace/GoBot/ivy/build/test/test-repo/B/1.5.part 
		to /Users/aminechagou/Documents/workspace/GoBot/ivy/build/test/test-repo/B/1.5
	published ivy to /Users/aminechagou/Documents/workspace/GoBot/ivy/build/test/test-repo/C/2.5.part/ivy.xml
	published C to /Users/aminechagou/Documents/workspace/GoBot/ivy/build/test/test-repo/C/2.5.part/C.jar
	publish commited: moved /Users/aminechagou/Documents/workspace/GoBot/ivy/build/test/test-repo/C/2.5.part 
		to /Users/aminechagou/Documents/workspace/GoBot/ivy/build/test/test-repo/C/2.5
	published ivy to /Users/aminechagou/Documents/workspace/GoBot/ivy/build/test/test-repo/F/1.0.part/ivy.xml
	published F to /Users/aminechagou/Documents/workspace/GoBot/ivy/build/test/test-repo/F/1.0.part/F.jar
	publish commited: moved /Users/aminechagou/Documents/workspace/GoBot/ivy/build/test/test-repo/F/1.0.part 
		to /Users/aminechagou/Documents/workspace/GoBot/ivy/build/test/test-repo/F/1.0
	published ivy to /Users/aminechagou/Documents/workspace/GoBot/ivy/build/test/test-repo/F/1.1.part/ivy.xml
	published F to /Users/aminechagou/Documents/workspace/GoBot/ivy/build/test/test-repo/F/1.1.part/F.jar
	publish commited: moved /Users/aminechagou/Documents/workspace/GoBot/ivy/build/test/test-repo/F/1.1.part 
		to /Users/aminechagou/Documents/workspace/GoBot/ivy/build/test/test-repo/F/1.1
	published ivy to /Users/aminechagou/Documents/workspace/GoBot/ivy/build/test/test-repo/D/1.5.part/ivy.xml
	published D to /Users/aminechagou/Documents/workspace/GoBot/ivy/build/test/test-repo/D/1.5.part/D.jar
	publish commited: moved /Users/aminechagou/Documents/workspace/GoBot/ivy/build/test/test-repo/D/1.5.part 
		to /Users/aminechagou/Documents/workspace/GoBot/ivy/build/test/test-repo/D/1.5
	published ivy to /Users/aminechagou/Documents/workspace/GoBot/ivy/build/test/test-repo/D/1.6.part/ivy.xml
	published D to /Users/aminechagou/Documents/workspace/GoBot/ivy/build/test/test-repo/D/1.6.part/D.jar
	publish commited: moved /Users/aminechagou/Documents/workspace/GoBot/ivy/build/test/test-repo/D/1.6.part 
		to /Users/aminechagou/Documents/workspace/GoBot/ivy/build/test/test-repo/D/1.6
	published ivy to /Users/aminechagou/Documents/workspace/GoBot/ivy/build/test/test-repo/D/2.0.part/ivy.xml
	published D to /Users/aminechagou/Documents/workspace/GoBot/ivy/build/test/test-repo/D/2.0.part/D.jar
	publish commited: moved /Users/aminechagou/Documents/workspace/GoBot/ivy/build/test/test-repo/D/2.0.part 
		to /Users/aminechagou/Documents/workspace/GoBot/ivy/build/test/test-repo/D/2.0
:: resolving dependencies :: #A;4
	confs: [default]
	found #B;1.5 in test
	[1.5] #B;[1.0,1.5]
	found #D;2.0 in test
	found #C;2.5 in test
	[2.5] #C;[2.0,2.5]
BLACKLISTING [#B;1.5 blacklisted to evict #D;2.0 in favor of #D;[1.0,1.6] in #A;4 for default]
	found #B;1.4 in test
	[1.4] #B;[1.0,1.5]
	found #D;1.5 in test
	found #F;1.1 in test
	[1.1] #F;[1.0,1.1]
BLACKLISTING [#F;1.1 blacklisted to evict #D;1.6 in favor of #D;1.5 in #A;4 for default]
	found #F;1.0 in test
	[1.0] #F;[1.0,1.1]
downloading /Users/aminechagou/Documents/workspace/GoBot/ivy/build/test/test-repo/C/2.5/C.jar ...
	[SUCCESSFUL ] #C;2.5!C.jar (1ms)
downloading /Users/aminechagou/Documents/workspace/GoBot/ivy/build/test/test-repo/B/1.4/B.jar ...
	[SUCCESSFUL ] #B;1.4!B.jar (1ms)
downloading /Users/aminechagou/Documents/workspace/GoBot/ivy/build/test/test-repo/D/1.5/D.jar ...
	[SUCCESSFUL ] #D;1.5!D.jar (2ms)
downloading /Users/aminechagou/Documents/workspace/GoBot/ivy/build/test/test-repo/F/1.0/F.jar ...
	[SUCCESSFUL ] #F;1.0!F.jar (2ms)
:: resolution report :: resolve 75ms :: artifacts dl 7ms
	:: evicted modules:
	#D;2.0 by [#D;[1.0,1.6] with blacklisting of #B;1.5] in [default]
	#D;[1.0,1.6] by [#D;1.5] in [default]
	#D;1.6 by [#D;1.5 with blacklisting of #F;1.1] in [default]
	---------------------------------------------------------------------
	|                  |            modules            ||   artifacts   |
	|       conf       | number| search|dwnlded|evicted|| number|dwnlded|
	---------------------------------------------------------------------
	|      default     |   7   |   5   |   5   |   3   ||   4   |   4   |
	---------------------------------------------------------------------
	published ivy to /Users/aminechagou/Documents/workspace/GoBot/ivy/build/test/test-repo/A/5.part/ivy.xml
	published A to /Users/aminechagou/Documents/workspace/GoBot/ivy/build/test/test-repo/A/5.part/A.jar
	publish commited: moved /Users/aminechagou/Documents/workspace/GoBot/ivy/build/test/test-repo/A/5.part 
		to /Users/aminechagou/Documents/workspace/GoBot/ivy/build/test/test-repo/A/5
	published ivy to /Users/aminechagou/Documents/workspace/GoBot/ivy/build/test/test-repo/B/1.3.part/ivy.xml
	published B to /Users/aminechagou/Documents/workspace/GoBot/ivy/build/test/test-repo/B/1.3.part/B.jar
	publish commited: moved /Users/aminechagou/Documents/workspace/GoBot/ivy/build/test/test-repo/B/1.3.part 
		to /Users/aminechagou/Documents/workspace/GoBot/ivy/build/test/test-repo/B/1.3
	published ivy to /Users/aminechagou/Documents/workspace/GoBot/ivy/build/test/test-repo/B/1.4.part/ivy.xml
	published B to /Users/aminechagou/Documents/workspace/GoBot/ivy/build/test/test-repo/B/1.4.part/B.jar
	publish commited: moved /Users/aminechagou/Documents/workspace/GoBot/ivy/build/test/test-repo/B/1.4.part 
		to /Users/aminechagou/Documents/workspace/GoBot/ivy/build/test/test-repo/B/1.4
	published ivy to /Users/aminechagou/Documents/workspace/GoBot/ivy/build/test/test-repo/B/1.5.part/ivy.xml
	published B to /Users/aminechagou/Documents/workspace/GoBot/ivy/build/test/test-repo/B/1.5.part/B.jar
	publish commited: moved /Users/aminechagou/Documents/workspace/GoBot/ivy/build/test/test-repo/B/1.5.part 
		to /Users/aminechagou/Documents/workspace/GoBot/ivy/build/test/test-repo/B/1.5
	published ivy to /Users/aminechagou/Documents/workspace/GoBot/ivy/build/test/test-repo/C/2.6.part/ivy.xml
	published C to /Users/aminechagou/Documents/workspace/GoBot/ivy/build/test/test-repo/C/2.6.part/C.jar
	publish commited: moved /Users/aminechagou/Documents/workspace/GoBot/ivy/build/test/test-repo/C/2.6.part 
		to /Users/aminechagou/Documents/workspace/GoBot/ivy/build/test/test-repo/C/2.6
	published ivy to /Users/aminechagou/Documents/workspace/GoBot/ivy/build/test/test-repo/D/1.5.part/ivy.xml
	published D to /Users/aminechagou/Documents/workspace/GoBot/ivy/build/test/test-repo/D/1.5.part/D.jar
	publish commited: moved /Users/aminechagou/Documents/workspace/GoBot/ivy/build/test/test-repo/D/1.5.part 
		to /Users/aminechagou/Documents/workspace/GoBot/ivy/build/test/test-repo/D/1.5
	published ivy to /Users/aminechagou/Documents/workspace/GoBot/ivy/build/test/test-repo/D/1.6.part/ivy.xml
	published D to /Users/aminechagou/Documents/workspace/GoBot/ivy/build/test/test-repo/D/1.6.part/D.jar
	publish commited: moved /Users/aminechagou/Documents/workspace/GoBot/ivy/build/test/test-repo/D/1.6.part 
		to /Users/aminechagou/Documents/workspace/GoBot/ivy/build/test/test-repo/D/1.6
	published ivy to /Users/aminechagou/Documents/workspace/GoBot/ivy/build/test/test-repo/D/2.0.part/ivy.xml
	published D to /Users/aminechagou/Documents/workspace/GoBot/ivy/build/test/test-repo/D/2.0.part/D.jar
	publish commited: moved /Users/aminechagou/Documents/workspace/GoBot/ivy/build/test/test-repo/D/2.0.part 
		to /Users/aminechagou/Documents/workspace/GoBot/ivy/build/test/test-repo/D/2.0
:: resolving dependencies :: #A;5
	confs: [default]
	found #B;1.5 in test
	[1.5] #B;[1.0,1.5]
	found #D;2.0 in test
	found #C;2.6 in test
BLACKLISTING [#B;1.5 blacklisted to evict #D;2.0 in favor of #D;1.6 in #A;5 for default]
	found #B;1.4 in test
	[1.4] #B;[1.0,1.5]
BLACKLISTING [#B;1.4 blacklisted to evict #D;1.5 in favor of #D;1.6 in #A;5 for default]
	found #B;1.3 in test
	[1.3] #B;[1.0,1.5]
	found #D;1.6 in test
downloading /Users/aminechagou/Documents/workspace/GoBot/ivy/build/test/test-repo/C/2.6/C.jar ...
	[SUCCESSFUL ] #C;2.6!C.jar (1ms)
downloading /Users/aminechagou/Documents/workspace/GoBot/ivy/build/test/test-repo/D/1.6/D.jar ...
	[SUCCESSFUL ] #D;1.6!D.jar (2ms)
downloading /Users/aminechagou/Documents/workspace/GoBot/ivy/build/test/test-repo/B/1.3/B.jar ...
	[SUCCESSFUL ] #B;1.3!B.jar (1ms)
:: resolution report :: resolve 60ms :: artifacts dl 5ms
	:: evicted modules:
	#D;2.0 by [#D;1.6 with blacklisting of #B;1.5] in [default]
	#D;1.5 by [#D;1.6 with blacklisting of #B;1.4] in [default]
	---------------------------------------------------------------------
	|                  |            modules            ||   artifacts   |
	|       conf       | number| search|dwnlded|evicted|| number|dwnlded|
	---------------------------------------------------------------------
	|      default     |   5   |   4   |   4   |   2   ||   3   |   3   |
	---------------------------------------------------------------------
	published ivy to /Users/aminechagou/Documents/workspace/GoBot/ivy/build/test/test-repo/A/1.part/ivy.xml
	published A to /Users/aminechagou/Documents/workspace/GoBot/ivy/build/test/test-repo/A/1.part/A.jar
	publish commited: moved /Users/aminechagou/Documents/workspace/GoBot/ivy/build/test/test-repo/A/1.part 
		to /Users/aminechagou/Documents/workspace/GoBot/ivy/build/test/test-repo/A/1
	published ivy to /Users/aminechagou/Documents/workspace/GoBot/ivy/build/test/test-repo/B/1.4.part/ivy.xml
	published B to /Users/aminechagou/Documents/workspace/GoBot/ivy/build/test/test-repo/B/1.4.part/B.jar
	publish commited: moved /Users/aminechagou/Documents/workspace/GoBot/ivy/build/test/test-repo/B/1.4.part 
		to /Users/aminechagou/Documents/workspace/GoBot/ivy/build/test/test-repo/B/1.4
	published ivy to /Users/aminechagou/Documents/workspace/GoBot/ivy/build/test/test-repo/C/2.5.part/ivy.xml
	published C to /Users/aminechagou/Documents/workspace/GoBot/ivy/build/test/test-repo/C/2.5.part/C.jar
	publish commited: moved /Users/aminechagou/Documents/workspace/GoBot/ivy/build/test/test-repo/C/2.5.part 
		to /Users/aminechagou/Documents/workspace/GoBot/ivy/build/test/test-repo/C/2.5
	published ivy to /Users/aminechagou/Documents/workspace/GoBot/ivy/build/test/test-repo/D/1.5.part/ivy.xml
	published D to /Users/aminechagou/Documents/workspace/GoBot/ivy/build/test/test-repo/D/1.5.part/D.jar
	publish commited: moved /Users/aminechagou/Documents/workspace/GoBot/ivy/build/test/test-repo/D/1.5.part 
		to /Users/aminechagou/Documents/workspace/GoBot/ivy/build/test/test-repo/D/1.5
	published ivy to /Users/aminechagou/Documents/workspace/GoBot/ivy/build/test/test-repo/D/1.6.part/ivy.xml
	published D to /Users/aminechagou/Documents/workspace/GoBot/ivy/build/test/test-repo/D/1.6.part/D.jar
	publish commited: moved /Users/aminechagou/Documents/workspace/GoBot/ivy/build/test/test-repo/D/1.6.part 
		to /Users/aminechagou/Documents/workspace/GoBot/ivy/build/test/test-repo/D/1.6
:: resolving dependencies :: #A;1
	confs: [default]
	found #C;2.5 in test
	[2.5] #C;[2.0,2.5]
	found #D;1.6 in test
	[1.6] #D;[1.0,1.6]
	found #B;1.4 in test
BLACKLISTING [#D;1.6 blacklisted to evict #D;1.6 in favor of #D;1.5 in #A;1 for default]
	found #D;1.5 in test
downloading /Users/aminechagou/Documents/workspace/GoBot/ivy/build/test/test-repo/C/2.5/C.jar ...
	[SUCCESSFUL ] #C;2.5!C.jar (1ms)
downloading /Users/aminechagou/Documents/workspace/GoBot/ivy/build/test/test-repo/B/1.4/B.jar ...
	[SUCCESSFUL ] #B;1.4!B.jar (1ms)
downloading /Users/aminechagou/Documents/workspace/GoBot/ivy/build/test/test-repo/D/1.5/D.jar ...
	[SUCCESSFUL ] #D;1.5!D.jar (1ms)
:: resolution report :: resolve 34ms :: artifacts dl 4ms
	:: evicted modules:
	#D;[1.0,1.6] by [#D;1.5] in [default]
	---------------------------------------------------------------------
	|                  |            modules            ||   artifacts   |
	|       conf       | number| search|dwnlded|evicted|| number|dwnlded|
	---------------------------------------------------------------------
	|      default     |   4   |   3   |   3   |   1   ||   3   |   3   |
	---------------------------------------------------------------------
	published ivy to /Users/aminechagou/Documents/workspace/GoBot/ivy/build/test/test-repo/A/6.part/ivy.xml
	published A to /Users/aminechagou/Documents/workspace/GoBot/ivy/build/test/test-repo/A/6.part/A.jar
	publish commited: moved /Users/aminechagou/Documents/workspace/GoBot/ivy/build/test/test-repo/A/6.part 
		to /Users/aminechagou/Documents/workspace/GoBot/ivy/build/test/test-repo/A/6
	published ivy to /Users/aminechagou/Documents/workspace/GoBot/ivy/build/test/test-repo/B/3.4.part/ivy.xml
	published B to /Users/aminechagou/Documents/workspace/GoBot/ivy/build/test/test-repo/B/3.4.part/B.jar
	publish commited: moved /Users/aminechagou/Documents/workspace/GoBot/ivy/build/test/test-repo/B/3.4.part 
		to /Users/aminechagou/Documents/workspace/GoBot/ivy/build/test/test-repo/B/3.4
	published ivy to /Users/aminechagou/Documents/workspace/GoBot/ivy/build/test/test-repo/B/3.5.part/ivy.xml
	published B to /Users/aminechagou/Documents/workspace/GoBot/ivy/build/test/test-repo/B/3.5.part/B.jar
	publish commited: moved /Users/aminechagou/Documents/workspace/GoBot/ivy/build/test/test-repo/B/3.5.part 
		to /Users/aminechagou/Documents/workspace/GoBot/ivy/build/test/test-repo/B/3.5
	published ivy to /Users/aminechagou/Documents/workspace/GoBot/ivy/build/test/test-repo/C/4.6.part/ivy.xml
	published C to /Users/aminechagou/Documents/workspace/GoBot/ivy/build/test/test-repo/C/4.6.part/C.jar
	publish commited: moved /Users/aminechagou/Documents/workspace/GoBot/ivy/build/test/test-repo/C/4.6.part 
		to /Users/aminechagou/Documents/workspace/GoBot/ivy/build/test/test-repo/C/4.6
	published ivy to /Users/aminechagou/Documents/workspace/GoBot/ivy/build/test/test-repo/D/3.0.part/ivy.xml
	published D to /Users/aminechagou/Documents/workspace/GoBot/ivy/build/test/test-repo/D/3.0.part/D.jar
	publish commited: moved /Users/aminechagou/Documents/workspace/GoBot/ivy/build/test/test-repo/D/3.0.part 
		to /Users/aminechagou/Documents/workspace/GoBot/ivy/build/test/test-repo/D/3.0
	published ivy to /Users/aminechagou/Documents/workspace/GoBot/ivy/build/test/test-repo/D/2.5.part/ivy.xml
	published D to /Users/aminechagou/Documents/workspace/GoBot/ivy/build/test/test-repo/D/2.5.part/D.jar
	publish commited: moved /Users/aminechagou/Documents/workspace/GoBot/ivy/build/test/test-repo/D/2.5.part 
		to /Users/aminechagou/Documents/workspace/GoBot/ivy/build/test/test-repo/D/2.5
:: resolving dependencies :: #A;6
	confs: [default]
	found #B;3.5 in test
	[3.5] #B;[3.0,3.5]
	found #D;3.0 in test
	found #C;4.6 in test
BLACKLISTING [#B;3.5 blacklisted to evict #D;3.0 in favor of #D;2.5 in #A;6 for default]
	found #B;3.4 in test
	[3.4] #B;[3.0,3.5]
	found #D;2.5 in test
downloading /Users/aminechagou/Documents/workspace/GoBot/ivy/build/test/test-repo/C/4.6/C.jar ...
	[SUCCESSFUL ] #C;4.6!C.jar (1ms)
downloading /Users/aminechagou/Documents/workspace/GoBot/ivy/build/test/test-repo/D/2.5/D.jar ...
	[SUCCESSFUL ] #D;2.5!D.jar (1ms)
downloading /Users/aminechagou/Documents/workspace/GoBot/ivy/build/test/test-repo/B/3.4/B.jar ...
	[SUCCESSFUL ] #B;3.4!B.jar (1ms)
:: resolution report :: resolve 42ms :: artifacts dl 5ms
	:: evicted modules:
	#D;3.0 by [#D;2.5 with blacklisting of #B;3.5] in [default]
	---------------------------------------------------------------------
	|                  |            modules            ||   artifacts   |
	|       conf       | number| search|dwnlded|evicted|| number|dwnlded|
	---------------------------------------------------------------------
	|      default     |   4   |   4   |   4   |   1   ||   3   |   3   |
	---------------------------------------------------------------------

:: problems summary ::
:::: WARNINGS
	circular dependency found: #B;[3.0,3.5]->#D;3.0->...

	circular dependency found: #D;3.0->#B;[3.0,3.5]->...

	circular dependency found: #B;[3.0,3.5]->#D;2.5->...

	circular dependency found: #D;2.5->#B;[3.0,3.5]->...


:: USE VERBOSE OR DEBUG MESSAGE LEVEL FOR MORE DETAILS
	published ivy to /Users/aminechagou/Documents/workspace/GoBot/ivy/build/test/test-repo/A/1.part/ivy.xml
	published A to /Users/aminechagou/Documents/workspace/GoBot/ivy/build/test/test-repo/A/1.part/A.jar
	publish commited: moved /Users/aminechagou/Documents/workspace/GoBot/ivy/build/test/test-repo/A/1.part 
		to /Users/aminechagou/Documents/workspace/GoBot/ivy/build/test/test-repo/A/1
	published ivy to /Users/aminechagou/Documents/workspace/GoBot/ivy/build/test/test-repo/C/1.part/ivy.xml
	published C to /Users/aminechagou/Documents/workspace/GoBot/ivy/build/test/test-repo/C/1.part/C.jar
	publish commited: moved /Users/aminechagou/Documents/workspace/GoBot/ivy/build/test/test-repo/C/1.part 
		to /Users/aminechagou/Documents/workspace/GoBot/ivy/build/test/test-repo/C/1
	published ivy to /Users/aminechagou/Documents/workspace/GoBot/ivy/build/test/test-repo/C/2.part/ivy.xml
	published C to /Users/aminechagou/Documents/workspace/GoBot/ivy/build/test/test-repo/C/2.part/C.jar
	publish commited: moved /Users/aminechagou/Documents/workspace/GoBot/ivy/build/test/test-repo/C/2.part 
		to /Users/aminechagou/Documents/workspace/GoBot/ivy/build/test/test-repo/C/2
	published ivy to /Users/aminechagou/Documents/workspace/GoBot/ivy/build/test/test-repo/C/3.part/ivy.xml
	published C to /Users/aminechagou/Documents/workspace/GoBot/ivy/build/test/test-repo/C/3.part/C.jar
	publish commited: moved /Users/aminechagou/Documents/workspace/GoBot/ivy/build/test/test-repo/C/3.part 
		to /Users/aminechagou/Documents/workspace/GoBot/ivy/build/test/test-repo/C/3
	published ivy to /Users/aminechagou/Documents/workspace/GoBot/ivy/build/test/test-repo/B/1.part/ivy.xml
	published B to /Users/aminechagou/Documents/workspace/GoBot/ivy/build/test/test-repo/B/1.part/B.jar
	publish commited: moved /Users/aminechagou/Documents/workspace/GoBot/ivy/build/test/test-repo/B/1.part 
		to /Users/aminechagou/Documents/workspace/GoBot/ivy/build/test/test-repo/B/1
	published ivy to /Users/aminechagou/Documents/workspace/GoBot/ivy/build/test/test-repo/B/2.part/ivy.xml
	published B to /Users/aminechagou/Documents/workspace/GoBot/ivy/build/test/test-repo/B/2.part/B.jar
	publish commited: moved /Users/aminechagou/Documents/workspace/GoBot/ivy/build/test/test-repo/B/2.part 
		to /Users/aminechagou/Documents/workspace/GoBot/ivy/build/test/test-repo/B/2
	published ivy to /Users/aminechagou/Documents/workspace/GoBot/ivy/build/test/test-repo/B/3.part/ivy.xml
	published B to /Users/aminechagou/Documents/workspace/GoBot/ivy/build/test/test-repo/B/3.part/B.jar
	publish commited: moved /Users/aminechagou/Documents/workspace/GoBot/ivy/build/test/test-repo/B/3.part 
		to /Users/aminechagou/Documents/workspace/GoBot/ivy/build/test/test-repo/B/3
:: resolving dependencies :: #A;1
	confs: [default]
	found #C;2 in test
	found #B;2 in test
downloading /Users/aminechagou/Documents/workspace/GoBot/ivy/build/test/test-repo/C/2/C.jar ...
	[SUCCESSFUL ] #C;2!C.jar (2ms)
downloading /Users/aminechagou/Documents/workspace/GoBot/ivy/build/test/test-repo/B/2/B.jar ...
	[SUCCESSFUL ] #B;2!B.jar (1ms)
:: resolution report :: resolve 21ms :: artifacts dl 3ms
	:: evicted modules:
	#C;latest.integration by [#C;2] in [default]
	---------------------------------------------------------------------
	|                  |            modules            ||   artifacts   |
	|       conf       | number| search|dwnlded|evicted|| number|dwnlded|
	---------------------------------------------------------------------
	|      default     |   3   |   2   |   2   |   1   ||   2   |   2   |
	---------------------------------------------------------------------

:: problems summary ::
:::: WARNINGS
	circular dependency found: #C;2->#B;2->#C;latest.integration


:: USE VERBOSE OR DEBUG MESSAGE LEVEL FOR MORE DETAILS
	published ivy to /Users/aminechagou/Documents/workspace/GoBot/ivy/build/test/test-repo/A/1.part/ivy.xml
	published A to /Users/aminechagou/Documents/workspace/GoBot/ivy/build/test/test-repo/A/1.part/A.jar
	publish commited: moved /Users/aminechagou/Documents/workspace/GoBot/ivy/build/test/test-repo/A/1.part 
		to /Users/aminechagou/Documents/workspace/GoBot/ivy/build/test/test-repo/A/1
	published ivy to /Users/aminechagou/Documents/workspace/GoBot/ivy/build/test/test-repo/C/1.part/ivy.xml
	published C to /Users/aminechagou/Documents/workspace/GoBot/ivy/build/test/test-repo/C/1.part/C.jar
	publish commited: moved /Users/aminechagou/Documents/workspace/GoBot/ivy/build/test/test-repo/C/1.part 
		to /Users/aminechagou/Documents/workspace/GoBot/ivy/build/test/test-repo/C/1
	published ivy to /Users/aminechagou/Documents/workspace/GoBot/ivy/build/test/test-repo/C/2.part/ivy.xml
	published C to /Users/aminechagou/Documents/workspace/GoBot/ivy/build/test/test-repo/C/2.part/C.jar
	publish commited: moved /Users/aminechagou/Documents/workspace/GoBot/ivy/build/test/test-repo/C/2.part 
		to /Users/aminechagou/Documents/workspace/GoBot/ivy/build/test/test-repo/C/2
	published ivy to /Users/aminechagou/Documents/workspace/GoBot/ivy/build/test/test-repo/C/3.part/ivy.xml
	published C to /Users/aminechagou/Documents/workspace/GoBot/ivy/build/test/test-repo/C/3.part/C.jar
	publish commited: moved /Users/aminechagou/Documents/workspace/GoBot/ivy/build/test/test-repo/C/3.part 
		to /Users/aminechagou/Documents/workspace/GoBot/ivy/build/test/test-repo/C/3
	published ivy to /Users/aminechagou/Documents/workspace/GoBot/ivy/build/test/test-repo/B/1.part/ivy.xml
	published B to /Users/aminechagou/Documents/workspace/GoBot/ivy/build/test/test-repo/B/1.part/B.jar
	publish commited: moved /Users/aminechagou/Documents/workspace/GoBot/ivy/build/test/test-repo/B/1.part 
		to /Users/aminechagou/Documents/workspace/GoBot/ivy/build/test/test-repo/B/1
	published ivy to /Users/aminechagou/Documents/workspace/GoBot/ivy/build/test/test-repo/B/2.part/ivy.xml
	published B to /Users/aminechagou/Documents/workspace/GoBot/ivy/build/test/test-repo/B/2.part/B.jar
	publish commited: moved /Users/aminechagou/Documents/workspace/GoBot/ivy/build/test/test-repo/B/2.part 
		to /Users/aminechagou/Documents/workspace/GoBot/ivy/build/test/test-repo/B/2
	published ivy to /Users/aminechagou/Documents/workspace/GoBot/ivy/build/test/test-repo/B/3.part/ivy.xml
	published B to /Users/aminechagou/Documents/workspace/GoBot/ivy/build/test/test-repo/B/3.part/B.jar
	publish commited: moved /Users/aminechagou/Documents/workspace/GoBot/ivy/build/test/test-repo/B/3.part 
		to /Users/aminechagou/Documents/workspace/GoBot/ivy/build/test/test-repo/B/3
:: resolving dependencies :: #A;1
	confs: [default]
	found #B;2 in test
	found #C;3 in test
	[3] #C;latest.integration
BLACKLISTING [#C;3 blacklisted to evict #B;3 in favor of #B;2 in #A;1 for default]
	found #C;2 in test
	[2] #C;latest.integration
downloading /Users/aminechagou/Documents/workspace/GoBot/ivy/build/test/test-repo/B/2/B.jar ...
	[SUCCESSFUL ] #B;2!B.jar (1ms)
downloading /Users/aminechagou/Documents/workspace/GoBot/ivy/build/test/test-repo/C/2/C.jar ...
	[SUCCESSFUL ] #C;2!C.jar (1ms)
:: resolution report :: resolve 31ms :: artifacts dl 3ms
	:: evicted modules:
	#B;3 by [#B;2 with blacklisting of #C;3] in [default]
	---------------------------------------------------------------------
	|                  |            modules            ||   artifacts   |
	|       conf       | number| search|dwnlded|evicted|| number|dwnlded|
	---------------------------------------------------------------------
	|      default     |   3   |   2   |   2   |   1   ||   2   |   2   |
	---------------------------------------------------------------------

:: problems summary ::
:::: WARNINGS
	circular dependency found: #B;2->#C;latest.integration->#B;3

	circular dependency found: #B;2->#C;latest.integration->...

	circular dependency found: #C;latest.integration->#B;2->...


:: USE VERBOSE OR DEBUG MESSAGE LEVEL FOR MORE DETAILS
	published ivy to /Users/aminechagou/Documents/workspace/GoBot/ivy/build/test/test-repo/A/conflict.part/ivy.xml
	published A to /Users/aminechagou/Documents/workspace/GoBot/ivy/build/test/test-repo/A/conflict.part/A.jar
	publish commited: moved /Users/aminechagou/Documents/workspace/GoBot/ivy/build/test/test-repo/A/conflict.part 
		to /Users/aminechagou/Documents/workspace/GoBot/ivy/build/test/test-repo/A/conflict
	published ivy to /Users/aminechagou/Documents/workspace/GoBot/ivy/build/test/test-repo/B/1.5.part/ivy.xml
	published B to /Users/aminechagou/Documents/workspace/GoBot/ivy/build/test/test-repo/B/1.5.part/B.jar
	publish commited: moved /Users/aminechagou/Documents/workspace/GoBot/ivy/build/test/test-repo/B/1.5.part 
		to /Users/aminechagou/Documents/workspace/GoBot/ivy/build/test/test-repo/B/1.5
	published ivy to /Users/aminechagou/Documents/workspace/GoBot/ivy/build/test/test-repo/B/1.6.part/ivy.xml
	published B to /Users/aminechagou/Documents/workspace/GoBot/ivy/build/test/test-repo/B/1.6.part/B.jar
	publish commited: moved /Users/aminechagou/Documents/workspace/GoBot/ivy/build/test/test-repo/B/1.6.part 
		to /Users/aminechagou/Documents/workspace/GoBot/ivy/build/test/test-repo/B/1.6
	published ivy to /Users/aminechagou/Documents/workspace/GoBot/ivy/build/test/test-repo/C/2.5.part/ivy.xml
	published C to /Users/aminechagou/Documents/workspace/GoBot/ivy/build/test/test-repo/C/2.5.part/C.jar
	publish commited: moved /Users/aminechagou/Documents/workspace/GoBot/ivy/build/test/test-repo/C/2.5.part 
		to /Users/aminechagou/Documents/workspace/GoBot/ivy/build/test/test-repo/C/2.5
	published ivy to /Users/aminechagou/Documents/workspace/GoBot/ivy/build/test/test-repo/D/1.5.part/ivy.xml
	published D to /Users/aminechagou/Documents/workspace/GoBot/ivy/build/test/test-repo/D/1.5.part/D.jar
	publish commited: moved /Users/aminechagou/Documents/workspace/GoBot/ivy/build/test/test-repo/D/1.5.part 
		to /Users/aminechagou/Documents/workspace/GoBot/ivy/build/test/test-repo/D/1.5
	published ivy to /Users/aminechagou/Documents/workspace/GoBot/ivy/build/test/test-repo/D/1.6.part/ivy.xml
	published D to /Users/aminechagou/Documents/workspace/GoBot/ivy/build/test/test-repo/D/1.6.part/D.jar
	publish commited: moved /Users/aminechagou/Documents/workspace/GoBot/ivy/build/test/test-repo/D/1.6.part 
		to /Users/aminechagou/Documents/workspace/GoBot/ivy/build/test/test-repo/D/1.6
	published ivy to /Users/aminechagou/Documents/workspace/GoBot/ivy/build/test/test-repo/D/2.0.part/ivy.xml
	published D to /Users/aminechagou/Documents/workspace/GoBot/ivy/build/test/test-repo/D/2.0.part/D.jar
	publish commited: moved /Users/aminechagou/Documents/workspace/GoBot/ivy/build/test/test-repo/D/2.0.part 
		to /Users/aminechagou/Documents/workspace/GoBot/ivy/build/test/test-repo/D/2.0
:: resolving dependencies :: #A;conflict
	confs: [default]
	found #B;1.6 in test
	[1.6] #B;[1.5,1.6]
	found #D;2.0 in test
	found #C;2.5 in test
BLACKLISTING [#B;1.6 blacklisted to evict #D;2.0 in favor of #D;[1.0,1.6] in #A;conflict for default]
	found #B;1.5 in test
	[1.5] #B;[1.5,1.6]
BLACKLISTING [#B;1.5 blacklisted to evict #D;2.0 in favor of #D;[1.0,1.6] in #A;conflict for default]

:: problems summary ::
:::: ERRORS
	#D;2.0 (needed by []) conflicts with #D;[1.0,1.6] (needed by [#C;2.5])


:: USE VERBOSE OR DEBUG MESSAGE LEVEL FOR MORE DETAILS
	published ivy to /Users/aminechagou/Documents/workspace/GoBot/ivy/build/test/test-repo/A/conflict.part/ivy.xml
	published A to /Users/aminechagou/Documents/workspace/GoBot/ivy/build/test/test-repo/A/conflict.part/A.jar
	publish commited: moved /Users/aminechagou/Documents/workspace/GoBot/ivy/build/test/test-repo/A/conflict.part 
		to /Users/aminechagou/Documents/workspace/GoBot/ivy/build/test/test-repo/A/conflict
	published ivy to /Users/aminechagou/Documents/workspace/GoBot/ivy/build/test/test-repo/B/1.0.0.part/ivy.xml
	published B to /Users/aminechagou/Documents/workspace/GoBot/ivy/build/test/test-repo/B/1.0.0.part/B.jar
	publish commited: moved /Users/aminechagou/Documents/workspace/GoBot/ivy/build/test/test-repo/B/1.0.0.part 
		to /Users/aminechagou/Documents/workspace/GoBot/ivy/build/test/test-repo/B/1.0.0
	published ivy to /Users/aminechagou/Documents/workspace/GoBot/ivy/build/test/test-repo/B/1.1.0.part/ivy.xml
	published B to /Users/aminechagou/Documents/workspace/GoBot/ivy/build/test/test-repo/B/1.1.0.part/B.jar
	publish commited: moved /Users/aminechagou/Documents/workspace/GoBot/ivy/build/test/test-repo/B/1.1.0.part 
		to /Users/aminechagou/Documents/workspace/GoBot/ivy/build/test/test-repo/B/1.1.0
	published ivy to /Users/aminechagou/Documents/workspace/GoBot/ivy/build/test/test-repo/B/pCC.main.0.0.part/ivy.xml
	published B to /Users/aminechagou/Documents/workspace/GoBot/ivy/build/test/test-repo/B/pCC.main.0.0.part/B.jar
	publish commited: moved /Users/aminechagou/Documents/workspace/GoBot/ivy/build/test/test-repo/B/pCC.main.0.0.part 
		to /Users/aminechagou/Documents/workspace/GoBot/ivy/build/test/test-repo/B/pCC.main.0.0
	published ivy to /Users/aminechagou/Documents/workspace/GoBot/ivy/build/test/test-repo/C/1.0.0.part/ivy.xml
	published C to /Users/aminechagou/Documents/workspace/GoBot/ivy/build/test/test-repo/C/1.0.0.part/C.jar
	publish commited: moved /Users/aminechagou/Documents/workspace/GoBot/ivy/build/test/test-repo/C/1.0.0.part 
		to /Users/aminechagou/Documents/workspace/GoBot/ivy/build/test/test-repo/C/1.0.0
	published ivy to /Users/aminechagou/Documents/workspace/GoBot/ivy/build/test/test-repo/C/1.1.0.part/ivy.xml
	published C to /Users/aminechagou/Documents/workspace/GoBot/ivy/build/test/test-repo/C/1.1.0.part/C.jar
	publish commited: moved /Users/aminechagou/Documents/workspace/GoBot/ivy/build/test/test-repo/C/1.1.0.part 
		to /Users/aminechagou/Documents/workspace/GoBot/ivy/build/test/test-repo/C/1.1.0
	published ivy to /Users/aminechagou/Documents/workspace/GoBot/ivy/build/test/test-repo/C/pCC.main.1.9.part/ivy.xml
	published C to /Users/aminechagou/Documents/workspace/GoBot/ivy/build/test/test-repo/C/pCC.main.1.9.part/C.jar
	publish commited: moved /Users/aminechagou/Documents/workspace/GoBot/ivy/build/test/test-repo/C/pCC.main.1.9.part 
		to /Users/aminechagou/Documents/workspace/GoBot/ivy/build/test/test-repo/C/pCC.main.1.9
	published ivy to /Users/aminechagou/Documents/workspace/GoBot/ivy/build/test/test-repo/D/1.6.1.part/ivy.xml
	published D to /Users/aminechagou/Documents/workspace/GoBot/ivy/build/test/test-repo/D/1.6.1.part/D.jar
	publish commited: moved /Users/aminechagou/Documents/workspace/GoBot/ivy/build/test/test-repo/D/1.6.1.part 
		to /Users/aminechagou/Documents/workspace/GoBot/ivy/build/test/test-repo/D/1.6.1
:: resolving dependencies :: #A;conflict
	confs: [default]
	found #C;pCC.main.1.9 in test
	[pCC.main.1.9] #C;pCC.main.+
	found #B;pCC.main.0.0 in test
	[pCC.main.0.0] #B;pCC.main.+
BLACKLISTING [#B;[1.2,2.0[ blacklisted to evict #B;[1.2,2.0[ in favor of #B;pCC.main.0.0 in #A;conflict for default]
BLACKLISTING [#B;pCC.main.0.0 blacklisted to evict #B;pCC.main.0.0 in favor of #B;[1.2,2.0[ in #A;conflict for default]
BLACKLISTING [#B;pCC.main.0.0 blacklisted to evict #B;pCC.main.0.0 in favor of #B;[1.2,2.0[ in #A;conflict for default]

:: problems summary ::
:::: WARNINGS
		module not found: #B;[1.2,2.0[

	==== test: tried

	  /Users/aminechagou/Documents/workspace/GoBot/ivy/build/test/test-repo//B/[revision]/ivy.xml

	  [1.1.0, 1.0.0, pCC.main.0.0]

	  -- artifact #B;[1.2,2.0[!B.jar:

	  /Users/aminechagou/Documents/workspace/GoBot/ivy/build/test/test-repo//B/[revision]/B.jar

	  [1.1.0, 1.0.0, pCC.main.0.0]

:::: ERRORS
	#B;pCC.main.0.0 (needed by []) conflicts with #B;[1.2,2.0[ (needed by [])


:: USE VERBOSE OR DEBUG MESSAGE LEVEL FOR MORE DETAILS
]]></system-out>
  <system-err><![CDATA[]]></system-err>
</testsuite>
