<?xml version="1.0" encoding="UTF-8" ?>
<testsuite errors="0" failures="0" hostname="iMac-de-Amine.local" name="org.apache.ivy.core.retrieve.RetrieveTest" skipped="0" tests="11" time="2.106" timestamp="2016-05-07T21:24:10">
  <properties>
    <property name="file.encoding.pkg" value="sun.io" />
    <property name="ivy.report.dir" value="/Users/aminechagou/Documents/workspace/GoBot/ivy/build/doc/reports/ivy" />
    <property name="ivy.retrieve.pattern.ivy.instance" value="/Users/aminechagou/Documents/workspace/GoBot/ivy/lib/[artifact]-[revision](-[classifier]).[ext]" />
    <property name="java.vendor.url.ivy.instance" value="http://java.oracle.com/" />
    <property name="ivy.local.default.ivy.pattern.ivy.instance" value="[organisation]/[module]/[revision]/[type]s/[artifact].[ext]" />
    <property name="bundle.version" value="${target.ivy.bundle.version}.${target.ivy.bundle.version.qualifier}20160507232253" />
    <property name="ivy.project.dir.ivy.instance" value="/Users/aminechagou/Documents/workspace/GoBot/ivy" />
    <property name="ivy.resolve.default.type.filter" value="*" />
    <property name="java.home" value="/Library/Java/JavaVirtualMachines/jdk1.8.0_91.jdk/Contents/Home/jre" />
    <property name="ivy.configurations.ivy.instance" value="*" />
    <property name="bin.includes" value="META-INF/,." />
    <property name="ivy.basedir.ivy.instance" value="/Users/aminechagou/Documents/workspace/GoBot/ivy" />
    <property name="ivy.dep.file.ivy.instance" value="ivy.xml" />
    <property name="java.endorsed.dirs" value="/Library/Java/JavaVirtualMachines/jdk1.8.0_91.jdk/Contents/Home/jre/lib/endorsed" />
    <property name="java.class.path.ivy.instance" value="/Users/aminechagou/.p2/pool/plugins/org.apache.ant_1.9.6.v201510161327/lib/ant-antlr.jar:/Users/aminechagou/.p2/pool/plugins/org.apache.ant_1.9.6.v201510161327/lib/ant-apache-bcel.jar:/Users/aminechagou/.p2/pool/plugins/org.apache.ant_1.9.6.v201510161327/lib/ant-apache-bsf.jar:/Users/aminechagou/.p2/pool/plugins/org.apache.ant_1.9.6.v201510161327/lib/ant-apache-log4j.jar:/Users/aminechagou/.p2/pool/plugins/org.apache.ant_1.9.6.v201510161327/lib/ant-apache-oro.jar:/Users/aminechagou/.p2/pool/plugins/org.apache.ant_1.9.6.v201510161327/lib/ant-apache-regexp.jar:/Users/aminechagou/.p2/pool/plugins/org.apache.ant_1.9.6.v201510161327/lib/ant-apache-resolver.jar:/Users/aminechagou/.p2/pool/plugins/org.apache.ant_1.9.6.v201510161327/lib/ant-apache-xalan2.jar:/Users/aminechagou/.p2/pool/plugins/org.apache.ant_1.9.6.v201510161327/lib/ant-commons-logging.jar:/Users/aminechagou/.p2/pool/plugins/org.apache.ant_1.9.6.v201510161327/lib/ant-commons-net.jar:/Users/aminechagou/.p2/pool/plugins/org.apache.ant_1.9.6.v201510161327/lib/ant-jai.jar:/Users/aminechagou/.p2/pool/plugins/org.apache.ant_1.9.6.v201510161327/lib/ant-javamail.jar:/Users/aminechagou/.p2/pool/plugins/org.apache.ant_1.9.6.v201510161327/lib/ant-jdepend.jar:/Users/aminechagou/.p2/pool/plugins/org.apache.ant_1.9.6.v201510161327/lib/ant-jmf.jar:/Users/aminechagou/.p2/pool/plugins/org.apache.ant_1.9.6.v201510161327/lib/ant-jsch.jar:/Users/aminechagou/.p2/pool/plugins/org.apache.ant_1.9.6.v201510161327/lib/ant-junit.jar:/Users/aminechagou/.p2/pool/plugins/org.apache.ant_1.9.6.v201510161327/lib/ant-junit4.jar:/Users/aminechagou/.p2/pool/plugins/org.apache.ant_1.9.6.v201510161327/lib/ant-launcher.jar:/Users/aminechagou/.p2/pool/plugins/org.apache.ant_1.9.6.v201510161327/lib/ant-netrexx.jar:/Users/aminechagou/.p2/pool/plugins/org.apache.ant_1.9.6.v201510161327/lib/ant-swing.jar:/Users/aminechagou/.p2/pool/plugins/org.apache.ant_1.9.6.v201510161327/lib/ant-testutil.jar:/Users/aminechagou/.p2/pool/plugins/org.apache.ant_1.9.6.v201510161327/lib/ant.jar:/Users/aminechagou/eclipse/java-mars/Eclipse.app/Contents/Eclipse/configuration/org.eclipse.osgi/61/0/.cp/lib/antdebug.jar:/Users/aminechagou/eclipse/java-mars/Eclipse.app/Contents/Eclipse/configuration/org.eclipse.osgi/61/0/.cp/lib/remote.jar:/Users/aminechagou/eclipse/java-mars/Eclipse.app/Contents/Eclipse/configuration/org.eclipse.osgi/62/0/.cp/lib/remoteAnt.jar:/Library/Java/JavaVirtualMachines/jdk1.8.0_91.jdk/Contents/Home/lib/tools.jar:/Users/aminechagou/.p2/pool/plugins/org.eclipse.swt.cocoa.macosx.x86_64_3.104.2.v20160212-1350.jar" />
    <property name="env.LOGNAME" value="aminechagou" />
    <property name="ivy.home" value="/Users/aminechagou/.ivy2" />
    <property name="src.dir" value="/Users/aminechagou/Documents/workspace/GoBot/ivy/src/java" />
    <property name="checkstyle.report.dir" value="/Users/aminechagou/Documents/workspace/GoBot/ivy/build/doc/reports/checkstyle" />
    <property name="ftp.nonProxyHosts.ivy.instance" value="local|*.local|169.254/16|*.169.254/16" />
    <property name="test.xml.dir" value="/Users/aminechagou/Documents/workspace/GoBot/ivy/build/test-report" />
    <property name="java.vm.specification.vendor.ivy.instance" value="Oracle Corporation" />
    <property name="sun.os.patch.level" value="unknown" />
    <property name="ivy.dep.file" value="ivy.xml" />
    <property name="java.vendor.url" value="http://java.oracle.com/" />
    <property name="ivy.local.default.artifact.pattern.ivy.instance" value="[organisation]/[module]/[revision]/[type]s/[artifact].[ext]" />
    <property name="ivy.lib.dir.ivy.instance" value="/Users/aminechagou/Documents/workspace/GoBot/ivy/lib" />
    <property name="java.version" value="1.8.0_91" />
    <property name="user.region" value="TR" />
    <property name="ivy.conf.dir.ivy.instance" value="file:/Users/aminechagou/Documents/workspace/GoBot/ivy/build/classes/core/org/apache/ivy/core/settings" />
    <property name="sun.boot.library.path.ivy.instance" value="/Library/Java/JavaVirtualMachines/jdk1.8.0_91.jdk/Contents/Home/jre/lib" />
    <property name="ivy.report.output.pattern.ivy.instance" value="[organisation]-[module]-[conf].[ext]" />
    <property name="ivy.module" value="ivy" />
    <property name="ivy.publish.src.artifacts.pattern.ivy.instance" value="/Users/aminechagou/Documents/workspace/GoBot/ivy/distrib/[type]s/[artifact]-[revision](-[classifier]).[ext]" />
    <property name="java.vendor.url.bug" value="http://bugreport.sun.com/bugreport/" />
    <property name="version.prefix" value="${target.ivy.version}-local-" />
    <property name="sun.management.compiler.ivy.instance" value="HotSpot 64-Bit Tiered Compilers" />
    <property name="ant.project.invoked-targets" value="coverage-report" />
    <property name="example.dir" value="/Users/aminechagou/Documents/workspace/GoBot/ivy/src/example" />
    <property name="ivy.local.default.artifact.pattern" value="[organisation]/[module]/[revision]/[type]s/[artifact].[ext]" />
    <property name="os.name.ivy.instance" value="Mac OS X" />
    <property name="ivy.default.ivy.user.dir.ivy.instance" value="/Users/aminechagou/.ivy2" />
    <property name="ivy.default.always.check.exact.revision" value="false" />
    <property name="ivy.default.settings.dir.ivy.instance" value="file:/Users/aminechagou/Documents/workspace/GoBot/ivy/build/classes/core/org/apache/ivy/core/settings" />
    <property name="user.name" value="aminechagou" />
    <property name="sun.io.unicode.encoding" value="UnicodeBig" />
    <property name="ivy.shared.default.root.ivy.instance" value="/Users/aminechagou/.ivy2/shared" />
    <property name="sun.jnu.encoding" value="UTF-8" />
    <property name="java.runtime.name" value="Java(TM) SE Runtime Environment" />
    <property name="ant.home.ivy.instance" value="/Users/aminechagou/.p2/pool/plugins/org.apache.ant_1.9.6.v201510161327" />
    <property name="file.encoding.ivy.instance" value="UTF-8" />
    <property name="emma.coverage.out.file" value="/Users/aminechagou/Documents/workspace/GoBot/ivy/build/coverage/coverage.emma" />
    <property name="ivy.cache.ttl.default.ivy.instance" value="10s" />
    <property name="java.specification.vendor.ivy.instance" value="Oracle Corporation" />
    <property name="java.vendor.ivy.instance" value="Oracle Corporation" />
    <property name="coverage.classes.dir" value="/Users/aminechagou/Documents/workspace/GoBot/ivy/build/coverage/classes" />
    <property name="env.JAVA_STARTED_ON_FIRST_THREAD_5887" value="1" />
    <property name="lib.dir" value="/Users/aminechagou/Documents/workspace/GoBot/ivy/lib" />
    <property name="sun.cpu.isalist.ivy.instance" value="" />
    <property name="java.specification.name" value="Java Platform API Specification" />
    <property name="bootstrap.classes.build.dir" value="/Users/aminechagou/Documents/workspace/GoBot/ivy/build/classes/bootstrap" />
    <property name="ftp.nonProxyHosts" value="local|*.local|169.254/16|*.169.254/16" />
    <property name="user.timezone" value="" />
    <property name="java.endorsed.dirs.ivy.instance" value="/Library/Java/JavaVirtualMachines/jdk1.8.0_91.jdk/Contents/Home/jre/lib/endorsed" />
    <property name="path.separator" value=":" />
    <property name="ant.classes.build.dir" value="/Users/aminechagou/Documents/workspace/GoBot/ivy/build/classes/ant" />
    <property name="java.class.version.ivy.instance" value="52.0" />
    <property name="ivy.default.conf.dir" value="file:/Users/aminechagou/Documents/workspace/GoBot/ivy/build/classes/core/org/apache/ivy/core/settings" />
    <property name="file.encoding" value="UTF-8" />
    <property name="java.runtime.name.ivy.instance" value="Java(TM) SE Runtime Environment" />
    <property name="ivy.resolve.default.type.filter.ivy.instance" value="*" />
    <property name="ant.project.default-target" value="coverage-report" />
    <property name="ivy.targets.copied" value="true" />
    <property name="ivy.parents.count" value="0" />
    <property name="env.HOME" value="/Users/aminechagou" />
    <property name="sun.java.command" value="org.apache.tools.ant.taskdefs.optional.junit.JUnitTestRunner org.apache.ivy.core.retrieve.RetrieveTest skipNonTests=false filtertrace=true haltOnError=false haltOnFailure=false formatter=org.apache.tools.ant.taskdefs.optional.junit.SummaryJUnitResultFormatter showoutput=false outputtoformatters=true logfailedtests=true threadid=0 logtestlistenerevents=false formatter=org.apache.tools.ant.taskdefs.optional.junit.XMLJUnitResultFormatter,/Users/aminechagou/Documents/workspace/GoBot/ivy/build/test-report/TEST-org.apache.ivy.core.retrieve.RetrieveTest.xml crashfile=/Users/aminechagou/Documents/workspace/GoBot/ivy/junitvmwatcher4727728708462005562.properties propsfile=/Users/aminechagou/Documents/workspace/GoBot/ivy/junit3712363074040025198.properties" />
    <property name="socksNonProxyHosts" value="local|*.local|169.254/16|*.169.254/16" />
    <property name="ivy.shared.default.artifact.pattern" value="[organisation]/[module]/[revision]/[type]s/[artifact].[ext]" />
    <property name="ant.file" value="/Users/aminechagou/Documents/workspace/GoBot/ivy/build.xml" />
    <property name="ivy.distrib.dir.ivy.instance" value="/Users/aminechagou/Documents/workspace/GoBot/ivy/distrib" />
    <property name="ivy.checksums.ivy.instance" value="sha1,md5" />
    <property name="sun.arch.data.model.ivy.instance" value="64" />
    <property name="ivy.build.artifacts.dir.ivy.instance" value="/Users/aminechagou/Documents/workspace/GoBot/ivy/build/artifacts" />
    <property name="core.classes.build.dir" value="/Users/aminechagou/Documents/workspace/GoBot/ivy/build/classes/core" />
    <property name="source.." value="src/java/" />
    <property name="ivy.settings.file" value="ivysettings.xml" />
    <property name="java.io.tmpdir" value="/var/folders/fj/qq0462l92650s4nnvt7tmdbm0000gn/T/" />
    <property name="ivy.buildlist.ivyfilepath.ivy.instance" value="ivy.xml" />
    <property name="TODAY" value="May 7 2016" />
    <property name="ivy.cache.ttl.default" value="10s" />
    <property name="user.language" value="tr" />
    <property name="user.dir.ivy.instance" value="/Users/aminechagou/Documents/workspace/GoBot/ivy" />
    <property name="doc.build.dir" value="/Users/aminechagou/Documents/workspace/GoBot/ivy/build/doc" />
    <property name="ivy.home.ivy.instance" value="/Users/aminechagou/.ivy2" />
    <property name="line.separator" value="&#xa;" />
    <property name="java.specification.version.ivy.instance" value="1.8" />
    <property name="emma.enabled" value="true" />
    <property name="classes.build.dir" value="/Users/aminechagou/Documents/workspace/GoBot/ivy/build/classes" />
    <property name="ivy.build.artifacts.dir" value="/Users/aminechagou/Documents/workspace/GoBot/ivy/build/artifacts" />
    <property name="ivy.settings.dir.url" value="file:/Users/aminechagou/Documents/workspace/GoBot/ivy/build/classes/core/org/apache/ivy/core/settings" />
    <property name="test.report.dir" value="/Users/aminechagou/Documents/workspace/GoBot/ivy/build/doc/reports/test" />
    <property name="sun.io.unicode.encoding.ivy.instance" value="UnicodeBig" />
    <property name="ivy.status" value="integration" />
    <property name="java.vm.info" value="mixed mode" />
    <property name="ivy.lib.dir" value="/Users/aminechagou/Documents/workspace/GoBot/ivy/lib" />
    <property name="java.vm.specification.name" value="Java Virtual Machine Specification" />
    <property name="ivy.default.conf.dir.ivy.instance" value="file:/Users/aminechagou/Documents/workspace/GoBot/ivy/build/classes/core/org/apache/ivy/core/settings" />
    <property name="env.__CF_USER_TEXT_ENCODING" value="0x1F5:0x0:0x1" />
    <property name="java.vm.version.ivy.instance" value="25.91-b14" />
    <property name="all.classes.build.dir" value="/Users/aminechagou/Documents/workspace/GoBot/ivy/build/classes/all" />
    <property name="ivy.install.version" value="1.4.1" />
    <property name="test.class.pattern" value="*Test" />
    <property name="artifacts.build.dir" value="/Users/aminechagou/Documents/workspace/GoBot/ivy/build/artifact" />
    <property name="http.nonProxyHosts" value="local|*.local|169.254/16|*.169.254/16" />
    <property name="user.name.ivy.instance" value="aminechagou" />
    <property name="final.name" value="ivy.jar" />
    <property name="ivy.cache.dir" value="/Users/aminechagou/.ivy2/cache" />
    <property name="java.awt.printerjob" value="sun.lwawt.macosx.CPrinterJob" />
    <property name="rat.report.dir" value="/Users/aminechagou/Documents/workspace/GoBot/ivy/build/doc/reports/rat" />
    <property name="java.io.tmpdir.ivy.instance" value="/var/folders/fj/qq0462l92650s4nnvt7tmdbm0000gn/T/" />
    <property name="ant.version" value="Apache Ant(TM) version 1.9.6 compiled on June 29 2015" />
    <property name="output.." value="bin/" />
    <property name="java.home.ivy.instance" value="/Library/Java/JavaVirtualMachines/jdk1.8.0_91.jdk/Contents/Home/jre" />
    <property name="java.vm.vendor.ivy.instance" value="Oracle Corporation" />
    <property name="env.XPC_FLAGS" value="0x0" />
    <property name="ant.file.type.ivy" value="file" />
    <property name="test.build.dir" value="/Users/aminechagou/Documents/workspace/GoBot/ivy/build/test" />
    <property name="gopherProxySet" value="false" />
    <property name="ivy.default.settings.dir" value="file:/Users/aminechagou/Documents/workspace/GoBot/ivy/build/classes/core/org/apache/ivy/core/settings" />
    <property name="ivy.configurations" value="*" />
    <property name="ivy.settings.url" value="file:/Users/aminechagou/Documents/workspace/GoBot/ivy/build/classes/core/org/apache/ivy/core/settings/ivysettings.xml" />
    <property name="os.name" value="Mac OS X" />
    <property name="java.specification.vendor" value="Oracle Corporation" />
    <property name="sun.jnu.encoding.ivy.instance" value="UTF-8" />
    <property name="ivy.deliver.ivy.pattern.ivy.instance" value="/Users/aminechagou/Documents/workspace/GoBot/ivy/distrib/[type]s/[artifact]-[revision](-[classifier]).[ext]" />
    <property name="ivy.checksums" value="sha1,md5" />
    <property name="java.vm.name" value="Java HotSpot(TM) 64-Bit Server VM" />
    <property name="http.nonProxyHosts.ivy.instance" value="local|*.local|169.254/16|*.169.254/16" />
    <property name="ivy.log.modules.in.use" value="false" />
    <property name="java.runtime.version.ivy.instance" value="1.8.0_91-b14" />
    <property name="ivy.report.output.pattern" value="[organisation]-[module]-[conf].[ext]" />
    <property name="ivy.version" value="non official version" />
    <property name="java.library.path" value="/Users/aminechagou/Library/Java/Extensions:/Library/Java/Extensions:/Network/Library/Java/Extensions:/System/Library/Java/Extensions:/usr/lib/java:." />
    <property name="ivy.conf.url" value="file:/Users/aminechagou/Documents/workspace/GoBot/ivy/build/classes/core/org/apache/ivy/core/settings/ivysettings.xml" />
    <property name="java.vm.name.ivy.instance" value="Java HotSpot(TM) 64-Bit Server VM" />
    <property name="env.PATH" value="/usr/bin:/bin:/usr/sbin:/sbin" />
    <property name="line.separator.ivy.instance" value="&#xa;" />
    <property name="ivy.minimum.javaversion" value="1.5" />
    <property name="os.version.ivy.instance" value="10.10.5" />
    <property name="sun.cpu.endian.ivy.instance" value="little" />
    <property name="ant.java.version" value="1.8" />
    <property name="java.class.version" value="52.0" />
    <property name="basedir" value="/Users/aminechagou/Documents/workspace/GoBot/ivy" />
    <property name="java.vm.specification.name.ivy.instance" value="Java Virtual Machine Specification" />
    <property name="ivy.settings.url.ivy.instance" value="file:/Users/aminechagou/Documents/workspace/GoBot/ivy/build/classes/core/org/apache/ivy/core/settings/ivysettings.xml" />
    <property name="sun.boot.class.path.ivy.instance" value="/Library/Java/JavaVirtualMachines/jdk1.8.0_91.jdk/Contents/Home/jre/lib/resources.jar:/Library/Java/JavaVirtualMachines/jdk1.8.0_91.jdk/Contents/Home/jre/lib/rt.jar:/Library/Java/JavaVirtualMachines/jdk1.8.0_91.jdk/Contents/Home/jre/lib/sunrsasign.jar:/Library/Java/JavaVirtualMachines/jdk1.8.0_91.jdk/Contents/Home/jre/lib/jsse.jar:/Library/Java/JavaVirtualMachines/jdk1.8.0_91.jdk/Contents/Home/jre/lib/jce.jar:/Library/Java/JavaVirtualMachines/jdk1.8.0_91.jdk/Contents/Home/jre/lib/charsets.jar:/Library/Java/JavaVirtualMachines/jdk1.8.0_91.jdk/Contents/Home/jre/lib/jfr.jar:/Library/Java/JavaVirtualMachines/jdk1.8.0_91.jdk/Contents/Home/jre/classes" />
    <property name="path.separator.ivy.instance" value=":" />
    <property name="ant.home" value="/Users/aminechagou/.p2/pool/plugins/org.apache.ant_1.9.6.v201510161327" />
    <property name="test.failed" value="true" />
    <property name="ivy.resolved.configurations" value="default, test" />
    <property name="ivy.deliver.ivy.pattern" value="/Users/aminechagou/Documents/workspace/GoBot/ivy/distrib/[type]s/[artifact]-[revision](-[classifier]).[ext]" />
    <property name="build.dir" value="/Users/aminechagou/Documents/workspace/GoBot/ivy/build" />
    <property name="sun.boot.library.path" value="/Library/Java/JavaVirtualMachines/jdk1.8.0_91.jdk/Contents/Home/jre/lib" />
    <property name="distrib.dir" value="/Users/aminechagou/Documents/workspace/GoBot/ivy/build/distrib" />
    <property name="ivy.default.always.check.exact.revision.ivy.instance" value="false" />
    <property name="java.library.path.ivy.instance" value="/Users/aminechagou/Library/Java/Extensions:/Library/Java/Extensions:/Network/Library/Java/Extensions:/System/Library/Java/Extensions:/usr/lib/java:.:/Users/aminechagou/eclipse/java-mars/Eclipse.app/Contents/Eclipse/configuration/org.eclipse.osgi/387/0/.cp" />
    <property name="awt.toolkit.ivy.instance" value="sun.lwawt.macosx.LWCToolkit" />
    <property name="sun.management.compiler" value="HotSpot 64-Bit Tiered Compilers" />
    <property name="ivy.basedir" value="/Users/aminechagou/Documents/workspace/GoBot/ivy" />
    <property name="java.awt.graphicsenv" value="sun.awt.CGraphicsEnvironment" />
    <property name="java.ext.dirs.ivy.instance" value="/Users/aminechagou/Library/Java/Extensions:/Library/Java/JavaVirtualMachines/jdk1.8.0_91.jdk/Contents/Home/jre/lib/ext:/Library/Java/Extensions:/Network/Library/Java/Extensions:/System/Library/Java/Extensions:/usr/lib/java" />
    <property name="checkstyle.src.dir" value="/Users/aminechagou/Documents/workspace/GoBot/ivy/src/etc/checkstyle" />
    <property name="pubdate" value="20160507232253" />
    <property name="ivy.log.modules.in.use.ivy.instance" value="false" />
    <property name="env.USER" value="aminechagou" />
    <property name="ivy.settings.dir.url.ivy.instance" value="file:/Users/aminechagou/Documents/workspace/GoBot/ivy/build/classes/core/org/apache/ivy/core/settings" />
    <property name="sun.os.patch.level.ivy.instance" value="unknown" />
    <property name="file.encoding.pkg.ivy.instance" value="sun.io" />
    <property name="emma.coverage.out.merge" value="true" />
    <property name="ivy.shared.default.ivy.pattern" value="[organisation]/[module]/[revision]/[type]s/[artifact].[ext]" />
    <property name="ivy.resolver.default.check.modified" value="false" />
    <property name="ivy.settings.file.ivy.instance" value="ivysettings.xml" />
    <property name="ivy.nb.targets.copied" value="27" />
    <property name="ant.project.name" value="ivy" />
    <property name="java.vm.specification.version" value="1.8" />
    <property name="ivy.cache.dir.ivy.instance" value="/Users/aminechagou/.ivy2/cache" />
    <property name="socksNonProxyHosts.ivy.instance" value="local|*.local|169.254/16|*.169.254/16" />
    <property name="ivy.status.ivy.instance" value="integration" />
    <property name="awt.toolkit" value="sun.lwawt.macosx.LWCToolkit" />
    <property name="sun.cpu.isalist" value="" />
    <property name="file.separator.ivy.instance" value="/" />
    <property name="java.ext.dirs" value="/Users/aminechagou/Library/Java/Extensions:/Library/Java/JavaVirtualMachines/jdk1.8.0_91.jdk/Contents/Home/jre/lib/ext:/Library/Java/Extensions:/Network/Library/Java/Extensions:/System/Library/Java/Extensions:/usr/lib/java" />
    <property name="ivy.local.default.root.ivy.instance" value="/Users/aminechagou/.ivy2/local" />
    <property name="ivy.deps.changed" value="true" />
    <property name="os.version" value="10.10.5" />
    <property name="optional.classes.build.dir" value="/Users/aminechagou/Documents/workspace/GoBot/ivy/build/classes/optional" />
    <property name="user.home" value="/Users/aminechagou" />
    <property name="sun.java.launcher.ivy.instance" value="SUN_STANDARD" />
    <property name="java.vm.vendor" value="Oracle Corporation" />
    <property name="ivy.local.default.root" value="/Users/aminechagou/.ivy2/local" />
    <property name="env.XPC_SERVICE_NAME" value="org.eclipse.platform.ide.72452" />
    <property name="ivy.organisation" value="org.apache.ivy" />
    <property name="user.dir" value="/Users/aminechagou/Documents/workspace/GoBot/ivy" />
    <property name="ant.library.dir.ivy.instance" value="/Users/aminechagou/.p2/pool/plugins/org.apache.ant_1.9.6.v201510161327/lib" />
    <property name="ant.file.ivy" value="/Users/aminechagou/Documents/workspace/GoBot/ivy/build.xml" />
    <property name="env.JAVA_STARTED_ON_FIRST_THREAD_9206" value="1" />
    <property name="ivy.local.default.ivy.pattern" value="[organisation]/[module]/[revision]/[type]s/[artifact].[ext]" />
    <property name="ivy.shared.default.ivy.pattern.ivy.instance" value="[organisation]/[module]/[revision]/[type]s/[artifact].[ext]" />
    <property name="java.vm.info.ivy.instance" value="mixed mode" />
    <property name="ivy.publish.src.artifacts.pattern" value="/Users/aminechagou/Documents/workspace/GoBot/ivy/distrib/[type]s/[artifact]-[revision](-[classifier]).[ext]" />
    <property name="test.dir" value="/Users/aminechagou/Documents/workspace/GoBot/ivy/test/java" />
    <property name="sun.java.command.ivy.instance" value="org.eclipse.ant.internal.launching.remote.InternalAntRunner -Dorg.eclipse.ant.core.ANT_PROCESS_ID=1462656141272 -Declipse.connect.port=53396 -Dant.home=/Users/aminechagou/.p2/pool/plugins/org.apache.ant_1.9.6.v201510161327 -logger org.eclipse.ant.internal.launching.remote.logger.RemoteAntBuildLogger -inputhandler org.eclipse.ant.internal.ui.antsupport.inputhandler.ProxyInputHandler -buildfile /Users/aminechagou/Documents/workspace/GoBot/ivy/build.xml" />
    <property name="ivy.distrib.dir" value="/Users/aminechagou/Documents/workspace/GoBot/ivy/distrib" />
    <property name="sun.cpu.endian" value="little" />
    <property name="ivy.revision" value="2.4.0" />
    <property name="env.TMPDIR" value="/var/folders/fj/qq0462l92650s4nnvt7tmdbm0000gn/T/" />
    <property name="user.timezone.ivy.instance" value="Europe/Paris" />
    <property name="java.vm.version" value="25.91-b14" />
    <property name="java.class.path" value="/Users/aminechagou/Documents/workspace/GoBot/ivy/build/coverage/classes:/Users/aminechagou/.ivy2/cache/emma/emma/jars/emma-2.0.5312.jar:/Users/aminechagou/Documents/workspace/GoBot/ivy/lib/ant-contrib.jar:/Users/aminechagou/Documents/workspace/GoBot/ivy/lib/ant-testutil.jar:/Users/aminechagou/Documents/workspace/GoBot/ivy/lib/bcpg-jdk14.jar:/Users/aminechagou/Documents/workspace/GoBot/ivy/lib/bcprov-jdk14.jar:/Users/aminechagou/Documents/workspace/GoBot/ivy/lib/commons-codec.jar:/Users/aminechagou/Documents/workspace/GoBot/ivy/lib/commons-httpclient.jar:/Users/aminechagou/Documents/workspace/GoBot/ivy/lib/commons-lang.jar:/Users/aminechagou/Documents/workspace/GoBot/ivy/lib/commons-logging.jar:/Users/aminechagou/Documents/workspace/GoBot/ivy/lib/commons-vfs.jar:/Users/aminechagou/Documents/workspace/GoBot/ivy/lib/jna.jar:/Users/aminechagou/Documents/workspace/GoBot/ivy/lib/jsch.agentproxy.connector-factory.jar:/Users/aminechagou/Documents/workspace/GoBot/ivy/lib/jsch.agentproxy.core.jar:/Users/aminechagou/Documents/workspace/GoBot/ivy/lib/jsch.agentproxy.jsch.jar:/Users/aminechagou/Documents/workspace/GoBot/ivy/lib/jsch.agentproxy.pageant.jar:/Users/aminechagou/Documents/workspace/GoBot/ivy/lib/jsch.agentproxy.sshagent.jar:/Users/aminechagou/Documents/workspace/GoBot/ivy/lib/jsch.agentproxy.usocket-jna.jar:/Users/aminechagou/Documents/workspace/GoBot/ivy/lib/jsch.agentproxy.usocket-nc.jar:/Users/aminechagou/Documents/workspace/GoBot/ivy/lib/jsch.jar:/Users/aminechagou/Documents/workspace/GoBot/ivy/lib/junit.jar:/Users/aminechagou/Documents/workspace/GoBot/ivy/lib/mod1.2-2.0.jar:/Users/aminechagou/Documents/workspace/GoBot/ivy/lib/oro.jar:/Users/aminechagou/Documents/workspace/GoBot/ivy/lib/platform.jar:/Users/aminechagou/Documents/workspace/GoBot/ivy/lib/xercesImpl.jar:/Users/aminechagou/Documents/workspace/GoBot/ivy/lib/xmlParserAPIs.jar:/Users/aminechagou/Documents/workspace/GoBot/ivy/build/classes/core:/Users/aminechagou/Documents/workspace/GoBot/ivy/build/classes/ant:/Users/aminechagou/Documents/workspace/GoBot/ivy/build/classes/optional:/Users/aminechagou/Documents/workspace/GoBot/ivy/build/test:/Users/aminechagou/.p2/pool/plugins/org.apache.ant_1.9.6.v201510161327/lib/ant-launcher.jar:/Users/aminechagou/.p2/pool/plugins/org.apache.ant_1.9.6.v201510161327/lib/ant.jar:/Users/aminechagou/.p2/pool/plugins/org.apache.ant_1.9.6.v201510161327/lib/ant-junit.jar:/Users/aminechagou/.p2/pool/plugins/org.apache.ant_1.9.6.v201510161327/lib/ant-junit4.jar" />
    <property name="ivy.default.ivy.user.dir" value="/Users/aminechagou/.ivy2" />
    <property name="user.home.ivy.instance" value="/Users/aminechagou" />
    <property name="DSTAMP" value="20160507" />
    <property name="basedir.ivy.instance" value="/Users/aminechagou/Documents/workspace/GoBot/ivy" />
    <property name="ant.library.dir" value="/Users/aminechagou/.p2/pool/plugins/org.apache.ant_1.9.6.v201510161327/lib" />
    <property name="os.arch" value="x86_64" />
    <property name="env.Apple_PubSub_Socket_Render" value="/private/tmp/com.apple.launchd.Dl8aLJvsaE/Render" />
    <property name="java.awt.graphicsenv.ivy.instance" value="sun.awt.CGraphicsEnvironment" />
    <property name="coverage.report.dir" value="/Users/aminechagou/Documents/workspace/GoBot/ivy/build/doc/reports/coverage" />
    <property name="java.vendor.url.bug.ivy.instance" value="http://bugreport.sun.com/bugreport/" />
    <property name="java.vm.specification.version.ivy.instance" value="1.8" />
    <property name="sun.java.launcher" value="SUN_STANDARD" />
    <property name="java.awt.printerjob.ivy.instance" value="sun.lwawt.macosx.CPrinterJob" />
    <property name="env.APP_ICON_5887" value="../Resources/Eclipse.icns" />
    <property name="ivy.settings.dir.ivy.instance" value="file:/Users/aminechagou/Documents/workspace/GoBot/ivy/build/classes/core/org/apache/ivy/core/settings" />
    <property name="ivy.resolver.default.check.modified.ivy.instance" value="false" />
    <property name="ant.core.lib" value="/Users/aminechagou/.p2/pool/plugins/org.apache.ant_1.9.6.v201510161327/lib/ant.jar" />
    <property name="ivy.settings.dir" value="file:/Users/aminechagou/Documents/workspace/GoBot/ivy/build/classes/core/org/apache/ivy/core/settings" />
    <property name="java.vm.specification.vendor" value="Oracle Corporation" />
    <property name="gopherProxySet.ivy.instance" value="false" />
    <property name="TSTAMP" value="2322" />
    <property name="file.separator" value="/" />
    <property name="build.version" value="${target.ivy.version}-local-20160507232253" />
    <property name="user.language.ivy.instance" value="fr" />
    <property name="ivy.shared.default.artifact.pattern.ivy.instance" value="[organisation]/[module]/[revision]/[type]s/[artifact].[ext]" />
    <property name="user.country.ivy.instance" value="FR" />
    <property name="ivy.conf.url.ivy.instance" value="file:/Users/aminechagou/Documents/workspace/GoBot/ivy/build/classes/core/org/apache/ivy/core/settings/ivysettings.xml" />
    <property name="env.JAVA_MAIN_CLASS_9206" value="org.eclipse.ant.internal.launching.remote.InternalAntRunner" />
    <property name="reports.dir" value="/Users/aminechagou/Documents/workspace/GoBot/ivy/build/doc/reports" />
    <property name="java.runtime.version" value="1.8.0_91-b14" />
    <property name="java.specification.name.ivy.instance" value="Java Platform API Specification" />
    <property name="sun.boot.class.path" value="/Library/Java/JavaVirtualMachines/jdk1.8.0_91.jdk/Contents/Home/jre/lib/resources.jar:/Library/Java/JavaVirtualMachines/jdk1.8.0_91.jdk/Contents/Home/jre/lib/rt.jar:/Library/Java/JavaVirtualMachines/jdk1.8.0_91.jdk/Contents/Home/jre/lib/sunrsasign.jar:/Library/Java/JavaVirtualMachines/jdk1.8.0_91.jdk/Contents/Home/jre/lib/jsse.jar:/Library/Java/JavaVirtualMachines/jdk1.8.0_91.jdk/Contents/Home/jre/lib/jce.jar:/Library/Java/JavaVirtualMachines/jdk1.8.0_91.jdk/Contents/Home/jre/lib/charsets.jar:/Library/Java/JavaVirtualMachines/jdk1.8.0_91.jdk/Contents/Home/jre/lib/jfr.jar:/Library/Java/JavaVirtualMachines/jdk1.8.0_91.jdk/Contents/Home/jre/classes" />
    <property name="coverage.dir" value="/Users/aminechagou/Documents/workspace/GoBot/ivy/build/coverage" />
    <property name="env.SSH_AUTH_SOCK" value="/private/tmp/com.apple.launchd.Xa4Og3iZf6/Listeners" />
    <property name="ivy.conf.dir" value="file:/Users/aminechagou/Documents/workspace/GoBot/ivy/build/classes/core/org/apache/ivy/core/settings" />
    <property name="ivy.retrieve.pattern" value="/Users/aminechagou/Documents/workspace/GoBot/ivy/lib/[artifact]-[revision](-[classifier]).[ext]" />
    <property name="user.country" value="FR" />
    <property name="env.ANT_HOME" value="/Users/aminechagou/.p2/pool/plugins/org.apache.ant_1.9.6.v201510161327" />
    <property name="ivy.shared.default.root" value="/Users/aminechagou/.ivy2/shared" />
    <property name="env.SHELL" value="/bin/bash" />
    <property name="doc.src.dir" value="/Users/aminechagou/Documents/workspace/GoBot/ivy/doc" />
    <property name="java.version.ivy.instance" value="1.8.0_91" />
    <property name="ivy.resolved.file" value="/Users/aminechagou/Documents/workspace/GoBot/ivy/ivy.xml" />
    <property name="javadoc.build.dir" value="/Users/aminechagou/Documents/workspace/GoBot/ivy/build/doc/reports/api" />
    <property name="debug.mode" value="on" />
    <property name="os.arch.ivy.instance" value="x86_64" />
    <property name="java.vendor" value="Oracle Corporation" />
    <property name="ivy.project.dir" value="/Users/aminechagou/Documents/workspace/GoBot/ivy" />
    <property name="java.specification.version" value="1.8" />
    <property name="sun.arch.data.model" value="64" />
    <property name="ivy.buildlist.ivyfilepath" value="ivy.xml" />
  </properties>
  <testcase classname="org.apache.ivy.core.retrieve.RetrieveTest" name="testUnpack" time="1.159" />
  <testcase classname="org.apache.ivy.core.retrieve.RetrieveTest" name="testUnpackSync" time="0.063" />
  <testcase classname="org.apache.ivy.core.retrieve.RetrieveTest" name="testRetrieveSameFileConflict" time="0.124" />
  <testcase classname="org.apache.ivy.core.retrieve.RetrieveTest" name="testRetrieveDifferentArtifactsOfSameModuleToSameFile" time="0.086" />
  <testcase classname="org.apache.ivy.core.retrieve.RetrieveTest" name="testEvent" time="0.054" />
  <testcase classname="org.apache.ivy.core.retrieve.RetrieveTest" name="testRetrieveSimple" time="0.038" />
  <testcase classname="org.apache.ivy.core.retrieve.RetrieveTest" name="testRetrieveOverwrite" time="0.021" />
  <testcase classname="org.apache.ivy.core.retrieve.RetrieveTest" name="testRetrieveWithSymlinks" time="0.24" />
  <testcase classname="org.apache.ivy.core.retrieve.RetrieveTest" name="testRetrieveWithSymlinksMass" time="0.127" />
  <testcase classname="org.apache.ivy.core.retrieve.RetrieveTest" name="testRetrieveWithVariable" time="0.024" />
  <testcase classname="org.apache.ivy.core.retrieve.RetrieveTest" name="testRetrieveReport" time="0.045" />
  <system-out><![CDATA[EMMA: collecting runtime coverage data ...
:: loading settings :: file = test/repositories/ivysettings.xml
Execution environment profile JavaSE-1.2 loaded
Execution environment profile JavaSE-1.3 loaded
Execution environment profile JavaSE-1.4 loaded
Execution environment profile JavaSE-1.5 loaded
Execution environment profile JavaSE-1.6 loaded
Execution environment profile JavaSE-1.7 loaded
Execution environment profile OSGi/Minimum-1.1 loaded
Execution environment profile JavaSE-1.8 loaded
Execution environment profile CDC-1.0/Foundation-1.0 loaded
Execution environment profile CDC-1.1/Foundation-1.1 loaded
Execution environment profile OSGi/Minimum-1.2 loaded
Execution environment profile OSGi/Minimum-1.0 loaded
using ivy parser to parse file:/Users/aminechagou/Documents/workspace/GoBot/ivy/test/repositories/1/packaging/module1/ivys/ivy-1.0.xml
pre 1.3 ivy file: using exactOrRegexp as default matcher
:: resolving dependencies :: packaging#module1;1.0
	confs: [default]
	validate = true
	refresh = false
resolving dependencies for configuration 'default'
== resolving dependencies for packaging#module1;1.0 [default]
loadData of packaging#module1;1.0 of rootConf=default
== resolving dependencies packaging#module1;1.0->packaging#module2;1.0 [default->*]
loadData of packaging#module2;1.0 of rootConf=default
	using test to resolve packaging#module2;1.0
test: Checking cache for: dependency: packaging#module2;1.0 {*=[*]}
	no ivy file in cache for packaging#module2;1.0: tried /Users/aminechagou/Documents/workspace/GoBot/ivy/build/cache/packaging/module2/ivy-1.0.xml
	no ivy file in cache for packaging#module2;1.0: tried /Users/aminechagou/Documents/workspace/GoBot/ivy/build/cache/packaging/module2/ivy-1.0.xml
	 trying /Users/aminechagou/Documents/workspace/GoBot/ivy/test/repositories/1/packaging/module2/ivys/ivy-1.0.xml
		tried /Users/aminechagou/Documents/workspace/GoBot/ivy/test/repositories/1/packaging/module2/ivys/ivy-1.0.xml
	1: found md file for packaging#module2;1.0
		=> /Users/aminechagou/Documents/workspace/GoBot/ivy/test/repositories/1/packaging/module2/ivys/ivy-1.0.xml (1.0)
	parser = ivy parser
	no ivy file in cache for packaging#module2;1.0: tried /Users/aminechagou/Documents/workspace/GoBot/ivy/build/cache/packaging/module2/ivy-1.0.xml
downloading /Users/aminechagou/Documents/workspace/GoBot/ivy/test/repositories/1/packaging/module2/ivys/ivy-1.0.xml ...
	1: downloading /Users/aminechagou/Documents/workspace/GoBot/ivy/test/repositories/1/packaging/module2/ivys/ivy-1.0.xml
		to /Users/aminechagou/Documents/workspace/GoBot/ivy/build/cache/packaging/module2/ivy-1.0.xml.original.part
	[SUCCESSFUL ] packaging#module2;1.0!ivy.xml(ivy.original) (7ms)
pre 1.3 ivy file: using exactOrRegexp as default matcher
	default-cache: parsed downloaded md file for packaging#module2;1.0; parsed=packaging#module2;1.0
java.net.MalformedURLException: no protocol: /Users/aminechagou/Documents/workspace/GoBot/ivy/test/repositories/1/packaging/module2/ivys/ivy-1.0.xml
	at java.net.URL.<init>(URL.java:593)
	at java.net.URL.<init>(URL.java:490)
	at java.net.URL.<init>(URL.java:439)
	at org.apache.ivy.core.cache.DefaultRepositoryCacheManager.getSavedArtifactOrigin(DefaultRepositoryCacheManager.java:519)
	at org.apache.ivy.core.cache.DefaultRepositoryCacheManager.getArchiveFileInCache(DefaultRepositoryCacheManager.java:357)
	at org.apache.ivy.core.cache.DefaultRepositoryCacheManager.originalToCachedModuleDescriptor(DefaultRepositoryCacheManager.java:1203)
	at org.apache.ivy.plugins.resolver.BasicResolver.cacheModuleDescriptor(BasicResolver.java:365)
	at org.apache.ivy.plugins.resolver.BasicResolver.getDependency(BasicResolver.java:311)
	at org.apache.ivy.plugins.resolver.ChainResolver.getDependency(ChainResolver.java:104)
	at org.apache.ivy.core.resolve.IvyNode.loadData(IvyNode.java:170)
	at org.apache.ivy.core.resolve.VisitNode.loadData(VisitNode.java:292)
	at org.apache.ivy.core.resolve.ResolveEngine.fetchDependencies(ResolveEngine.java:718)
	at org.apache.ivy.core.resolve.ResolveEngine.doFetchDependencies(ResolveEngine.java:803)
	at org.apache.ivy.core.resolve.ResolveEngine.fetchDependencies(ResolveEngine.java:726)
	at org.apache.ivy.core.resolve.ResolveEngine.getDependencies(ResolveEngine.java:599)
	at org.apache.ivy.core.resolve.ResolveEngine.resolve(ResolveEngine.java:236)
	at org.apache.ivy.core.resolve.ResolveEngine.resolve(ResolveEngine.java:197)
	at org.apache.ivy.Ivy.resolve(Ivy.java:508)
	at org.apache.ivy.core.retrieve.RetrieveTest.testUnpack(RetrieveTest.java:319)
	at sun.reflect.NativeMethodAccessorImpl.invoke0(Native Method)
	at sun.reflect.NativeMethodAccessorImpl.invoke(NativeMethodAccessorImpl.java:62)
	at sun.reflect.DelegatingMethodAccessorImpl.invoke(DelegatingMethodAccessorImpl.java:43)
	at java.lang.reflect.Method.invoke(Method.java:498)
	at junit.framework.TestCase.runTest(TestCase.java:164)
	at junit.framework.TestCase.runBare(TestCase.java:130)
	at junit.framework.TestResult$1.protect(TestResult.java:106)
	at junit.framework.TestResult.runProtected(TestResult.java:124)
	at junit.framework.TestResult.run(TestResult.java:109)
	at junit.framework.TestCase.run(TestCase.java:120)
	at junit.framework.TestSuite.runTest(TestSuite.java:230)
	at junit.framework.TestSuite.run(TestSuite.java:225)
	at org.apache.tools.ant.taskdefs.optional.junit.JUnitTestRunner.run(JUnitTestRunner.java:535)
	at org.apache.tools.ant.taskdefs.optional.junit.JUnitTestRunner.launch(JUnitTestRunner.java:1182)
	at org.apache.tools.ant.taskdefs.optional.junit.JUnitTestRunner.main(JUnitTestRunner.java:1033)

	checking packaging#module2;1.0 from 1 against [none]
	module revision kept as first found: packaging#module2;1.0 from 1
	found packaging#module2;1.0 in 1
Nbr of module to sort : 1
Sort dependencies of : packaging#module2;1.0 / Number of dependencies = 0
Sort done for : packaging#module2;1.0
storing dependency packaging#module2;1.0 in props
	resolved ivy file produced in cache
:: downloading artifacts ::
	 trying /Users/aminechagou/Documents/workspace/GoBot/ivy/test/repositories/1/packaging/module2/jars/module2-1.0.jar
		tried /Users/aminechagou/Documents/workspace/GoBot/ivy/test/repositories/1/packaging/module2/jars/module2-1.0.jar
downloading /Users/aminechagou/Documents/workspace/GoBot/ivy/test/repositories/1/packaging/module2/jars/module2-1.0.jar ...
	1: downloading /Users/aminechagou/Documents/workspace/GoBot/ivy/test/repositories/1/packaging/module2/jars/module2-1.0.jar
		to /Users/aminechagou/Documents/workspace/GoBot/ivy/build/cache/packaging/module2/jars/module2-1.0.jar.part
.. (0kB)
	Unpacking packaging#module2;1.0!module2.jar
		expanding META-INF/ to /Users/aminechagou/Documents/workspace/GoBot/ivy/build/cache/packaging/module2/jar_unpackeds/module2-1.0/META-INF
		expanding META-INF/MANIFEST.MF to /Users/aminechagou/Documents/workspace/GoBot/ivy/build/cache/packaging/module2/jar_unpackeds/module2-1.0/META-INF/MANIFEST.MF
		expanding test.txt to /Users/aminechagou/Documents/workspace/GoBot/ivy/build/cache/packaging/module2/jar_unpackeds/module2-1.0/test.txt
	[SUCCESSFUL ] packaging#module2;1.0!module2.jar (32ms)
:: resolution report :: resolve 196ms :: artifacts dl 35ms
	---------------------------------------------------------------------
	|                  |            modules            ||   artifacts   |
	|       conf       | number| search|dwnlded|evicted|| number|dwnlded|
	---------------------------------------------------------------------
	|      default     |   1   |   1   |   1   |   0   ||   1   |   1   |
	---------------------------------------------------------------------
Nbr of module to sort : 1
Sort dependencies of : packaging#module2;1.0 / Number of dependencies = 0
Sort done for : packaging#module2;1.0
	report for packaging#module1;1.0 default produced in /Users/aminechagou/Documents/workspace/GoBot/ivy/build/cache/packaging-module1-default.xml
	resolve done (196ms resolve - 35ms download)
:: retrieving :: packaging#module1
	checkUpToDate=true
pre 1.3 ivy file: using exactOrRegexp as default matcher
no explicit confs given for retrieve, using ivy file: file:/Users/aminechagou/Documents/workspace/GoBot/ivy/build/cache/resolved-packaging-module1-1.0.xml
	confs: [default]
	retrieving /Users/aminechagou/Documents/workspace/GoBot/ivy/build/cache/packaging/module2/jar_unpackeds/module2-1.0
		to /Users/aminechagou/Documents/workspace/GoBot/ivy/build/test/retrieve/packaging/module2/default/jars/module2-1.0
	1 artifacts copied, 0 already retrieved (0kB/10ms)
	retrieve done (10ms)
setting 'ivy.default.settings.dir' to 'file:/Users/aminechagou/Documents/workspace/GoBot/ivy/build/classes/core/org/apache/ivy/core/settings'
setting 'ivy.basedir' to '/Users/aminechagou/Documents/workspace/GoBot/ivy/.'
setting 'ivy.default.conf.dir' to 'file:/Users/aminechagou/Documents/workspace/GoBot/ivy/build/classes/core/org/apache/ivy/core/settings'
setting 'java.runtime.name' to 'Java(TM) SE Runtime Environment'
setting 'sun.boot.library.path' to '/Library/Java/JavaVirtualMachines/jdk1.8.0_91.jdk/Contents/Home/jre/lib'
setting 'java.vm.version' to '25.91-b14'
setting 'gopherProxySet' to 'false'
setting 'java.vm.vendor' to 'Oracle Corporation'
setting 'java.vendor.url' to 'http://java.oracle.com/'
setting 'emma.coverage.out.merge' to 'true'
setting 'path.separator' to ':'
setting 'java.vm.name' to 'Java HotSpot(TM) 64-Bit Server VM'
setting 'file.encoding.pkg' to 'sun.io'
setting 'user.country' to 'FR'
setting 'sun.java.launcher' to 'SUN_STANDARD'
setting 'sun.os.patch.level' to 'unknown'
setting 'java.vm.specification.name' to 'Java Virtual Machine Specification'
setting 'user.dir' to '/Users/aminechagou/Documents/workspace/GoBot/ivy'
setting 'java.runtime.version' to '1.8.0_91-b14'
setting 'java.awt.graphicsenv' to 'sun.awt.CGraphicsEnvironment'
setting 'java.endorsed.dirs' to '/Library/Java/JavaVirtualMachines/jdk1.8.0_91.jdk/Contents/Home/jre/lib/endorsed'
setting 'os.arch' to 'x86_64'
setting 'java.io.tmpdir' to '/var/folders/fj/qq0462l92650s4nnvt7tmdbm0000gn/T/'
setting 'line.separator' to '
'
setting 'java.vm.specification.vendor' to 'Oracle Corporation'
setting 'os.name' to 'Mac OS X'
setting 'sun.jnu.encoding' to 'UTF-8'
setting 'java.library.path' to '/Users/aminechagou/Library/Java/Extensions:/Library/Java/Extensions:/Network/Library/Java/Extensions:/System/Library/Java/Extensions:/usr/lib/java:.'
setting 'emma.coverage.out.file' to '/Users/aminechagou/Documents/workspace/GoBot/ivy/build/coverage/coverage.emma'
setting 'java.specification.name' to 'Java Platform API Specification'
setting 'java.class.version' to '52.0'
setting 'sun.management.compiler' to 'HotSpot 64-Bit Tiered Compilers'
setting 'os.version' to '10.10.5'
setting 'http.nonProxyHosts' to 'local|*.local|169.254/16|*.169.254/16'
setting 'user.home' to '/Users/aminechagou'
setting 'user.timezone' to 'Europe/Paris'
setting 'java.awt.printerjob' to 'sun.lwawt.macosx.CPrinterJob'
setting 'file.encoding' to 'UTF-8'
setting 'java.specification.version' to '1.8'
setting 'java.class.path' to '/Users/aminechagou/Documents/workspace/GoBot/ivy/build/coverage/classes:/Users/aminechagou/.ivy2/cache/emma/emma/jars/emma-2.0.5312.jar:/Users/aminechagou/Documents/workspace/GoBot/ivy/lib/ant-contrib.jar:/Users/aminechagou/Documents/workspace/GoBot/ivy/lib/ant-testutil.jar:/Users/aminechagou/Documents/workspace/GoBot/ivy/lib/bcpg-jdk14.jar:/Users/aminechagou/Documents/workspace/GoBot/ivy/lib/bcprov-jdk14.jar:/Users/aminechagou/Documents/workspace/GoBot/ivy/lib/commons-codec.jar:/Users/aminechagou/Documents/workspace/GoBot/ivy/lib/commons-httpclient.jar:/Users/aminechagou/Documents/workspace/GoBot/ivy/lib/commons-lang.jar:/Users/aminechagou/Documents/workspace/GoBot/ivy/lib/commons-logging.jar:/Users/aminechagou/Documents/workspace/GoBot/ivy/lib/commons-vfs.jar:/Users/aminechagou/Documents/workspace/GoBot/ivy/lib/jna.jar:/Users/aminechagou/Documents/workspace/GoBot/ivy/lib/jsch.agentproxy.connector-factory.jar:/Users/aminechagou/Documents/workspace/GoBot/ivy/lib/jsch.agentproxy.core.jar:/Users/aminechagou/Documents/workspace/GoBot/ivy/lib/jsch.agentproxy.jsch.jar:/Users/aminechagou/Documents/workspace/GoBot/ivy/lib/jsch.agentproxy.pageant.jar:/Users/aminechagou/Documents/workspace/GoBot/ivy/lib/jsch.agentproxy.sshagent.jar:/Users/aminechagou/Documents/workspace/GoBot/ivy/lib/jsch.agentproxy.usocket-jna.jar:/Users/aminechagou/Documents/workspace/GoBot/ivy/lib/jsch.agentproxy.usocket-nc.jar:/Users/aminechagou/Documents/workspace/GoBot/ivy/lib/jsch.jar:/Users/aminechagou/Documents/workspace/GoBot/ivy/lib/junit.jar:/Users/aminechagou/Documents/workspace/GoBot/ivy/lib/mod1.2-2.0.jar:/Users/aminechagou/Documents/workspace/GoBot/ivy/lib/oro.jar:/Users/aminechagou/Documents/workspace/GoBot/ivy/lib/platform.jar:/Users/aminechagou/Documents/workspace/GoBot/ivy/lib/xercesImpl.jar:/Users/aminechagou/Documents/workspace/GoBot/ivy/lib/xmlParserAPIs.jar:/Users/aminechagou/Documents/workspace/GoBot/ivy/build/classes/core:/Users/aminechagou/Documents/workspace/GoBot/ivy/build/classes/ant:/Users/aminechagou/Documents/workspace/GoBot/ivy/build/classes/optional:/Users/aminechagou/Documents/workspace/GoBot/ivy/build/test:/Users/aminechagou/.p2/pool/plugins/org.apache.ant_1.9.6.v201510161327/lib/ant-launcher.jar:/Users/aminechagou/.p2/pool/plugins/org.apache.ant_1.9.6.v201510161327/lib/ant.jar:/Users/aminechagou/.p2/pool/plugins/org.apache.ant_1.9.6.v201510161327/lib/ant-junit.jar:/Users/aminechagou/.p2/pool/plugins/org.apache.ant_1.9.6.v201510161327/lib/ant-junit4.jar'
setting 'user.name' to 'aminechagou'
setting 'java.vm.specification.version' to '1.8'
setting 'sun.java.command' to 'org.apache.tools.ant.taskdefs.optional.junit.JUnitTestRunner org.apache.ivy.core.retrieve.RetrieveTest skipNonTests=false filtertrace=true haltOnError=false haltOnFailure=false formatter=org.apache.tools.ant.taskdefs.optional.junit.SummaryJUnitResultFormatter showoutput=false outputtoformatters=true logfailedtests=true threadid=0 logtestlistenerevents=false formatter=org.apache.tools.ant.taskdefs.optional.junit.XMLJUnitResultFormatter,/Users/aminechagou/Documents/workspace/GoBot/ivy/build/test-report/TEST-org.apache.ivy.core.retrieve.RetrieveTest.xml crashfile=/Users/aminechagou/Documents/workspace/GoBot/ivy/junitvmwatcher4727728708462005562.properties propsfile=/Users/aminechagou/Documents/workspace/GoBot/ivy/junit3712363074040025198.properties'
setting 'java.home' to '/Library/Java/JavaVirtualMachines/jdk1.8.0_91.jdk/Contents/Home/jre'
setting 'sun.arch.data.model' to '64'
setting 'user.language' to 'tr'
setting 'java.specification.vendor' to 'Oracle Corporation'
setting 'awt.toolkit' to 'sun.lwawt.macosx.LWCToolkit'
setting 'java.vm.info' to 'mixed mode'
setting 'java.version' to '1.8.0_91'
setting 'java.ext.dirs' to '/Users/aminechagou/Library/Java/Extensions:/Library/Java/JavaVirtualMachines/jdk1.8.0_91.jdk/Contents/Home/jre/lib/ext:/Library/Java/Extensions:/Network/Library/Java/Extensions:/System/Library/Java/Extensions:/usr/lib/java'
setting 'sun.boot.class.path' to '/Library/Java/JavaVirtualMachines/jdk1.8.0_91.jdk/Contents/Home/jre/lib/resources.jar:/Library/Java/JavaVirtualMachines/jdk1.8.0_91.jdk/Contents/Home/jre/lib/rt.jar:/Library/Java/JavaVirtualMachines/jdk1.8.0_91.jdk/Contents/Home/jre/lib/sunrsasign.jar:/Library/Java/JavaVirtualMachines/jdk1.8.0_91.jdk/Contents/Home/jre/lib/jsse.jar:/Library/Java/JavaVirtualMachines/jdk1.8.0_91.jdk/Contents/Home/jre/lib/jce.jar:/Library/Java/JavaVirtualMachines/jdk1.8.0_91.jdk/Contents/Home/jre/lib/charsets.jar:/Library/Java/JavaVirtualMachines/jdk1.8.0_91.jdk/Contents/Home/jre/lib/jfr.jar:/Library/Java/JavaVirtualMachines/jdk1.8.0_91.jdk/Contents/Home/jre/classes'
setting 'java.vendor' to 'Oracle Corporation'
setting 'file.separator' to '/'
setting 'java.vendor.url.bug' to 'http://bugreport.sun.com/bugreport/'
setting 'sun.io.unicode.encoding' to 'UnicodeBig'
setting 'sun.cpu.endian' to 'little'
setting 'http.nonProxyHosts.ivy.instance' to 'local|*.local|169.254/16|*.169.254/16'
setting 'socksNonProxyHosts' to 'local|*.local|169.254/16|*.169.254/16'
setting 'user.region' to 'TR'
setting 'ftp.nonProxyHosts' to 'local|*.local|169.254/16|*.169.254/16'
setting 'sun.cpu.isalist' to ''
:: loading settings :: file = test/repositories/ivysettings.xml
setting 'ivy.settings.dir' to '/Users/aminechagou/Documents/workspace/GoBot/ivy/test/repositories'
setting 'ivy.conf.dir' to '/Users/aminechagou/Documents/workspace/GoBot/ivy/test/repositories'
setting 'ivy.settings.file' to '/Users/aminechagou/Documents/workspace/GoBot/ivy/test/repositories/ivysettings.xml'
setting 'ivy.conf.file' to '/Users/aminechagou/Documents/workspace/GoBot/ivy/test/repositories/ivysettings.xml'
setting 'ivy.settings.url' to 'file:/Users/aminechagou/Documents/workspace/GoBot/ivy/test/repositories/ivysettings.xml'
setting 'ivy.conf.url' to 'file:/Users/aminechagou/Documents/workspace/GoBot/ivy/test/repositories/ivysettings.xml'
setting 'ivy.settings.dir.url' to 'file:/Users/aminechagou/Documents/workspace/GoBot/ivy/test/repositories/'
setting 'ivy.default.ivy.user.dir' to '/Users/aminechagou/.ivy2'
setting 'ivy.home' to '/Users/aminechagou/.ivy2'
no default ivy user dir defined: set to /Users/aminechagou/.ivy2
setting 'ivy.log.modules.in.use' to 'false'
setting 'ivy.resolver.default.check.modified' to 'false'
setting 'ivy.default.always.check.exact.revision' to 'false'
setting 'ivy.retrieve.pattern' to '${ivy.lib.dir}/[artifact]-[revision](-[classifier]).[ext]'
setting 'ivy.configurations' to '*'
setting 'ivy.buildlist.ivyfilepath' to 'ivy.xml'
setting 'ivy.status' to 'integration'
setting 'ivy.resolve.default.type.filter' to '*'
setting 'ivy.project.dir' to '${basedir}'
setting 'ivy.dep.file' to 'ivy.xml'
'ivy.settings.file' already set: discarding 'ivysettings.xml'
setting 'ivy.report.output.pattern' to '[organisation]-[module]-[conf].[ext]'
setting 'ivy.cache.ttl.default' to '10s'
setting 'ivy.publish.src.artifacts.pattern' to '${ivy.distrib.dir}/[type]s/[artifact]-[revision](-[classifier]).[ext]'
setting 'ivy.deliver.ivy.pattern' to '${ivy.distrib.dir}/[type]s/[artifact]-[revision](-[classifier]).[ext]'
setting 'ivy.build.artifacts.dir' to '${ivy.project.dir}/build/artifacts'
setting 'ivy.checksums' to 'sha1,md5'
setting 'ivy.distrib.dir' to '${ivy.project.dir}/distrib'
setting 'ivy.lib.dir' to '${ivy.project.dir}/lib'
loading properties: /Users/aminechagou/Documents/workspace/GoBot/ivy/test/repositories/ivysettings.properties
setting 'ivy.publish.src.artifacts.pattern' to '${build}/[artifact]-[revision].[ext]'
setting 'vfs.user' to ''
setting 'cache.dir' to '${ivy.basedir}/build/cache'
setting 'vfs.passwd' to ''
setting 'vfs.host' to ''
setting 'vfs.samba.share' to ''
setting 'ivy.cache.dir' to '/Users/aminechagou/Documents/workspace/GoBot/ivy/build/cache'
1: no namespace defined: using system
1: no latest strategy defined: using default
2: no namespace defined: using system
2: no latest strategy defined: using default
test: no namespace defined: using system
test: no latest strategy defined: using default
m2: no namespace defined: using system
m2: no latest strategy defined: using default
install: no namespace defined: using system
install: no latest strategy defined: using default
2-ivy: no namespace defined: using system
2-ivy: no latest strategy defined: using default
2-artifact: no namespace defined: using system
2-artifact: no latest strategy defined: using default
transactional: no namespace defined: using system
transactional: no latest strategy defined: using default
'ivy.default.ivy.user.dir' already set: discarding '/Users/aminechagou/.ivy2'
settings loaded (9ms)
	default cache: /Users/aminechagou/Documents/workspace/GoBot/ivy/build/cache
	default resolver: test
	default latest strategy: latest-revision
	default conflict manager: latest-revision
	circular dependency strategy: warn
	validate: true
	check up2date: true
	-- 8 resolvers:
	1 [file]
		cache: null
		m2compatible: false
		ivy patterns:
			/Users/aminechagou/Documents/workspace/GoBot/ivy/test/repositories/1/[organisation]/[module]/ivys/ivy-[revision].xml
		artifact patterns:
			/Users/aminechagou/Documents/workspace/GoBot/ivy/test/repositories/1/[organisation]/[module]/[type]s/[artifact]-[revision].[ext]
		repository: 1
	2 [dual 2-ivy 2-artifact]
	test [chain] [1, 2, m2]
		return first: false
		dual: false
		-> 1
		-> 2
		-> m2
	m2 [ibiblio]
		cache: null
		m2compatible: true
		ivy patterns:
			file:/Users/aminechagou/Documents/workspace/GoBot/ivy/test/repositories/m2/[organisation]/[module]/[revision]/[artifact]-[revision](-[classifier]).[ext]
		artifact patterns:
			file:/Users/aminechagou/Documents/workspace/GoBot/ivy/test/repositories/m2/[organisation]/[module]/[revision]/[artifact]-[revision](-[classifier]).[ext]
		repository: m2
		root: file:/Users/aminechagou/Documents/workspace/GoBot/ivy/test/repositories/m2/
		pattern: [organisation]/[module]/[revision]/[artifact]-[revision](-[classifier]).[ext]
		usepoms: true
		useMavenMetadata: true
	install [file]
		cache: null
		m2compatible: false
		ivy patterns:
			/Users/aminechagou/Documents/workspace/GoBot/ivy/build/test/install/[organisation]/[module]/[artifact]-[revision].[ext]
		artifact patterns:
			/Users/aminechagou/Documents/workspace/GoBot/ivy/build/test/install/[organisation]/[module]/[artifact]-[revision].[ext]
		repository: install
	2-ivy [file]
		cache: null
		m2compatible: false
		ivy patterns:
			/Users/aminechagou/Documents/workspace/GoBot/ivy/test/repositories/2/[module]/ivy-[revision].xml
		artifact patterns:
		repository: 2-ivy
	2-artifact [file]
		cache: null
		m2compatible: false
		ivy patterns:
		artifact patterns:
			/Users/aminechagou/Documents/workspace/GoBot/ivy/test/repositories/2/[module]/[artifact]-[revision].[ext]
			/Users/aminechagou/Documents/workspace/GoBot/ivy/test/repositories/2/[module]/[artifact].[ext]
		repository: 2-artifact
	transactional [file]
		cache: null
		m2compatible: false
		ivy patterns:
			/Users/aminechagou/Documents/workspace/GoBot/ivy/build/test/transactional/[organisation]/[module]/[revision]/[artifact]-[revision].[ext]
		artifact patterns:
			/Users/aminechagou/Documents/workspace/GoBot/ivy/build/test/transactional/[organisation]/[module]/[revision]/[artifact]-[revision].[ext]
		repository: transactional
	module settings:
		NONE
using ivy parser to parse file:/Users/aminechagou/Documents/workspace/GoBot/ivy/test/repositories/1/packaging/module1/ivys/ivy-1.0.xml
pre 1.3 ivy file: using exactOrRegexp as default matcher
:: resolving dependencies :: packaging#module1;1.0
	confs: [default]
	validate = true
	refresh = false
resolving dependencies for configuration 'default'
== resolving dependencies for packaging#module1;1.0 [default]
loadData of packaging#module1;1.0 of rootConf=default
== resolving dependencies packaging#module1;1.0->packaging#module2;1.0 [default->*]
loadData of packaging#module2;1.0 of rootConf=default
	using test to resolve packaging#module2;1.0
test: Checking cache for: dependency: packaging#module2;1.0 {*=[*]}
	no ivy file in cache for packaging#module2;1.0: tried /Users/aminechagou/Documents/workspace/GoBot/ivy/build/cache/packaging/module2/ivy-1.0.xml
	no ivy file in cache for packaging#module2;1.0: tried /Users/aminechagou/Documents/workspace/GoBot/ivy/build/cache/packaging/module2/ivy-1.0.xml
	 trying /Users/aminechagou/Documents/workspace/GoBot/ivy/test/repositories/1/packaging/module2/ivys/ivy-1.0.xml
		tried /Users/aminechagou/Documents/workspace/GoBot/ivy/test/repositories/1/packaging/module2/ivys/ivy-1.0.xml
	1: found md file for packaging#module2;1.0
		=> /Users/aminechagou/Documents/workspace/GoBot/ivy/test/repositories/1/packaging/module2/ivys/ivy-1.0.xml (1.0)
	parser = ivy parser
	no ivy file in cache for packaging#module2;1.0: tried /Users/aminechagou/Documents/workspace/GoBot/ivy/build/cache/packaging/module2/ivy-1.0.xml
downloading /Users/aminechagou/Documents/workspace/GoBot/ivy/test/repositories/1/packaging/module2/ivys/ivy-1.0.xml ...
	1: downloading /Users/aminechagou/Documents/workspace/GoBot/ivy/test/repositories/1/packaging/module2/ivys/ivy-1.0.xml
		to /Users/aminechagou/Documents/workspace/GoBot/ivy/build/cache/packaging/module2/ivy-1.0.xml.original.part
	[SUCCESSFUL ] packaging#module2;1.0!ivy.xml(ivy.original) (1ms)
pre 1.3 ivy file: using exactOrRegexp as default matcher
	default-cache: parsed downloaded md file for packaging#module2;1.0; parsed=packaging#module2;1.0
java.net.MalformedURLException: no protocol: /Users/aminechagou/Documents/workspace/GoBot/ivy/test/repositories/1/packaging/module2/ivys/ivy-1.0.xml
	at java.net.URL.<init>(URL.java:593)
	at java.net.URL.<init>(URL.java:490)
	at java.net.URL.<init>(URL.java:439)
	at org.apache.ivy.core.cache.DefaultRepositoryCacheManager.getSavedArtifactOrigin(DefaultRepositoryCacheManager.java:519)
	at org.apache.ivy.core.cache.DefaultRepositoryCacheManager.getArchiveFileInCache(DefaultRepositoryCacheManager.java:357)
	at org.apache.ivy.core.cache.DefaultRepositoryCacheManager.originalToCachedModuleDescriptor(DefaultRepositoryCacheManager.java:1203)
	at org.apache.ivy.plugins.resolver.BasicResolver.cacheModuleDescriptor(BasicResolver.java:365)
	at org.apache.ivy.plugins.resolver.BasicResolver.getDependency(BasicResolver.java:311)
	at org.apache.ivy.plugins.resolver.ChainResolver.getDependency(ChainResolver.java:104)
	at org.apache.ivy.core.resolve.IvyNode.loadData(IvyNode.java:170)
	at org.apache.ivy.core.resolve.VisitNode.loadData(VisitNode.java:292)
	at org.apache.ivy.core.resolve.ResolveEngine.fetchDependencies(ResolveEngine.java:718)
	at org.apache.ivy.core.resolve.ResolveEngine.doFetchDependencies(ResolveEngine.java:803)
	at org.apache.ivy.core.resolve.ResolveEngine.fetchDependencies(ResolveEngine.java:726)
	at org.apache.ivy.core.resolve.ResolveEngine.getDependencies(ResolveEngine.java:599)
	at org.apache.ivy.core.resolve.ResolveEngine.resolve(ResolveEngine.java:236)
	at org.apache.ivy.core.resolve.ResolveEngine.resolve(ResolveEngine.java:197)
	at org.apache.ivy.Ivy.resolve(Ivy.java:508)
	at org.apache.ivy.core.retrieve.RetrieveTest.testUnpackSync(RetrieveTest.java:346)
	at sun.reflect.NativeMethodAccessorImpl.invoke0(Native Method)
	at sun.reflect.NativeMethodAccessorImpl.invoke(NativeMethodAccessorImpl.java:62)
	at sun.reflect.DelegatingMethodAccessorImpl.invoke(DelegatingMethodAccessorImpl.java:43)
	at java.lang.reflect.Method.invoke(Method.java:498)
	at junit.framework.TestCase.runTest(TestCase.java:164)
	at junit.framework.TestCase.runBare(TestCase.java:130)
	at junit.framework.TestResult$1.protect(TestResult.java:106)
	at junit.framework.TestResult.runProtected(TestResult.java:124)
	at junit.framework.TestResult.run(TestResult.java:109)
	at junit.framework.TestCase.run(TestCase.java:120)
	at junit.framework.TestSuite.runTest(TestSuite.java:230)
	at junit.framework.TestSuite.run(TestSuite.java:225)
	at org.apache.tools.ant.taskdefs.optional.junit.JUnitTestRunner.run(JUnitTestRunner.java:535)
	at org.apache.tools.ant.taskdefs.optional.junit.JUnitTestRunner.launch(JUnitTestRunner.java:1182)
	at org.apache.tools.ant.taskdefs.optional.junit.JUnitTestRunner.main(JUnitTestRunner.java:1033)

	checking packaging#module2;1.0 from 1 against [none]
	module revision kept as first found: packaging#module2;1.0 from 1
	found packaging#module2;1.0 in 1
Nbr of module to sort : 1
Sort dependencies of : packaging#module2;1.0 / Number of dependencies = 0
Sort done for : packaging#module2;1.0
storing dependency packaging#module2;1.0 in props
	resolved ivy file produced in cache
:: downloading artifacts ::
	 trying /Users/aminechagou/Documents/workspace/GoBot/ivy/test/repositories/1/packaging/module2/jars/module2-1.0.jar
		tried /Users/aminechagou/Documents/workspace/GoBot/ivy/test/repositories/1/packaging/module2/jars/module2-1.0.jar
downloading /Users/aminechagou/Documents/workspace/GoBot/ivy/test/repositories/1/packaging/module2/jars/module2-1.0.jar ...
	1: downloading /Users/aminechagou/Documents/workspace/GoBot/ivy/test/repositories/1/packaging/module2/jars/module2-1.0.jar
		to /Users/aminechagou/Documents/workspace/GoBot/ivy/build/cache/packaging/module2/jars/module2-1.0.jar.part
.. (0kB)
	Unpacking packaging#module2;1.0!module2.jar
		expanding META-INF/ to /Users/aminechagou/Documents/workspace/GoBot/ivy/build/cache/packaging/module2/jar_unpackeds/module2-1.0/META-INF
		expanding META-INF/MANIFEST.MF to /Users/aminechagou/Documents/workspace/GoBot/ivy/build/cache/packaging/module2/jar_unpackeds/module2-1.0/META-INF/MANIFEST.MF
		expanding test.txt to /Users/aminechagou/Documents/workspace/GoBot/ivy/build/cache/packaging/module2/jar_unpackeds/module2-1.0/test.txt
	[SUCCESSFUL ] packaging#module2;1.0!module2.jar (1ms)
:: resolution report :: resolve 21ms :: artifacts dl 3ms
	---------------------------------------------------------------------
	|                  |            modules            ||   artifacts   |
	|       conf       | number| search|dwnlded|evicted|| number|dwnlded|
	---------------------------------------------------------------------
	|      default     |   1   |   1   |   1   |   0   ||   1   |   1   |
	---------------------------------------------------------------------
Nbr of module to sort : 1
Sort dependencies of : packaging#module2;1.0 / Number of dependencies = 0
Sort done for : packaging#module2;1.0
	report for packaging#module1;1.0 default produced in /Users/aminechagou/Documents/workspace/GoBot/ivy/build/cache/packaging-module1-default.xml
	resolve done (21ms resolve - 3ms download)
:: retrieving :: packaging#module1 [sync]
	checkUpToDate=true
pre 1.3 ivy file: using exactOrRegexp as default matcher
no explicit confs given for retrieve, using ivy file: file:/Users/aminechagou/Documents/workspace/GoBot/ivy/build/cache/resolved-packaging-module1-1.0.xml
	confs: [default]
	retrieving /Users/aminechagou/Documents/workspace/GoBot/ivy/build/cache/packaging/module2/jar_unpackeds/module2-1.0
		to /Users/aminechagou/Documents/workspace/GoBot/ivy/build/test/retrieve/packaging/module2/default/jars/module2-1.0
	syncing...
	1 artifacts copied, 0 already retrieved (0kB/6ms)
	retrieve done (6ms)
setting 'ivy.default.settings.dir' to 'file:/Users/aminechagou/Documents/workspace/GoBot/ivy/build/classes/core/org/apache/ivy/core/settings'
setting 'ivy.basedir' to '/Users/aminechagou/Documents/workspace/GoBot/ivy/.'
setting 'ivy.default.conf.dir' to 'file:/Users/aminechagou/Documents/workspace/GoBot/ivy/build/classes/core/org/apache/ivy/core/settings'
setting 'java.runtime.name' to 'Java(TM) SE Runtime Environment'
setting 'sun.boot.library.path' to '/Library/Java/JavaVirtualMachines/jdk1.8.0_91.jdk/Contents/Home/jre/lib'
setting 'java.vm.version' to '25.91-b14'
setting 'gopherProxySet' to 'false'
setting 'java.vm.vendor' to 'Oracle Corporation'
setting 'java.vendor.url' to 'http://java.oracle.com/'
setting 'emma.coverage.out.merge' to 'true'
setting 'path.separator' to ':'
setting 'java.vm.name' to 'Java HotSpot(TM) 64-Bit Server VM'
setting 'file.encoding.pkg' to 'sun.io'
setting 'user.country' to 'FR'
setting 'sun.java.launcher' to 'SUN_STANDARD'
setting 'sun.os.patch.level' to 'unknown'
setting 'java.vm.specification.name' to 'Java Virtual Machine Specification'
setting 'user.dir' to '/Users/aminechagou/Documents/workspace/GoBot/ivy'
setting 'java.runtime.version' to '1.8.0_91-b14'
setting 'java.awt.graphicsenv' to 'sun.awt.CGraphicsEnvironment'
setting 'java.endorsed.dirs' to '/Library/Java/JavaVirtualMachines/jdk1.8.0_91.jdk/Contents/Home/jre/lib/endorsed'
setting 'os.arch' to 'x86_64'
setting 'java.io.tmpdir' to '/var/folders/fj/qq0462l92650s4nnvt7tmdbm0000gn/T/'
setting 'line.separator' to '
'
setting 'java.vm.specification.vendor' to 'Oracle Corporation'
setting 'os.name' to 'Mac OS X'
setting 'sun.jnu.encoding' to 'UTF-8'
setting 'java.library.path' to '/Users/aminechagou/Library/Java/Extensions:/Library/Java/Extensions:/Network/Library/Java/Extensions:/System/Library/Java/Extensions:/usr/lib/java:.'
setting 'emma.coverage.out.file' to '/Users/aminechagou/Documents/workspace/GoBot/ivy/build/coverage/coverage.emma'
setting 'java.specification.name' to 'Java Platform API Specification'
setting 'java.class.version' to '52.0'
setting 'sun.management.compiler' to 'HotSpot 64-Bit Tiered Compilers'
setting 'os.version' to '10.10.5'
setting 'http.nonProxyHosts' to 'local|*.local|169.254/16|*.169.254/16'
setting 'user.home' to '/Users/aminechagou'
setting 'user.timezone' to 'Europe/Paris'
setting 'java.awt.printerjob' to 'sun.lwawt.macosx.CPrinterJob'
setting 'file.encoding' to 'UTF-8'
setting 'java.specification.version' to '1.8'
setting 'java.class.path' to '/Users/aminechagou/Documents/workspace/GoBot/ivy/build/coverage/classes:/Users/aminechagou/.ivy2/cache/emma/emma/jars/emma-2.0.5312.jar:/Users/aminechagou/Documents/workspace/GoBot/ivy/lib/ant-contrib.jar:/Users/aminechagou/Documents/workspace/GoBot/ivy/lib/ant-testutil.jar:/Users/aminechagou/Documents/workspace/GoBot/ivy/lib/bcpg-jdk14.jar:/Users/aminechagou/Documents/workspace/GoBot/ivy/lib/bcprov-jdk14.jar:/Users/aminechagou/Documents/workspace/GoBot/ivy/lib/commons-codec.jar:/Users/aminechagou/Documents/workspace/GoBot/ivy/lib/commons-httpclient.jar:/Users/aminechagou/Documents/workspace/GoBot/ivy/lib/commons-lang.jar:/Users/aminechagou/Documents/workspace/GoBot/ivy/lib/commons-logging.jar:/Users/aminechagou/Documents/workspace/GoBot/ivy/lib/commons-vfs.jar:/Users/aminechagou/Documents/workspace/GoBot/ivy/lib/jna.jar:/Users/aminechagou/Documents/workspace/GoBot/ivy/lib/jsch.agentproxy.connector-factory.jar:/Users/aminechagou/Documents/workspace/GoBot/ivy/lib/jsch.agentproxy.core.jar:/Users/aminechagou/Documents/workspace/GoBot/ivy/lib/jsch.agentproxy.jsch.jar:/Users/aminechagou/Documents/workspace/GoBot/ivy/lib/jsch.agentproxy.pageant.jar:/Users/aminechagou/Documents/workspace/GoBot/ivy/lib/jsch.agentproxy.sshagent.jar:/Users/aminechagou/Documents/workspace/GoBot/ivy/lib/jsch.agentproxy.usocket-jna.jar:/Users/aminechagou/Documents/workspace/GoBot/ivy/lib/jsch.agentproxy.usocket-nc.jar:/Users/aminechagou/Documents/workspace/GoBot/ivy/lib/jsch.jar:/Users/aminechagou/Documents/workspace/GoBot/ivy/lib/junit.jar:/Users/aminechagou/Documents/workspace/GoBot/ivy/lib/mod1.2-2.0.jar:/Users/aminechagou/Documents/workspace/GoBot/ivy/lib/oro.jar:/Users/aminechagou/Documents/workspace/GoBot/ivy/lib/platform.jar:/Users/aminechagou/Documents/workspace/GoBot/ivy/lib/xercesImpl.jar:/Users/aminechagou/Documents/workspace/GoBot/ivy/lib/xmlParserAPIs.jar:/Users/aminechagou/Documents/workspace/GoBot/ivy/build/classes/core:/Users/aminechagou/Documents/workspace/GoBot/ivy/build/classes/ant:/Users/aminechagou/Documents/workspace/GoBot/ivy/build/classes/optional:/Users/aminechagou/Documents/workspace/GoBot/ivy/build/test:/Users/aminechagou/.p2/pool/plugins/org.apache.ant_1.9.6.v201510161327/lib/ant-launcher.jar:/Users/aminechagou/.p2/pool/plugins/org.apache.ant_1.9.6.v201510161327/lib/ant.jar:/Users/aminechagou/.p2/pool/plugins/org.apache.ant_1.9.6.v201510161327/lib/ant-junit.jar:/Users/aminechagou/.p2/pool/plugins/org.apache.ant_1.9.6.v201510161327/lib/ant-junit4.jar'
setting 'user.name' to 'aminechagou'
setting 'java.vm.specification.version' to '1.8'
setting 'sun.java.command' to 'org.apache.tools.ant.taskdefs.optional.junit.JUnitTestRunner org.apache.ivy.core.retrieve.RetrieveTest skipNonTests=false filtertrace=true haltOnError=false haltOnFailure=false formatter=org.apache.tools.ant.taskdefs.optional.junit.SummaryJUnitResultFormatter showoutput=false outputtoformatters=true logfailedtests=true threadid=0 logtestlistenerevents=false formatter=org.apache.tools.ant.taskdefs.optional.junit.XMLJUnitResultFormatter,/Users/aminechagou/Documents/workspace/GoBot/ivy/build/test-report/TEST-org.apache.ivy.core.retrieve.RetrieveTest.xml crashfile=/Users/aminechagou/Documents/workspace/GoBot/ivy/junitvmwatcher4727728708462005562.properties propsfile=/Users/aminechagou/Documents/workspace/GoBot/ivy/junit3712363074040025198.properties'
setting 'java.home' to '/Library/Java/JavaVirtualMachines/jdk1.8.0_91.jdk/Contents/Home/jre'
setting 'sun.arch.data.model' to '64'
setting 'user.language' to 'tr'
setting 'java.specification.vendor' to 'Oracle Corporation'
setting 'awt.toolkit' to 'sun.lwawt.macosx.LWCToolkit'
setting 'java.vm.info' to 'mixed mode'
setting 'java.version' to '1.8.0_91'
setting 'java.ext.dirs' to '/Users/aminechagou/Library/Java/Extensions:/Library/Java/JavaVirtualMachines/jdk1.8.0_91.jdk/Contents/Home/jre/lib/ext:/Library/Java/Extensions:/Network/Library/Java/Extensions:/System/Library/Java/Extensions:/usr/lib/java'
setting 'sun.boot.class.path' to '/Library/Java/JavaVirtualMachines/jdk1.8.0_91.jdk/Contents/Home/jre/lib/resources.jar:/Library/Java/JavaVirtualMachines/jdk1.8.0_91.jdk/Contents/Home/jre/lib/rt.jar:/Library/Java/JavaVirtualMachines/jdk1.8.0_91.jdk/Contents/Home/jre/lib/sunrsasign.jar:/Library/Java/JavaVirtualMachines/jdk1.8.0_91.jdk/Contents/Home/jre/lib/jsse.jar:/Library/Java/JavaVirtualMachines/jdk1.8.0_91.jdk/Contents/Home/jre/lib/jce.jar:/Library/Java/JavaVirtualMachines/jdk1.8.0_91.jdk/Contents/Home/jre/lib/charsets.jar:/Library/Java/JavaVirtualMachines/jdk1.8.0_91.jdk/Contents/Home/jre/lib/jfr.jar:/Library/Java/JavaVirtualMachines/jdk1.8.0_91.jdk/Contents/Home/jre/classes'
setting 'java.vendor' to 'Oracle Corporation'
setting 'file.separator' to '/'
setting 'java.vendor.url.bug' to 'http://bugreport.sun.com/bugreport/'
setting 'sun.io.unicode.encoding' to 'UnicodeBig'
setting 'sun.cpu.endian' to 'little'
setting 'http.nonProxyHosts.ivy.instance' to 'local|*.local|169.254/16|*.169.254/16'
setting 'socksNonProxyHosts' to 'local|*.local|169.254/16|*.169.254/16'
setting 'user.region' to 'TR'
setting 'ftp.nonProxyHosts' to 'local|*.local|169.254/16|*.169.254/16'
setting 'sun.cpu.isalist' to ''
:: loading settings :: file = test/repositories/ivysettings.xml
setting 'ivy.settings.dir' to '/Users/aminechagou/Documents/workspace/GoBot/ivy/test/repositories'
setting 'ivy.conf.dir' to '/Users/aminechagou/Documents/workspace/GoBot/ivy/test/repositories'
setting 'ivy.settings.file' to '/Users/aminechagou/Documents/workspace/GoBot/ivy/test/repositories/ivysettings.xml'
setting 'ivy.conf.file' to '/Users/aminechagou/Documents/workspace/GoBot/ivy/test/repositories/ivysettings.xml'
setting 'ivy.settings.url' to 'file:/Users/aminechagou/Documents/workspace/GoBot/ivy/test/repositories/ivysettings.xml'
setting 'ivy.conf.url' to 'file:/Users/aminechagou/Documents/workspace/GoBot/ivy/test/repositories/ivysettings.xml'
setting 'ivy.settings.dir.url' to 'file:/Users/aminechagou/Documents/workspace/GoBot/ivy/test/repositories/'
setting 'ivy.default.ivy.user.dir' to '/Users/aminechagou/.ivy2'
setting 'ivy.home' to '/Users/aminechagou/.ivy2'
no default ivy user dir defined: set to /Users/aminechagou/.ivy2
setting 'ivy.log.modules.in.use' to 'false'
setting 'ivy.resolver.default.check.modified' to 'false'
setting 'ivy.default.always.check.exact.revision' to 'false'
setting 'ivy.retrieve.pattern' to '${ivy.lib.dir}/[artifact]-[revision](-[classifier]).[ext]'
setting 'ivy.configurations' to '*'
setting 'ivy.buildlist.ivyfilepath' to 'ivy.xml'
setting 'ivy.status' to 'integration'
setting 'ivy.resolve.default.type.filter' to '*'
setting 'ivy.project.dir' to '${basedir}'
setting 'ivy.dep.file' to 'ivy.xml'
'ivy.settings.file' already set: discarding 'ivysettings.xml'
setting 'ivy.report.output.pattern' to '[organisation]-[module]-[conf].[ext]'
setting 'ivy.cache.ttl.default' to '10s'
setting 'ivy.publish.src.artifacts.pattern' to '${ivy.distrib.dir}/[type]s/[artifact]-[revision](-[classifier]).[ext]'
setting 'ivy.deliver.ivy.pattern' to '${ivy.distrib.dir}/[type]s/[artifact]-[revision](-[classifier]).[ext]'
setting 'ivy.build.artifacts.dir' to '${ivy.project.dir}/build/artifacts'
setting 'ivy.checksums' to 'sha1,md5'
setting 'ivy.distrib.dir' to '${ivy.project.dir}/distrib'
setting 'ivy.lib.dir' to '${ivy.project.dir}/lib'
loading properties: /Users/aminechagou/Documents/workspace/GoBot/ivy/test/repositories/ivysettings.properties
setting 'ivy.publish.src.artifacts.pattern' to '${build}/[artifact]-[revision].[ext]'
setting 'vfs.user' to ''
setting 'cache.dir' to '${ivy.basedir}/build/cache'
setting 'vfs.passwd' to ''
setting 'vfs.host' to ''
setting 'vfs.samba.share' to ''
setting 'ivy.cache.dir' to '/Users/aminechagou/Documents/workspace/GoBot/ivy/build/cache'
1: no namespace defined: using system
1: no latest strategy defined: using default
2: no namespace defined: using system
2: no latest strategy defined: using default
test: no namespace defined: using system
test: no latest strategy defined: using default
m2: no namespace defined: using system
m2: no latest strategy defined: using default
install: no namespace defined: using system
install: no latest strategy defined: using default
2-ivy: no namespace defined: using system
2-ivy: no latest strategy defined: using default
2-artifact: no namespace defined: using system
2-artifact: no latest strategy defined: using default
transactional: no namespace defined: using system
transactional: no latest strategy defined: using default
'ivy.default.ivy.user.dir' already set: discarding '/Users/aminechagou/.ivy2'
settings loaded (7ms)
	default cache: /Users/aminechagou/Documents/workspace/GoBot/ivy/build/cache
	default resolver: test
	default latest strategy: latest-revision
	default conflict manager: latest-revision
	circular dependency strategy: warn
	validate: true
	check up2date: true
	-- 8 resolvers:
	1 [file]
		cache: null
		m2compatible: false
		ivy patterns:
			/Users/aminechagou/Documents/workspace/GoBot/ivy/test/repositories/1/[organisation]/[module]/ivys/ivy-[revision].xml
		artifact patterns:
			/Users/aminechagou/Documents/workspace/GoBot/ivy/test/repositories/1/[organisation]/[module]/[type]s/[artifact]-[revision].[ext]
		repository: 1
	2 [dual 2-ivy 2-artifact]
	test [chain] [1, 2, m2]
		return first: false
		dual: false
		-> 1
		-> 2
		-> m2
	m2 [ibiblio]
		cache: null
		m2compatible: true
		ivy patterns:
			file:/Users/aminechagou/Documents/workspace/GoBot/ivy/test/repositories/m2/[organisation]/[module]/[revision]/[artifact]-[revision](-[classifier]).[ext]
		artifact patterns:
			file:/Users/aminechagou/Documents/workspace/GoBot/ivy/test/repositories/m2/[organisation]/[module]/[revision]/[artifact]-[revision](-[classifier]).[ext]
		repository: m2
		root: file:/Users/aminechagou/Documents/workspace/GoBot/ivy/test/repositories/m2/
		pattern: [organisation]/[module]/[revision]/[artifact]-[revision](-[classifier]).[ext]
		usepoms: true
		useMavenMetadata: true
	install [file]
		cache: null
		m2compatible: false
		ivy patterns:
			/Users/aminechagou/Documents/workspace/GoBot/ivy/build/test/install/[organisation]/[module]/[artifact]-[revision].[ext]
		artifact patterns:
			/Users/aminechagou/Documents/workspace/GoBot/ivy/build/test/install/[organisation]/[module]/[artifact]-[revision].[ext]
		repository: install
	2-ivy [file]
		cache: null
		m2compatible: false
		ivy patterns:
			/Users/aminechagou/Documents/workspace/GoBot/ivy/test/repositories/2/[module]/ivy-[revision].xml
		artifact patterns:
		repository: 2-ivy
	2-artifact [file]
		cache: null
		m2compatible: false
		ivy patterns:
		artifact patterns:
			/Users/aminechagou/Documents/workspace/GoBot/ivy/test/repositories/2/[module]/[artifact]-[revision].[ext]
			/Users/aminechagou/Documents/workspace/GoBot/ivy/test/repositories/2/[module]/[artifact].[ext]
		repository: 2-artifact
	transactional [file]
		cache: null
		m2compatible: false
		ivy patterns:
			/Users/aminechagou/Documents/workspace/GoBot/ivy/build/test/transactional/[organisation]/[module]/[revision]/[artifact]-[revision].[ext]
		artifact patterns:
			/Users/aminechagou/Documents/workspace/GoBot/ivy/build/test/transactional/[organisation]/[module]/[revision]/[artifact]-[revision].[ext]
		repository: transactional
	module settings:
		NONE
using ivy parser to parse file:/Users/aminechagou/Documents/workspace/GoBot/ivy/test/repositories/1/org1/mod1.4/ivys/ivy-1.0.1.xml
pre 1.3 ivy file: using exactOrRegexp as default matcher
:: resolving dependencies :: org1#mod1.4;1.0.1
	confs: [default, compile]
	validate = true
	refresh = false
resolving dependencies for configuration 'default'
== resolving dependencies for org1#mod1.4;1.0.1 [default]
loadData of org1#mod1.4;1.0.1 of rootConf=default
== resolving dependencies org1#mod1.4;1.0.1->org1#mod1.2;latest.integration [default->*]
loadData of org1#mod1.2;latest.integration of rootConf=default
	using test to resolve org1#mod1.2;latest.integration
test: Checking cache for: dependency: org1#mod1.2;latest.integration {*=[*]}
default-cache: no cached resolved revision for org1#mod1.2;latest.integration
default-cache: no cached resolved revision for org1#mod1.2;latest.integration
		tried /Users/aminechagou/Documents/workspace/GoBot/ivy/test/repositories/1/org1/mod1.2/ivys/ivy-[revision].xml
	listing all in /Users/aminechagou/Documents/workspace/GoBot/ivy/test/repositories/1/org1/mod1.2/ivys/ivy-[revision].xml
	using 1 to list all in /Users/aminechagou/Documents/workspace/GoBot/ivy/test/repositories/1/org1/mod1.2/ivys
	using 1 to list all in /Users/aminechagou/Documents/workspace/GoBot/ivy/test/repositories/1/org1/mod1.2/ivys
		no resources found
	1: unable to list resources for org1#mod1.2;latest.integration: pattern=/Users/aminechagou/Documents/workspace/GoBot/ivy/test/repositories/1/[organisation]/[module]/ivys/ivy-[revision].xml
		tried /Users/aminechagou/Documents/workspace/GoBot/ivy/test/repositories/1/org1/mod1.2/jars/mod1.2-[revision].jar
	listing all in /Users/aminechagou/Documents/workspace/GoBot/ivy/test/repositories/1/org1/mod1.2/jars/mod1.2-[revision].jar
	using 1 to list all in /Users/aminechagou/Documents/workspace/GoBot/ivy/test/repositories/1/org1/mod1.2/jars
	using 1 to list all in /Users/aminechagou/Documents/workspace/GoBot/ivy/test/repositories/1/org1/mod1.2/jars
		found 6 resources
		found 6 urls
		6 matched /Users/aminechagou/Documents/workspace/GoBot/ivy/test/repositories/1/org1/mod1.2/jars/mod1.2-[revision].jar
	found revs: [0.9, 1.0, 1.1, 2.0, 2.1, 2.2]
1 do not support transaction. ivy pattern does not use revision as a directory
	1: no ivy file found for org1#mod1.2;latest.integration: using default data
		[2.2] org1#mod1.2
	checking org1#mod1.2;2.2[default] from 1 against [none]
	module revision kept as first found: org1#mod1.2;2.2[default] from 1
found resolved revision in cache: org1#mod1.2;latest.integration => 2.2
Entry is found in the ModuleDescriptorCache : /Users/aminechagou/Documents/workspace/GoBot/ivy/build/cache/org1/mod1.2/ivy-2.2.xml
	found ivy file in cache for org1#mod1.2;2.2 (resolved by 1): /Users/aminechagou/Documents/workspace/GoBot/ivy/build/cache/org1/mod1.2/ivy-2.2.xml
found module in cache but with a different resolver: discarding: org1#mod1.2;2.2; expected resolver=2-ivy; resolver=1
		tried /Users/aminechagou/Documents/workspace/GoBot/ivy/test/repositories/2/mod1.2/ivy-[revision].xml
	listing all in /Users/aminechagou/Documents/workspace/GoBot/ivy/test/repositories/2/mod1.2/ivy-[revision].xml
	using 2-ivy to list all in /Users/aminechagou/Documents/workspace/GoBot/ivy/test/repositories/2/mod1.2
	using 2-ivy to list all in /Users/aminechagou/Documents/workspace/GoBot/ivy/test/repositories/2/mod1.2
		no resources found
	2-ivy: unable to list resources for org1#mod1.2;latest.integration: pattern=/Users/aminechagou/Documents/workspace/GoBot/ivy/test/repositories/2/[module]/ivy-[revision].xml
	2-ivy: no ivy file nor artifact found for org1#mod1.2;latest.integration
found resolved revision in cache: org1#mod1.2;latest.integration => 2.2
Entry is found in the ModuleDescriptorCache : /Users/aminechagou/Documents/workspace/GoBot/ivy/build/cache/org1/mod1.2/ivy-2.2.xml
	found ivy file in cache for org1#mod1.2;2.2 (resolved by 1): /Users/aminechagou/Documents/workspace/GoBot/ivy/build/cache/org1/mod1.2/ivy-2.2.xml
found module in cache but with a different resolver: discarding: org1#mod1.2;2.2; expected resolver=m2; resolver=1
		tried file:/Users/aminechagou/Documents/workspace/GoBot/ivy/test/repositories/m2/org1/mod1.2/[revision]/mod1.2-[revision].pom
	maven-metadata not available: file:/Users/aminechagou/Documents/workspace/GoBot/ivy/test/repositories/m2/org1/mod1.2/maven-metadata.xml
	listing all in file:/Users/aminechagou/Documents/workspace/GoBot/ivy/test/repositories/m2/org1/mod1.2/[revision]/mod1.2-[revision].pom
	using m2 to list all in file:/Users/aminechagou/Documents/workspace/GoBot/ivy/test/repositories/m2/org1/mod1.2/
		found 0 resources
	found revs: []
	m2: no resource found for org1#mod1.2;latest.integration: pattern=file:/Users/aminechagou/Documents/workspace/GoBot/ivy/test/repositories/m2/[organisation]/[module]/[revision]/[artifact]-[revision](-[classifier]).[ext]
		tried file:/Users/aminechagou/Documents/workspace/GoBot/ivy/test/repositories/m2/org1/mod1.2/[revision]/mod1.2-[revision].jar
	maven-metadata not available: file:/Users/aminechagou/Documents/workspace/GoBot/ivy/test/repositories/m2/org1/mod1.2/maven-metadata.xml
	listing all in file:/Users/aminechagou/Documents/workspace/GoBot/ivy/test/repositories/m2/org1/mod1.2/[revision]/mod1.2-[revision].jar
	using m2 to list all in file:/Users/aminechagou/Documents/workspace/GoBot/ivy/test/repositories/m2/org1/mod1.2/
		found 0 resources
	found revs: []
	m2: no resource found for org1#mod1.2;latest.integration: pattern=file:/Users/aminechagou/Documents/workspace/GoBot/ivy/test/repositories/m2/[organisation]/[module]/[revision]/[artifact]-[revision](-[classifier]).[ext]
	m2: no ivy file nor artifact found for org1#mod1.2;latest.integration
	found org1#mod1.2;2.2 in 1
	[2.2] org1#mod1.2;latest.integration
== resolving dependencies org1#mod1.4;1.0.1->org1#mod1.2;latest.integration [default->default]
loadData of org1#mod1.2;2.2 of rootConf=default
resolving dependencies for configuration 'compile'
== resolving dependencies for org1#mod1.4;1.0.1 [compile]
loadData of org1#mod1.4;1.0.1 of rootConf=compile
== resolving dependencies for org1#mod1.4;1.0.1 [default]
loadData of org1#mod1.4;1.0.1 of rootConf=compile
compile is loaded and no conf to load.  Skip loading
== resolving dependencies org1#mod1.4;1.0.1->org1#mod1.2;latest.integration [default->default]
loadData of org1#mod1.2;2.2 of rootConf=compile
== resolving dependencies org1#mod1.4;1.0.1->org1#mod1.2;latest.integration [compile->default]
loadData of org1#mod1.2;2.2 of rootConf=compile
compile is loaded and no conf to load.  Skip loading
== resolving dependencies org1#mod1.4;1.0.1->org1#mod1.1;latest.integration [compile->default]
loadData of org1#mod1.1;latest.integration of rootConf=compile
	using test to resolve org1#mod1.1;latest.integration
test: Checking cache for: dependency: org1#mod1.1;latest.integration {compile=[default]}
default-cache: no cached resolved revision for org1#mod1.1;latest.integration
default-cache: no cached resolved revision for org1#mod1.1;latest.integration
		tried /Users/aminechagou/Documents/workspace/GoBot/ivy/test/repositories/1/org1/mod1.1/ivys/ivy-[revision].xml
	listing all in /Users/aminechagou/Documents/workspace/GoBot/ivy/test/repositories/1/org1/mod1.1/ivys/ivy-[revision].xml
	using 1 to list all in /Users/aminechagou/Documents/workspace/GoBot/ivy/test/repositories/1/org1/mod1.1/ivys
	using 1 to list all in /Users/aminechagou/Documents/workspace/GoBot/ivy/test/repositories/1/org1/mod1.1/ivys
		found 4 resources
		found 4 urls
		4 matched /Users/aminechagou/Documents/workspace/GoBot/ivy/test/repositories/1/org1/mod1.1/ivys/ivy-[revision].xml
	found revs: [1.0.1, 1.0, 1.1, 2.0]
	1: found md file for org1#mod1.1;latest.integration
		=> /Users/aminechagou/Documents/workspace/GoBot/ivy/test/repositories/1/org1/mod1.1/ivys/ivy-2.0.xml (2.0)
	parser = ivy parser
	no ivy file in cache for org1#mod1.1;2.0: tried /Users/aminechagou/Documents/workspace/GoBot/ivy/build/cache/org1/mod1.1/ivy-2.0.xml
downloading /Users/aminechagou/Documents/workspace/GoBot/ivy/test/repositories/1/org1/mod1.1/ivys/ivy-2.0.xml ...
	1: downloading /Users/aminechagou/Documents/workspace/GoBot/ivy/test/repositories/1/org1/mod1.1/ivys/ivy-2.0.xml
		to /Users/aminechagou/Documents/workspace/GoBot/ivy/build/cache/org1/mod1.1/ivy-2.0.xml.original.part
	[SUCCESSFUL ] org1#mod1.1;2.0!ivy.xml(ivy.original) (23ms)
pre 1.3 ivy file: using exactOrRegexp as default matcher
	default-cache: parsed downloaded md file for org1#mod1.1;2.0; parsed=org1#mod1.1;2.0
		[2.0] org1#mod1.1
java.net.MalformedURLException: no protocol: /Users/aminechagou/Documents/workspace/GoBot/ivy/test/repositories/1/org1/mod1.1/ivys/ivy-2.0.xml
	at java.net.URL.<init>(URL.java:593)
	at java.net.URL.<init>(URL.java:490)
	at java.net.URL.<init>(URL.java:439)
	at org.apache.ivy.core.cache.DefaultRepositoryCacheManager.getSavedArtifactOrigin(DefaultRepositoryCacheManager.java:519)
	at org.apache.ivy.core.cache.DefaultRepositoryCacheManager.getArchiveFileInCache(DefaultRepositoryCacheManager.java:357)
	at org.apache.ivy.core.cache.DefaultRepositoryCacheManager.originalToCachedModuleDescriptor(DefaultRepositoryCacheManager.java:1203)
	at org.apache.ivy.plugins.resolver.BasicResolver.cacheModuleDescriptor(BasicResolver.java:365)
	at org.apache.ivy.plugins.resolver.BasicResolver.getDependency(BasicResolver.java:311)
	at org.apache.ivy.plugins.resolver.ChainResolver.getDependency(ChainResolver.java:104)
	at org.apache.ivy.core.resolve.IvyNode.loadData(IvyNode.java:170)
	at org.apache.ivy.core.resolve.VisitNode.loadData(VisitNode.java:292)
	at org.apache.ivy.core.resolve.ResolveEngine.fetchDependencies(ResolveEngine.java:718)
	at org.apache.ivy.core.resolve.ResolveEngine.doFetchDependencies(ResolveEngine.java:803)
	at org.apache.ivy.core.resolve.ResolveEngine.fetchDependencies(ResolveEngine.java:726)
	at org.apache.ivy.core.resolve.ResolveEngine.getDependencies(ResolveEngine.java:599)
	at org.apache.ivy.core.resolve.ResolveEngine.resolve(ResolveEngine.java:236)
	at org.apache.ivy.core.resolve.ResolveEngine.resolve(ResolveEngine.java:197)
	at org.apache.ivy.Ivy.resolve(Ivy.java:508)
	at org.apache.ivy.core.retrieve.RetrieveTest.testRetrieveSameFileConflict(RetrieveTest.java:103)
	at sun.reflect.NativeMethodAccessorImpl.invoke0(Native Method)
	at sun.reflect.NativeMethodAccessorImpl.invoke(NativeMethodAccessorImpl.java:62)
	at sun.reflect.DelegatingMethodAccessorImpl.invoke(DelegatingMethodAccessorImpl.java:43)
	at java.lang.reflect.Method.invoke(Method.java:498)
	at junit.framework.TestCase.runTest(TestCase.java:164)
	at junit.framework.TestCase.runBare(TestCase.java:130)
	at junit.framework.TestResult$1.protect(TestResult.java:106)
	at junit.framework.TestResult.runProtected(TestResult.java:124)
	at junit.framework.TestResult.run(TestResult.java:109)
	at junit.framework.TestCase.run(TestCase.java:120)
	at junit.framework.TestSuite.runTest(TestSuite.java:230)
	at junit.framework.TestSuite.run(TestSuite.java:225)
	at org.apache.tools.ant.taskdefs.optional.junit.JUnitTestRunner.run(JUnitTestRunner.java:535)
	at org.apache.tools.ant.taskdefs.optional.junit.JUnitTestRunner.launch(JUnitTestRunner.java:1182)
	at org.apache.tools.ant.taskdefs.optional.junit.JUnitTestRunner.main(JUnitTestRunner.java:1033)

	checking org1#mod1.1;2.0 from 1 against [none]
	module revision kept as first found: org1#mod1.1;2.0 from 1
found resolved revision in cache: org1#mod1.1;latest.integration => 2.0
Entry is found in the ModuleDescriptorCache : /Users/aminechagou/Documents/workspace/GoBot/ivy/build/cache/org1/mod1.1/ivy-2.0.xml
	found ivy file in cache for org1#mod1.1;2.0 (resolved by 1): /Users/aminechagou/Documents/workspace/GoBot/ivy/build/cache/org1/mod1.1/ivy-2.0.xml
found module in cache but with a different resolver: discarding: org1#mod1.1;2.0; expected resolver=2-ivy; resolver=1
		tried /Users/aminechagou/Documents/workspace/GoBot/ivy/test/repositories/2/mod1.1/ivy-[revision].xml
	listing all in /Users/aminechagou/Documents/workspace/GoBot/ivy/test/repositories/2/mod1.1/ivy-[revision].xml
	using 2-ivy to list all in /Users/aminechagou/Documents/workspace/GoBot/ivy/test/repositories/2/mod1.1
	using 2-ivy to list all in /Users/aminechagou/Documents/workspace/GoBot/ivy/test/repositories/2/mod1.1
		no resources found
	2-ivy: unable to list resources for org1#mod1.1;latest.integration: pattern=/Users/aminechagou/Documents/workspace/GoBot/ivy/test/repositories/2/[module]/ivy-[revision].xml
	2-ivy: no ivy file nor artifact found for org1#mod1.1;latest.integration
found resolved revision in cache: org1#mod1.1;latest.integration => 2.0
Entry is found in the ModuleDescriptorCache : /Users/aminechagou/Documents/workspace/GoBot/ivy/build/cache/org1/mod1.1/ivy-2.0.xml
	found ivy file in cache for org1#mod1.1;2.0 (resolved by 1): /Users/aminechagou/Documents/workspace/GoBot/ivy/build/cache/org1/mod1.1/ivy-2.0.xml
found module in cache but with a different resolver: discarding: org1#mod1.1;2.0; expected resolver=m2; resolver=1
		tried file:/Users/aminechagou/Documents/workspace/GoBot/ivy/test/repositories/m2/org1/mod1.1/[revision]/mod1.1-[revision].pom
	maven-metadata not available: file:/Users/aminechagou/Documents/workspace/GoBot/ivy/test/repositories/m2/org1/mod1.1/maven-metadata.xml
	listing all in file:/Users/aminechagou/Documents/workspace/GoBot/ivy/test/repositories/m2/org1/mod1.1/[revision]/mod1.1-[revision].pom
	using m2 to list all in file:/Users/aminechagou/Documents/workspace/GoBot/ivy/test/repositories/m2/org1/mod1.1/
		found 0 resources
	found revs: []
	m2: no resource found for org1#mod1.1;latest.integration: pattern=file:/Users/aminechagou/Documents/workspace/GoBot/ivy/test/repositories/m2/[organisation]/[module]/[revision]/[artifact]-[revision](-[classifier]).[ext]
		tried file:/Users/aminechagou/Documents/workspace/GoBot/ivy/test/repositories/m2/org1/mod1.1/[revision]/mod1.1-[revision].jar
	maven-metadata not available: file:/Users/aminechagou/Documents/workspace/GoBot/ivy/test/repositories/m2/org1/mod1.1/maven-metadata.xml
	listing all in file:/Users/aminechagou/Documents/workspace/GoBot/ivy/test/repositories/m2/org1/mod1.1/[revision]/mod1.1-[revision].jar
	using m2 to list all in file:/Users/aminechagou/Documents/workspace/GoBot/ivy/test/repositories/m2/org1/mod1.1/
		found 0 resources
	found revs: []
	m2: no resource found for org1#mod1.1;latest.integration: pattern=file:/Users/aminechagou/Documents/workspace/GoBot/ivy/test/repositories/m2/[organisation]/[module]/[revision]/[artifact]-[revision](-[classifier]).[ext]
	m2: no ivy file nor artifact found for org1#mod1.1;latest.integration
	found org1#mod1.1;2.0 in 1
	[2.0] org1#mod1.1;latest.integration
== resolving dependencies org1#mod1.1;latest.integration->org1#mod1.2;2.1 [default->*]
loadData of org1#mod1.2;2.1 of rootConf=compile
compile is evicted.  Skip loading
== resolving dependencies org1#mod1.1;latest.integration->org1#mod1.2;latest.integration [default->*]
loadData of org1#mod1.2;2.2 of rootConf=compile
compile is loaded and no conf to load.  Skip loading
Nbr of module to sort : 2
Sort dependencies of : org1#mod1.2;latest.integration / Number of dependencies = 0
Sort done for : org1#mod1.2;latest.integration
Sort dependencies of : org1#mod1.1;2.0 / Number of dependencies = 1
Non matching revision detected when sorting.  org1#mod1.1 depends on org1#mod1.2;2.1, doesn't match org1#mod1.2;latest.integration
Sort done for : org1#mod1.1;2.0
storing dependency org1#mod1.2;2.2 in props
storing dependency org1#mod1.1;2.0 in props
	resolved ivy file produced in cache
:: downloading artifacts ::
	 trying /Users/aminechagou/Documents/workspace/GoBot/ivy/test/repositories/1/org1/mod1.2/jars/mod1.2-2.2.jar
		tried /Users/aminechagou/Documents/workspace/GoBot/ivy/test/repositories/1/org1/mod1.2/jars/mod1.2-2.2.jar
downloading /Users/aminechagou/Documents/workspace/GoBot/ivy/test/repositories/1/org1/mod1.2/jars/mod1.2-2.2.jar ...
	1: downloading /Users/aminechagou/Documents/workspace/GoBot/ivy/test/repositories/1/org1/mod1.2/jars/mod1.2-2.2.jar
		to /Users/aminechagou/Documents/workspace/GoBot/ivy/build/cache/org1/mod1.2/jars/mod1.2-2.2.jar.part
. (0kB)
	[SUCCESSFUL ] org1#mod1.2;2.2!mod1.2.jar (1ms)
	 trying /Users/aminechagou/Documents/workspace/GoBot/ivy/test/repositories/1/org1/mod1.1/jars/mod1.1-2.0.jar
		tried /Users/aminechagou/Documents/workspace/GoBot/ivy/test/repositories/1/org1/mod1.1/jars/mod1.1-2.0.jar
downloading /Users/aminechagou/Documents/workspace/GoBot/ivy/test/repositories/1/org1/mod1.1/jars/mod1.1-2.0.jar ...
	1: downloading /Users/aminechagou/Documents/workspace/GoBot/ivy/test/repositories/1/org1/mod1.1/jars/mod1.1-2.0.jar
		to /Users/aminechagou/Documents/workspace/GoBot/ivy/build/cache/org1/mod1.1/jars/mod1.1-2.0.jar.part
.. (0kB)
	[SUCCESSFUL ] org1#mod1.1;2.0!mod1.1.jar (2ms)
:: resolution report :: resolve 91ms :: artifacts dl 3ms
	:: evicted modules:
	org1#mod1.2;2.1 by [org1#mod1.2;2.2] in [compile]
	  in org1#mod1.4;1.0.1 with latest-revision
	---------------------------------------------------------------------
	|                  |            modules            ||   artifacts   |
	|       conf       | number| search|dwnlded|evicted|| number|dwnlded|
	---------------------------------------------------------------------
	|      default     |   1   |   1   |   0   |   0   ||   1   |   1   |
	|      compile     |   3   |   2   |   1   |   1   ||   2   |   2   |
	---------------------------------------------------------------------
Nbr of module to sort : 1
Sort dependencies of : org1#mod1.2;latest.integration / Number of dependencies = 0
Sort done for : org1#mod1.2;latest.integration
	report for org1#mod1.4;1.0.1 default produced in /Users/aminechagou/Documents/workspace/GoBot/ivy/build/cache/org1-mod1.4-default.xml
Nbr of module to sort : 2
Sort dependencies of : org1#mod1.2;latest.integration / Number of dependencies = 0
Sort done for : org1#mod1.2;latest.integration
Sort dependencies of : org1#mod1.1;2.0 / Number of dependencies = 1
Non matching revision detected when sorting.  org1#mod1.1 depends on org1#mod1.2;2.1, doesn't match org1#mod1.2;latest.integration
Sort done for : org1#mod1.1;2.0
	report for org1#mod1.4;1.0.1 compile produced in /Users/aminechagou/Documents/workspace/GoBot/ivy/build/cache/org1-mod1.4-compile.xml
	resolve done (91ms resolve - 3ms download)
using ivy parser to parse file:/Users/aminechagou/Documents/workspace/GoBot/ivy/test/repositories/1/org2/mod2.2/ivys/ivy-0.5.xml
pre 1.3 ivy file: using exactOrRegexp as default matcher
:: resolving dependencies :: org2#mod2.2;0.5
	confs: [myconf1, myconf2]
	validate = true
	refresh = false
resolving dependencies for configuration 'myconf1'
== resolving dependencies for org2#mod2.2;0.5 [myconf1]
loadData of org2#mod2.2;0.5 of rootConf=myconf1
== resolving dependencies org2#mod2.2;0.5->org1#mod1.3;3.0 [myconf1->*]
loadData of org1#mod1.3;3.0 of rootConf=myconf1
	using test to resolve org1#mod1.3;3.0
test: Checking cache for: dependency: org1#mod1.3;3.0 {*=[*]}
	no ivy file in cache for org1#mod1.3;3.0: tried /Users/aminechagou/Documents/workspace/GoBot/ivy/build/cache/org1/mod1.3/ivy-3.0.xml
	no ivy file in cache for org1#mod1.3;3.0: tried /Users/aminechagou/Documents/workspace/GoBot/ivy/build/cache/org1/mod1.3/ivy-3.0.xml
	 trying /Users/aminechagou/Documents/workspace/GoBot/ivy/test/repositories/1/org1/mod1.3/ivys/ivy-3.0.xml
		tried /Users/aminechagou/Documents/workspace/GoBot/ivy/test/repositories/1/org1/mod1.3/ivys/ivy-3.0.xml
	1: resource not reachable for org1#mod1.3;3.0: res=/Users/aminechagou/Documents/workspace/GoBot/ivy/test/repositories/1/org1/mod1.3/ivys/ivy-3.0.xml
	 trying /Users/aminechagou/Documents/workspace/GoBot/ivy/test/repositories/1/org1/mod1.3/jars/mod1.3-A-3.0.jar
		tried /Users/aminechagou/Documents/workspace/GoBot/ivy/test/repositories/1/org1/mod1.3/jars/mod1.3-A-3.0.jar
	1: no ivy file found for org1#mod1.3;3.0: using default data
	checking org1#mod1.3;3.0[default] from 1 against [none]
	module revision kept as first found: org1#mod1.3;3.0[default] from 1
Entry is found in the ModuleDescriptorCache : /Users/aminechagou/Documents/workspace/GoBot/ivy/build/cache/org1/mod1.3/ivy-3.0.xml
	found ivy file in cache for org1#mod1.3;3.0 (resolved by 1): /Users/aminechagou/Documents/workspace/GoBot/ivy/build/cache/org1/mod1.3/ivy-3.0.xml
found module in cache but with a different resolver: discarding: org1#mod1.3;3.0; expected resolver=2-ivy; resolver=1
	 trying /Users/aminechagou/Documents/workspace/GoBot/ivy/test/repositories/2/mod1.3/ivy-3.0.xml
		tried /Users/aminechagou/Documents/workspace/GoBot/ivy/test/repositories/2/mod1.3/ivy-3.0.xml
	2-ivy: resource not reachable for org1#mod1.3;3.0: res=/Users/aminechagou/Documents/workspace/GoBot/ivy/test/repositories/2/mod1.3/ivy-3.0.xml
	2-ivy: no ivy file nor artifact found for org1#mod1.3;3.0
Entry is found in the ModuleDescriptorCache : /Users/aminechagou/Documents/workspace/GoBot/ivy/build/cache/org1/mod1.3/ivy-3.0.xml
	found ivy file in cache for org1#mod1.3;3.0 (resolved by 1): /Users/aminechagou/Documents/workspace/GoBot/ivy/build/cache/org1/mod1.3/ivy-3.0.xml
found module in cache but with a different resolver: discarding: org1#mod1.3;3.0; expected resolver=m2; resolver=1
	 trying file:/Users/aminechagou/Documents/workspace/GoBot/ivy/test/repositories/m2/org1/mod1.3/3.0/mod1.3-3.0.pom
		tried file:/Users/aminechagou/Documents/workspace/GoBot/ivy/test/repositories/m2/org1/mod1.3/3.0/mod1.3-3.0.pom
	m2: resource not reachable for org1#mod1.3;3.0: res=file:/Users/aminechagou/Documents/workspace/GoBot/ivy/test/repositories/m2/org1/mod1.3/3.0/mod1.3-3.0.pom
	 trying file:/Users/aminechagou/Documents/workspace/GoBot/ivy/test/repositories/m2/org1/mod1.3/3.0/mod1.3-A-3.0.jar
		tried file:/Users/aminechagou/Documents/workspace/GoBot/ivy/test/repositories/m2/org1/mod1.3/3.0/mod1.3-A-3.0.jar
	m2: resource not reachable for org1#mod1.3;3.0: res=file:/Users/aminechagou/Documents/workspace/GoBot/ivy/test/repositories/m2/org1/mod1.3/3.0/mod1.3-A-3.0.jar
	 trying file:/Users/aminechagou/Documents/workspace/GoBot/ivy/test/repositories/m2/org1/mod1.3/3.0/mod1.3-B-3.0.jar
		tried file:/Users/aminechagou/Documents/workspace/GoBot/ivy/test/repositories/m2/org1/mod1.3/3.0/mod1.3-B-3.0.jar
	m2: resource not reachable for org1#mod1.3;3.0: res=file:/Users/aminechagou/Documents/workspace/GoBot/ivy/test/repositories/m2/org1/mod1.3/3.0/mod1.3-B-3.0.jar
	m2: no ivy file nor artifact found for org1#mod1.3;3.0
	found org1#mod1.3;3.0 in 1
resolving dependencies for configuration 'myconf2'
== resolving dependencies for org2#mod2.2;0.5 [myconf2]
loadData of org2#mod2.2;0.5 of rootConf=myconf2
== resolving dependencies org2#mod2.2;0.5->org1#mod1.3;3.0 [myconf2->default]
loadData of org1#mod1.3;3.0 of rootConf=myconf2
Nbr of module to sort : 1
Sort dependencies of : org1#mod1.3;3.0 / Number of dependencies = 0
Sort done for : org1#mod1.3;3.0
storing dependency org1#mod1.3;3.0 in props
	resolved ivy file produced in cache
:: downloading artifacts ::
	 trying /Users/aminechagou/Documents/workspace/GoBot/ivy/test/repositories/1/org1/mod1.3/jars/mod1.3-A-3.0.jar
		tried /Users/aminechagou/Documents/workspace/GoBot/ivy/test/repositories/1/org1/mod1.3/jars/mod1.3-A-3.0.jar
downloading /Users/aminechagou/Documents/workspace/GoBot/ivy/test/repositories/1/org1/mod1.3/jars/mod1.3-A-3.0.jar ...
	1: downloading /Users/aminechagou/Documents/workspace/GoBot/ivy/test/repositories/1/org1/mod1.3/jars/mod1.3-A-3.0.jar
		to /Users/aminechagou/Documents/workspace/GoBot/ivy/build/cache/org1/mod1.3/jars/mod1.3-A-3.0.jar.part
.. (0kB)
	[SUCCESSFUL ] org1#mod1.3;3.0!mod1.3-A.jar (1ms)
	 trying /Users/aminechagou/Documents/workspace/GoBot/ivy/test/repositories/1/org1/mod1.3/jars/mod1.3-B-3.0.jar
		tried /Users/aminechagou/Documents/workspace/GoBot/ivy/test/repositories/1/org1/mod1.3/jars/mod1.3-B-3.0.jar
downloading /Users/aminechagou/Documents/workspace/GoBot/ivy/test/repositories/1/org1/mod1.3/jars/mod1.3-B-3.0.jar ...
	1: downloading /Users/aminechagou/Documents/workspace/GoBot/ivy/test/repositories/1/org1/mod1.3/jars/mod1.3-B-3.0.jar
		to /Users/aminechagou/Documents/workspace/GoBot/ivy/build/cache/org1/mod1.3/jars/mod1.3-B-3.0.jar.part
.. (0kB)
	[SUCCESSFUL ] org1#mod1.3;3.0!mod1.3-B.jar (1ms)
:: resolution report :: resolve 17ms :: artifacts dl 3ms
	---------------------------------------------------------------------
	|                  |            modules            ||   artifacts   |
	|       conf       | number| search|dwnlded|evicted|| number|dwnlded|
	---------------------------------------------------------------------
	|      myconf1     |   1   |   1   |   0   |   0   ||   2   |   2   |
	|      myconf2     |   1   |   1   |   0   |   0   ||   1   |   1   |
	---------------------------------------------------------------------
Nbr of module to sort : 1
Sort dependencies of : org1#mod1.3;3.0 / Number of dependencies = 0
Sort done for : org1#mod1.3;3.0
	report for org2#mod2.2;0.5 myconf1 produced in /Users/aminechagou/Documents/workspace/GoBot/ivy/build/cache/org2-mod2.2-myconf1.xml
Nbr of module to sort : 1
Sort dependencies of : org1#mod1.3;3.0 / Number of dependencies = 0
Sort done for : org1#mod1.3;3.0
	report for org2#mod2.2;0.5 myconf2 produced in /Users/aminechagou/Documents/workspace/GoBot/ivy/build/cache/org2-mod2.2-myconf2.xml
	resolve done (17ms resolve - 3ms download)
using ivy parser to parse file:/Users/aminechagou/Documents/workspace/GoBot/ivy/test/repositories/1/org1/mod1.1/ivys/ivy-1.0.xml
pre 1.3 ivy file: using exactOrRegexp as default matcher
:: resolving dependencies :: org1#mod1.1;1.0
	confs: [default]
	validate = true
	refresh = false
resolving dependencies for configuration 'default'
== resolving dependencies for org1#mod1.1;1.0 [default]
loadData of org1#mod1.1;1.0 of rootConf=default
== resolving dependencies org1#mod1.1;1.0->org1#mod1.2;2.0 [default->*]
loadData of org1#mod1.2;2.0 of rootConf=default
	using test to resolve org1#mod1.2;2.0
test: Checking cache for: dependency: org1#mod1.2;2.0 {*=[*]}
	no ivy file in cache for org1#mod1.2;2.0: tried /Users/aminechagou/Documents/workspace/GoBot/ivy/build/cache/org1/mod1.2/ivy-2.0.xml
	no ivy file in cache for org1#mod1.2;2.0: tried /Users/aminechagou/Documents/workspace/GoBot/ivy/build/cache/org1/mod1.2/ivy-2.0.xml
	 trying /Users/aminechagou/Documents/workspace/GoBot/ivy/test/repositories/1/org1/mod1.2/ivys/ivy-2.0.xml
		tried /Users/aminechagou/Documents/workspace/GoBot/ivy/test/repositories/1/org1/mod1.2/ivys/ivy-2.0.xml
	1: resource not reachable for org1#mod1.2;2.0: res=/Users/aminechagou/Documents/workspace/GoBot/ivy/test/repositories/1/org1/mod1.2/ivys/ivy-2.0.xml
	 trying /Users/aminechagou/Documents/workspace/GoBot/ivy/test/repositories/1/org1/mod1.2/jars/mod1.2-2.0.jar
		tried /Users/aminechagou/Documents/workspace/GoBot/ivy/test/repositories/1/org1/mod1.2/jars/mod1.2-2.0.jar
	1: no ivy file found for org1#mod1.2;2.0: using default data
	checking org1#mod1.2;2.0[default] from 1 against [none]
	module revision kept as first found: org1#mod1.2;2.0[default] from 1
Entry is found in the ModuleDescriptorCache : /Users/aminechagou/Documents/workspace/GoBot/ivy/build/cache/org1/mod1.2/ivy-2.0.xml
	found ivy file in cache for org1#mod1.2;2.0 (resolved by 1): /Users/aminechagou/Documents/workspace/GoBot/ivy/build/cache/org1/mod1.2/ivy-2.0.xml
found module in cache but with a different resolver: discarding: org1#mod1.2;2.0; expected resolver=2-ivy; resolver=1
	 trying /Users/aminechagou/Documents/workspace/GoBot/ivy/test/repositories/2/mod1.2/ivy-2.0.xml
		tried /Users/aminechagou/Documents/workspace/GoBot/ivy/test/repositories/2/mod1.2/ivy-2.0.xml
	2-ivy: resource not reachable for org1#mod1.2;2.0: res=/Users/aminechagou/Documents/workspace/GoBot/ivy/test/repositories/2/mod1.2/ivy-2.0.xml
	2-ivy: no ivy file nor artifact found for org1#mod1.2;2.0
Entry is found in the ModuleDescriptorCache : /Users/aminechagou/Documents/workspace/GoBot/ivy/build/cache/org1/mod1.2/ivy-2.0.xml
	found ivy file in cache for org1#mod1.2;2.0 (resolved by 1): /Users/aminechagou/Documents/workspace/GoBot/ivy/build/cache/org1/mod1.2/ivy-2.0.xml
found module in cache but with a different resolver: discarding: org1#mod1.2;2.0; expected resolver=m2; resolver=1
	 trying file:/Users/aminechagou/Documents/workspace/GoBot/ivy/test/repositories/m2/org1/mod1.2/2.0/mod1.2-2.0.pom
		tried file:/Users/aminechagou/Documents/workspace/GoBot/ivy/test/repositories/m2/org1/mod1.2/2.0/mod1.2-2.0.pom
	m2: resource not reachable for org1#mod1.2;2.0: res=file:/Users/aminechagou/Documents/workspace/GoBot/ivy/test/repositories/m2/org1/mod1.2/2.0/mod1.2-2.0.pom
	 trying file:/Users/aminechagou/Documents/workspace/GoBot/ivy/test/repositories/m2/org1/mod1.2/2.0/mod1.2-2.0.jar
		tried file:/Users/aminechagou/Documents/workspace/GoBot/ivy/test/repositories/m2/org1/mod1.2/2.0/mod1.2-2.0.jar
	m2: resource not reachable for org1#mod1.2;2.0: res=file:/Users/aminechagou/Documents/workspace/GoBot/ivy/test/repositories/m2/org1/mod1.2/2.0/mod1.2-2.0.jar
	m2: no ivy file nor artifact found for org1#mod1.2;2.0
	found org1#mod1.2;2.0 in 1
Nbr of module to sort : 1
Sort dependencies of : org1#mod1.2;2.0 / Number of dependencies = 0
Sort done for : org1#mod1.2;2.0
storing dependency org1#mod1.2;2.0 in props
	resolved ivy file produced in cache
:: downloading artifacts ::
	 trying /Users/aminechagou/Documents/workspace/GoBot/ivy/test/repositories/1/org1/mod1.2/jars/mod1.2-2.0.jar
		tried /Users/aminechagou/Documents/workspace/GoBot/ivy/test/repositories/1/org1/mod1.2/jars/mod1.2-2.0.jar
downloading /Users/aminechagou/Documents/workspace/GoBot/ivy/test/repositories/1/org1/mod1.2/jars/mod1.2-2.0.jar ...
	1: downloading /Users/aminechagou/Documents/workspace/GoBot/ivy/test/repositories/1/org1/mod1.2/jars/mod1.2-2.0.jar
		to /Users/aminechagou/Documents/workspace/GoBot/ivy/build/cache/org1/mod1.2/jars/mod1.2-2.0.jar.part
. (0kB)
	[SUCCESSFUL ] org1#mod1.2;2.0!mod1.2.jar (1ms)
:: resolution report :: resolve 7ms :: artifacts dl 1ms
	---------------------------------------------------------------------
	|                  |            modules            ||   artifacts   |
	|       conf       | number| search|dwnlded|evicted|| number|dwnlded|
	---------------------------------------------------------------------
	|      default     |   1   |   1   |   0   |   0   ||   1   |   1   |
	---------------------------------------------------------------------
Nbr of module to sort : 1
Sort dependencies of : org1#mod1.2;2.0 / Number of dependencies = 0
Sort done for : org1#mod1.2;2.0
	report for org1#mod1.1;1.0 default produced in /Users/aminechagou/Documents/workspace/GoBot/ivy/build/cache/org1-mod1.1-default.xml
	resolve done (7ms resolve - 1ms download)
:: retrieving :: org1#mod1.1
	checkUpToDate=true
pre 1.3 ivy file: using exactOrRegexp as default matcher
no explicit confs given for retrieve, using ivy file: file:/Users/aminechagou/Documents/workspace/GoBot/ivy/build/cache/resolved-org1-mod1.1-1.0.xml
	confs: [default]
	retrieving /Users/aminechagou/Documents/workspace/GoBot/ivy/build/cache/org1/mod1.2/jars/mod1.2-2.0.jar
		to /Users/aminechagou/Documents/workspace/GoBot/ivy/build/test/retrieve/mod1.2/default/mod1.2-2.0.jar
	1 artifacts copied, 0 already retrieved (0kB/5ms)
	retrieve done (5ms)
:: retrieving :: org1#mod1.1
	checkUpToDate=true
pre 1.3 ivy file: using exactOrRegexp as default matcher
no explicit confs given for retrieve, using ivy file: file:/Users/aminechagou/Documents/workspace/GoBot/ivy/build/cache/resolved-org1-mod1.1-1.0.xml
	confs: [default]
	retrieving /Users/aminechagou/Documents/workspace/GoBot/ivy/build/cache/org1/mod1.2/jars/mod1.2-2.0.jar
		to /Users/aminechagou/Documents/workspace/GoBot/ivy/build/test/retrieve/mod1.2/default/mod1.2-2.0.jar [NOT REQUIRED]
	0 artifacts copied, 1 already retrieved (0kB/3ms)
	retrieve done (3ms)
setting 'ivy.default.settings.dir' to 'file:/Users/aminechagou/Documents/workspace/GoBot/ivy/build/classes/core/org/apache/ivy/core/settings'
setting 'ivy.basedir' to '/Users/aminechagou/Documents/workspace/GoBot/ivy/.'
setting 'ivy.default.conf.dir' to 'file:/Users/aminechagou/Documents/workspace/GoBot/ivy/build/classes/core/org/apache/ivy/core/settings'
setting 'java.runtime.name' to 'Java(TM) SE Runtime Environment'
setting 'sun.boot.library.path' to '/Library/Java/JavaVirtualMachines/jdk1.8.0_91.jdk/Contents/Home/jre/lib'
setting 'java.vm.version' to '25.91-b14'
setting 'gopherProxySet' to 'false'
setting 'java.vm.vendor' to 'Oracle Corporation'
setting 'java.vendor.url' to 'http://java.oracle.com/'
setting 'emma.coverage.out.merge' to 'true'
setting 'path.separator' to ':'
setting 'java.vm.name' to 'Java HotSpot(TM) 64-Bit Server VM'
setting 'file.encoding.pkg' to 'sun.io'
setting 'user.country' to 'FR'
setting 'sun.java.launcher' to 'SUN_STANDARD'
setting 'sun.os.patch.level' to 'unknown'
setting 'java.vm.specification.name' to 'Java Virtual Machine Specification'
setting 'user.dir' to '/Users/aminechagou/Documents/workspace/GoBot/ivy'
setting 'java.runtime.version' to '1.8.0_91-b14'
setting 'java.awt.graphicsenv' to 'sun.awt.CGraphicsEnvironment'
setting 'java.endorsed.dirs' to '/Library/Java/JavaVirtualMachines/jdk1.8.0_91.jdk/Contents/Home/jre/lib/endorsed'
setting 'os.arch' to 'x86_64'
setting 'java.io.tmpdir' to '/var/folders/fj/qq0462l92650s4nnvt7tmdbm0000gn/T/'
setting 'line.separator' to '
'
setting 'java.vm.specification.vendor' to 'Oracle Corporation'
setting 'os.name' to 'Mac OS X'
setting 'sun.jnu.encoding' to 'UTF-8'
setting 'java.library.path' to '/Users/aminechagou/Library/Java/Extensions:/Library/Java/Extensions:/Network/Library/Java/Extensions:/System/Library/Java/Extensions:/usr/lib/java:.'
setting 'emma.coverage.out.file' to '/Users/aminechagou/Documents/workspace/GoBot/ivy/build/coverage/coverage.emma'
setting 'java.specification.name' to 'Java Platform API Specification'
setting 'java.class.version' to '52.0'
setting 'sun.management.compiler' to 'HotSpot 64-Bit Tiered Compilers'
setting 'os.version' to '10.10.5'
setting 'http.nonProxyHosts' to 'local|*.local|169.254/16|*.169.254/16'
setting 'user.home' to '/Users/aminechagou'
setting 'user.timezone' to 'Europe/Paris'
setting 'java.awt.printerjob' to 'sun.lwawt.macosx.CPrinterJob'
setting 'file.encoding' to 'UTF-8'
setting 'java.specification.version' to '1.8'
setting 'java.class.path' to '/Users/aminechagou/Documents/workspace/GoBot/ivy/build/coverage/classes:/Users/aminechagou/.ivy2/cache/emma/emma/jars/emma-2.0.5312.jar:/Users/aminechagou/Documents/workspace/GoBot/ivy/lib/ant-contrib.jar:/Users/aminechagou/Documents/workspace/GoBot/ivy/lib/ant-testutil.jar:/Users/aminechagou/Documents/workspace/GoBot/ivy/lib/bcpg-jdk14.jar:/Users/aminechagou/Documents/workspace/GoBot/ivy/lib/bcprov-jdk14.jar:/Users/aminechagou/Documents/workspace/GoBot/ivy/lib/commons-codec.jar:/Users/aminechagou/Documents/workspace/GoBot/ivy/lib/commons-httpclient.jar:/Users/aminechagou/Documents/workspace/GoBot/ivy/lib/commons-lang.jar:/Users/aminechagou/Documents/workspace/GoBot/ivy/lib/commons-logging.jar:/Users/aminechagou/Documents/workspace/GoBot/ivy/lib/commons-vfs.jar:/Users/aminechagou/Documents/workspace/GoBot/ivy/lib/jna.jar:/Users/aminechagou/Documents/workspace/GoBot/ivy/lib/jsch.agentproxy.connector-factory.jar:/Users/aminechagou/Documents/workspace/GoBot/ivy/lib/jsch.agentproxy.core.jar:/Users/aminechagou/Documents/workspace/GoBot/ivy/lib/jsch.agentproxy.jsch.jar:/Users/aminechagou/Documents/workspace/GoBot/ivy/lib/jsch.agentproxy.pageant.jar:/Users/aminechagou/Documents/workspace/GoBot/ivy/lib/jsch.agentproxy.sshagent.jar:/Users/aminechagou/Documents/workspace/GoBot/ivy/lib/jsch.agentproxy.usocket-jna.jar:/Users/aminechagou/Documents/workspace/GoBot/ivy/lib/jsch.agentproxy.usocket-nc.jar:/Users/aminechagou/Documents/workspace/GoBot/ivy/lib/jsch.jar:/Users/aminechagou/Documents/workspace/GoBot/ivy/lib/junit.jar:/Users/aminechagou/Documents/workspace/GoBot/ivy/lib/mod1.2-2.0.jar:/Users/aminechagou/Documents/workspace/GoBot/ivy/lib/oro.jar:/Users/aminechagou/Documents/workspace/GoBot/ivy/lib/platform.jar:/Users/aminechagou/Documents/workspace/GoBot/ivy/lib/xercesImpl.jar:/Users/aminechagou/Documents/workspace/GoBot/ivy/lib/xmlParserAPIs.jar:/Users/aminechagou/Documents/workspace/GoBot/ivy/build/classes/core:/Users/aminechagou/Documents/workspace/GoBot/ivy/build/classes/ant:/Users/aminechagou/Documents/workspace/GoBot/ivy/build/classes/optional:/Users/aminechagou/Documents/workspace/GoBot/ivy/build/test:/Users/aminechagou/.p2/pool/plugins/org.apache.ant_1.9.6.v201510161327/lib/ant-launcher.jar:/Users/aminechagou/.p2/pool/plugins/org.apache.ant_1.9.6.v201510161327/lib/ant.jar:/Users/aminechagou/.p2/pool/plugins/org.apache.ant_1.9.6.v201510161327/lib/ant-junit.jar:/Users/aminechagou/.p2/pool/plugins/org.apache.ant_1.9.6.v201510161327/lib/ant-junit4.jar'
setting 'user.name' to 'aminechagou'
setting 'java.vm.specification.version' to '1.8'
setting 'sun.java.command' to 'org.apache.tools.ant.taskdefs.optional.junit.JUnitTestRunner org.apache.ivy.core.retrieve.RetrieveTest skipNonTests=false filtertrace=true haltOnError=false haltOnFailure=false formatter=org.apache.tools.ant.taskdefs.optional.junit.SummaryJUnitResultFormatter showoutput=false outputtoformatters=true logfailedtests=true threadid=0 logtestlistenerevents=false formatter=org.apache.tools.ant.taskdefs.optional.junit.XMLJUnitResultFormatter,/Users/aminechagou/Documents/workspace/GoBot/ivy/build/test-report/TEST-org.apache.ivy.core.retrieve.RetrieveTest.xml crashfile=/Users/aminechagou/Documents/workspace/GoBot/ivy/junitvmwatcher4727728708462005562.properties propsfile=/Users/aminechagou/Documents/workspace/GoBot/ivy/junit3712363074040025198.properties'
setting 'java.home' to '/Library/Java/JavaVirtualMachines/jdk1.8.0_91.jdk/Contents/Home/jre'
setting 'sun.arch.data.model' to '64'
setting 'user.language' to 'tr'
setting 'java.specification.vendor' to 'Oracle Corporation'
setting 'awt.toolkit' to 'sun.lwawt.macosx.LWCToolkit'
setting 'java.vm.info' to 'mixed mode'
setting 'java.version' to '1.8.0_91'
setting 'java.ext.dirs' to '/Users/aminechagou/Library/Java/Extensions:/Library/Java/JavaVirtualMachines/jdk1.8.0_91.jdk/Contents/Home/jre/lib/ext:/Library/Java/Extensions:/Network/Library/Java/Extensions:/System/Library/Java/Extensions:/usr/lib/java'
setting 'sun.boot.class.path' to '/Library/Java/JavaVirtualMachines/jdk1.8.0_91.jdk/Contents/Home/jre/lib/resources.jar:/Library/Java/JavaVirtualMachines/jdk1.8.0_91.jdk/Contents/Home/jre/lib/rt.jar:/Library/Java/JavaVirtualMachines/jdk1.8.0_91.jdk/Contents/Home/jre/lib/sunrsasign.jar:/Library/Java/JavaVirtualMachines/jdk1.8.0_91.jdk/Contents/Home/jre/lib/jsse.jar:/Library/Java/JavaVirtualMachines/jdk1.8.0_91.jdk/Contents/Home/jre/lib/jce.jar:/Library/Java/JavaVirtualMachines/jdk1.8.0_91.jdk/Contents/Home/jre/lib/charsets.jar:/Library/Java/JavaVirtualMachines/jdk1.8.0_91.jdk/Contents/Home/jre/lib/jfr.jar:/Library/Java/JavaVirtualMachines/jdk1.8.0_91.jdk/Contents/Home/jre/classes'
setting 'java.vendor' to 'Oracle Corporation'
setting 'file.separator' to '/'
setting 'java.vendor.url.bug' to 'http://bugreport.sun.com/bugreport/'
setting 'sun.io.unicode.encoding' to 'UnicodeBig'
setting 'sun.cpu.endian' to 'little'
setting 'http.nonProxyHosts.ivy.instance' to 'local|*.local|169.254/16|*.169.254/16'
setting 'socksNonProxyHosts' to 'local|*.local|169.254/16|*.169.254/16'
setting 'user.region' to 'TR'
setting 'ftp.nonProxyHosts' to 'local|*.local|169.254/16|*.169.254/16'
setting 'sun.cpu.isalist' to ''
:: loading settings :: file = test/repositories/ivysettings.xml
setting 'ivy.settings.dir' to '/Users/aminechagou/Documents/workspace/GoBot/ivy/test/repositories'
setting 'ivy.conf.dir' to '/Users/aminechagou/Documents/workspace/GoBot/ivy/test/repositories'
setting 'ivy.settings.file' to '/Users/aminechagou/Documents/workspace/GoBot/ivy/test/repositories/ivysettings.xml'
setting 'ivy.conf.file' to '/Users/aminechagou/Documents/workspace/GoBot/ivy/test/repositories/ivysettings.xml'
setting 'ivy.settings.url' to 'file:/Users/aminechagou/Documents/workspace/GoBot/ivy/test/repositories/ivysettings.xml'
setting 'ivy.conf.url' to 'file:/Users/aminechagou/Documents/workspace/GoBot/ivy/test/repositories/ivysettings.xml'
setting 'ivy.settings.dir.url' to 'file:/Users/aminechagou/Documents/workspace/GoBot/ivy/test/repositories/'
setting 'ivy.default.ivy.user.dir' to '/Users/aminechagou/.ivy2'
setting 'ivy.home' to '/Users/aminechagou/.ivy2'
no default ivy user dir defined: set to /Users/aminechagou/.ivy2
setting 'ivy.log.modules.in.use' to 'false'
setting 'ivy.resolver.default.check.modified' to 'false'
setting 'ivy.default.always.check.exact.revision' to 'false'
setting 'ivy.retrieve.pattern' to '${ivy.lib.dir}/[artifact]-[revision](-[classifier]).[ext]'
setting 'ivy.configurations' to '*'
setting 'ivy.buildlist.ivyfilepath' to 'ivy.xml'
setting 'ivy.status' to 'integration'
setting 'ivy.resolve.default.type.filter' to '*'
setting 'ivy.project.dir' to '${basedir}'
setting 'ivy.dep.file' to 'ivy.xml'
'ivy.settings.file' already set: discarding 'ivysettings.xml'
setting 'ivy.report.output.pattern' to '[organisation]-[module]-[conf].[ext]'
setting 'ivy.cache.ttl.default' to '10s'
setting 'ivy.publish.src.artifacts.pattern' to '${ivy.distrib.dir}/[type]s/[artifact]-[revision](-[classifier]).[ext]'
setting 'ivy.deliver.ivy.pattern' to '${ivy.distrib.dir}/[type]s/[artifact]-[revision](-[classifier]).[ext]'
setting 'ivy.build.artifacts.dir' to '${ivy.project.dir}/build/artifacts'
setting 'ivy.checksums' to 'sha1,md5'
setting 'ivy.distrib.dir' to '${ivy.project.dir}/distrib'
setting 'ivy.lib.dir' to '${ivy.project.dir}/lib'
loading properties: /Users/aminechagou/Documents/workspace/GoBot/ivy/test/repositories/ivysettings.properties
setting 'ivy.publish.src.artifacts.pattern' to '${build}/[artifact]-[revision].[ext]'
setting 'vfs.user' to ''
setting 'cache.dir' to '${ivy.basedir}/build/cache'
setting 'vfs.passwd' to ''
setting 'vfs.host' to ''
setting 'vfs.samba.share' to ''
setting 'ivy.cache.dir' to '/Users/aminechagou/Documents/workspace/GoBot/ivy/build/cache'
1: no namespace defined: using system
1: no latest strategy defined: using default
2: no namespace defined: using system
2: no latest strategy defined: using default
test: no namespace defined: using system
test: no latest strategy defined: using default
m2: no namespace defined: using system
m2: no latest strategy defined: using default
install: no namespace defined: using system
install: no latest strategy defined: using default
2-ivy: no namespace defined: using system
2-ivy: no latest strategy defined: using default
2-artifact: no namespace defined: using system
2-artifact: no latest strategy defined: using default
transactional: no namespace defined: using system
transactional: no latest strategy defined: using default
'ivy.default.ivy.user.dir' already set: discarding '/Users/aminechagou/.ivy2'
settings loaded (4ms)
	default cache: /Users/aminechagou/Documents/workspace/GoBot/ivy/build/cache
	default resolver: test
	default latest strategy: latest-revision
	default conflict manager: latest-revision
	circular dependency strategy: warn
	validate: true
	check up2date: true
	-- 8 resolvers:
	1 [file]
		cache: null
		m2compatible: false
		ivy patterns:
			/Users/aminechagou/Documents/workspace/GoBot/ivy/test/repositories/1/[organisation]/[module]/ivys/ivy-[revision].xml
		artifact patterns:
			/Users/aminechagou/Documents/workspace/GoBot/ivy/test/repositories/1/[organisation]/[module]/[type]s/[artifact]-[revision].[ext]
		repository: 1
	2 [dual 2-ivy 2-artifact]
	test [chain] [1, 2, m2]
		return first: false
		dual: false
		-> 1
		-> 2
		-> m2
	m2 [ibiblio]
		cache: null
		m2compatible: true
		ivy patterns:
			file:/Users/aminechagou/Documents/workspace/GoBot/ivy/test/repositories/m2/[organisation]/[module]/[revision]/[artifact]-[revision](-[classifier]).[ext]
		artifact patterns:
			file:/Users/aminechagou/Documents/workspace/GoBot/ivy/test/repositories/m2/[organisation]/[module]/[revision]/[artifact]-[revision](-[classifier]).[ext]
		repository: m2
		root: file:/Users/aminechagou/Documents/workspace/GoBot/ivy/test/repositories/m2/
		pattern: [organisation]/[module]/[revision]/[artifact]-[revision](-[classifier]).[ext]
		usepoms: true
		useMavenMetadata: true
	install [file]
		cache: null
		m2compatible: false
		ivy patterns:
			/Users/aminechagou/Documents/workspace/GoBot/ivy/build/test/install/[organisation]/[module]/[artifact]-[revision].[ext]
		artifact patterns:
			/Users/aminechagou/Documents/workspace/GoBot/ivy/build/test/install/[organisation]/[module]/[artifact]-[revision].[ext]
		repository: install
	2-ivy [file]
		cache: null
		m2compatible: false
		ivy patterns:
			/Users/aminechagou/Documents/workspace/GoBot/ivy/test/repositories/2/[module]/ivy-[revision].xml
		artifact patterns:
		repository: 2-ivy
	2-artifact [file]
		cache: null
		m2compatible: false
		ivy patterns:
		artifact patterns:
			/Users/aminechagou/Documents/workspace/GoBot/ivy/test/repositories/2/[module]/[artifact]-[revision].[ext]
			/Users/aminechagou/Documents/workspace/GoBot/ivy/test/repositories/2/[module]/[artifact].[ext]
		repository: 2-artifact
	transactional [file]
		cache: null
		m2compatible: false
		ivy patterns:
			/Users/aminechagou/Documents/workspace/GoBot/ivy/build/test/transactional/[organisation]/[module]/[revision]/[artifact]-[revision].[ext]
		artifact patterns:
			/Users/aminechagou/Documents/workspace/GoBot/ivy/build/test/transactional/[organisation]/[module]/[revision]/[artifact]-[revision].[ext]
		repository: transactional
	module settings:
		NONE
using ivy parser to parse file:/Users/aminechagou/Documents/workspace/GoBot/ivy/test/repositories/1/org1/mod1.1/ivys/ivy-1.0.xml
pre 1.3 ivy file: using exactOrRegexp as default matcher
:: resolving dependencies :: org1#mod1.1;1.0
	confs: [default]
	validate = true
	refresh = false
resolving dependencies for configuration 'default'
== resolving dependencies for org1#mod1.1;1.0 [default]
loadData of org1#mod1.1;1.0 of rootConf=default
== resolving dependencies org1#mod1.1;1.0->org1#mod1.2;2.0 [default->*]
loadData of org1#mod1.2;2.0 of rootConf=default
	using test to resolve org1#mod1.2;2.0
test: Checking cache for: dependency: org1#mod1.2;2.0 {*=[*]}
	no ivy file in cache for org1#mod1.2;2.0: tried /Users/aminechagou/Documents/workspace/GoBot/ivy/build/cache/org1/mod1.2/ivy-2.0.xml
	no ivy file in cache for org1#mod1.2;2.0: tried /Users/aminechagou/Documents/workspace/GoBot/ivy/build/cache/org1/mod1.2/ivy-2.0.xml
	 trying /Users/aminechagou/Documents/workspace/GoBot/ivy/test/repositories/1/org1/mod1.2/ivys/ivy-2.0.xml
		tried /Users/aminechagou/Documents/workspace/GoBot/ivy/test/repositories/1/org1/mod1.2/ivys/ivy-2.0.xml
	1: resource not reachable for org1#mod1.2;2.0: res=/Users/aminechagou/Documents/workspace/GoBot/ivy/test/repositories/1/org1/mod1.2/ivys/ivy-2.0.xml
	 trying /Users/aminechagou/Documents/workspace/GoBot/ivy/test/repositories/1/org1/mod1.2/jars/mod1.2-2.0.jar
		tried /Users/aminechagou/Documents/workspace/GoBot/ivy/test/repositories/1/org1/mod1.2/jars/mod1.2-2.0.jar
	1: no ivy file found for org1#mod1.2;2.0: using default data
	checking org1#mod1.2;2.0[default] from 1 against [none]
	module revision kept as first found: org1#mod1.2;2.0[default] from 1
Entry is found in the ModuleDescriptorCache : /Users/aminechagou/Documents/workspace/GoBot/ivy/build/cache/org1/mod1.2/ivy-2.0.xml
	found ivy file in cache for org1#mod1.2;2.0 (resolved by 1): /Users/aminechagou/Documents/workspace/GoBot/ivy/build/cache/org1/mod1.2/ivy-2.0.xml
found module in cache but with a different resolver: discarding: org1#mod1.2;2.0; expected resolver=2-ivy; resolver=1
	 trying /Users/aminechagou/Documents/workspace/GoBot/ivy/test/repositories/2/mod1.2/ivy-2.0.xml
		tried /Users/aminechagou/Documents/workspace/GoBot/ivy/test/repositories/2/mod1.2/ivy-2.0.xml
	2-ivy: resource not reachable for org1#mod1.2;2.0: res=/Users/aminechagou/Documents/workspace/GoBot/ivy/test/repositories/2/mod1.2/ivy-2.0.xml
	2-ivy: no ivy file nor artifact found for org1#mod1.2;2.0
Entry is found in the ModuleDescriptorCache : /Users/aminechagou/Documents/workspace/GoBot/ivy/build/cache/org1/mod1.2/ivy-2.0.xml
	found ivy file in cache for org1#mod1.2;2.0 (resolved by 1): /Users/aminechagou/Documents/workspace/GoBot/ivy/build/cache/org1/mod1.2/ivy-2.0.xml
found module in cache but with a different resolver: discarding: org1#mod1.2;2.0; expected resolver=m2; resolver=1
	 trying file:/Users/aminechagou/Documents/workspace/GoBot/ivy/test/repositories/m2/org1/mod1.2/2.0/mod1.2-2.0.pom
		tried file:/Users/aminechagou/Documents/workspace/GoBot/ivy/test/repositories/m2/org1/mod1.2/2.0/mod1.2-2.0.pom
	m2: resource not reachable for org1#mod1.2;2.0: res=file:/Users/aminechagou/Documents/workspace/GoBot/ivy/test/repositories/m2/org1/mod1.2/2.0/mod1.2-2.0.pom
	 trying file:/Users/aminechagou/Documents/workspace/GoBot/ivy/test/repositories/m2/org1/mod1.2/2.0/mod1.2-2.0.jar
		tried file:/Users/aminechagou/Documents/workspace/GoBot/ivy/test/repositories/m2/org1/mod1.2/2.0/mod1.2-2.0.jar
	m2: resource not reachable for org1#mod1.2;2.0: res=file:/Users/aminechagou/Documents/workspace/GoBot/ivy/test/repositories/m2/org1/mod1.2/2.0/mod1.2-2.0.jar
	m2: no ivy file nor artifact found for org1#mod1.2;2.0
	found org1#mod1.2;2.0 in 1
Nbr of module to sort : 1
Sort dependencies of : org1#mod1.2;2.0 / Number of dependencies = 0
Sort done for : org1#mod1.2;2.0
storing dependency org1#mod1.2;2.0 in props
	resolved ivy file produced in cache
:: downloading artifacts ::
	 trying /Users/aminechagou/Documents/workspace/GoBot/ivy/test/repositories/1/org1/mod1.2/jars/mod1.2-2.0.jar
		tried /Users/aminechagou/Documents/workspace/GoBot/ivy/test/repositories/1/org1/mod1.2/jars/mod1.2-2.0.jar
downloading /Users/aminechagou/Documents/workspace/GoBot/ivy/test/repositories/1/org1/mod1.2/jars/mod1.2-2.0.jar ...
	1: downloading /Users/aminechagou/Documents/workspace/GoBot/ivy/test/repositories/1/org1/mod1.2/jars/mod1.2-2.0.jar
		to /Users/aminechagou/Documents/workspace/GoBot/ivy/build/cache/org1/mod1.2/jars/mod1.2-2.0.jar.part
. (0kB)
	[SUCCESSFUL ] org1#mod1.2;2.0!mod1.2.jar (1ms)
:: resolution report :: resolve 17ms :: artifacts dl 1ms
	---------------------------------------------------------------------
	|                  |            modules            ||   artifacts   |
	|       conf       | number| search|dwnlded|evicted|| number|dwnlded|
	---------------------------------------------------------------------
	|      default     |   1   |   1   |   0   |   0   ||   1   |   1   |
	---------------------------------------------------------------------
Nbr of module to sort : 1
Sort dependencies of : org1#mod1.2;2.0 / Number of dependencies = 0
Sort done for : org1#mod1.2;2.0
	report for org1#mod1.1;1.0 default produced in /Users/aminechagou/Documents/workspace/GoBot/ivy/build/cache/org1-mod1.1-default.xml
	resolve done (17ms resolve - 1ms download)
:: retrieving :: org1#mod1.1
	checkUpToDate=true
pre 1.3 ivy file: using exactOrRegexp as default matcher
no explicit confs given for retrieve, using ivy file: file:/Users/aminechagou/Documents/workspace/GoBot/ivy/build/cache/resolved-org1-mod1.1-1.0.xml
	confs: [default]
	retrieving /Users/aminechagou/Documents/workspace/GoBot/ivy/build/cache/org1/mod1.2/jars/mod1.2-2.0.jar
		to /Users/aminechagou/Documents/workspace/GoBot/ivy/build/test/retrieve/mod1.2/default/mod1.2-2.0.jar
	1 artifacts copied, 0 already retrieved (0kB/4ms)
	retrieve done (4ms)
:: retrieving :: org1#mod1.1
	checkUpToDate=true
pre 1.3 ivy file: using exactOrRegexp as default matcher
no explicit confs given for retrieve, using ivy file: file:/Users/aminechagou/Documents/workspace/GoBot/ivy/build/cache/resolved-org1-mod1.1-1.0.xml
	confs: [default]
	retrieving /Users/aminechagou/Documents/workspace/GoBot/ivy/build/cache/org1/mod1.2/jars/mod1.2-2.0.jar
		to /Users/aminechagou/Documents/workspace/GoBot/ivy/build/test/retrieve/mod1.2/default/jars/mod1.2-2.0.jar
	1 artifacts copied, 0 already retrieved (0kB/3ms)
	retrieve done (3ms)
setting 'ivy.default.settings.dir' to 'file:/Users/aminechagou/Documents/workspace/GoBot/ivy/build/classes/core/org/apache/ivy/core/settings'
setting 'ivy.basedir' to '/Users/aminechagou/Documents/workspace/GoBot/ivy/.'
setting 'ivy.default.conf.dir' to 'file:/Users/aminechagou/Documents/workspace/GoBot/ivy/build/classes/core/org/apache/ivy/core/settings'
setting 'java.runtime.name' to 'Java(TM) SE Runtime Environment'
setting 'sun.boot.library.path' to '/Library/Java/JavaVirtualMachines/jdk1.8.0_91.jdk/Contents/Home/jre/lib'
setting 'java.vm.version' to '25.91-b14'
setting 'gopherProxySet' to 'false'
setting 'java.vm.vendor' to 'Oracle Corporation'
setting 'java.vendor.url' to 'http://java.oracle.com/'
setting 'emma.coverage.out.merge' to 'true'
setting 'path.separator' to ':'
setting 'java.vm.name' to 'Java HotSpot(TM) 64-Bit Server VM'
setting 'file.encoding.pkg' to 'sun.io'
setting 'user.country' to 'FR'
setting 'sun.java.launcher' to 'SUN_STANDARD'
setting 'sun.os.patch.level' to 'unknown'
setting 'java.vm.specification.name' to 'Java Virtual Machine Specification'
setting 'user.dir' to '/Users/aminechagou/Documents/workspace/GoBot/ivy'
setting 'java.runtime.version' to '1.8.0_91-b14'
setting 'java.awt.graphicsenv' to 'sun.awt.CGraphicsEnvironment'
setting 'java.endorsed.dirs' to '/Library/Java/JavaVirtualMachines/jdk1.8.0_91.jdk/Contents/Home/jre/lib/endorsed'
setting 'os.arch' to 'x86_64'
setting 'java.io.tmpdir' to '/var/folders/fj/qq0462l92650s4nnvt7tmdbm0000gn/T/'
setting 'line.separator' to '
'
setting 'java.vm.specification.vendor' to 'Oracle Corporation'
setting 'os.name' to 'Mac OS X'
setting 'sun.jnu.encoding' to 'UTF-8'
setting 'java.library.path' to '/Users/aminechagou/Library/Java/Extensions:/Library/Java/Extensions:/Network/Library/Java/Extensions:/System/Library/Java/Extensions:/usr/lib/java:.'
setting 'emma.coverage.out.file' to '/Users/aminechagou/Documents/workspace/GoBot/ivy/build/coverage/coverage.emma'
setting 'java.specification.name' to 'Java Platform API Specification'
setting 'java.class.version' to '52.0'
setting 'sun.management.compiler' to 'HotSpot 64-Bit Tiered Compilers'
setting 'os.version' to '10.10.5'
setting 'http.nonProxyHosts' to 'local|*.local|169.254/16|*.169.254/16'
setting 'user.home' to '/Users/aminechagou'
setting 'user.timezone' to 'Europe/Paris'
setting 'java.awt.printerjob' to 'sun.lwawt.macosx.CPrinterJob'
setting 'file.encoding' to 'UTF-8'
setting 'java.specification.version' to '1.8'
setting 'java.class.path' to '/Users/aminechagou/Documents/workspace/GoBot/ivy/build/coverage/classes:/Users/aminechagou/.ivy2/cache/emma/emma/jars/emma-2.0.5312.jar:/Users/aminechagou/Documents/workspace/GoBot/ivy/lib/ant-contrib.jar:/Users/aminechagou/Documents/workspace/GoBot/ivy/lib/ant-testutil.jar:/Users/aminechagou/Documents/workspace/GoBot/ivy/lib/bcpg-jdk14.jar:/Users/aminechagou/Documents/workspace/GoBot/ivy/lib/bcprov-jdk14.jar:/Users/aminechagou/Documents/workspace/GoBot/ivy/lib/commons-codec.jar:/Users/aminechagou/Documents/workspace/GoBot/ivy/lib/commons-httpclient.jar:/Users/aminechagou/Documents/workspace/GoBot/ivy/lib/commons-lang.jar:/Users/aminechagou/Documents/workspace/GoBot/ivy/lib/commons-logging.jar:/Users/aminechagou/Documents/workspace/GoBot/ivy/lib/commons-vfs.jar:/Users/aminechagou/Documents/workspace/GoBot/ivy/lib/jna.jar:/Users/aminechagou/Documents/workspace/GoBot/ivy/lib/jsch.agentproxy.connector-factory.jar:/Users/aminechagou/Documents/workspace/GoBot/ivy/lib/jsch.agentproxy.core.jar:/Users/aminechagou/Documents/workspace/GoBot/ivy/lib/jsch.agentproxy.jsch.jar:/Users/aminechagou/Documents/workspace/GoBot/ivy/lib/jsch.agentproxy.pageant.jar:/Users/aminechagou/Documents/workspace/GoBot/ivy/lib/jsch.agentproxy.sshagent.jar:/Users/aminechagou/Documents/workspace/GoBot/ivy/lib/jsch.agentproxy.usocket-jna.jar:/Users/aminechagou/Documents/workspace/GoBot/ivy/lib/jsch.agentproxy.usocket-nc.jar:/Users/aminechagou/Documents/workspace/GoBot/ivy/lib/jsch.jar:/Users/aminechagou/Documents/workspace/GoBot/ivy/lib/junit.jar:/Users/aminechagou/Documents/workspace/GoBot/ivy/lib/mod1.2-2.0.jar:/Users/aminechagou/Documents/workspace/GoBot/ivy/lib/oro.jar:/Users/aminechagou/Documents/workspace/GoBot/ivy/lib/platform.jar:/Users/aminechagou/Documents/workspace/GoBot/ivy/lib/xercesImpl.jar:/Users/aminechagou/Documents/workspace/GoBot/ivy/lib/xmlParserAPIs.jar:/Users/aminechagou/Documents/workspace/GoBot/ivy/build/classes/core:/Users/aminechagou/Documents/workspace/GoBot/ivy/build/classes/ant:/Users/aminechagou/Documents/workspace/GoBot/ivy/build/classes/optional:/Users/aminechagou/Documents/workspace/GoBot/ivy/build/test:/Users/aminechagou/.p2/pool/plugins/org.apache.ant_1.9.6.v201510161327/lib/ant-launcher.jar:/Users/aminechagou/.p2/pool/plugins/org.apache.ant_1.9.6.v201510161327/lib/ant.jar:/Users/aminechagou/.p2/pool/plugins/org.apache.ant_1.9.6.v201510161327/lib/ant-junit.jar:/Users/aminechagou/.p2/pool/plugins/org.apache.ant_1.9.6.v201510161327/lib/ant-junit4.jar'
setting 'user.name' to 'aminechagou'
setting 'java.vm.specification.version' to '1.8'
setting 'sun.java.command' to 'org.apache.tools.ant.taskdefs.optional.junit.JUnitTestRunner org.apache.ivy.core.retrieve.RetrieveTest skipNonTests=false filtertrace=true haltOnError=false haltOnFailure=false formatter=org.apache.tools.ant.taskdefs.optional.junit.SummaryJUnitResultFormatter showoutput=false outputtoformatters=true logfailedtests=true threadid=0 logtestlistenerevents=false formatter=org.apache.tools.ant.taskdefs.optional.junit.XMLJUnitResultFormatter,/Users/aminechagou/Documents/workspace/GoBot/ivy/build/test-report/TEST-org.apache.ivy.core.retrieve.RetrieveTest.xml crashfile=/Users/aminechagou/Documents/workspace/GoBot/ivy/junitvmwatcher4727728708462005562.properties propsfile=/Users/aminechagou/Documents/workspace/GoBot/ivy/junit3712363074040025198.properties'
setting 'java.home' to '/Library/Java/JavaVirtualMachines/jdk1.8.0_91.jdk/Contents/Home/jre'
setting 'sun.arch.data.model' to '64'
setting 'user.language' to 'tr'
setting 'java.specification.vendor' to 'Oracle Corporation'
setting 'awt.toolkit' to 'sun.lwawt.macosx.LWCToolkit'
setting 'java.vm.info' to 'mixed mode'
setting 'java.version' to '1.8.0_91'
setting 'java.ext.dirs' to '/Users/aminechagou/Library/Java/Extensions:/Library/Java/JavaVirtualMachines/jdk1.8.0_91.jdk/Contents/Home/jre/lib/ext:/Library/Java/Extensions:/Network/Library/Java/Extensions:/System/Library/Java/Extensions:/usr/lib/java'
setting 'sun.boot.class.path' to '/Library/Java/JavaVirtualMachines/jdk1.8.0_91.jdk/Contents/Home/jre/lib/resources.jar:/Library/Java/JavaVirtualMachines/jdk1.8.0_91.jdk/Contents/Home/jre/lib/rt.jar:/Library/Java/JavaVirtualMachines/jdk1.8.0_91.jdk/Contents/Home/jre/lib/sunrsasign.jar:/Library/Java/JavaVirtualMachines/jdk1.8.0_91.jdk/Contents/Home/jre/lib/jsse.jar:/Library/Java/JavaVirtualMachines/jdk1.8.0_91.jdk/Contents/Home/jre/lib/jce.jar:/Library/Java/JavaVirtualMachines/jdk1.8.0_91.jdk/Contents/Home/jre/lib/charsets.jar:/Library/Java/JavaVirtualMachines/jdk1.8.0_91.jdk/Contents/Home/jre/lib/jfr.jar:/Library/Java/JavaVirtualMachines/jdk1.8.0_91.jdk/Contents/Home/jre/classes'
setting 'java.vendor' to 'Oracle Corporation'
setting 'file.separator' to '/'
setting 'java.vendor.url.bug' to 'http://bugreport.sun.com/bugreport/'
setting 'sun.io.unicode.encoding' to 'UnicodeBig'
setting 'sun.cpu.endian' to 'little'
setting 'http.nonProxyHosts.ivy.instance' to 'local|*.local|169.254/16|*.169.254/16'
setting 'socksNonProxyHosts' to 'local|*.local|169.254/16|*.169.254/16'
setting 'user.region' to 'TR'
setting 'ftp.nonProxyHosts' to 'local|*.local|169.254/16|*.169.254/16'
setting 'sun.cpu.isalist' to ''
:: loading settings :: file = test/repositories/ivysettings.xml
setting 'ivy.settings.dir' to '/Users/aminechagou/Documents/workspace/GoBot/ivy/test/repositories'
setting 'ivy.conf.dir' to '/Users/aminechagou/Documents/workspace/GoBot/ivy/test/repositories'
setting 'ivy.settings.file' to '/Users/aminechagou/Documents/workspace/GoBot/ivy/test/repositories/ivysettings.xml'
setting 'ivy.conf.file' to '/Users/aminechagou/Documents/workspace/GoBot/ivy/test/repositories/ivysettings.xml'
setting 'ivy.settings.url' to 'file:/Users/aminechagou/Documents/workspace/GoBot/ivy/test/repositories/ivysettings.xml'
setting 'ivy.conf.url' to 'file:/Users/aminechagou/Documents/workspace/GoBot/ivy/test/repositories/ivysettings.xml'
setting 'ivy.settings.dir.url' to 'file:/Users/aminechagou/Documents/workspace/GoBot/ivy/test/repositories/'
setting 'ivy.default.ivy.user.dir' to '/Users/aminechagou/.ivy2'
setting 'ivy.home' to '/Users/aminechagou/.ivy2'
no default ivy user dir defined: set to /Users/aminechagou/.ivy2
setting 'ivy.log.modules.in.use' to 'false'
setting 'ivy.resolver.default.check.modified' to 'false'
setting 'ivy.default.always.check.exact.revision' to 'false'
setting 'ivy.retrieve.pattern' to '${ivy.lib.dir}/[artifact]-[revision](-[classifier]).[ext]'
setting 'ivy.configurations' to '*'
setting 'ivy.buildlist.ivyfilepath' to 'ivy.xml'
setting 'ivy.status' to 'integration'
setting 'ivy.resolve.default.type.filter' to '*'
setting 'ivy.project.dir' to '${basedir}'
setting 'ivy.dep.file' to 'ivy.xml'
'ivy.settings.file' already set: discarding 'ivysettings.xml'
setting 'ivy.report.output.pattern' to '[organisation]-[module]-[conf].[ext]'
setting 'ivy.cache.ttl.default' to '10s'
setting 'ivy.publish.src.artifacts.pattern' to '${ivy.distrib.dir}/[type]s/[artifact]-[revision](-[classifier]).[ext]'
setting 'ivy.deliver.ivy.pattern' to '${ivy.distrib.dir}/[type]s/[artifact]-[revision](-[classifier]).[ext]'
setting 'ivy.build.artifacts.dir' to '${ivy.project.dir}/build/artifacts'
setting 'ivy.checksums' to 'sha1,md5'
setting 'ivy.distrib.dir' to '${ivy.project.dir}/distrib'
setting 'ivy.lib.dir' to '${ivy.project.dir}/lib'
loading properties: /Users/aminechagou/Documents/workspace/GoBot/ivy/test/repositories/ivysettings.properties
setting 'ivy.publish.src.artifacts.pattern' to '${build}/[artifact]-[revision].[ext]'
setting 'vfs.user' to ''
setting 'cache.dir' to '${ivy.basedir}/build/cache'
setting 'vfs.passwd' to ''
setting 'vfs.host' to ''
setting 'vfs.samba.share' to ''
setting 'ivy.cache.dir' to '/Users/aminechagou/Documents/workspace/GoBot/ivy/build/cache'
1: no namespace defined: using system
1: no latest strategy defined: using default
2: no namespace defined: using system
2: no latest strategy defined: using default
test: no namespace defined: using system
test: no latest strategy defined: using default
m2: no namespace defined: using system
m2: no latest strategy defined: using default
install: no namespace defined: using system
install: no latest strategy defined: using default
2-ivy: no namespace defined: using system
2-ivy: no latest strategy defined: using default
2-artifact: no namespace defined: using system
2-artifact: no latest strategy defined: using default
transactional: no namespace defined: using system
transactional: no latest strategy defined: using default
'ivy.default.ivy.user.dir' already set: discarding '/Users/aminechagou/.ivy2'
settings loaded (3ms)
	default cache: /Users/aminechagou/Documents/workspace/GoBot/ivy/build/cache
	default resolver: test
	default latest strategy: latest-revision
	default conflict manager: latest-revision
	circular dependency strategy: warn
	validate: true
	check up2date: true
	-- 8 resolvers:
	1 [file]
		cache: null
		m2compatible: false
		ivy patterns:
			/Users/aminechagou/Documents/workspace/GoBot/ivy/test/repositories/1/[organisation]/[module]/ivys/ivy-[revision].xml
		artifact patterns:
			/Users/aminechagou/Documents/workspace/GoBot/ivy/test/repositories/1/[organisation]/[module]/[type]s/[artifact]-[revision].[ext]
		repository: 1
	2 [dual 2-ivy 2-artifact]
	test [chain] [1, 2, m2]
		return first: false
		dual: false
		-> 1
		-> 2
		-> m2
	m2 [ibiblio]
		cache: null
		m2compatible: true
		ivy patterns:
			file:/Users/aminechagou/Documents/workspace/GoBot/ivy/test/repositories/m2/[organisation]/[module]/[revision]/[artifact]-[revision](-[classifier]).[ext]
		artifact patterns:
			file:/Users/aminechagou/Documents/workspace/GoBot/ivy/test/repositories/m2/[organisation]/[module]/[revision]/[artifact]-[revision](-[classifier]).[ext]
		repository: m2
		root: file:/Users/aminechagou/Documents/workspace/GoBot/ivy/test/repositories/m2/
		pattern: [organisation]/[module]/[revision]/[artifact]-[revision](-[classifier]).[ext]
		usepoms: true
		useMavenMetadata: true
	install [file]
		cache: null
		m2compatible: false
		ivy patterns:
			/Users/aminechagou/Documents/workspace/GoBot/ivy/build/test/install/[organisation]/[module]/[artifact]-[revision].[ext]
		artifact patterns:
			/Users/aminechagou/Documents/workspace/GoBot/ivy/build/test/install/[organisation]/[module]/[artifact]-[revision].[ext]
		repository: install
	2-ivy [file]
		cache: null
		m2compatible: false
		ivy patterns:
			/Users/aminechagou/Documents/workspace/GoBot/ivy/test/repositories/2/[module]/ivy-[revision].xml
		artifact patterns:
		repository: 2-ivy
	2-artifact [file]
		cache: null
		m2compatible: false
		ivy patterns:
		artifact patterns:
			/Users/aminechagou/Documents/workspace/GoBot/ivy/test/repositories/2/[module]/[artifact]-[revision].[ext]
			/Users/aminechagou/Documents/workspace/GoBot/ivy/test/repositories/2/[module]/[artifact].[ext]
		repository: 2-artifact
	transactional [file]
		cache: null
		m2compatible: false
		ivy patterns:
			/Users/aminechagou/Documents/workspace/GoBot/ivy/build/test/transactional/[organisation]/[module]/[revision]/[artifact]-[revision].[ext]
		artifact patterns:
			/Users/aminechagou/Documents/workspace/GoBot/ivy/build/test/transactional/[organisation]/[module]/[revision]/[artifact]-[revision].[ext]
		repository: transactional
	module settings:
		NONE
using ivy parser to parse file:/Users/aminechagou/Documents/workspace/GoBot/ivy/test/repositories/1/org1/mod1.1/ivys/ivy-1.0.xml
pre 1.3 ivy file: using exactOrRegexp as default matcher
:: resolving dependencies :: org1#mod1.1;1.0
	confs: [default]
	validate = true
	refresh = false
resolving dependencies for configuration 'default'
== resolving dependencies for org1#mod1.1;1.0 [default]
loadData of org1#mod1.1;1.0 of rootConf=default
== resolving dependencies org1#mod1.1;1.0->org1#mod1.2;2.0 [default->*]
loadData of org1#mod1.2;2.0 of rootConf=default
	using test to resolve org1#mod1.2;2.0
test: Checking cache for: dependency: org1#mod1.2;2.0 {*=[*]}
	no ivy file in cache for org1#mod1.2;2.0: tried /Users/aminechagou/Documents/workspace/GoBot/ivy/build/cache/org1/mod1.2/ivy-2.0.xml
	no ivy file in cache for org1#mod1.2;2.0: tried /Users/aminechagou/Documents/workspace/GoBot/ivy/build/cache/org1/mod1.2/ivy-2.0.xml
	 trying /Users/aminechagou/Documents/workspace/GoBot/ivy/test/repositories/1/org1/mod1.2/ivys/ivy-2.0.xml
		tried /Users/aminechagou/Documents/workspace/GoBot/ivy/test/repositories/1/org1/mod1.2/ivys/ivy-2.0.xml
	1: resource not reachable for org1#mod1.2;2.0: res=/Users/aminechagou/Documents/workspace/GoBot/ivy/test/repositories/1/org1/mod1.2/ivys/ivy-2.0.xml
	 trying /Users/aminechagou/Documents/workspace/GoBot/ivy/test/repositories/1/org1/mod1.2/jars/mod1.2-2.0.jar
		tried /Users/aminechagou/Documents/workspace/GoBot/ivy/test/repositories/1/org1/mod1.2/jars/mod1.2-2.0.jar
	1: no ivy file found for org1#mod1.2;2.0: using default data
	checking org1#mod1.2;2.0[default] from 1 against [none]
	module revision kept as first found: org1#mod1.2;2.0[default] from 1
Entry is found in the ModuleDescriptorCache : /Users/aminechagou/Documents/workspace/GoBot/ivy/build/cache/org1/mod1.2/ivy-2.0.xml
	found ivy file in cache for org1#mod1.2;2.0 (resolved by 1): /Users/aminechagou/Documents/workspace/GoBot/ivy/build/cache/org1/mod1.2/ivy-2.0.xml
found module in cache but with a different resolver: discarding: org1#mod1.2;2.0; expected resolver=2-ivy; resolver=1
	 trying /Users/aminechagou/Documents/workspace/GoBot/ivy/test/repositories/2/mod1.2/ivy-2.0.xml
		tried /Users/aminechagou/Documents/workspace/GoBot/ivy/test/repositories/2/mod1.2/ivy-2.0.xml
	2-ivy: resource not reachable for org1#mod1.2;2.0: res=/Users/aminechagou/Documents/workspace/GoBot/ivy/test/repositories/2/mod1.2/ivy-2.0.xml
	2-ivy: no ivy file nor artifact found for org1#mod1.2;2.0
Entry is found in the ModuleDescriptorCache : /Users/aminechagou/Documents/workspace/GoBot/ivy/build/cache/org1/mod1.2/ivy-2.0.xml
	found ivy file in cache for org1#mod1.2;2.0 (resolved by 1): /Users/aminechagou/Documents/workspace/GoBot/ivy/build/cache/org1/mod1.2/ivy-2.0.xml
found module in cache but with a different resolver: discarding: org1#mod1.2;2.0; expected resolver=m2; resolver=1
	 trying file:/Users/aminechagou/Documents/workspace/GoBot/ivy/test/repositories/m2/org1/mod1.2/2.0/mod1.2-2.0.pom
		tried file:/Users/aminechagou/Documents/workspace/GoBot/ivy/test/repositories/m2/org1/mod1.2/2.0/mod1.2-2.0.pom
	m2: resource not reachable for org1#mod1.2;2.0: res=file:/Users/aminechagou/Documents/workspace/GoBot/ivy/test/repositories/m2/org1/mod1.2/2.0/mod1.2-2.0.pom
	 trying file:/Users/aminechagou/Documents/workspace/GoBot/ivy/test/repositories/m2/org1/mod1.2/2.0/mod1.2-2.0.jar
		tried file:/Users/aminechagou/Documents/workspace/GoBot/ivy/test/repositories/m2/org1/mod1.2/2.0/mod1.2-2.0.jar
	m2: resource not reachable for org1#mod1.2;2.0: res=file:/Users/aminechagou/Documents/workspace/GoBot/ivy/test/repositories/m2/org1/mod1.2/2.0/mod1.2-2.0.jar
	m2: no ivy file nor artifact found for org1#mod1.2;2.0
	found org1#mod1.2;2.0 in 1
Nbr of module to sort : 1
Sort dependencies of : org1#mod1.2;2.0 / Number of dependencies = 0
Sort done for : org1#mod1.2;2.0
storing dependency org1#mod1.2;2.0 in props
	resolved ivy file produced in cache
:: downloading artifacts ::
	 trying /Users/aminechagou/Documents/workspace/GoBot/ivy/test/repositories/1/org1/mod1.2/jars/mod1.2-2.0.jar
		tried /Users/aminechagou/Documents/workspace/GoBot/ivy/test/repositories/1/org1/mod1.2/jars/mod1.2-2.0.jar
downloading /Users/aminechagou/Documents/workspace/GoBot/ivy/test/repositories/1/org1/mod1.2/jars/mod1.2-2.0.jar ...
	1: downloading /Users/aminechagou/Documents/workspace/GoBot/ivy/test/repositories/1/org1/mod1.2/jars/mod1.2-2.0.jar
		to /Users/aminechagou/Documents/workspace/GoBot/ivy/build/cache/org1/mod1.2/jars/mod1.2-2.0.jar.part
. (0kB)
	[SUCCESSFUL ] org1#mod1.2;2.0!mod1.2.jar (1ms)
:: resolution report :: resolve 5ms :: artifacts dl 1ms
	---------------------------------------------------------------------
	|                  |            modules            ||   artifacts   |
	|       conf       | number| search|dwnlded|evicted|| number|dwnlded|
	---------------------------------------------------------------------
	|      default     |   1   |   1   |   0   |   0   ||   1   |   1   |
	---------------------------------------------------------------------
Nbr of module to sort : 1
Sort dependencies of : org1#mod1.2;2.0 / Number of dependencies = 0
Sort done for : org1#mod1.2;2.0
	report for org1#mod1.1;1.0 default produced in /Users/aminechagou/Documents/workspace/GoBot/ivy/build/cache/org1-mod1.1-default.xml
	resolve done (5ms resolve - 1ms download)
:: retrieving :: org1#mod1.1
	checkUpToDate=true
pre 1.3 ivy file: using exactOrRegexp as default matcher
no explicit confs given for retrieve, using ivy file: file:/Users/aminechagou/Documents/workspace/GoBot/ivy/build/cache/resolved-org1-mod1.1-1.0.xml
	confs: [default]
	retrieving /Users/aminechagou/Documents/workspace/GoBot/ivy/build/cache/org1/mod1.2/jars/mod1.2-2.0.jar
		to /Users/aminechagou/Documents/workspace/GoBot/ivy/build/test/retrieve/mod1.2/default/mod1.2-2.0.jar
	1 artifacts copied, 0 already retrieved (0kB/3ms)
	retrieve done (3ms)
setting 'ivy.default.settings.dir' to 'file:/Users/aminechagou/Documents/workspace/GoBot/ivy/build/classes/core/org/apache/ivy/core/settings'
setting 'ivy.basedir' to '/Users/aminechagou/Documents/workspace/GoBot/ivy/.'
setting 'ivy.default.conf.dir' to 'file:/Users/aminechagou/Documents/workspace/GoBot/ivy/build/classes/core/org/apache/ivy/core/settings'
setting 'java.runtime.name' to 'Java(TM) SE Runtime Environment'
setting 'sun.boot.library.path' to '/Library/Java/JavaVirtualMachines/jdk1.8.0_91.jdk/Contents/Home/jre/lib'
setting 'java.vm.version' to '25.91-b14'
setting 'gopherProxySet' to 'false'
setting 'java.vm.vendor' to 'Oracle Corporation'
setting 'java.vendor.url' to 'http://java.oracle.com/'
setting 'emma.coverage.out.merge' to 'true'
setting 'path.separator' to ':'
setting 'java.vm.name' to 'Java HotSpot(TM) 64-Bit Server VM'
setting 'file.encoding.pkg' to 'sun.io'
setting 'user.country' to 'FR'
setting 'sun.java.launcher' to 'SUN_STANDARD'
setting 'sun.os.patch.level' to 'unknown'
setting 'java.vm.specification.name' to 'Java Virtual Machine Specification'
setting 'user.dir' to '/Users/aminechagou/Documents/workspace/GoBot/ivy'
setting 'java.runtime.version' to '1.8.0_91-b14'
setting 'java.awt.graphicsenv' to 'sun.awt.CGraphicsEnvironment'
setting 'java.endorsed.dirs' to '/Library/Java/JavaVirtualMachines/jdk1.8.0_91.jdk/Contents/Home/jre/lib/endorsed'
setting 'os.arch' to 'x86_64'
setting 'java.io.tmpdir' to '/var/folders/fj/qq0462l92650s4nnvt7tmdbm0000gn/T/'
setting 'line.separator' to '
'
setting 'java.vm.specification.vendor' to 'Oracle Corporation'
setting 'os.name' to 'Mac OS X'
setting 'sun.jnu.encoding' to 'UTF-8'
setting 'java.library.path' to '/Users/aminechagou/Library/Java/Extensions:/Library/Java/Extensions:/Network/Library/Java/Extensions:/System/Library/Java/Extensions:/usr/lib/java:.'
setting 'emma.coverage.out.file' to '/Users/aminechagou/Documents/workspace/GoBot/ivy/build/coverage/coverage.emma'
setting 'java.specification.name' to 'Java Platform API Specification'
setting 'java.class.version' to '52.0'
setting 'sun.management.compiler' to 'HotSpot 64-Bit Tiered Compilers'
setting 'os.version' to '10.10.5'
setting 'http.nonProxyHosts' to 'local|*.local|169.254/16|*.169.254/16'
setting 'user.home' to '/Users/aminechagou'
setting 'user.timezone' to 'Europe/Paris'
setting 'java.awt.printerjob' to 'sun.lwawt.macosx.CPrinterJob'
setting 'file.encoding' to 'UTF-8'
setting 'java.specification.version' to '1.8'
setting 'java.class.path' to '/Users/aminechagou/Documents/workspace/GoBot/ivy/build/coverage/classes:/Users/aminechagou/.ivy2/cache/emma/emma/jars/emma-2.0.5312.jar:/Users/aminechagou/Documents/workspace/GoBot/ivy/lib/ant-contrib.jar:/Users/aminechagou/Documents/workspace/GoBot/ivy/lib/ant-testutil.jar:/Users/aminechagou/Documents/workspace/GoBot/ivy/lib/bcpg-jdk14.jar:/Users/aminechagou/Documents/workspace/GoBot/ivy/lib/bcprov-jdk14.jar:/Users/aminechagou/Documents/workspace/GoBot/ivy/lib/commons-codec.jar:/Users/aminechagou/Documents/workspace/GoBot/ivy/lib/commons-httpclient.jar:/Users/aminechagou/Documents/workspace/GoBot/ivy/lib/commons-lang.jar:/Users/aminechagou/Documents/workspace/GoBot/ivy/lib/commons-logging.jar:/Users/aminechagou/Documents/workspace/GoBot/ivy/lib/commons-vfs.jar:/Users/aminechagou/Documents/workspace/GoBot/ivy/lib/jna.jar:/Users/aminechagou/Documents/workspace/GoBot/ivy/lib/jsch.agentproxy.connector-factory.jar:/Users/aminechagou/Documents/workspace/GoBot/ivy/lib/jsch.agentproxy.core.jar:/Users/aminechagou/Documents/workspace/GoBot/ivy/lib/jsch.agentproxy.jsch.jar:/Users/aminechagou/Documents/workspace/GoBot/ivy/lib/jsch.agentproxy.pageant.jar:/Users/aminechagou/Documents/workspace/GoBot/ivy/lib/jsch.agentproxy.sshagent.jar:/Users/aminechagou/Documents/workspace/GoBot/ivy/lib/jsch.agentproxy.usocket-jna.jar:/Users/aminechagou/Documents/workspace/GoBot/ivy/lib/jsch.agentproxy.usocket-nc.jar:/Users/aminechagou/Documents/workspace/GoBot/ivy/lib/jsch.jar:/Users/aminechagou/Documents/workspace/GoBot/ivy/lib/junit.jar:/Users/aminechagou/Documents/workspace/GoBot/ivy/lib/mod1.2-2.0.jar:/Users/aminechagou/Documents/workspace/GoBot/ivy/lib/oro.jar:/Users/aminechagou/Documents/workspace/GoBot/ivy/lib/platform.jar:/Users/aminechagou/Documents/workspace/GoBot/ivy/lib/xercesImpl.jar:/Users/aminechagou/Documents/workspace/GoBot/ivy/lib/xmlParserAPIs.jar:/Users/aminechagou/Documents/workspace/GoBot/ivy/build/classes/core:/Users/aminechagou/Documents/workspace/GoBot/ivy/build/classes/ant:/Users/aminechagou/Documents/workspace/GoBot/ivy/build/classes/optional:/Users/aminechagou/Documents/workspace/GoBot/ivy/build/test:/Users/aminechagou/.p2/pool/plugins/org.apache.ant_1.9.6.v201510161327/lib/ant-launcher.jar:/Users/aminechagou/.p2/pool/plugins/org.apache.ant_1.9.6.v201510161327/lib/ant.jar:/Users/aminechagou/.p2/pool/plugins/org.apache.ant_1.9.6.v201510161327/lib/ant-junit.jar:/Users/aminechagou/.p2/pool/plugins/org.apache.ant_1.9.6.v201510161327/lib/ant-junit4.jar'
setting 'user.name' to 'aminechagou'
setting 'java.vm.specification.version' to '1.8'
setting 'sun.java.command' to 'org.apache.tools.ant.taskdefs.optional.junit.JUnitTestRunner org.apache.ivy.core.retrieve.RetrieveTest skipNonTests=false filtertrace=true haltOnError=false haltOnFailure=false formatter=org.apache.tools.ant.taskdefs.optional.junit.SummaryJUnitResultFormatter showoutput=false outputtoformatters=true logfailedtests=true threadid=0 logtestlistenerevents=false formatter=org.apache.tools.ant.taskdefs.optional.junit.XMLJUnitResultFormatter,/Users/aminechagou/Documents/workspace/GoBot/ivy/build/test-report/TEST-org.apache.ivy.core.retrieve.RetrieveTest.xml crashfile=/Users/aminechagou/Documents/workspace/GoBot/ivy/junitvmwatcher4727728708462005562.properties propsfile=/Users/aminechagou/Documents/workspace/GoBot/ivy/junit3712363074040025198.properties'
setting 'java.home' to '/Library/Java/JavaVirtualMachines/jdk1.8.0_91.jdk/Contents/Home/jre'
setting 'sun.arch.data.model' to '64'
setting 'user.language' to 'tr'
setting 'java.specification.vendor' to 'Oracle Corporation'
setting 'awt.toolkit' to 'sun.lwawt.macosx.LWCToolkit'
setting 'java.vm.info' to 'mixed mode'
setting 'java.version' to '1.8.0_91'
setting 'java.ext.dirs' to '/Users/aminechagou/Library/Java/Extensions:/Library/Java/JavaVirtualMachines/jdk1.8.0_91.jdk/Contents/Home/jre/lib/ext:/Library/Java/Extensions:/Network/Library/Java/Extensions:/System/Library/Java/Extensions:/usr/lib/java'
setting 'sun.boot.class.path' to '/Library/Java/JavaVirtualMachines/jdk1.8.0_91.jdk/Contents/Home/jre/lib/resources.jar:/Library/Java/JavaVirtualMachines/jdk1.8.0_91.jdk/Contents/Home/jre/lib/rt.jar:/Library/Java/JavaVirtualMachines/jdk1.8.0_91.jdk/Contents/Home/jre/lib/sunrsasign.jar:/Library/Java/JavaVirtualMachines/jdk1.8.0_91.jdk/Contents/Home/jre/lib/jsse.jar:/Library/Java/JavaVirtualMachines/jdk1.8.0_91.jdk/Contents/Home/jre/lib/jce.jar:/Library/Java/JavaVirtualMachines/jdk1.8.0_91.jdk/Contents/Home/jre/lib/charsets.jar:/Library/Java/JavaVirtualMachines/jdk1.8.0_91.jdk/Contents/Home/jre/lib/jfr.jar:/Library/Java/JavaVirtualMachines/jdk1.8.0_91.jdk/Contents/Home/jre/classes'
setting 'java.vendor' to 'Oracle Corporation'
setting 'file.separator' to '/'
setting 'java.vendor.url.bug' to 'http://bugreport.sun.com/bugreport/'
setting 'sun.io.unicode.encoding' to 'UnicodeBig'
setting 'sun.cpu.endian' to 'little'
setting 'http.nonProxyHosts.ivy.instance' to 'local|*.local|169.254/16|*.169.254/16'
setting 'socksNonProxyHosts' to 'local|*.local|169.254/16|*.169.254/16'
setting 'user.region' to 'TR'
setting 'ftp.nonProxyHosts' to 'local|*.local|169.254/16|*.169.254/16'
setting 'sun.cpu.isalist' to ''
:: loading settings :: file = test/repositories/ivysettings.xml
setting 'ivy.settings.dir' to '/Users/aminechagou/Documents/workspace/GoBot/ivy/test/repositories'
setting 'ivy.conf.dir' to '/Users/aminechagou/Documents/workspace/GoBot/ivy/test/repositories'
setting 'ivy.settings.file' to '/Users/aminechagou/Documents/workspace/GoBot/ivy/test/repositories/ivysettings.xml'
setting 'ivy.conf.file' to '/Users/aminechagou/Documents/workspace/GoBot/ivy/test/repositories/ivysettings.xml'
setting 'ivy.settings.url' to 'file:/Users/aminechagou/Documents/workspace/GoBot/ivy/test/repositories/ivysettings.xml'
setting 'ivy.conf.url' to 'file:/Users/aminechagou/Documents/workspace/GoBot/ivy/test/repositories/ivysettings.xml'
setting 'ivy.settings.dir.url' to 'file:/Users/aminechagou/Documents/workspace/GoBot/ivy/test/repositories/'
setting 'ivy.default.ivy.user.dir' to '/Users/aminechagou/.ivy2'
setting 'ivy.home' to '/Users/aminechagou/.ivy2'
no default ivy user dir defined: set to /Users/aminechagou/.ivy2
setting 'ivy.log.modules.in.use' to 'false'
setting 'ivy.resolver.default.check.modified' to 'false'
setting 'ivy.default.always.check.exact.revision' to 'false'
setting 'ivy.retrieve.pattern' to '${ivy.lib.dir}/[artifact]-[revision](-[classifier]).[ext]'
setting 'ivy.configurations' to '*'
setting 'ivy.buildlist.ivyfilepath' to 'ivy.xml'
setting 'ivy.status' to 'integration'
setting 'ivy.resolve.default.type.filter' to '*'
setting 'ivy.project.dir' to '${basedir}'
setting 'ivy.dep.file' to 'ivy.xml'
'ivy.settings.file' already set: discarding 'ivysettings.xml'
setting 'ivy.report.output.pattern' to '[organisation]-[module]-[conf].[ext]'
setting 'ivy.cache.ttl.default' to '10s'
setting 'ivy.publish.src.artifacts.pattern' to '${ivy.distrib.dir}/[type]s/[artifact]-[revision](-[classifier]).[ext]'
setting 'ivy.deliver.ivy.pattern' to '${ivy.distrib.dir}/[type]s/[artifact]-[revision](-[classifier]).[ext]'
setting 'ivy.build.artifacts.dir' to '${ivy.project.dir}/build/artifacts'
setting 'ivy.checksums' to 'sha1,md5'
setting 'ivy.distrib.dir' to '${ivy.project.dir}/distrib'
setting 'ivy.lib.dir' to '${ivy.project.dir}/lib'
loading properties: /Users/aminechagou/Documents/workspace/GoBot/ivy/test/repositories/ivysettings.properties
setting 'ivy.publish.src.artifacts.pattern' to '${build}/[artifact]-[revision].[ext]'
setting 'vfs.user' to ''
setting 'cache.dir' to '${ivy.basedir}/build/cache'
setting 'vfs.passwd' to ''
setting 'vfs.host' to ''
setting 'vfs.samba.share' to ''
setting 'ivy.cache.dir' to '/Users/aminechagou/Documents/workspace/GoBot/ivy/build/cache'
1: no namespace defined: using system
1: no latest strategy defined: using default
2: no namespace defined: using system
2: no latest strategy defined: using default
test: no namespace defined: using system
test: no latest strategy defined: using default
m2: no namespace defined: using system
m2: no latest strategy defined: using default
install: no namespace defined: using system
install: no latest strategy defined: using default
2-ivy: no namespace defined: using system
2-ivy: no latest strategy defined: using default
2-artifact: no namespace defined: using system
2-artifact: no latest strategy defined: using default
transactional: no namespace defined: using system
transactional: no latest strategy defined: using default
'ivy.default.ivy.user.dir' already set: discarding '/Users/aminechagou/.ivy2'
settings loaded (3ms)
	default cache: /Users/aminechagou/Documents/workspace/GoBot/ivy/build/cache
	default resolver: test
	default latest strategy: latest-revision
	default conflict manager: latest-revision
	circular dependency strategy: warn
	validate: true
	check up2date: true
	-- 8 resolvers:
	1 [file]
		cache: null
		m2compatible: false
		ivy patterns:
			/Users/aminechagou/Documents/workspace/GoBot/ivy/test/repositories/1/[organisation]/[module]/ivys/ivy-[revision].xml
		artifact patterns:
			/Users/aminechagou/Documents/workspace/GoBot/ivy/test/repositories/1/[organisation]/[module]/[type]s/[artifact]-[revision].[ext]
		repository: 1
	2 [dual 2-ivy 2-artifact]
	test [chain] [1, 2, m2]
		return first: false
		dual: false
		-> 1
		-> 2
		-> m2
	m2 [ibiblio]
		cache: null
		m2compatible: true
		ivy patterns:
			file:/Users/aminechagou/Documents/workspace/GoBot/ivy/test/repositories/m2/[organisation]/[module]/[revision]/[artifact]-[revision](-[classifier]).[ext]
		artifact patterns:
			file:/Users/aminechagou/Documents/workspace/GoBot/ivy/test/repositories/m2/[organisation]/[module]/[revision]/[artifact]-[revision](-[classifier]).[ext]
		repository: m2
		root: file:/Users/aminechagou/Documents/workspace/GoBot/ivy/test/repositories/m2/
		pattern: [organisation]/[module]/[revision]/[artifact]-[revision](-[classifier]).[ext]
		usepoms: true
		useMavenMetadata: true
	install [file]
		cache: null
		m2compatible: false
		ivy patterns:
			/Users/aminechagou/Documents/workspace/GoBot/ivy/build/test/install/[organisation]/[module]/[artifact]-[revision].[ext]
		artifact patterns:
			/Users/aminechagou/Documents/workspace/GoBot/ivy/build/test/install/[organisation]/[module]/[artifact]-[revision].[ext]
		repository: install
	2-ivy [file]
		cache: null
		m2compatible: false
		ivy patterns:
			/Users/aminechagou/Documents/workspace/GoBot/ivy/test/repositories/2/[module]/ivy-[revision].xml
		artifact patterns:
		repository: 2-ivy
	2-artifact [file]
		cache: null
		m2compatible: false
		ivy patterns:
		artifact patterns:
			/Users/aminechagou/Documents/workspace/GoBot/ivy/test/repositories/2/[module]/[artifact]-[revision].[ext]
			/Users/aminechagou/Documents/workspace/GoBot/ivy/test/repositories/2/[module]/[artifact].[ext]
		repository: 2-artifact
	transactional [file]
		cache: null
		m2compatible: false
		ivy patterns:
			/Users/aminechagou/Documents/workspace/GoBot/ivy/build/test/transactional/[organisation]/[module]/[revision]/[artifact]-[revision].[ext]
		artifact patterns:
			/Users/aminechagou/Documents/workspace/GoBot/ivy/build/test/transactional/[organisation]/[module]/[revision]/[artifact]-[revision].[ext]
		repository: transactional
	module settings:
		NONE
using ivy parser to parse file:/Users/aminechagou/Documents/workspace/GoBot/ivy/test/repositories/1/org1/mod1.1/ivys/ivy-1.0.xml
pre 1.3 ivy file: using exactOrRegexp as default matcher
:: resolving dependencies :: org1#mod1.1;1.0
	confs: [default]
	validate = true
	refresh = false
resolving dependencies for configuration 'default'
== resolving dependencies for org1#mod1.1;1.0 [default]
loadData of org1#mod1.1;1.0 of rootConf=default
== resolving dependencies org1#mod1.1;1.0->org1#mod1.2;2.0 [default->*]
loadData of org1#mod1.2;2.0 of rootConf=default
	using test to resolve org1#mod1.2;2.0
test: Checking cache for: dependency: org1#mod1.2;2.0 {*=[*]}
	no ivy file in cache for org1#mod1.2;2.0: tried /Users/aminechagou/Documents/workspace/GoBot/ivy/build/cache/org1/mod1.2/ivy-2.0.xml
	no ivy file in cache for org1#mod1.2;2.0: tried /Users/aminechagou/Documents/workspace/GoBot/ivy/build/cache/org1/mod1.2/ivy-2.0.xml
	 trying /Users/aminechagou/Documents/workspace/GoBot/ivy/test/repositories/1/org1/mod1.2/ivys/ivy-2.0.xml
		tried /Users/aminechagou/Documents/workspace/GoBot/ivy/test/repositories/1/org1/mod1.2/ivys/ivy-2.0.xml
	1: resource not reachable for org1#mod1.2;2.0: res=/Users/aminechagou/Documents/workspace/GoBot/ivy/test/repositories/1/org1/mod1.2/ivys/ivy-2.0.xml
	 trying /Users/aminechagou/Documents/workspace/GoBot/ivy/test/repositories/1/org1/mod1.2/jars/mod1.2-2.0.jar
		tried /Users/aminechagou/Documents/workspace/GoBot/ivy/test/repositories/1/org1/mod1.2/jars/mod1.2-2.0.jar
	1: no ivy file found for org1#mod1.2;2.0: using default data
	checking org1#mod1.2;2.0[default] from 1 against [none]
	module revision kept as first found: org1#mod1.2;2.0[default] from 1
Entry is found in the ModuleDescriptorCache : /Users/aminechagou/Documents/workspace/GoBot/ivy/build/cache/org1/mod1.2/ivy-2.0.xml
	found ivy file in cache for org1#mod1.2;2.0 (resolved by 1): /Users/aminechagou/Documents/workspace/GoBot/ivy/build/cache/org1/mod1.2/ivy-2.0.xml
found module in cache but with a different resolver: discarding: org1#mod1.2;2.0; expected resolver=2-ivy; resolver=1
	 trying /Users/aminechagou/Documents/workspace/GoBot/ivy/test/repositories/2/mod1.2/ivy-2.0.xml
		tried /Users/aminechagou/Documents/workspace/GoBot/ivy/test/repositories/2/mod1.2/ivy-2.0.xml
	2-ivy: resource not reachable for org1#mod1.2;2.0: res=/Users/aminechagou/Documents/workspace/GoBot/ivy/test/repositories/2/mod1.2/ivy-2.0.xml
	2-ivy: no ivy file nor artifact found for org1#mod1.2;2.0
Entry is found in the ModuleDescriptorCache : /Users/aminechagou/Documents/workspace/GoBot/ivy/build/cache/org1/mod1.2/ivy-2.0.xml
	found ivy file in cache for org1#mod1.2;2.0 (resolved by 1): /Users/aminechagou/Documents/workspace/GoBot/ivy/build/cache/org1/mod1.2/ivy-2.0.xml
found module in cache but with a different resolver: discarding: org1#mod1.2;2.0; expected resolver=m2; resolver=1
	 trying file:/Users/aminechagou/Documents/workspace/GoBot/ivy/test/repositories/m2/org1/mod1.2/2.0/mod1.2-2.0.pom
		tried file:/Users/aminechagou/Documents/workspace/GoBot/ivy/test/repositories/m2/org1/mod1.2/2.0/mod1.2-2.0.pom
	m2: resource not reachable for org1#mod1.2;2.0: res=file:/Users/aminechagou/Documents/workspace/GoBot/ivy/test/repositories/m2/org1/mod1.2/2.0/mod1.2-2.0.pom
	 trying file:/Users/aminechagou/Documents/workspace/GoBot/ivy/test/repositories/m2/org1/mod1.2/2.0/mod1.2-2.0.jar
		tried file:/Users/aminechagou/Documents/workspace/GoBot/ivy/test/repositories/m2/org1/mod1.2/2.0/mod1.2-2.0.jar
	m2: resource not reachable for org1#mod1.2;2.0: res=file:/Users/aminechagou/Documents/workspace/GoBot/ivy/test/repositories/m2/org1/mod1.2/2.0/mod1.2-2.0.jar
	m2: no ivy file nor artifact found for org1#mod1.2;2.0
	found org1#mod1.2;2.0 in 1
Nbr of module to sort : 1
Sort dependencies of : org1#mod1.2;2.0 / Number of dependencies = 0
Sort done for : org1#mod1.2;2.0
storing dependency org1#mod1.2;2.0 in props
	resolved ivy file produced in cache
:: downloading artifacts ::
	 trying /Users/aminechagou/Documents/workspace/GoBot/ivy/test/repositories/1/org1/mod1.2/jars/mod1.2-2.0.jar
		tried /Users/aminechagou/Documents/workspace/GoBot/ivy/test/repositories/1/org1/mod1.2/jars/mod1.2-2.0.jar
downloading /Users/aminechagou/Documents/workspace/GoBot/ivy/test/repositories/1/org1/mod1.2/jars/mod1.2-2.0.jar ...
	1: downloading /Users/aminechagou/Documents/workspace/GoBot/ivy/test/repositories/1/org1/mod1.2/jars/mod1.2-2.0.jar
		to /Users/aminechagou/Documents/workspace/GoBot/ivy/build/cache/org1/mod1.2/jars/mod1.2-2.0.jar.part
. (0kB)
	[SUCCESSFUL ] org1#mod1.2;2.0!mod1.2.jar (1ms)
:: resolution report :: resolve 24ms :: artifacts dl 1ms
	---------------------------------------------------------------------
	|                  |            modules            ||   artifacts   |
	|       conf       | number| search|dwnlded|evicted|| number|dwnlded|
	---------------------------------------------------------------------
	|      default     |   1   |   1   |   0   |   0   ||   1   |   1   |
	---------------------------------------------------------------------
Nbr of module to sort : 1
Sort dependencies of : org1#mod1.2;2.0 / Number of dependencies = 0
Sort done for : org1#mod1.2;2.0
	report for org1#mod1.1;1.0 default produced in /Users/aminechagou/Documents/workspace/GoBot/ivy/build/cache/org1-mod1.1-default.xml
	resolve done (24ms resolve - 1ms download)
:: retrieving :: org1#mod1.1
	checkUpToDate=true
pre 1.3 ivy file: using exactOrRegexp as default matcher
no explicit confs given for retrieve, using ivy file: file:/Users/aminechagou/Documents/workspace/GoBot/ivy/build/cache/resolved-org1-mod1.1-1.0.xml
	confs: [default]
	retrieving /Users/aminechagou/Documents/workspace/GoBot/ivy/build/cache/org1/mod1.2/jars/mod1.2-2.0.jar
		to /Users/aminechagou/Documents/workspace/GoBot/ivy/build/test/retrieve/mod1.2/default/mod1.2-2.0.jar
executing 'ln -s -f /Users/aminechagou/Documents/workspace/GoBot/ivy/build/cache/org1/mod1.2/jars/mod1.2-2.0.jar /Users/aminechagou/Documents/workspace/GoBot/ivy/build/test/retrieve/mod1.2/default/mod1.2-2.0.jar'
	1 artifacts copied, 0 already retrieved (0kB/199ms)
	retrieve done (199ms)
:: retrieving :: org1#mod1.1
	checkUpToDate=true
pre 1.3 ivy file: using exactOrRegexp as default matcher
no explicit confs given for retrieve, using ivy file: file:/Users/aminechagou/Documents/workspace/GoBot/ivy/build/cache/resolved-org1-mod1.1-1.0.xml
	confs: [default]
	retrieving /Users/aminechagou/Documents/workspace/GoBot/ivy/build/cache/org1/mod1.2/jars/mod1.2-2.0.jar
		to /Users/aminechagou/Documents/workspace/GoBot/ivy/build/test/retrieve/mod1.2/default/jars/mod1.2-2.0.jar
executing 'ln -s -f /Users/aminechagou/Documents/workspace/GoBot/ivy/build/cache/org1/mod1.2/jars/mod1.2-2.0.jar /Users/aminechagou/Documents/workspace/GoBot/ivy/build/test/retrieve/mod1.2/default/jars/mod1.2-2.0.jar'
	1 artifacts copied, 0 already retrieved (0kB/6ms)
	retrieve done (6ms)
setting 'ivy.default.settings.dir' to 'file:/Users/aminechagou/Documents/workspace/GoBot/ivy/build/classes/core/org/apache/ivy/core/settings'
setting 'ivy.basedir' to '/Users/aminechagou/Documents/workspace/GoBot/ivy/.'
setting 'ivy.default.conf.dir' to 'file:/Users/aminechagou/Documents/workspace/GoBot/ivy/build/classes/core/org/apache/ivy/core/settings'
setting 'java.runtime.name' to 'Java(TM) SE Runtime Environment'
setting 'sun.boot.library.path' to '/Library/Java/JavaVirtualMachines/jdk1.8.0_91.jdk/Contents/Home/jre/lib'
setting 'java.vm.version' to '25.91-b14'
setting 'gopherProxySet' to 'false'
setting 'java.vm.vendor' to 'Oracle Corporation'
setting 'java.vendor.url' to 'http://java.oracle.com/'
setting 'emma.coverage.out.merge' to 'true'
setting 'path.separator' to ':'
setting 'java.vm.name' to 'Java HotSpot(TM) 64-Bit Server VM'
setting 'file.encoding.pkg' to 'sun.io'
setting 'user.country' to 'FR'
setting 'sun.java.launcher' to 'SUN_STANDARD'
setting 'sun.os.patch.level' to 'unknown'
setting 'java.vm.specification.name' to 'Java Virtual Machine Specification'
setting 'user.dir' to '/Users/aminechagou/Documents/workspace/GoBot/ivy'
setting 'java.runtime.version' to '1.8.0_91-b14'
setting 'java.awt.graphicsenv' to 'sun.awt.CGraphicsEnvironment'
setting 'java.endorsed.dirs' to '/Library/Java/JavaVirtualMachines/jdk1.8.0_91.jdk/Contents/Home/jre/lib/endorsed'
setting 'os.arch' to 'x86_64'
setting 'java.io.tmpdir' to '/var/folders/fj/qq0462l92650s4nnvt7tmdbm0000gn/T/'
setting 'line.separator' to '
'
setting 'java.vm.specification.vendor' to 'Oracle Corporation'
setting 'os.name' to 'Mac OS X'
setting 'sun.jnu.encoding' to 'UTF-8'
setting 'java.library.path' to '/Users/aminechagou/Library/Java/Extensions:/Library/Java/Extensions:/Network/Library/Java/Extensions:/System/Library/Java/Extensions:/usr/lib/java:.'
setting 'emma.coverage.out.file' to '/Users/aminechagou/Documents/workspace/GoBot/ivy/build/coverage/coverage.emma'
setting 'java.specification.name' to 'Java Platform API Specification'
setting 'java.class.version' to '52.0'
setting 'sun.management.compiler' to 'HotSpot 64-Bit Tiered Compilers'
setting 'os.version' to '10.10.5'
setting 'http.nonProxyHosts' to 'local|*.local|169.254/16|*.169.254/16'
setting 'user.home' to '/Users/aminechagou'
setting 'user.timezone' to 'Europe/Paris'
setting 'java.awt.printerjob' to 'sun.lwawt.macosx.CPrinterJob'
setting 'file.encoding' to 'UTF-8'
setting 'java.specification.version' to '1.8'
setting 'java.class.path' to '/Users/aminechagou/Documents/workspace/GoBot/ivy/build/coverage/classes:/Users/aminechagou/.ivy2/cache/emma/emma/jars/emma-2.0.5312.jar:/Users/aminechagou/Documents/workspace/GoBot/ivy/lib/ant-contrib.jar:/Users/aminechagou/Documents/workspace/GoBot/ivy/lib/ant-testutil.jar:/Users/aminechagou/Documents/workspace/GoBot/ivy/lib/bcpg-jdk14.jar:/Users/aminechagou/Documents/workspace/GoBot/ivy/lib/bcprov-jdk14.jar:/Users/aminechagou/Documents/workspace/GoBot/ivy/lib/commons-codec.jar:/Users/aminechagou/Documents/workspace/GoBot/ivy/lib/commons-httpclient.jar:/Users/aminechagou/Documents/workspace/GoBot/ivy/lib/commons-lang.jar:/Users/aminechagou/Documents/workspace/GoBot/ivy/lib/commons-logging.jar:/Users/aminechagou/Documents/workspace/GoBot/ivy/lib/commons-vfs.jar:/Users/aminechagou/Documents/workspace/GoBot/ivy/lib/jna.jar:/Users/aminechagou/Documents/workspace/GoBot/ivy/lib/jsch.agentproxy.connector-factory.jar:/Users/aminechagou/Documents/workspace/GoBot/ivy/lib/jsch.agentproxy.core.jar:/Users/aminechagou/Documents/workspace/GoBot/ivy/lib/jsch.agentproxy.jsch.jar:/Users/aminechagou/Documents/workspace/GoBot/ivy/lib/jsch.agentproxy.pageant.jar:/Users/aminechagou/Documents/workspace/GoBot/ivy/lib/jsch.agentproxy.sshagent.jar:/Users/aminechagou/Documents/workspace/GoBot/ivy/lib/jsch.agentproxy.usocket-jna.jar:/Users/aminechagou/Documents/workspace/GoBot/ivy/lib/jsch.agentproxy.usocket-nc.jar:/Users/aminechagou/Documents/workspace/GoBot/ivy/lib/jsch.jar:/Users/aminechagou/Documents/workspace/GoBot/ivy/lib/junit.jar:/Users/aminechagou/Documents/workspace/GoBot/ivy/lib/mod1.2-2.0.jar:/Users/aminechagou/Documents/workspace/GoBot/ivy/lib/oro.jar:/Users/aminechagou/Documents/workspace/GoBot/ivy/lib/platform.jar:/Users/aminechagou/Documents/workspace/GoBot/ivy/lib/xercesImpl.jar:/Users/aminechagou/Documents/workspace/GoBot/ivy/lib/xmlParserAPIs.jar:/Users/aminechagou/Documents/workspace/GoBot/ivy/build/classes/core:/Users/aminechagou/Documents/workspace/GoBot/ivy/build/classes/ant:/Users/aminechagou/Documents/workspace/GoBot/ivy/build/classes/optional:/Users/aminechagou/Documents/workspace/GoBot/ivy/build/test:/Users/aminechagou/.p2/pool/plugins/org.apache.ant_1.9.6.v201510161327/lib/ant-launcher.jar:/Users/aminechagou/.p2/pool/plugins/org.apache.ant_1.9.6.v201510161327/lib/ant.jar:/Users/aminechagou/.p2/pool/plugins/org.apache.ant_1.9.6.v201510161327/lib/ant-junit.jar:/Users/aminechagou/.p2/pool/plugins/org.apache.ant_1.9.6.v201510161327/lib/ant-junit4.jar'
setting 'user.name' to 'aminechagou'
setting 'java.vm.specification.version' to '1.8'
setting 'sun.java.command' to 'org.apache.tools.ant.taskdefs.optional.junit.JUnitTestRunner org.apache.ivy.core.retrieve.RetrieveTest skipNonTests=false filtertrace=true haltOnError=false haltOnFailure=false formatter=org.apache.tools.ant.taskdefs.optional.junit.SummaryJUnitResultFormatter showoutput=false outputtoformatters=true logfailedtests=true threadid=0 logtestlistenerevents=false formatter=org.apache.tools.ant.taskdefs.optional.junit.XMLJUnitResultFormatter,/Users/aminechagou/Documents/workspace/GoBot/ivy/build/test-report/TEST-org.apache.ivy.core.retrieve.RetrieveTest.xml crashfile=/Users/aminechagou/Documents/workspace/GoBot/ivy/junitvmwatcher4727728708462005562.properties propsfile=/Users/aminechagou/Documents/workspace/GoBot/ivy/junit3712363074040025198.properties'
setting 'java.home' to '/Library/Java/JavaVirtualMachines/jdk1.8.0_91.jdk/Contents/Home/jre'
setting 'sun.arch.data.model' to '64'
setting 'user.language' to 'tr'
setting 'java.specification.vendor' to 'Oracle Corporation'
setting 'awt.toolkit' to 'sun.lwawt.macosx.LWCToolkit'
setting 'java.vm.info' to 'mixed mode'
setting 'java.version' to '1.8.0_91'
setting 'java.ext.dirs' to '/Users/aminechagou/Library/Java/Extensions:/Library/Java/JavaVirtualMachines/jdk1.8.0_91.jdk/Contents/Home/jre/lib/ext:/Library/Java/Extensions:/Network/Library/Java/Extensions:/System/Library/Java/Extensions:/usr/lib/java'
setting 'sun.boot.class.path' to '/Library/Java/JavaVirtualMachines/jdk1.8.0_91.jdk/Contents/Home/jre/lib/resources.jar:/Library/Java/JavaVirtualMachines/jdk1.8.0_91.jdk/Contents/Home/jre/lib/rt.jar:/Library/Java/JavaVirtualMachines/jdk1.8.0_91.jdk/Contents/Home/jre/lib/sunrsasign.jar:/Library/Java/JavaVirtualMachines/jdk1.8.0_91.jdk/Contents/Home/jre/lib/jsse.jar:/Library/Java/JavaVirtualMachines/jdk1.8.0_91.jdk/Contents/Home/jre/lib/jce.jar:/Library/Java/JavaVirtualMachines/jdk1.8.0_91.jdk/Contents/Home/jre/lib/charsets.jar:/Library/Java/JavaVirtualMachines/jdk1.8.0_91.jdk/Contents/Home/jre/lib/jfr.jar:/Library/Java/JavaVirtualMachines/jdk1.8.0_91.jdk/Contents/Home/jre/classes'
setting 'java.vendor' to 'Oracle Corporation'
setting 'file.separator' to '/'
setting 'java.vendor.url.bug' to 'http://bugreport.sun.com/bugreport/'
setting 'sun.io.unicode.encoding' to 'UnicodeBig'
setting 'sun.cpu.endian' to 'little'
setting 'http.nonProxyHosts.ivy.instance' to 'local|*.local|169.254/16|*.169.254/16'
setting 'socksNonProxyHosts' to 'local|*.local|169.254/16|*.169.254/16'
setting 'user.region' to 'TR'
setting 'ftp.nonProxyHosts' to 'local|*.local|169.254/16|*.169.254/16'
setting 'sun.cpu.isalist' to ''
:: loading settings :: file = test/repositories/ivysettings.xml
setting 'ivy.settings.dir' to '/Users/aminechagou/Documents/workspace/GoBot/ivy/test/repositories'
setting 'ivy.conf.dir' to '/Users/aminechagou/Documents/workspace/GoBot/ivy/test/repositories'
setting 'ivy.settings.file' to '/Users/aminechagou/Documents/workspace/GoBot/ivy/test/repositories/ivysettings.xml'
setting 'ivy.conf.file' to '/Users/aminechagou/Documents/workspace/GoBot/ivy/test/repositories/ivysettings.xml'
setting 'ivy.settings.url' to 'file:/Users/aminechagou/Documents/workspace/GoBot/ivy/test/repositories/ivysettings.xml'
setting 'ivy.conf.url' to 'file:/Users/aminechagou/Documents/workspace/GoBot/ivy/test/repositories/ivysettings.xml'
setting 'ivy.settings.dir.url' to 'file:/Users/aminechagou/Documents/workspace/GoBot/ivy/test/repositories/'
setting 'ivy.default.ivy.user.dir' to '/Users/aminechagou/.ivy2'
setting 'ivy.home' to '/Users/aminechagou/.ivy2'
no default ivy user dir defined: set to /Users/aminechagou/.ivy2
setting 'ivy.log.modules.in.use' to 'false'
setting 'ivy.resolver.default.check.modified' to 'false'
setting 'ivy.default.always.check.exact.revision' to 'false'
setting 'ivy.retrieve.pattern' to '${ivy.lib.dir}/[artifact]-[revision](-[classifier]).[ext]'
setting 'ivy.configurations' to '*'
setting 'ivy.buildlist.ivyfilepath' to 'ivy.xml'
setting 'ivy.status' to 'integration'
setting 'ivy.resolve.default.type.filter' to '*'
setting 'ivy.project.dir' to '${basedir}'
setting 'ivy.dep.file' to 'ivy.xml'
'ivy.settings.file' already set: discarding 'ivysettings.xml'
setting 'ivy.report.output.pattern' to '[organisation]-[module]-[conf].[ext]'
setting 'ivy.cache.ttl.default' to '10s'
setting 'ivy.publish.src.artifacts.pattern' to '${ivy.distrib.dir}/[type]s/[artifact]-[revision](-[classifier]).[ext]'
setting 'ivy.deliver.ivy.pattern' to '${ivy.distrib.dir}/[type]s/[artifact]-[revision](-[classifier]).[ext]'
setting 'ivy.build.artifacts.dir' to '${ivy.project.dir}/build/artifacts'
setting 'ivy.checksums' to 'sha1,md5'
setting 'ivy.distrib.dir' to '${ivy.project.dir}/distrib'
setting 'ivy.lib.dir' to '${ivy.project.dir}/lib'
loading properties: /Users/aminechagou/Documents/workspace/GoBot/ivy/test/repositories/ivysettings.properties
setting 'ivy.publish.src.artifacts.pattern' to '${build}/[artifact]-[revision].[ext]'
setting 'vfs.user' to ''
setting 'cache.dir' to '${ivy.basedir}/build/cache'
setting 'vfs.passwd' to ''
setting 'vfs.host' to ''
setting 'vfs.samba.share' to ''
setting 'ivy.cache.dir' to '/Users/aminechagou/Documents/workspace/GoBot/ivy/build/cache'
1: no namespace defined: using system
1: no latest strategy defined: using default
2: no namespace defined: using system
2: no latest strategy defined: using default
test: no namespace defined: using system
test: no latest strategy defined: using default
m2: no namespace defined: using system
m2: no latest strategy defined: using default
install: no namespace defined: using system
install: no latest strategy defined: using default
2-ivy: no namespace defined: using system
2-ivy: no latest strategy defined: using default
2-artifact: no namespace defined: using system
2-artifact: no latest strategy defined: using default
transactional: no namespace defined: using system
transactional: no latest strategy defined: using default
'ivy.default.ivy.user.dir' already set: discarding '/Users/aminechagou/.ivy2'
settings loaded (3ms)
	default cache: /Users/aminechagou/Documents/workspace/GoBot/ivy/build/cache
	default resolver: test
	default latest strategy: latest-revision
	default conflict manager: latest-revision
	circular dependency strategy: warn
	validate: true
	check up2date: true
	-- 8 resolvers:
	1 [file]
		cache: null
		m2compatible: false
		ivy patterns:
			/Users/aminechagou/Documents/workspace/GoBot/ivy/test/repositories/1/[organisation]/[module]/ivys/ivy-[revision].xml
		artifact patterns:
			/Users/aminechagou/Documents/workspace/GoBot/ivy/test/repositories/1/[organisation]/[module]/[type]s/[artifact]-[revision].[ext]
		repository: 1
	2 [dual 2-ivy 2-artifact]
	test [chain] [1, 2, m2]
		return first: false
		dual: false
		-> 1
		-> 2
		-> m2
	m2 [ibiblio]
		cache: null
		m2compatible: true
		ivy patterns:
			file:/Users/aminechagou/Documents/workspace/GoBot/ivy/test/repositories/m2/[organisation]/[module]/[revision]/[artifact]-[revision](-[classifier]).[ext]
		artifact patterns:
			file:/Users/aminechagou/Documents/workspace/GoBot/ivy/test/repositories/m2/[organisation]/[module]/[revision]/[artifact]-[revision](-[classifier]).[ext]
		repository: m2
		root: file:/Users/aminechagou/Documents/workspace/GoBot/ivy/test/repositories/m2/
		pattern: [organisation]/[module]/[revision]/[artifact]-[revision](-[classifier]).[ext]
		usepoms: true
		useMavenMetadata: true
	install [file]
		cache: null
		m2compatible: false
		ivy patterns:
			/Users/aminechagou/Documents/workspace/GoBot/ivy/build/test/install/[organisation]/[module]/[artifact]-[revision].[ext]
		artifact patterns:
			/Users/aminechagou/Documents/workspace/GoBot/ivy/build/test/install/[organisation]/[module]/[artifact]-[revision].[ext]
		repository: install
	2-ivy [file]
		cache: null
		m2compatible: false
		ivy patterns:
			/Users/aminechagou/Documents/workspace/GoBot/ivy/test/repositories/2/[module]/ivy-[revision].xml
		artifact patterns:
		repository: 2-ivy
	2-artifact [file]
		cache: null
		m2compatible: false
		ivy patterns:
		artifact patterns:
			/Users/aminechagou/Documents/workspace/GoBot/ivy/test/repositories/2/[module]/[artifact]-[revision].[ext]
			/Users/aminechagou/Documents/workspace/GoBot/ivy/test/repositories/2/[module]/[artifact].[ext]
		repository: 2-artifact
	transactional [file]
		cache: null
		m2compatible: false
		ivy patterns:
			/Users/aminechagou/Documents/workspace/GoBot/ivy/build/test/transactional/[organisation]/[module]/[revision]/[artifact]-[revision].[ext]
		artifact patterns:
			/Users/aminechagou/Documents/workspace/GoBot/ivy/build/test/transactional/[organisation]/[module]/[revision]/[artifact]-[revision].[ext]
		repository: transactional
	module settings:
		NONE
using ivy parser to parse file:/Users/aminechagou/Documents/workspace/GoBot/ivy/test/repositories/1/org1/mod1.1/ivys/ivy-1.0.xml
pre 1.3 ivy file: using exactOrRegexp as default matcher
:: resolving dependencies :: org1#mod1.1;1.0
	confs: [default]
	validate = true
	refresh = false
resolving dependencies for configuration 'default'
== resolving dependencies for org1#mod1.1;1.0 [default]
loadData of org1#mod1.1;1.0 of rootConf=default
== resolving dependencies org1#mod1.1;1.0->org1#mod1.2;2.0 [default->*]
loadData of org1#mod1.2;2.0 of rootConf=default
	using test to resolve org1#mod1.2;2.0
test: Checking cache for: dependency: org1#mod1.2;2.0 {*=[*]}
	no ivy file in cache for org1#mod1.2;2.0: tried /Users/aminechagou/Documents/workspace/GoBot/ivy/build/cache/org1/mod1.2/ivy-2.0.xml
	no ivy file in cache for org1#mod1.2;2.0: tried /Users/aminechagou/Documents/workspace/GoBot/ivy/build/cache/org1/mod1.2/ivy-2.0.xml
	 trying /Users/aminechagou/Documents/workspace/GoBot/ivy/test/repositories/1/org1/mod1.2/ivys/ivy-2.0.xml
		tried /Users/aminechagou/Documents/workspace/GoBot/ivy/test/repositories/1/org1/mod1.2/ivys/ivy-2.0.xml
	1: resource not reachable for org1#mod1.2;2.0: res=/Users/aminechagou/Documents/workspace/GoBot/ivy/test/repositories/1/org1/mod1.2/ivys/ivy-2.0.xml
	 trying /Users/aminechagou/Documents/workspace/GoBot/ivy/test/repositories/1/org1/mod1.2/jars/mod1.2-2.0.jar
		tried /Users/aminechagou/Documents/workspace/GoBot/ivy/test/repositories/1/org1/mod1.2/jars/mod1.2-2.0.jar
	1: no ivy file found for org1#mod1.2;2.0: using default data
	checking org1#mod1.2;2.0[default] from 1 against [none]
	module revision kept as first found: org1#mod1.2;2.0[default] from 1
Entry is found in the ModuleDescriptorCache : /Users/aminechagou/Documents/workspace/GoBot/ivy/build/cache/org1/mod1.2/ivy-2.0.xml
	found ivy file in cache for org1#mod1.2;2.0 (resolved by 1): /Users/aminechagou/Documents/workspace/GoBot/ivy/build/cache/org1/mod1.2/ivy-2.0.xml
found module in cache but with a different resolver: discarding: org1#mod1.2;2.0; expected resolver=2-ivy; resolver=1
	 trying /Users/aminechagou/Documents/workspace/GoBot/ivy/test/repositories/2/mod1.2/ivy-2.0.xml
		tried /Users/aminechagou/Documents/workspace/GoBot/ivy/test/repositories/2/mod1.2/ivy-2.0.xml
	2-ivy: resource not reachable for org1#mod1.2;2.0: res=/Users/aminechagou/Documents/workspace/GoBot/ivy/test/repositories/2/mod1.2/ivy-2.0.xml
	2-ivy: no ivy file nor artifact found for org1#mod1.2;2.0
Entry is found in the ModuleDescriptorCache : /Users/aminechagou/Documents/workspace/GoBot/ivy/build/cache/org1/mod1.2/ivy-2.0.xml
	found ivy file in cache for org1#mod1.2;2.0 (resolved by 1): /Users/aminechagou/Documents/workspace/GoBot/ivy/build/cache/org1/mod1.2/ivy-2.0.xml
found module in cache but with a different resolver: discarding: org1#mod1.2;2.0; expected resolver=m2; resolver=1
	 trying file:/Users/aminechagou/Documents/workspace/GoBot/ivy/test/repositories/m2/org1/mod1.2/2.0/mod1.2-2.0.pom
		tried file:/Users/aminechagou/Documents/workspace/GoBot/ivy/test/repositories/m2/org1/mod1.2/2.0/mod1.2-2.0.pom
	m2: resource not reachable for org1#mod1.2;2.0: res=file:/Users/aminechagou/Documents/workspace/GoBot/ivy/test/repositories/m2/org1/mod1.2/2.0/mod1.2-2.0.pom
	 trying file:/Users/aminechagou/Documents/workspace/GoBot/ivy/test/repositories/m2/org1/mod1.2/2.0/mod1.2-2.0.jar
		tried file:/Users/aminechagou/Documents/workspace/GoBot/ivy/test/repositories/m2/org1/mod1.2/2.0/mod1.2-2.0.jar
	m2: resource not reachable for org1#mod1.2;2.0: res=file:/Users/aminechagou/Documents/workspace/GoBot/ivy/test/repositories/m2/org1/mod1.2/2.0/mod1.2-2.0.jar
	m2: no ivy file nor artifact found for org1#mod1.2;2.0
	found org1#mod1.2;2.0 in 1
Nbr of module to sort : 1
Sort dependencies of : org1#mod1.2;2.0 / Number of dependencies = 0
Sort done for : org1#mod1.2;2.0
storing dependency org1#mod1.2;2.0 in props
	resolved ivy file produced in cache
:: downloading artifacts ::
	 trying /Users/aminechagou/Documents/workspace/GoBot/ivy/test/repositories/1/org1/mod1.2/jars/mod1.2-2.0.jar
		tried /Users/aminechagou/Documents/workspace/GoBot/ivy/test/repositories/1/org1/mod1.2/jars/mod1.2-2.0.jar
downloading /Users/aminechagou/Documents/workspace/GoBot/ivy/test/repositories/1/org1/mod1.2/jars/mod1.2-2.0.jar ...
	1: downloading /Users/aminechagou/Documents/workspace/GoBot/ivy/test/repositories/1/org1/mod1.2/jars/mod1.2-2.0.jar
		to /Users/aminechagou/Documents/workspace/GoBot/ivy/build/cache/org1/mod1.2/jars/mod1.2-2.0.jar.part
. (0kB)
	[SUCCESSFUL ] org1#mod1.2;2.0!mod1.2.jar (1ms)
:: resolution report :: resolve 14ms :: artifacts dl 2ms
	---------------------------------------------------------------------
	|                  |            modules            ||   artifacts   |
	|       conf       | number| search|dwnlded|evicted|| number|dwnlded|
	---------------------------------------------------------------------
	|      default     |   1   |   1   |   0   |   0   ||   1   |   1   |
	---------------------------------------------------------------------
Nbr of module to sort : 1
Sort dependencies of : org1#mod1.2;2.0 / Number of dependencies = 0
Sort done for : org1#mod1.2;2.0
	report for org1#mod1.1;1.0 default produced in /Users/aminechagou/Documents/workspace/GoBot/ivy/build/cache/org1-mod1.1-default.xml
	resolve done (14ms resolve - 2ms download)
:: retrieving :: org1#mod1.1
	checkUpToDate=true
pre 1.3 ivy file: using exactOrRegexp as default matcher
no explicit confs given for retrieve, using ivy file: file:/Users/aminechagou/Documents/workspace/GoBot/ivy/build/cache/resolved-org1-mod1.1-1.0.xml
	confs: [default]
	retrieving /Users/aminechagou/Documents/workspace/GoBot/ivy/build/cache/org1/mod1.2/jars/mod1.2-2.0.jar
		to /Users/aminechagou/Documents/workspace/GoBot/ivy/build/test/retrieve/mod1.2/default/mod1.2-2.0.jar
	Mass symlinking 1 files
executing "sh" of:
	ln -s -f "/Users/aminechagou/Documents/workspace/GoBot/ivy/build/cache/org1/mod1.2/jars/mod1.2-2.0.jar"  "/Users/aminechagou/Documents/workspace/GoBot/ivy/build/test/retrieve/mod1.2/default/mod1.2-2.0.jar";
	1 artifacts copied, 0 already retrieved (0kB/84ms)
	retrieve done (84ms)
:: retrieving :: org1#mod1.1
	checkUpToDate=true
pre 1.3 ivy file: using exactOrRegexp as default matcher
no explicit confs given for retrieve, using ivy file: file:/Users/aminechagou/Documents/workspace/GoBot/ivy/build/cache/resolved-org1-mod1.1-1.0.xml
	confs: [default]
	retrieving /Users/aminechagou/Documents/workspace/GoBot/ivy/build/cache/org1/mod1.2/jars/mod1.2-2.0.jar
		to /Users/aminechagou/Documents/workspace/GoBot/ivy/build/test/retrieve/mod1.2/default/jars/mod1.2-2.0.jar
	Mass symlinking 1 files
executing "sh" of:
	ln -s -f "/Users/aminechagou/Documents/workspace/GoBot/ivy/build/cache/org1/mod1.2/jars/mod1.2-2.0.jar"  "/Users/aminechagou/Documents/workspace/GoBot/ivy/build/test/retrieve/mod1.2/default/jars/mod1.2-2.0.jar";
	1 artifacts copied, 0 already retrieved (0kB/10ms)
	retrieve done (10ms)
setting 'ivy.default.settings.dir' to 'file:/Users/aminechagou/Documents/workspace/GoBot/ivy/build/classes/core/org/apache/ivy/core/settings'
setting 'ivy.basedir' to '/Users/aminechagou/Documents/workspace/GoBot/ivy/.'
setting 'ivy.default.conf.dir' to 'file:/Users/aminechagou/Documents/workspace/GoBot/ivy/build/classes/core/org/apache/ivy/core/settings'
setting 'java.runtime.name' to 'Java(TM) SE Runtime Environment'
setting 'sun.boot.library.path' to '/Library/Java/JavaVirtualMachines/jdk1.8.0_91.jdk/Contents/Home/jre/lib'
setting 'java.vm.version' to '25.91-b14'
setting 'gopherProxySet' to 'false'
setting 'java.vm.vendor' to 'Oracle Corporation'
setting 'java.vendor.url' to 'http://java.oracle.com/'
setting 'emma.coverage.out.merge' to 'true'
setting 'path.separator' to ':'
setting 'java.vm.name' to 'Java HotSpot(TM) 64-Bit Server VM'
setting 'file.encoding.pkg' to 'sun.io'
setting 'user.country' to 'FR'
setting 'sun.java.launcher' to 'SUN_STANDARD'
setting 'sun.os.patch.level' to 'unknown'
setting 'java.vm.specification.name' to 'Java Virtual Machine Specification'
setting 'user.dir' to '/Users/aminechagou/Documents/workspace/GoBot/ivy'
setting 'java.runtime.version' to '1.8.0_91-b14'
setting 'java.awt.graphicsenv' to 'sun.awt.CGraphicsEnvironment'
setting 'java.endorsed.dirs' to '/Library/Java/JavaVirtualMachines/jdk1.8.0_91.jdk/Contents/Home/jre/lib/endorsed'
setting 'os.arch' to 'x86_64'
setting 'java.io.tmpdir' to '/var/folders/fj/qq0462l92650s4nnvt7tmdbm0000gn/T/'
setting 'line.separator' to '
'
setting 'java.vm.specification.vendor' to 'Oracle Corporation'
setting 'os.name' to 'Mac OS X'
setting 'sun.jnu.encoding' to 'UTF-8'
setting 'java.library.path' to '/Users/aminechagou/Library/Java/Extensions:/Library/Java/Extensions:/Network/Library/Java/Extensions:/System/Library/Java/Extensions:/usr/lib/java:.'
setting 'emma.coverage.out.file' to '/Users/aminechagou/Documents/workspace/GoBot/ivy/build/coverage/coverage.emma'
setting 'java.specification.name' to 'Java Platform API Specification'
setting 'java.class.version' to '52.0'
setting 'sun.management.compiler' to 'HotSpot 64-Bit Tiered Compilers'
setting 'os.version' to '10.10.5'
setting 'http.nonProxyHosts' to 'local|*.local|169.254/16|*.169.254/16'
setting 'user.home' to '/Users/aminechagou'
setting 'user.timezone' to 'Europe/Paris'
setting 'java.awt.printerjob' to 'sun.lwawt.macosx.CPrinterJob'
setting 'file.encoding' to 'UTF-8'
setting 'java.specification.version' to '1.8'
setting 'java.class.path' to '/Users/aminechagou/Documents/workspace/GoBot/ivy/build/coverage/classes:/Users/aminechagou/.ivy2/cache/emma/emma/jars/emma-2.0.5312.jar:/Users/aminechagou/Documents/workspace/GoBot/ivy/lib/ant-contrib.jar:/Users/aminechagou/Documents/workspace/GoBot/ivy/lib/ant-testutil.jar:/Users/aminechagou/Documents/workspace/GoBot/ivy/lib/bcpg-jdk14.jar:/Users/aminechagou/Documents/workspace/GoBot/ivy/lib/bcprov-jdk14.jar:/Users/aminechagou/Documents/workspace/GoBot/ivy/lib/commons-codec.jar:/Users/aminechagou/Documents/workspace/GoBot/ivy/lib/commons-httpclient.jar:/Users/aminechagou/Documents/workspace/GoBot/ivy/lib/commons-lang.jar:/Users/aminechagou/Documents/workspace/GoBot/ivy/lib/commons-logging.jar:/Users/aminechagou/Documents/workspace/GoBot/ivy/lib/commons-vfs.jar:/Users/aminechagou/Documents/workspace/GoBot/ivy/lib/jna.jar:/Users/aminechagou/Documents/workspace/GoBot/ivy/lib/jsch.agentproxy.connector-factory.jar:/Users/aminechagou/Documents/workspace/GoBot/ivy/lib/jsch.agentproxy.core.jar:/Users/aminechagou/Documents/workspace/GoBot/ivy/lib/jsch.agentproxy.jsch.jar:/Users/aminechagou/Documents/workspace/GoBot/ivy/lib/jsch.agentproxy.pageant.jar:/Users/aminechagou/Documents/workspace/GoBot/ivy/lib/jsch.agentproxy.sshagent.jar:/Users/aminechagou/Documents/workspace/GoBot/ivy/lib/jsch.agentproxy.usocket-jna.jar:/Users/aminechagou/Documents/workspace/GoBot/ivy/lib/jsch.agentproxy.usocket-nc.jar:/Users/aminechagou/Documents/workspace/GoBot/ivy/lib/jsch.jar:/Users/aminechagou/Documents/workspace/GoBot/ivy/lib/junit.jar:/Users/aminechagou/Documents/workspace/GoBot/ivy/lib/mod1.2-2.0.jar:/Users/aminechagou/Documents/workspace/GoBot/ivy/lib/oro.jar:/Users/aminechagou/Documents/workspace/GoBot/ivy/lib/platform.jar:/Users/aminechagou/Documents/workspace/GoBot/ivy/lib/xercesImpl.jar:/Users/aminechagou/Documents/workspace/GoBot/ivy/lib/xmlParserAPIs.jar:/Users/aminechagou/Documents/workspace/GoBot/ivy/build/classes/core:/Users/aminechagou/Documents/workspace/GoBot/ivy/build/classes/ant:/Users/aminechagou/Documents/workspace/GoBot/ivy/build/classes/optional:/Users/aminechagou/Documents/workspace/GoBot/ivy/build/test:/Users/aminechagou/.p2/pool/plugins/org.apache.ant_1.9.6.v201510161327/lib/ant-launcher.jar:/Users/aminechagou/.p2/pool/plugins/org.apache.ant_1.9.6.v201510161327/lib/ant.jar:/Users/aminechagou/.p2/pool/plugins/org.apache.ant_1.9.6.v201510161327/lib/ant-junit.jar:/Users/aminechagou/.p2/pool/plugins/org.apache.ant_1.9.6.v201510161327/lib/ant-junit4.jar'
setting 'user.name' to 'aminechagou'
setting 'java.vm.specification.version' to '1.8'
setting 'sun.java.command' to 'org.apache.tools.ant.taskdefs.optional.junit.JUnitTestRunner org.apache.ivy.core.retrieve.RetrieveTest skipNonTests=false filtertrace=true haltOnError=false haltOnFailure=false formatter=org.apache.tools.ant.taskdefs.optional.junit.SummaryJUnitResultFormatter showoutput=false outputtoformatters=true logfailedtests=true threadid=0 logtestlistenerevents=false formatter=org.apache.tools.ant.taskdefs.optional.junit.XMLJUnitResultFormatter,/Users/aminechagou/Documents/workspace/GoBot/ivy/build/test-report/TEST-org.apache.ivy.core.retrieve.RetrieveTest.xml crashfile=/Users/aminechagou/Documents/workspace/GoBot/ivy/junitvmwatcher4727728708462005562.properties propsfile=/Users/aminechagou/Documents/workspace/GoBot/ivy/junit3712363074040025198.properties'
setting 'java.home' to '/Library/Java/JavaVirtualMachines/jdk1.8.0_91.jdk/Contents/Home/jre'
setting 'sun.arch.data.model' to '64'
setting 'user.language' to 'tr'
setting 'java.specification.vendor' to 'Oracle Corporation'
setting 'awt.toolkit' to 'sun.lwawt.macosx.LWCToolkit'
setting 'java.vm.info' to 'mixed mode'
setting 'java.version' to '1.8.0_91'
setting 'java.ext.dirs' to '/Users/aminechagou/Library/Java/Extensions:/Library/Java/JavaVirtualMachines/jdk1.8.0_91.jdk/Contents/Home/jre/lib/ext:/Library/Java/Extensions:/Network/Library/Java/Extensions:/System/Library/Java/Extensions:/usr/lib/java'
setting 'sun.boot.class.path' to '/Library/Java/JavaVirtualMachines/jdk1.8.0_91.jdk/Contents/Home/jre/lib/resources.jar:/Library/Java/JavaVirtualMachines/jdk1.8.0_91.jdk/Contents/Home/jre/lib/rt.jar:/Library/Java/JavaVirtualMachines/jdk1.8.0_91.jdk/Contents/Home/jre/lib/sunrsasign.jar:/Library/Java/JavaVirtualMachines/jdk1.8.0_91.jdk/Contents/Home/jre/lib/jsse.jar:/Library/Java/JavaVirtualMachines/jdk1.8.0_91.jdk/Contents/Home/jre/lib/jce.jar:/Library/Java/JavaVirtualMachines/jdk1.8.0_91.jdk/Contents/Home/jre/lib/charsets.jar:/Library/Java/JavaVirtualMachines/jdk1.8.0_91.jdk/Contents/Home/jre/lib/jfr.jar:/Library/Java/JavaVirtualMachines/jdk1.8.0_91.jdk/Contents/Home/jre/classes'
setting 'java.vendor' to 'Oracle Corporation'
setting 'file.separator' to '/'
setting 'java.vendor.url.bug' to 'http://bugreport.sun.com/bugreport/'
setting 'sun.io.unicode.encoding' to 'UnicodeBig'
setting 'sun.cpu.endian' to 'little'
setting 'http.nonProxyHosts.ivy.instance' to 'local|*.local|169.254/16|*.169.254/16'
setting 'socksNonProxyHosts' to 'local|*.local|169.254/16|*.169.254/16'
setting 'user.region' to 'TR'
setting 'ftp.nonProxyHosts' to 'local|*.local|169.254/16|*.169.254/16'
setting 'sun.cpu.isalist' to ''
:: loading settings :: file = test/repositories/ivysettings.xml
setting 'ivy.settings.dir' to '/Users/aminechagou/Documents/workspace/GoBot/ivy/test/repositories'
setting 'ivy.conf.dir' to '/Users/aminechagou/Documents/workspace/GoBot/ivy/test/repositories'
setting 'ivy.settings.file' to '/Users/aminechagou/Documents/workspace/GoBot/ivy/test/repositories/ivysettings.xml'
setting 'ivy.conf.file' to '/Users/aminechagou/Documents/workspace/GoBot/ivy/test/repositories/ivysettings.xml'
setting 'ivy.settings.url' to 'file:/Users/aminechagou/Documents/workspace/GoBot/ivy/test/repositories/ivysettings.xml'
setting 'ivy.conf.url' to 'file:/Users/aminechagou/Documents/workspace/GoBot/ivy/test/repositories/ivysettings.xml'
setting 'ivy.settings.dir.url' to 'file:/Users/aminechagou/Documents/workspace/GoBot/ivy/test/repositories/'
setting 'ivy.default.ivy.user.dir' to '/Users/aminechagou/.ivy2'
setting 'ivy.home' to '/Users/aminechagou/.ivy2'
no default ivy user dir defined: set to /Users/aminechagou/.ivy2
setting 'ivy.log.modules.in.use' to 'false'
setting 'ivy.resolver.default.check.modified' to 'false'
setting 'ivy.default.always.check.exact.revision' to 'false'
setting 'ivy.retrieve.pattern' to '${ivy.lib.dir}/[artifact]-[revision](-[classifier]).[ext]'
setting 'ivy.configurations' to '*'
setting 'ivy.buildlist.ivyfilepath' to 'ivy.xml'
setting 'ivy.status' to 'integration'
setting 'ivy.resolve.default.type.filter' to '*'
setting 'ivy.project.dir' to '${basedir}'
setting 'ivy.dep.file' to 'ivy.xml'
'ivy.settings.file' already set: discarding 'ivysettings.xml'
setting 'ivy.report.output.pattern' to '[organisation]-[module]-[conf].[ext]'
setting 'ivy.cache.ttl.default' to '10s'
setting 'ivy.publish.src.artifacts.pattern' to '${ivy.distrib.dir}/[type]s/[artifact]-[revision](-[classifier]).[ext]'
setting 'ivy.deliver.ivy.pattern' to '${ivy.distrib.dir}/[type]s/[artifact]-[revision](-[classifier]).[ext]'
setting 'ivy.build.artifacts.dir' to '${ivy.project.dir}/build/artifacts'
setting 'ivy.checksums' to 'sha1,md5'
setting 'ivy.distrib.dir' to '${ivy.project.dir}/distrib'
setting 'ivy.lib.dir' to '${ivy.project.dir}/lib'
loading properties: /Users/aminechagou/Documents/workspace/GoBot/ivy/test/repositories/ivysettings.properties
setting 'ivy.publish.src.artifacts.pattern' to '${build}/[artifact]-[revision].[ext]'
setting 'vfs.user' to ''
setting 'cache.dir' to '${ivy.basedir}/build/cache'
setting 'vfs.passwd' to ''
setting 'vfs.host' to ''
setting 'vfs.samba.share' to ''
setting 'ivy.cache.dir' to '/Users/aminechagou/Documents/workspace/GoBot/ivy/build/cache'
1: no namespace defined: using system
1: no latest strategy defined: using default
2: no namespace defined: using system
2: no latest strategy defined: using default
test: no namespace defined: using system
test: no latest strategy defined: using default
m2: no namespace defined: using system
m2: no latest strategy defined: using default
install: no namespace defined: using system
install: no latest strategy defined: using default
2-ivy: no namespace defined: using system
2-ivy: no latest strategy defined: using default
2-artifact: no namespace defined: using system
2-artifact: no latest strategy defined: using default
transactional: no namespace defined: using system
transactional: no latest strategy defined: using default
'ivy.default.ivy.user.dir' already set: discarding '/Users/aminechagou/.ivy2'
settings loaded (3ms)
	default cache: /Users/aminechagou/Documents/workspace/GoBot/ivy/build/cache
	default resolver: test
	default latest strategy: latest-revision
	default conflict manager: latest-revision
	circular dependency strategy: warn
	validate: true
	check up2date: true
	-- 8 resolvers:
	1 [file]
		cache: null
		m2compatible: false
		ivy patterns:
			/Users/aminechagou/Documents/workspace/GoBot/ivy/test/repositories/1/[organisation]/[module]/ivys/ivy-[revision].xml
		artifact patterns:
			/Users/aminechagou/Documents/workspace/GoBot/ivy/test/repositories/1/[organisation]/[module]/[type]s/[artifact]-[revision].[ext]
		repository: 1
	2 [dual 2-ivy 2-artifact]
	test [chain] [1, 2, m2]
		return first: false
		dual: false
		-> 1
		-> 2
		-> m2
	m2 [ibiblio]
		cache: null
		m2compatible: true
		ivy patterns:
			file:/Users/aminechagou/Documents/workspace/GoBot/ivy/test/repositories/m2/[organisation]/[module]/[revision]/[artifact]-[revision](-[classifier]).[ext]
		artifact patterns:
			file:/Users/aminechagou/Documents/workspace/GoBot/ivy/test/repositories/m2/[organisation]/[module]/[revision]/[artifact]-[revision](-[classifier]).[ext]
		repository: m2
		root: file:/Users/aminechagou/Documents/workspace/GoBot/ivy/test/repositories/m2/
		pattern: [organisation]/[module]/[revision]/[artifact]-[revision](-[classifier]).[ext]
		usepoms: true
		useMavenMetadata: true
	install [file]
		cache: null
		m2compatible: false
		ivy patterns:
			/Users/aminechagou/Documents/workspace/GoBot/ivy/build/test/install/[organisation]/[module]/[artifact]-[revision].[ext]
		artifact patterns:
			/Users/aminechagou/Documents/workspace/GoBot/ivy/build/test/install/[organisation]/[module]/[artifact]-[revision].[ext]
		repository: install
	2-ivy [file]
		cache: null
		m2compatible: false
		ivy patterns:
			/Users/aminechagou/Documents/workspace/GoBot/ivy/test/repositories/2/[module]/ivy-[revision].xml
		artifact patterns:
		repository: 2-ivy
	2-artifact [file]
		cache: null
		m2compatible: false
		ivy patterns:
		artifact patterns:
			/Users/aminechagou/Documents/workspace/GoBot/ivy/test/repositories/2/[module]/[artifact]-[revision].[ext]
			/Users/aminechagou/Documents/workspace/GoBot/ivy/test/repositories/2/[module]/[artifact].[ext]
		repository: 2-artifact
	transactional [file]
		cache: null
		m2compatible: false
		ivy patterns:
			/Users/aminechagou/Documents/workspace/GoBot/ivy/build/test/transactional/[organisation]/[module]/[revision]/[artifact]-[revision].[ext]
		artifact patterns:
			/Users/aminechagou/Documents/workspace/GoBot/ivy/build/test/transactional/[organisation]/[module]/[revision]/[artifact]-[revision].[ext]
		repository: transactional
	module settings:
		NONE
setting 'retrieve.dir' to 'retrieve'
using ivy parser to parse file:/Users/aminechagou/Documents/workspace/GoBot/ivy/test/repositories/1/org1/mod1.1/ivys/ivy-1.0.xml
pre 1.3 ivy file: using exactOrRegexp as default matcher
:: resolving dependencies :: org1#mod1.1;1.0
	confs: [default]
	validate = true
	refresh = false
resolving dependencies for configuration 'default'
== resolving dependencies for org1#mod1.1;1.0 [default]
loadData of org1#mod1.1;1.0 of rootConf=default
== resolving dependencies org1#mod1.1;1.0->org1#mod1.2;2.0 [default->*]
loadData of org1#mod1.2;2.0 of rootConf=default
	using test to resolve org1#mod1.2;2.0
test: Checking cache for: dependency: org1#mod1.2;2.0 {*=[*]}
	no ivy file in cache for org1#mod1.2;2.0: tried /Users/aminechagou/Documents/workspace/GoBot/ivy/build/cache/org1/mod1.2/ivy-2.0.xml
	no ivy file in cache for org1#mod1.2;2.0: tried /Users/aminechagou/Documents/workspace/GoBot/ivy/build/cache/org1/mod1.2/ivy-2.0.xml
	 trying /Users/aminechagou/Documents/workspace/GoBot/ivy/test/repositories/1/org1/mod1.2/ivys/ivy-2.0.xml
		tried /Users/aminechagou/Documents/workspace/GoBot/ivy/test/repositories/1/org1/mod1.2/ivys/ivy-2.0.xml
	1: resource not reachable for org1#mod1.2;2.0: res=/Users/aminechagou/Documents/workspace/GoBot/ivy/test/repositories/1/org1/mod1.2/ivys/ivy-2.0.xml
	 trying /Users/aminechagou/Documents/workspace/GoBot/ivy/test/repositories/1/org1/mod1.2/jars/mod1.2-2.0.jar
		tried /Users/aminechagou/Documents/workspace/GoBot/ivy/test/repositories/1/org1/mod1.2/jars/mod1.2-2.0.jar
	1: no ivy file found for org1#mod1.2;2.0: using default data
	checking org1#mod1.2;2.0[default] from 1 against [none]
	module revision kept as first found: org1#mod1.2;2.0[default] from 1
Entry is found in the ModuleDescriptorCache : /Users/aminechagou/Documents/workspace/GoBot/ivy/build/cache/org1/mod1.2/ivy-2.0.xml
	found ivy file in cache for org1#mod1.2;2.0 (resolved by 1): /Users/aminechagou/Documents/workspace/GoBot/ivy/build/cache/org1/mod1.2/ivy-2.0.xml
found module in cache but with a different resolver: discarding: org1#mod1.2;2.0; expected resolver=2-ivy; resolver=1
	 trying /Users/aminechagou/Documents/workspace/GoBot/ivy/test/repositories/2/mod1.2/ivy-2.0.xml
		tried /Users/aminechagou/Documents/workspace/GoBot/ivy/test/repositories/2/mod1.2/ivy-2.0.xml
	2-ivy: resource not reachable for org1#mod1.2;2.0: res=/Users/aminechagou/Documents/workspace/GoBot/ivy/test/repositories/2/mod1.2/ivy-2.0.xml
	2-ivy: no ivy file nor artifact found for org1#mod1.2;2.0
Entry is found in the ModuleDescriptorCache : /Users/aminechagou/Documents/workspace/GoBot/ivy/build/cache/org1/mod1.2/ivy-2.0.xml
	found ivy file in cache for org1#mod1.2;2.0 (resolved by 1): /Users/aminechagou/Documents/workspace/GoBot/ivy/build/cache/org1/mod1.2/ivy-2.0.xml
found module in cache but with a different resolver: discarding: org1#mod1.2;2.0; expected resolver=m2; resolver=1
	 trying file:/Users/aminechagou/Documents/workspace/GoBot/ivy/test/repositories/m2/org1/mod1.2/2.0/mod1.2-2.0.pom
		tried file:/Users/aminechagou/Documents/workspace/GoBot/ivy/test/repositories/m2/org1/mod1.2/2.0/mod1.2-2.0.pom
	m2: resource not reachable for org1#mod1.2;2.0: res=file:/Users/aminechagou/Documents/workspace/GoBot/ivy/test/repositories/m2/org1/mod1.2/2.0/mod1.2-2.0.pom
	 trying file:/Users/aminechagou/Documents/workspace/GoBot/ivy/test/repositories/m2/org1/mod1.2/2.0/mod1.2-2.0.jar
		tried file:/Users/aminechagou/Documents/workspace/GoBot/ivy/test/repositories/m2/org1/mod1.2/2.0/mod1.2-2.0.jar
	m2: resource not reachable for org1#mod1.2;2.0: res=file:/Users/aminechagou/Documents/workspace/GoBot/ivy/test/repositories/m2/org1/mod1.2/2.0/mod1.2-2.0.jar
	m2: no ivy file nor artifact found for org1#mod1.2;2.0
	found org1#mod1.2;2.0 in 1
Nbr of module to sort : 1
Sort dependencies of : org1#mod1.2;2.0 / Number of dependencies = 0
Sort done for : org1#mod1.2;2.0
storing dependency org1#mod1.2;2.0 in props
	resolved ivy file produced in cache
:: downloading artifacts ::
	 trying /Users/aminechagou/Documents/workspace/GoBot/ivy/test/repositories/1/org1/mod1.2/jars/mod1.2-2.0.jar
		tried /Users/aminechagou/Documents/workspace/GoBot/ivy/test/repositories/1/org1/mod1.2/jars/mod1.2-2.0.jar
downloading /Users/aminechagou/Documents/workspace/GoBot/ivy/test/repositories/1/org1/mod1.2/jars/mod1.2-2.0.jar ...
	1: downloading /Users/aminechagou/Documents/workspace/GoBot/ivy/test/repositories/1/org1/mod1.2/jars/mod1.2-2.0.jar
		to /Users/aminechagou/Documents/workspace/GoBot/ivy/build/cache/org1/mod1.2/jars/mod1.2-2.0.jar.part
. (0kB)
	[SUCCESSFUL ] org1#mod1.2;2.0!mod1.2.jar (0ms)
:: resolution report :: resolve 5ms :: artifacts dl 1ms
	---------------------------------------------------------------------
	|                  |            modules            ||   artifacts   |
	|       conf       | number| search|dwnlded|evicted|| number|dwnlded|
	---------------------------------------------------------------------
	|      default     |   1   |   1   |   0   |   0   ||   1   |   1   |
	---------------------------------------------------------------------
Nbr of module to sort : 1
Sort dependencies of : org1#mod1.2;2.0 / Number of dependencies = 0
Sort done for : org1#mod1.2;2.0
	report for org1#mod1.1;1.0 default produced in /Users/aminechagou/Documents/workspace/GoBot/ivy/build/cache/org1-mod1.1-default.xml
	resolve done (5ms resolve - 1ms download)
:: retrieving :: org1#mod1.1
	checkUpToDate=true
pre 1.3 ivy file: using exactOrRegexp as default matcher
no explicit confs given for retrieve, using ivy file: file:/Users/aminechagou/Documents/workspace/GoBot/ivy/build/cache/resolved-org1-mod1.1-1.0.xml
	confs: [default]
	retrieving /Users/aminechagou/Documents/workspace/GoBot/ivy/build/cache/org1/mod1.2/jars/mod1.2-2.0.jar
		to /Users/aminechagou/Documents/workspace/GoBot/ivy/build/test/retrieve/mod1.2/default/mod1.2-2.0.jar
	1 artifacts copied, 0 already retrieved (0kB/3ms)
	retrieve done (3ms)
:: retrieving :: org1#mod1.1
	checkUpToDate=true
pre 1.3 ivy file: using exactOrRegexp as default matcher
no explicit confs given for retrieve, using ivy file: file:/Users/aminechagou/Documents/workspace/GoBot/ivy/build/cache/resolved-org1-mod1.1-1.0.xml
	confs: [default]
	retrieving /Users/aminechagou/Documents/workspace/GoBot/ivy/build/cache/org1/mod1.2/jars/mod1.2-2.0.jar
		to /Users/aminechagou/Documents/workspace/GoBot/ivy/build/test/retrieve/mod1.2/default/jars/mod1.2-2.0.jar
	1 artifacts copied, 0 already retrieved (0kB/3ms)
	retrieve done (3ms)
setting 'ivy.default.settings.dir' to 'file:/Users/aminechagou/Documents/workspace/GoBot/ivy/build/classes/core/org/apache/ivy/core/settings'
setting 'ivy.basedir' to '/Users/aminechagou/Documents/workspace/GoBot/ivy/.'
setting 'ivy.default.conf.dir' to 'file:/Users/aminechagou/Documents/workspace/GoBot/ivy/build/classes/core/org/apache/ivy/core/settings'
setting 'java.runtime.name' to 'Java(TM) SE Runtime Environment'
setting 'sun.boot.library.path' to '/Library/Java/JavaVirtualMachines/jdk1.8.0_91.jdk/Contents/Home/jre/lib'
setting 'java.vm.version' to '25.91-b14'
setting 'gopherProxySet' to 'false'
setting 'java.vm.vendor' to 'Oracle Corporation'
setting 'java.vendor.url' to 'http://java.oracle.com/'
setting 'emma.coverage.out.merge' to 'true'
setting 'path.separator' to ':'
setting 'java.vm.name' to 'Java HotSpot(TM) 64-Bit Server VM'
setting 'file.encoding.pkg' to 'sun.io'
setting 'user.country' to 'FR'
setting 'sun.java.launcher' to 'SUN_STANDARD'
setting 'sun.os.patch.level' to 'unknown'
setting 'java.vm.specification.name' to 'Java Virtual Machine Specification'
setting 'user.dir' to '/Users/aminechagou/Documents/workspace/GoBot/ivy'
setting 'java.runtime.version' to '1.8.0_91-b14'
setting 'java.awt.graphicsenv' to 'sun.awt.CGraphicsEnvironment'
setting 'java.endorsed.dirs' to '/Library/Java/JavaVirtualMachines/jdk1.8.0_91.jdk/Contents/Home/jre/lib/endorsed'
setting 'os.arch' to 'x86_64'
setting 'java.io.tmpdir' to '/var/folders/fj/qq0462l92650s4nnvt7tmdbm0000gn/T/'
setting 'line.separator' to '
'
setting 'java.vm.specification.vendor' to 'Oracle Corporation'
setting 'os.name' to 'Mac OS X'
setting 'sun.jnu.encoding' to 'UTF-8'
setting 'java.library.path' to '/Users/aminechagou/Library/Java/Extensions:/Library/Java/Extensions:/Network/Library/Java/Extensions:/System/Library/Java/Extensions:/usr/lib/java:.'
setting 'emma.coverage.out.file' to '/Users/aminechagou/Documents/workspace/GoBot/ivy/build/coverage/coverage.emma'
setting 'java.specification.name' to 'Java Platform API Specification'
setting 'java.class.version' to '52.0'
setting 'sun.management.compiler' to 'HotSpot 64-Bit Tiered Compilers'
setting 'os.version' to '10.10.5'
setting 'http.nonProxyHosts' to 'local|*.local|169.254/16|*.169.254/16'
setting 'user.home' to '/Users/aminechagou'
setting 'user.timezone' to 'Europe/Paris'
setting 'java.awt.printerjob' to 'sun.lwawt.macosx.CPrinterJob'
setting 'file.encoding' to 'UTF-8'
setting 'java.specification.version' to '1.8'
setting 'java.class.path' to '/Users/aminechagou/Documents/workspace/GoBot/ivy/build/coverage/classes:/Users/aminechagou/.ivy2/cache/emma/emma/jars/emma-2.0.5312.jar:/Users/aminechagou/Documents/workspace/GoBot/ivy/lib/ant-contrib.jar:/Users/aminechagou/Documents/workspace/GoBot/ivy/lib/ant-testutil.jar:/Users/aminechagou/Documents/workspace/GoBot/ivy/lib/bcpg-jdk14.jar:/Users/aminechagou/Documents/workspace/GoBot/ivy/lib/bcprov-jdk14.jar:/Users/aminechagou/Documents/workspace/GoBot/ivy/lib/commons-codec.jar:/Users/aminechagou/Documents/workspace/GoBot/ivy/lib/commons-httpclient.jar:/Users/aminechagou/Documents/workspace/GoBot/ivy/lib/commons-lang.jar:/Users/aminechagou/Documents/workspace/GoBot/ivy/lib/commons-logging.jar:/Users/aminechagou/Documents/workspace/GoBot/ivy/lib/commons-vfs.jar:/Users/aminechagou/Documents/workspace/GoBot/ivy/lib/jna.jar:/Users/aminechagou/Documents/workspace/GoBot/ivy/lib/jsch.agentproxy.connector-factory.jar:/Users/aminechagou/Documents/workspace/GoBot/ivy/lib/jsch.agentproxy.core.jar:/Users/aminechagou/Documents/workspace/GoBot/ivy/lib/jsch.agentproxy.jsch.jar:/Users/aminechagou/Documents/workspace/GoBot/ivy/lib/jsch.agentproxy.pageant.jar:/Users/aminechagou/Documents/workspace/GoBot/ivy/lib/jsch.agentproxy.sshagent.jar:/Users/aminechagou/Documents/workspace/GoBot/ivy/lib/jsch.agentproxy.usocket-jna.jar:/Users/aminechagou/Documents/workspace/GoBot/ivy/lib/jsch.agentproxy.usocket-nc.jar:/Users/aminechagou/Documents/workspace/GoBot/ivy/lib/jsch.jar:/Users/aminechagou/Documents/workspace/GoBot/ivy/lib/junit.jar:/Users/aminechagou/Documents/workspace/GoBot/ivy/lib/mod1.2-2.0.jar:/Users/aminechagou/Documents/workspace/GoBot/ivy/lib/oro.jar:/Users/aminechagou/Documents/workspace/GoBot/ivy/lib/platform.jar:/Users/aminechagou/Documents/workspace/GoBot/ivy/lib/xercesImpl.jar:/Users/aminechagou/Documents/workspace/GoBot/ivy/lib/xmlParserAPIs.jar:/Users/aminechagou/Documents/workspace/GoBot/ivy/build/classes/core:/Users/aminechagou/Documents/workspace/GoBot/ivy/build/classes/ant:/Users/aminechagou/Documents/workspace/GoBot/ivy/build/classes/optional:/Users/aminechagou/Documents/workspace/GoBot/ivy/build/test:/Users/aminechagou/.p2/pool/plugins/org.apache.ant_1.9.6.v201510161327/lib/ant-launcher.jar:/Users/aminechagou/.p2/pool/plugins/org.apache.ant_1.9.6.v201510161327/lib/ant.jar:/Users/aminechagou/.p2/pool/plugins/org.apache.ant_1.9.6.v201510161327/lib/ant-junit.jar:/Users/aminechagou/.p2/pool/plugins/org.apache.ant_1.9.6.v201510161327/lib/ant-junit4.jar'
setting 'user.name' to 'aminechagou'
setting 'java.vm.specification.version' to '1.8'
setting 'sun.java.command' to 'org.apache.tools.ant.taskdefs.optional.junit.JUnitTestRunner org.apache.ivy.core.retrieve.RetrieveTest skipNonTests=false filtertrace=true haltOnError=false haltOnFailure=false formatter=org.apache.tools.ant.taskdefs.optional.junit.SummaryJUnitResultFormatter showoutput=false outputtoformatters=true logfailedtests=true threadid=0 logtestlistenerevents=false formatter=org.apache.tools.ant.taskdefs.optional.junit.XMLJUnitResultFormatter,/Users/aminechagou/Documents/workspace/GoBot/ivy/build/test-report/TEST-org.apache.ivy.core.retrieve.RetrieveTest.xml crashfile=/Users/aminechagou/Documents/workspace/GoBot/ivy/junitvmwatcher4727728708462005562.properties propsfile=/Users/aminechagou/Documents/workspace/GoBot/ivy/junit3712363074040025198.properties'
setting 'java.home' to '/Library/Java/JavaVirtualMachines/jdk1.8.0_91.jdk/Contents/Home/jre'
setting 'sun.arch.data.model' to '64'
setting 'user.language' to 'tr'
setting 'java.specification.vendor' to 'Oracle Corporation'
setting 'awt.toolkit' to 'sun.lwawt.macosx.LWCToolkit'
setting 'java.vm.info' to 'mixed mode'
setting 'java.version' to '1.8.0_91'
setting 'java.ext.dirs' to '/Users/aminechagou/Library/Java/Extensions:/Library/Java/JavaVirtualMachines/jdk1.8.0_91.jdk/Contents/Home/jre/lib/ext:/Library/Java/Extensions:/Network/Library/Java/Extensions:/System/Library/Java/Extensions:/usr/lib/java'
setting 'sun.boot.class.path' to '/Library/Java/JavaVirtualMachines/jdk1.8.0_91.jdk/Contents/Home/jre/lib/resources.jar:/Library/Java/JavaVirtualMachines/jdk1.8.0_91.jdk/Contents/Home/jre/lib/rt.jar:/Library/Java/JavaVirtualMachines/jdk1.8.0_91.jdk/Contents/Home/jre/lib/sunrsasign.jar:/Library/Java/JavaVirtualMachines/jdk1.8.0_91.jdk/Contents/Home/jre/lib/jsse.jar:/Library/Java/JavaVirtualMachines/jdk1.8.0_91.jdk/Contents/Home/jre/lib/jce.jar:/Library/Java/JavaVirtualMachines/jdk1.8.0_91.jdk/Contents/Home/jre/lib/charsets.jar:/Library/Java/JavaVirtualMachines/jdk1.8.0_91.jdk/Contents/Home/jre/lib/jfr.jar:/Library/Java/JavaVirtualMachines/jdk1.8.0_91.jdk/Contents/Home/jre/classes'
setting 'java.vendor' to 'Oracle Corporation'
setting 'file.separator' to '/'
setting 'java.vendor.url.bug' to 'http://bugreport.sun.com/bugreport/'
setting 'sun.io.unicode.encoding' to 'UnicodeBig'
setting 'sun.cpu.endian' to 'little'
setting 'http.nonProxyHosts.ivy.instance' to 'local|*.local|169.254/16|*.169.254/16'
setting 'socksNonProxyHosts' to 'local|*.local|169.254/16|*.169.254/16'
setting 'user.region' to 'TR'
setting 'ftp.nonProxyHosts' to 'local|*.local|169.254/16|*.169.254/16'
setting 'sun.cpu.isalist' to ''
:: loading settings :: file = test/repositories/ivysettings.xml
setting 'ivy.settings.dir' to '/Users/aminechagou/Documents/workspace/GoBot/ivy/test/repositories'
setting 'ivy.conf.dir' to '/Users/aminechagou/Documents/workspace/GoBot/ivy/test/repositories'
setting 'ivy.settings.file' to '/Users/aminechagou/Documents/workspace/GoBot/ivy/test/repositories/ivysettings.xml'
setting 'ivy.conf.file' to '/Users/aminechagou/Documents/workspace/GoBot/ivy/test/repositories/ivysettings.xml'
setting 'ivy.settings.url' to 'file:/Users/aminechagou/Documents/workspace/GoBot/ivy/test/repositories/ivysettings.xml'
setting 'ivy.conf.url' to 'file:/Users/aminechagou/Documents/workspace/GoBot/ivy/test/repositories/ivysettings.xml'
setting 'ivy.settings.dir.url' to 'file:/Users/aminechagou/Documents/workspace/GoBot/ivy/test/repositories/'
setting 'ivy.default.ivy.user.dir' to '/Users/aminechagou/.ivy2'
setting 'ivy.home' to '/Users/aminechagou/.ivy2'
no default ivy user dir defined: set to /Users/aminechagou/.ivy2
setting 'ivy.log.modules.in.use' to 'false'
setting 'ivy.resolver.default.check.modified' to 'false'
setting 'ivy.default.always.check.exact.revision' to 'false'
setting 'ivy.retrieve.pattern' to '${ivy.lib.dir}/[artifact]-[revision](-[classifier]).[ext]'
setting 'ivy.configurations' to '*'
setting 'ivy.buildlist.ivyfilepath' to 'ivy.xml'
setting 'ivy.status' to 'integration'
setting 'ivy.resolve.default.type.filter' to '*'
setting 'ivy.project.dir' to '${basedir}'
setting 'ivy.dep.file' to 'ivy.xml'
'ivy.settings.file' already set: discarding 'ivysettings.xml'
setting 'ivy.report.output.pattern' to '[organisation]-[module]-[conf].[ext]'
setting 'ivy.cache.ttl.default' to '10s'
setting 'ivy.publish.src.artifacts.pattern' to '${ivy.distrib.dir}/[type]s/[artifact]-[revision](-[classifier]).[ext]'
setting 'ivy.deliver.ivy.pattern' to '${ivy.distrib.dir}/[type]s/[artifact]-[revision](-[classifier]).[ext]'
setting 'ivy.build.artifacts.dir' to '${ivy.project.dir}/build/artifacts'
setting 'ivy.checksums' to 'sha1,md5'
setting 'ivy.distrib.dir' to '${ivy.project.dir}/distrib'
setting 'ivy.lib.dir' to '${ivy.project.dir}/lib'
loading properties: /Users/aminechagou/Documents/workspace/GoBot/ivy/test/repositories/ivysettings.properties
setting 'ivy.publish.src.artifacts.pattern' to '${build}/[artifact]-[revision].[ext]'
setting 'vfs.user' to ''
setting 'cache.dir' to '${ivy.basedir}/build/cache'
setting 'vfs.passwd' to ''
setting 'vfs.host' to ''
setting 'vfs.samba.share' to ''
setting 'ivy.cache.dir' to '/Users/aminechagou/Documents/workspace/GoBot/ivy/build/cache'
1: no namespace defined: using system
1: no latest strategy defined: using default
2: no namespace defined: using system
2: no latest strategy defined: using default
test: no namespace defined: using system
test: no latest strategy defined: using default
m2: no namespace defined: using system
m2: no latest strategy defined: using default
install: no namespace defined: using system
install: no latest strategy defined: using default
2-ivy: no namespace defined: using system
2-ivy: no latest strategy defined: using default
2-artifact: no namespace defined: using system
2-artifact: no latest strategy defined: using default
transactional: no namespace defined: using system
transactional: no latest strategy defined: using default
'ivy.default.ivy.user.dir' already set: discarding '/Users/aminechagou/.ivy2'
settings loaded (4ms)
	default cache: /Users/aminechagou/Documents/workspace/GoBot/ivy/build/cache
	default resolver: test
	default latest strategy: latest-revision
	default conflict manager: latest-revision
	circular dependency strategy: warn
	validate: true
	check up2date: true
	-- 8 resolvers:
	1 [file]
		cache: null
		m2compatible: false
		ivy patterns:
			/Users/aminechagou/Documents/workspace/GoBot/ivy/test/repositories/1/[organisation]/[module]/ivys/ivy-[revision].xml
		artifact patterns:
			/Users/aminechagou/Documents/workspace/GoBot/ivy/test/repositories/1/[organisation]/[module]/[type]s/[artifact]-[revision].[ext]
		repository: 1
	2 [dual 2-ivy 2-artifact]
	test [chain] [1, 2, m2]
		return first: false
		dual: false
		-> 1
		-> 2
		-> m2
	m2 [ibiblio]
		cache: null
		m2compatible: true
		ivy patterns:
			file:/Users/aminechagou/Documents/workspace/GoBot/ivy/test/repositories/m2/[organisation]/[module]/[revision]/[artifact]-[revision](-[classifier]).[ext]
		artifact patterns:
			file:/Users/aminechagou/Documents/workspace/GoBot/ivy/test/repositories/m2/[organisation]/[module]/[revision]/[artifact]-[revision](-[classifier]).[ext]
		repository: m2
		root: file:/Users/aminechagou/Documents/workspace/GoBot/ivy/test/repositories/m2/
		pattern: [organisation]/[module]/[revision]/[artifact]-[revision](-[classifier]).[ext]
		usepoms: true
		useMavenMetadata: true
	install [file]
		cache: null
		m2compatible: false
		ivy patterns:
			/Users/aminechagou/Documents/workspace/GoBot/ivy/build/test/install/[organisation]/[module]/[artifact]-[revision].[ext]
		artifact patterns:
			/Users/aminechagou/Documents/workspace/GoBot/ivy/build/test/install/[organisation]/[module]/[artifact]-[revision].[ext]
		repository: install
	2-ivy [file]
		cache: null
		m2compatible: false
		ivy patterns:
			/Users/aminechagou/Documents/workspace/GoBot/ivy/test/repositories/2/[module]/ivy-[revision].xml
		artifact patterns:
		repository: 2-ivy
	2-artifact [file]
		cache: null
		m2compatible: false
		ivy patterns:
		artifact patterns:
			/Users/aminechagou/Documents/workspace/GoBot/ivy/test/repositories/2/[module]/[artifact]-[revision].[ext]
			/Users/aminechagou/Documents/workspace/GoBot/ivy/test/repositories/2/[module]/[artifact].[ext]
		repository: 2-artifact
	transactional [file]
		cache: null
		m2compatible: false
		ivy patterns:
			/Users/aminechagou/Documents/workspace/GoBot/ivy/build/test/transactional/[organisation]/[module]/[revision]/[artifact]-[revision].[ext]
		artifact patterns:
			/Users/aminechagou/Documents/workspace/GoBot/ivy/build/test/transactional/[organisation]/[module]/[revision]/[artifact]-[revision].[ext]
		repository: transactional
	module settings:
		NONE
using ivy parser to parse file:/Users/aminechagou/Documents/workspace/GoBot/ivy/test/repositories/1/org20/mod20.1/ivys/ivy-1.2.xml
pre 1.3 ivy file: using exactOrRegexp as default matcher
:: resolving dependencies :: org20#mod20.1;1.2
	confs: [A, B]
	validate = true
	refresh = false
resolving dependencies for configuration 'A'
== resolving dependencies for org20#mod20.1;1.2 [A]
loadData of org20#mod20.1;1.2 of rootConf=A
== resolving dependencies org20#mod20.1;1.2->org2#mod2.1;0.5 [A->A]
loadData of org2#mod2.1;0.5 of rootConf=A
	using test to resolve org2#mod2.1;0.5
test: Checking cache for: dependency: org2#mod2.1;0.5 {A=[A], B=[B]}
	no ivy file in cache for org2#mod2.1;0.5: tried /Users/aminechagou/Documents/workspace/GoBot/ivy/build/cache/org2/mod2.1/ivy-0.5.xml
	no ivy file in cache for org2#mod2.1;0.5: tried /Users/aminechagou/Documents/workspace/GoBot/ivy/build/cache/org2/mod2.1/ivy-0.5.xml
	 trying /Users/aminechagou/Documents/workspace/GoBot/ivy/test/repositories/1/org2/mod2.1/ivys/ivy-0.5.xml
		tried /Users/aminechagou/Documents/workspace/GoBot/ivy/test/repositories/1/org2/mod2.1/ivys/ivy-0.5.xml
	1: found md file for org2#mod2.1;0.5
		=> /Users/aminechagou/Documents/workspace/GoBot/ivy/test/repositories/1/org2/mod2.1/ivys/ivy-0.5.xml (0.5)
	parser = ivy parser
	no ivy file in cache for org2#mod2.1;0.5: tried /Users/aminechagou/Documents/workspace/GoBot/ivy/build/cache/org2/mod2.1/ivy-0.5.xml
downloading /Users/aminechagou/Documents/workspace/GoBot/ivy/test/repositories/1/org2/mod2.1/ivys/ivy-0.5.xml ...
	1: downloading /Users/aminechagou/Documents/workspace/GoBot/ivy/test/repositories/1/org2/mod2.1/ivys/ivy-0.5.xml
		to /Users/aminechagou/Documents/workspace/GoBot/ivy/build/cache/org2/mod2.1/ivy-0.5.xml.original.part
	[SUCCESSFUL ] org2#mod2.1;0.5!ivy.xml(ivy.original) (1ms)
pre 1.3 ivy file: using exactOrRegexp as default matcher
	default-cache: parsed downloaded md file for org2#mod2.1;0.5; parsed=org2#mod2.1;0.5
java.net.MalformedURLException: no protocol: /Users/aminechagou/Documents/workspace/GoBot/ivy/test/repositories/1/org2/mod2.1/ivys/ivy-0.5.xml
	at java.net.URL.<init>(URL.java:593)
	at java.net.URL.<init>(URL.java:490)
	at java.net.URL.<init>(URL.java:439)
	at org.apache.ivy.core.cache.DefaultRepositoryCacheManager.getSavedArtifactOrigin(DefaultRepositoryCacheManager.java:519)
	at org.apache.ivy.core.cache.DefaultRepositoryCacheManager.getArchiveFileInCache(DefaultRepositoryCacheManager.java:357)
	at org.apache.ivy.core.cache.DefaultRepositoryCacheManager.originalToCachedModuleDescriptor(DefaultRepositoryCacheManager.java:1203)
	at org.apache.ivy.plugins.resolver.BasicResolver.cacheModuleDescriptor(BasicResolver.java:365)
	at org.apache.ivy.plugins.resolver.BasicResolver.getDependency(BasicResolver.java:311)
	at org.apache.ivy.plugins.resolver.ChainResolver.getDependency(ChainResolver.java:104)
	at org.apache.ivy.core.resolve.IvyNode.loadData(IvyNode.java:170)
	at org.apache.ivy.core.resolve.VisitNode.loadData(VisitNode.java:292)
	at org.apache.ivy.core.resolve.ResolveEngine.fetchDependencies(ResolveEngine.java:718)
	at org.apache.ivy.core.resolve.ResolveEngine.doFetchDependencies(ResolveEngine.java:803)
	at org.apache.ivy.core.resolve.ResolveEngine.fetchDependencies(ResolveEngine.java:726)
	at org.apache.ivy.core.resolve.ResolveEngine.getDependencies(ResolveEngine.java:599)
	at org.apache.ivy.core.resolve.ResolveEngine.resolve(ResolveEngine.java:236)
	at org.apache.ivy.core.resolve.ResolveEngine.resolve(ResolveEngine.java:197)
	at org.apache.ivy.Ivy.resolve(Ivy.java:508)
	at org.apache.ivy.core.retrieve.RetrieveTest.testRetrieveReport(RetrieveTest.java:287)
	at sun.reflect.NativeMethodAccessorImpl.invoke0(Native Method)
	at sun.reflect.NativeMethodAccessorImpl.invoke(NativeMethodAccessorImpl.java:62)
	at sun.reflect.DelegatingMethodAccessorImpl.invoke(DelegatingMethodAccessorImpl.java:43)
	at java.lang.reflect.Method.invoke(Method.java:498)
	at junit.framework.TestCase.runTest(TestCase.java:164)
	at junit.framework.TestCase.runBare(TestCase.java:130)
	at junit.framework.TestResult$1.protect(TestResult.java:106)
	at junit.framework.TestResult.runProtected(TestResult.java:124)
	at junit.framework.TestResult.run(TestResult.java:109)
	at junit.framework.TestCase.run(TestCase.java:120)
	at junit.framework.TestSuite.runTest(TestSuite.java:230)
	at junit.framework.TestSuite.run(TestSuite.java:225)
	at org.apache.tools.ant.taskdefs.optional.junit.JUnitTestRunner.run(JUnitTestRunner.java:535)
	at org.apache.tools.ant.taskdefs.optional.junit.JUnitTestRunner.launch(JUnitTestRunner.java:1182)
	at org.apache.tools.ant.taskdefs.optional.junit.JUnitTestRunner.main(JUnitTestRunner.java:1033)

	checking org2#mod2.1;0.5 from 1 against [none]
	module revision kept as first found: org2#mod2.1;0.5 from 1
	found org2#mod2.1;0.5 in 1
resolving dependencies for configuration 'B'
== resolving dependencies for org20#mod20.1;1.2 [B]
loadData of org20#mod20.1;1.2 of rootConf=B
== resolving dependencies org20#mod20.1;1.2->org2#mod2.1;0.5 [B->B]
loadData of org2#mod2.1;0.5 of rootConf=B
Nbr of module to sort : 1
Sort dependencies of : org2#mod2.1;0.5 / Number of dependencies = 0
Sort done for : org2#mod2.1;0.5
storing dependency org2#mod2.1;0.5 in props
	resolved ivy file produced in cache
:: downloading artifacts ::
	 trying /Users/aminechagou/Documents/workspace/GoBot/ivy/test/repositories/1/org2/mod2.1/jars/art21AB-0.5.jar
		tried /Users/aminechagou/Documents/workspace/GoBot/ivy/test/repositories/1/org2/mod2.1/jars/art21AB-0.5.jar
downloading /Users/aminechagou/Documents/workspace/GoBot/ivy/test/repositories/1/org2/mod2.1/jars/art21AB-0.5.jar ...
	1: downloading /Users/aminechagou/Documents/workspace/GoBot/ivy/test/repositories/1/org2/mod2.1/jars/art21AB-0.5.jar
		to /Users/aminechagou/Documents/workspace/GoBot/ivy/build/cache/org2/mod2.1/jars/art21AB-0.5.jar.part
.. (0kB)
	[SUCCESSFUL ] org2#mod2.1;0.5!art21AB.jar (0ms)
	 trying /Users/aminechagou/Documents/workspace/GoBot/ivy/test/repositories/1/org2/mod2.1/jars/art21B-0.5.jar
		tried /Users/aminechagou/Documents/workspace/GoBot/ivy/test/repositories/1/org2/mod2.1/jars/art21B-0.5.jar
downloading /Users/aminechagou/Documents/workspace/GoBot/ivy/test/repositories/1/org2/mod2.1/jars/art21B-0.5.jar ...
	1: downloading /Users/aminechagou/Documents/workspace/GoBot/ivy/test/repositories/1/org2/mod2.1/jars/art21B-0.5.jar
		to /Users/aminechagou/Documents/workspace/GoBot/ivy/build/cache/org2/mod2.1/jars/art21B-0.5.jar.part
.. (0kB)
	[SUCCESSFUL ] org2#mod2.1;0.5!art21B.jar (1ms)
	 trying /Users/aminechagou/Documents/workspace/GoBot/ivy/test/repositories/1/org2/mod2.1/jars/art21A-0.5.jar
		tried /Users/aminechagou/Documents/workspace/GoBot/ivy/test/repositories/1/org2/mod2.1/jars/art21A-0.5.jar
downloading /Users/aminechagou/Documents/workspace/GoBot/ivy/test/repositories/1/org2/mod2.1/jars/art21A-0.5.jar ...
	1: downloading /Users/aminechagou/Documents/workspace/GoBot/ivy/test/repositories/1/org2/mod2.1/jars/art21A-0.5.jar
		to /Users/aminechagou/Documents/workspace/GoBot/ivy/build/cache/org2/mod2.1/jars/art21A-0.5.jar.part
.. (0kB)
	[SUCCESSFUL ] org2#mod2.1;0.5!art21A.jar (1ms)
:: resolution report :: resolve 11ms :: artifacts dl 4ms
	---------------------------------------------------------------------
	|                  |            modules            ||   artifacts   |
	|       conf       | number| search|dwnlded|evicted|| number|dwnlded|
	---------------------------------------------------------------------
	|         A        |   1   |   1   |   1   |   0   ||   2   |   2   |
	|         B        |   1   |   1   |   1   |   0   ||   2   |   2   |
	---------------------------------------------------------------------
Nbr of module to sort : 1
Sort dependencies of : org2#mod2.1;0.5 / Number of dependencies = 0
Sort done for : org2#mod2.1;0.5
	report for org20#mod20.1;1.2 A produced in /Users/aminechagou/Documents/workspace/GoBot/ivy/build/cache/org20-mod20.1-A.xml
Nbr of module to sort : 1
Sort dependencies of : org2#mod2.1;0.5 / Number of dependencies = 0
Sort done for : org2#mod2.1;0.5
	report for org20#mod20.1;1.2 B produced in /Users/aminechagou/Documents/workspace/GoBot/ivy/build/cache/org20-mod20.1-B.xml
	resolve done (11ms resolve - 4ms download)
]]></system-out>
  <system-err><![CDATA[]]></system-err>
</testsuite>
