<?xml version="1.0" encoding="UTF-8"?><modules>
<module organisation="org1" name="mod1.2" rev="2.0" status="release">
<artifact name="mod1.2" ext="jar" type="jar">
<origin-location is-local="true">/Users/aminechagou/Documents/workspace/GoBot/ivy/test/repositories/1/org1/mod1.2/jars/mod1.2-2.0.jar</origin-location>
<cache-location>/Users/aminechagou/Documents/workspace/GoBot/ivy/build/cache/org1/mod1.2/jars/mod1.2-2.0.jar</cache-location>
<retrieve-location>lib/mod1.2-2.0.jar</retrieve-location>
</artifact>
</module>
</modules>
