<?xml version="1.0" encoding="UTF-8"?>
<testsuite name="opendial.domains.StepByStepTest" tests="1" skipped="0" failures="0" errors="0" timestamp="2016-05-04T00:10:08" hostname="iMac-de-Amine.local" time="0.275">
  <properties/>
  <testcase name="domain" classname="opendial.domains.StepByStepTest" time="0.275"/>
  <system-out><![CDATA[]]></system-out>
  <system-err><![CDATA[]]></system-err>
</testsuite>
