<?xml version="1.0" encoding="UTF-8"?>
<testsuite name="opendial.bn.AssignmentTest" tests="1" skipped="0" failures="0" errors="0" timestamp="2016-05-04T00:10:04" hostname="iMac-de-Amine.local" time="0.004">
  <properties/>
  <testcase name="testAssignInterchance" classname="opendial.bn.AssignmentTest" time="0.004"/>
  <system-out><![CDATA[]]></system-out>
  <system-err><![CDATA[]]></system-err>
</testsuite>
