<?xml version="1.0" encoding="UTF-8"?>
<testsuite name="opendial.modules.PlanningTest" tests="5" skipped="0" failures="0" errors="0" timestamp="2016-05-04T00:10:14" hostname="iMac-de-Amine.local" time="0.071">
  <properties/>
  <testcase name="testPlanning" classname="opendial.modules.PlanningTest" time="0.01"/>
  <testcase name="testPlanning2" classname="opendial.modules.PlanningTest" time="0.003"/>
  <testcase name="testPlanning3" classname="opendial.modules.PlanningTest" time="0.006"/>
  <testcase name="testPlanning4" classname="opendial.modules.PlanningTest" time="0.023"/>
  <testcase name="testPlanning5" classname="opendial.modules.PlanningTest" time="0.028"/>
  <system-out><![CDATA[]]></system-out>
  <system-err><![CDATA[]]></system-err>
</testsuite>
