<?xml version="1.0" encoding="UTF-8"?>
<testsuite name="opendial.domains.RuleTest2" tests="6" skipped="0" failures="0" errors="0" timestamp="2016-05-04T00:10:08" hostname="iMac-de-Amine.local" time="0.194">
  <properties/>
  <testcase name="test" classname="opendial.domains.RuleTest2" time="0.036"/>
  <testcase name="test2" classname="opendial.domains.RuleTest2" time="0.034"/>
  <testcase name="test3" classname="opendial.domains.RuleTest2" time="0.034"/>
  <testcase name="test4" classname="opendial.domains.RuleTest2" time="0.04"/>
  <testcase name="test5" classname="opendial.domains.RuleTest2" time="0.035"/>
  <testcase name="test6" classname="opendial.domains.RuleTest2" time="0.015"/>
  <system-out><![CDATA[]]></system-out>
  <system-err><![CDATA[]]></system-err>
</testsuite>
