<?xml version="1.0" encoding="UTF-8"?>
<testsuite name="opendial.bn.RelationalTest" tests="2" skipped="0" failures="0" errors="0" timestamp="2016-05-04T00:10:04" hostname="iMac-de-Amine.local" time="0.182">
  <properties/>
  <testcase name="functionTest" classname="opendial.bn.RelationalTest" time="0.175"/>
  <testcase name="relationalTest" classname="opendial.bn.RelationalTest" time="0.007"/>
  <system-out><![CDATA[]]></system-out>
  <system-err><![CDATA[]]></system-err>
</testsuite>
