<?xml version="1.0" encoding="UTF-8"?>
<testsuite name="opendial.bn.ValueTest" tests="2" skipped="0" failures="0" errors="0" timestamp="2016-05-04T00:10:04" hostname="iMac-de-Amine.local" time="0.002">
  <properties/>
  <testcase name="testClassical" classname="opendial.bn.ValueTest" time="0.002"/>
  <testcase name="testAssign" classname="opendial.bn.ValueTest" time="0.0"/>
  <system-out><![CDATA[]]></system-out>
  <system-err><![CDATA[]]></system-err>
</testsuite>
