<?xml version="1.0" encoding="UTF-8"?>
<testsuite name="opendial.inference.IncrementalTest" tests="1" skipped="0" failures="0" errors="0" timestamp="2016-05-04T00:10:08" hostname="iMac-de-Amine.local" time="0.222">
  <properties/>
  <testcase name="test1" classname="opendial.inference.IncrementalTest" time="0.222"/>
  <system-out><![CDATA[]]></system-out>
  <system-err><![CDATA[]]></system-err>
</testsuite>
