<?xml version="1.0" encoding="UTF-8"?>
<testsuite name="opendial.inference.NetworkReductionTest" tests="5" skipped="0" failures="0" errors="0" timestamp="2016-05-04T00:10:09" hostname="iMac-de-Amine.local" time="0.137">
  <properties/>
  <testcase name="test1" classname="opendial.inference.NetworkReductionTest" time="0.033"/>
  <testcase name="test2" classname="opendial.inference.NetworkReductionTest" time="0.026"/>
  <testcase name="test3" classname="opendial.inference.NetworkReductionTest" time="0.015"/>
  <testcase name="test5" classname="opendial.inference.NetworkReductionTest" time="0.007"/>
  <testcase name="test6" classname="opendial.inference.NetworkReductionTest" time="0.055"/>
  <system-out><![CDATA[]]></system-out>
  <system-err><![CDATA[]]></system-err>
</testsuite>
