<?xml version="1.0" encoding="UTF-8"?>
<testsuite name="opendial.inference.InferenceTest" tests="7" skipped="0" failures="0" errors="0" timestamp="2016-05-04T00:10:09" hostname="iMac-de-Amine.local" time="0.095">
  <properties/>
  <testcase name="testSwitching" classname="opendial.inference.InferenceTest" time="0.036"/>
  <testcase name="testNetwork1bis" classname="opendial.inference.InferenceTest" time="0.0"/>
  <testcase name="testNetwork2bis" classname="opendial.inference.InferenceTest" time="0.001"/>
  <testcase name="testNetwork3bis" classname="opendial.inference.InferenceTest" time="0.013"/>
  <testcase name="testNetworkUtil" classname="opendial.inference.InferenceTest" time="0.043"/>
  <testcase name="testNetwork1" classname="opendial.inference.InferenceTest" time="0.0"/>
  <testcase name="testNetwork2" classname="opendial.inference.InferenceTest" time="0.001"/>
  <system-out><![CDATA[]]></system-out>
  <system-err><![CDATA[]]></system-err>
</testsuite>
