<?xml version="1.0" encoding="UTF-8"?>
<testsuite name="opendial.domains.ParametersTest" tests="6" skipped="0" failures="0" errors="0" timestamp="2016-05-04T00:10:06" hostname="iMac-de-Amine.local" time="0.35">
  <properties/>
  <testcase name="paramTest4" classname="opendial.domains.ParametersTest" time="0.1"/>
  <testcase name="testParam1" classname="opendial.domains.ParametersTest" time="0.039"/>
  <testcase name="testParam2" classname="opendial.domains.ParametersTest" time="0.031"/>
  <testcase name="testParam3" classname="opendial.domains.ParametersTest" time="0.025"/>
  <testcase name="testParam5" classname="opendial.domains.ParametersTest" time="0.088"/>
  <testcase name="testParam6" classname="opendial.domains.ParametersTest" time="0.067"/>
  <system-out><![CDATA[]]></system-out>
  <system-err><![CDATA[]]></system-err>
</testsuite>
