<?xml version="1.0" encoding="UTF-8"?>
<testsuite name="opendial.bn.BNetworkStructureTest" tests="10" skipped="0" failures="0" errors="0" timestamp="2016-05-04T00:10:04" hostname="iMac-de-Amine.local" time="0.03">
  <properties/>
  <testcase name="testBuildBasicNetwork" classname="opendial.bn.BNetworkStructureTest" time="0.015"/>
  <testcase name="testCopy" classname="opendial.bn.BNetworkStructureTest" time="0.002"/>
  <testcase name="testIdChance" classname="opendial.bn.BNetworkStructureTest" time="0.001"/>
  <testcase name="testDefaultValue" classname="opendial.bn.BNetworkStructureTest" time="0.0"/>
  <testcase name="testCliques" classname="opendial.bn.BNetworkStructureTest" time="0.003"/>
  <testcase name="testRemoval" classname="opendial.bn.BNetworkStructureTest" time="0.001"/>
  <testcase name="testStructure" classname="opendial.bn.BNetworkStructureTest" time="0.001"/>
  <testcase name="testSortedNodes" classname="opendial.bn.BNetworkStructureTest" time="0.003"/>
  <testcase name="tableExpansion" classname="opendial.bn.BNetworkStructureTest" time="0.001"/>
  <testcase name="testCopyIdChange" classname="opendial.bn.BNetworkStructureTest" time="0.001"/>
  <system-out><![CDATA[]]></system-out>
  <system-err><![CDATA[]]></system-err>
</testsuite>
