<?xml version="1.0" encoding="UTF-8"?>
<testsuite name="opendial.domains.DemoTest" tests="1" skipped="0" failures="0" errors="0" timestamp="2016-05-04T00:10:04" hostname="iMac-de-Amine.local" time="1.53">
  <properties/>
  <testcase name="testDemo" classname="opendial.domains.DemoTest" time="1.53"/>
  <system-out><![CDATA[]]></system-out>
  <system-err><![CDATA[]]></system-err>
</testsuite>
