<?xml version="1.0" encoding="UTF-8"?>
<testsuite name="opendial.bn.DistributionsTest" tests="15" skipped="0" failures="0" errors="0" timestamp="2016-05-04T00:10:04" hostname="iMac-de-Amine.local" time="0.214">
  <properties/>
  <testcase name="testKernelDistrib" classname="opendial.bn.DistributionsTest" time="0.034"/>
  <testcase name="testKernelDistrib2" classname="opendial.bn.DistributionsTest" time="0.003"/>
  <testcase name="testMaths" classname="opendial.bn.DistributionsTest" time="0.0"/>
  <testcase name="empiricalDistribContinuous" classname="opendial.bn.DistributionsTest" time="0.048"/>
  <testcase name="testGaussian" classname="opendial.bn.DistributionsTest" time="0.031"/>
  <testcase name="testGaussianDistrib" classname="opendial.bn.DistributionsTest" time="0.003"/>
  <testcase name="testUniformDistrib" classname="opendial.bn.DistributionsTest" time="0.001"/>
  <testcase name="testContinuous" classname="opendial.bn.DistributionsTest" time="0.0"/>
  <testcase name="testDirichlet" classname="opendial.bn.DistributionsTest" time="0.034"/>
  <testcase name="testDepEmpiricalDistribContinuous" classname="opendial.bn.DistributionsTest" time="0.044"/>
  <testcase name="testConversion1Distrib" classname="opendial.bn.DistributionsTest" time="0.003"/>
  <testcase name="nbestTest" classname="opendial.bn.DistributionsTest" time="0.0"/>
  <testcase name="testDiscrete" classname="opendial.bn.DistributionsTest" time="0.0"/>
  <testcase name="testSimpleDistrib" classname="opendial.bn.DistributionsTest" time="0.0"/>
  <testcase name="testEmpiricalDistrib" classname="opendial.bn.DistributionsTest" time="0.01"/>
  <system-out><![CDATA[]]></system-out>
  <system-err><![CDATA[]]></system-err>
</testsuite>
