<?xml version="1.0" encoding="UTF-8"?>
<testsuite name="opendial.domains.PruningTest" tests="9" skipped="0" failures="0" errors="0" timestamp="2016-05-04T00:10:07" hostname="iMac-de-Amine.local" time="0.067">
  <properties/>
  <testcase name="testPruning0" classname="opendial.domains.PruningTest" time="0.0"/>
  <testcase name="testPruning1" classname="opendial.domains.PruningTest" time="0.005"/>
  <testcase name="testPruning2" classname="opendial.domains.PruningTest" time="0.007"/>
  <testcase name="testPruning3" classname="opendial.domains.PruningTest" time="0.007"/>
  <testcase name="testPruning4" classname="opendial.domains.PruningTest" time="0.009"/>
  <testcase name="testPruning5" classname="opendial.domains.PruningTest" time="0.008"/>
  <testcase name="testPruning6" classname="opendial.domains.PruningTest" time="0.009"/>
  <testcase name="testPruning7" classname="opendial.domains.PruningTest" time="0.007"/>
  <testcase name="testPruning8" classname="opendial.domains.PruningTest" time="0.013"/>
  <system-out><![CDATA[]]></system-out>
  <system-err><![CDATA[]]></system-err>
</testsuite>
