<?xml version="1.0" encoding="UTF-8"?>
<testsuite name="opendial.domains.DialogueStateTest" tests="2" skipped="0" failures="0" errors="0" timestamp="2016-05-04T00:10:06" hostname="iMac-de-Amine.local" time="0.129">
  <properties/>
  <testcase name="testStateCopy" classname="opendial.domains.DialogueStateTest" time="0.071"/>
  <testcase name="testStateCopy2" classname="opendial.domains.DialogueStateTest" time="0.058"/>
  <system-out><![CDATA[]]></system-out>
  <system-err><![CDATA[]]></system-err>
</testsuite>
